ARM GAS  /tmp/ccbSY0ZS.s 			page 1


   1              		.syntax unified
   2              		.cpu cortex-m3
   3              		.fpu softvfp
   4              		.eabi_attribute 20, 1
   5              		.eabi_attribute 21, 1
   6              		.eabi_attribute 23, 3
   7              		.eabi_attribute 24, 1
   8              		.eabi_attribute 25, 1
   9              		.eabi_attribute 26, 1
  10              		.eabi_attribute 30, 2
  11              		.eabi_attribute 34, 1
  12              		.eabi_attribute 18, 4
  13              		.thumb
  14              		.file	"BaseMessage.cpp"
  15              		.text
  16              	.Ltext0:
  17              		.cfi_sections	.debug_frame
  18              		.section	.text._ZN11BaseMessageC2Ev,"ax",%progbits
  19              		.align	2
  20              		.p2align 4,,15
  21              		.global	_ZN11BaseMessageC2Ev
  22              		.thumb
  23              		.thumb_func
  24              		.type	_ZN11BaseMessageC2Ev, %function
  25              	_ZN11BaseMessageC2Ev:
  26              	.LFB17:
  27              		.file 1 "../../Middleware/BaseMessage.cpp"
  28              		.loc 1 3 0
  29              		.cfi_startproc
  30              		@ args = 0, pretend = 0, frame = 0
  31              		@ frame_needed = 0, uses_anonymous_args = 0
  32              		@ link register save eliminated.
  33              	.LVL0:
  34              	.LBB2:
  35              		.loc 1 4 0
  36 0000 0023     		movs	r3, #0
  37 0002 0370     		strb	r3, [r0, #0]
  38 0004 4370     		strb	r3, [r0, #1]
  39              	.LBE2:
  40              		.loc 1 5 0
  41 0006 7047     		bx	lr
  42              		.cfi_endproc
  43              	.LFE17:
  44              		.size	_ZN11BaseMessageC2Ev, .-_ZN11BaseMessageC2Ev
  45 0008 AFF30080 		.section	.text._ZN11BaseMessage9referenceEv,"ax",%progbits
  45      AFF30080 
  46              		.align	2
  47              		.p2align 4,,15
  48              		.global	_ZN11BaseMessage9referenceEv
  49              		.thumb
  50              		.thumb_func
  51              		.type	_ZN11BaseMessage9referenceEv, %function
  52              	_ZN11BaseMessage9referenceEv:
  53              	.LFB19:
  54              		.loc 1 8 0
  55              		.cfi_startproc
  56              		@ args = 0, pretend = 0, frame = 0
ARM GAS  /tmp/ccbSY0ZS.s 			page 2


  57              		@ frame_needed = 0, uses_anonymous_args = 0
  58              		@ link register save eliminated.
  59              	.LVL1:
  60              		.loc 1 9 0
  61 0000 0188     		ldrh	r1, [r0, #0]	@ unaligned
  62 0002 4B1C     		adds	r3, r1, #1
  63 0004 0380     		strh	r3, [r0, #0]	@ unaligned
  64              		.loc 1 10 0
  65 0006 7047     		bx	lr
  66              		.cfi_endproc
  67              	.LFE19:
  68              		.size	_ZN11BaseMessage9referenceEv, .-_ZN11BaseMessage9referenceEv
  69 0008 AFF30080 		.section	.text._ZN11BaseMessage11dereferenceEv,"ax",%progbits
  69      AFF30080 
  70              		.align	2
  71              		.p2align 4,,15
  72              		.global	_ZN11BaseMessage11dereferenceEv
  73              		.thumb
  74              		.thumb_func
  75              		.type	_ZN11BaseMessage11dereferenceEv, %function
  76              	_ZN11BaseMessage11dereferenceEv:
  77              	.LFB20:
  78              		.loc 1 13 0
  79              		.cfi_startproc
  80              		@ args = 0, pretend = 0, frame = 0
  81              		@ frame_needed = 0, uses_anonymous_args = 0
  82              		@ link register save eliminated.
  83              	.LVL2:
  84              		.loc 1 14 0
  85 0000 0188     		ldrh	r1, [r0, #0]	@ unaligned
  86              		.loc 1 13 0
  87 0002 0346     		mov	r3, r0
  88              		.loc 1 14 0
  89 0004 481E     		subs	r0, r1, #1
  90              	.LVL3:
  91 0006 82B2     		uxth	r2, r0
  92 0008 D2F10100 		rsbs	r0, r2, #1
  93 000c 38BF     		it	cc
  94 000e 0020     		movcc	r0, #0
  95 0010 1A80     		strh	r2, [r3, #0]	@ unaligned
  96              		.loc 1 15 0
  97 0012 7047     		bx	lr
  98              		.cfi_endproc
  99              	.LFE20:
 100              		.size	_ZN11BaseMessage11dereferenceEv, .-_ZN11BaseMessage11dereferenceEv
 101 0014 AFF30080 		.section	.text._ZN11BaseMessage5resetEv,"ax",%progbits
 101      AFF30080 
 101      AFF30080 
 102              		.align	2
 103              		.p2align 4,,15
 104              		.global	_ZN11BaseMessage5resetEv
 105              		.thumb
 106              		.thumb_func
 107              		.type	_ZN11BaseMessage5resetEv, %function
 108              	_ZN11BaseMessage5resetEv:
 109              	.LFB21:
 110              		.loc 1 17 0
ARM GAS  /tmp/ccbSY0ZS.s 			page 3


 111              		.cfi_startproc
 112              		@ args = 0, pretend = 0, frame = 0
 113              		@ frame_needed = 0, uses_anonymous_args = 0
 114              		@ link register save eliminated.
 115              	.LVL4:
 116              		.loc 1 18 0
 117 0000 0023     		movs	r3, #0
 118 0002 0370     		strb	r3, [r0, #0]
 119 0004 4370     		strb	r3, [r0, #1]
 120              		.loc 1 19 0
 121 0006 7047     		bx	lr
 122              		.cfi_endproc
 123              	.LFE21:
 124              		.size	_ZN11BaseMessage5resetEv, .-_ZN11BaseMessage5resetEv
 125              		.global	_ZN11BaseMessageC1Ev
 126              		.thumb_set _ZN11BaseMessageC1Ev,_ZN11BaseMessageC2Ev
 127 0008 AFF30080 		.text
 127      AFF30080 
 128              	.Letext0:
 129              		.file 2 "/home/tino/ChibiStudio/tools/GNU Tools ARM Embedded/4.6 2012q2/bin/../lib/gcc/arm-none-ea
 130              		.file 3 "../../ChibiOS/os/ports/GCC/ARMCMx/chtypes.h"
 131              		.file 4 "../../Middleware/BaseMessage.hpp"
 132              		.file 5 "../../ChibiOS/os/various/cpp_wrappers/ch.hpp"
 133              		.section	.debug_info,"",%progbits
 134              	.Ldebug_info0:
 135 0000 DC010000 		.4byte	0x1dc
 136 0004 0200     		.2byte	0x2
 137 0006 00000000 		.4byte	.Ldebug_abbrev0
 138 000a 04       		.byte	0x4
 139 000b 01       		.uleb128 0x1
 140 000c B8000000 		.4byte	.LASF16
 141 0010 04       		.byte	0x4
 142 0011 92000000 		.4byte	.LASF17
 143 0015 4A000000 		.4byte	.LASF18
 144 0019 00000000 		.4byte	0
 145 001d 00000000 		.4byte	0
 146 0021 00000000 		.4byte	.Ldebug_ranges0+0
 147 0025 00000000 		.4byte	.Ldebug_line0
 148 0029 02       		.uleb128 0x2
 149 002a 04       		.byte	0x4
 150 002b 05       		.byte	0x5
 151 002c 696E7400 		.ascii	"int\000"
 152 0030 03       		.uleb128 0x3
 153 0031 04       		.byte	0x4
 154 0032 07       		.byte	0x7
 155 0033 0E000000 		.4byte	.LASF0
 156 0037 03       		.uleb128 0x3
 157 0038 01       		.byte	0x1
 158 0039 06       		.byte	0x6
 159 003a 78010000 		.4byte	.LASF1
 160 003e 03       		.uleb128 0x3
 161 003f 01       		.byte	0x1
 162 0040 08       		.byte	0x8
 163 0041 03010000 		.4byte	.LASF2
 164 0045 03       		.uleb128 0x3
 165 0046 02       		.byte	0x2
 166 0047 05       		.byte	0x5
ARM GAS  /tmp/ccbSY0ZS.s 			page 4


 167 0048 BF010000 		.4byte	.LASF3
 168 004c 04       		.uleb128 0x4
 169 004d 96010000 		.4byte	.LASF9
 170 0051 02       		.byte	0x2
 171 0052 36       		.byte	0x36
 172 0053 57000000 		.4byte	0x57
 173 0057 03       		.uleb128 0x3
 174 0058 02       		.byte	0x2
 175 0059 07       		.byte	0x7
 176 005a 65010000 		.4byte	.LASF4
 177 005e 03       		.uleb128 0x3
 178 005f 04       		.byte	0x4
 179 0060 05       		.byte	0x5
 180 0061 20010000 		.4byte	.LASF5
 181 0065 03       		.uleb128 0x3
 182 0066 04       		.byte	0x4
 183 0067 07       		.byte	0x7
 184 0068 38000000 		.4byte	.LASF6
 185 006c 03       		.uleb128 0x3
 186 006d 08       		.byte	0x8
 187 006e 05       		.byte	0x5
 188 006f 00000000 		.4byte	.LASF7
 189 0073 03       		.uleb128 0x3
 190 0074 08       		.byte	0x8
 191 0075 07       		.byte	0x7
 192 0076 7B000000 		.4byte	.LASF8
 193 007a 04       		.uleb128 0x4
 194 007b 84010000 		.4byte	.LASF10
 195 007f 03       		.byte	0x3
 196 0080 24       		.byte	0x24
 197 0081 85000000 		.4byte	0x85
 198 0085 03       		.uleb128 0x3
 199 0086 01       		.byte	0x1
 200 0087 02       		.byte	0x2
 201 0088 B3000000 		.4byte	.LASF11
 202 008c 03       		.uleb128 0x3
 203 008d 01       		.byte	0x1
 204 008e 08       		.byte	0x8
 205 008f 1B010000 		.4byte	.LASF12
 206 0093 05       		.uleb128 0x5
 207 0094 C9010000 		.4byte	.LASF19
 208 0098 05       		.byte	0x5
 209 0099 21       		.byte	0x21
 210 009a 06       		.uleb128 0x6
 211 009b 59010000 		.4byte	.LASF13
 212 009f 02       		.byte	0x2
 213 00a0 04       		.byte	0x4
 214 00a1 06       		.byte	0x6
 215 00a2 26010000 		.4byte	0x126
 216 00a6 07       		.uleb128 0x7
 217 00a7 8B010000 		.4byte	.LASF20
 218 00ab 04       		.byte	0x4
 219 00ac 08       		.byte	0x8
 220 00ad 4C000000 		.4byte	0x4c
 221 00b1 02       		.byte	0x2
 222 00b2 23       		.byte	0x23
 223 00b3 00       		.uleb128 0
ARM GAS  /tmp/ccbSY0ZS.s 			page 5


 224 00b4 02       		.byte	0x2
 225 00b5 08       		.uleb128 0x8
 226 00b6 01       		.byte	0x1
 227 00b7 59010000 		.4byte	.LASF13
 228 00bb 04       		.byte	0x4
 229 00bc 0A       		.byte	0xa
 230 00bd 26010000 		.4byte	0x126
 231 00c1 01       		.byte	0x1
 232 00c2 CA000000 		.4byte	0xca
 233 00c6 D1000000 		.4byte	0xd1
 234 00ca 09       		.uleb128 0x9
 235 00cb 26010000 		.4byte	0x126
 236 00cf 01       		.byte	0x1
 237 00d0 00       		.byte	0
 238 00d1 0A       		.uleb128 0xa
 239 00d2 01       		.byte	0x1
 240 00d3 11010000 		.4byte	.LASF14
 241 00d7 04       		.byte	0x4
 242 00d8 0B       		.byte	0xb
 243 00d9 1B000000 		.4byte	.LASF21
 244 00dd 01       		.byte	0x1
 245 00de E6000000 		.4byte	0xe6
 246 00e2 ED000000 		.4byte	0xed
 247 00e6 09       		.uleb128 0x9
 248 00e7 26010000 		.4byte	0x126
 249 00eb 01       		.byte	0x1
 250 00ec 00       		.byte	0
 251 00ed 0B       		.uleb128 0xb
 252 00ee 01       		.byte	0x1
 253 00ef 47010000 		.4byte	.LASF22
 254 00f3 04       		.byte	0x4
 255 00f4 0C       		.byte	0xc
 256 00f5 9F010000 		.4byte	.LASF23
 257 00f9 7A000000 		.4byte	0x7a
 258 00fd 01       		.byte	0x1
 259 00fe 06010000 		.4byte	0x106
 260 0102 0D010000 		.4byte	0x10d
 261 0106 09       		.uleb128 0x9
 262 0107 26010000 		.4byte	0x126
 263 010b 01       		.byte	0x1
 264 010c 00       		.byte	0
 265 010d 0C       		.uleb128 0xc
 266 010e 01       		.byte	0x1
 267 010f 53010000 		.4byte	.LASF24
 268 0113 04       		.byte	0x4
 269 0114 0D       		.byte	0xd
 270 0115 2E010000 		.4byte	.LASF25
 271 0119 01       		.byte	0x1
 272 011a 1E010000 		.4byte	0x11e
 273 011e 09       		.uleb128 0x9
 274 011f 26010000 		.4byte	0x126
 275 0123 01       		.byte	0x1
 276 0124 00       		.byte	0
 277 0125 00       		.byte	0
 278 0126 0D       		.uleb128 0xd
 279 0127 04       		.byte	0x4
 280 0128 9A000000 		.4byte	0x9a
ARM GAS  /tmp/ccbSY0ZS.s 			page 6


 281 012c 0E       		.uleb128 0xe
 282 012d B5000000 		.4byte	0xb5
 283 0131 01       		.byte	0x1
 284 0132 03       		.byte	0x3
 285 0133 00       		.byte	0
 286 0134 3C010000 		.4byte	0x13c
 287 0138 47010000 		.4byte	0x147
 288 013c 0F       		.uleb128 0xf
 289 013d 29010000 		.4byte	.LASF15
 290 0141 47010000 		.4byte	0x147
 291 0145 01       		.byte	0x1
 292 0146 00       		.byte	0
 293 0147 10       		.uleb128 0x10
 294 0148 26010000 		.4byte	0x126
 295 014c 11       		.uleb128 0x11
 296 014d 2C010000 		.4byte	0x12c
 297 0151 00000000 		.4byte	.LFB17
 298 0155 08000000 		.4byte	.LFE17
 299 0159 02       		.byte	0x2
 300 015a 7D       		.byte	0x7d
 301 015b 00       		.sleb128 0
 302 015c 64010000 		.4byte	0x164
 303 0160 6C010000 		.4byte	0x16c
 304 0164 12       		.uleb128 0x12
 305 0165 3C010000 		.4byte	0x13c
 306 0169 01       		.byte	0x1
 307 016a 50       		.byte	0x50
 308 016b 00       		.byte	0
 309 016c 13       		.uleb128 0x13
 310 016d D1000000 		.4byte	0xd1
 311 0171 01       		.byte	0x1
 312 0172 08       		.byte	0x8
 313 0173 00000000 		.4byte	.LFB19
 314 0177 08000000 		.4byte	.LFE19
 315 017b 02       		.byte	0x2
 316 017c 7D       		.byte	0x7d
 317 017d 00       		.sleb128 0
 318 017e 86010000 		.4byte	0x186
 319 0182 93010000 		.4byte	0x193
 320 0186 14       		.uleb128 0x14
 321 0187 29010000 		.4byte	.LASF15
 322 018b 47010000 		.4byte	0x147
 323 018f 01       		.byte	0x1
 324 0190 01       		.byte	0x1
 325 0191 50       		.byte	0x50
 326 0192 00       		.byte	0
 327 0193 13       		.uleb128 0x13
 328 0194 ED000000 		.4byte	0xed
 329 0198 01       		.byte	0x1
 330 0199 0D       		.byte	0xd
 331 019a 00000000 		.4byte	.LFB20
 332 019e 14000000 		.4byte	.LFE20
 333 01a2 02       		.byte	0x2
 334 01a3 7D       		.byte	0x7d
 335 01a4 00       		.sleb128 0
 336 01a5 AD010000 		.4byte	0x1ad
 337 01a9 BC010000 		.4byte	0x1bc
ARM GAS  /tmp/ccbSY0ZS.s 			page 7


 338 01ad 15       		.uleb128 0x15
 339 01ae 29010000 		.4byte	.LASF15
 340 01b2 47010000 		.4byte	0x147
 341 01b6 01       		.byte	0x1
 342 01b7 00000000 		.4byte	.LLST0
 343 01bb 00       		.byte	0
 344 01bc 16       		.uleb128 0x16
 345 01bd 0D010000 		.4byte	0x10d
 346 01c1 01       		.byte	0x1
 347 01c2 11       		.byte	0x11
 348 01c3 00000000 		.4byte	.LFB21
 349 01c7 08000000 		.4byte	.LFE21
 350 01cb 02       		.byte	0x2
 351 01cc 7D       		.byte	0x7d
 352 01cd 00       		.sleb128 0
 353 01ce D2010000 		.4byte	0x1d2
 354 01d2 14       		.uleb128 0x14
 355 01d3 29010000 		.4byte	.LASF15
 356 01d7 47010000 		.4byte	0x147
 357 01db 01       		.byte	0x1
 358 01dc 01       		.byte	0x1
 359 01dd 50       		.byte	0x50
 360 01de 00       		.byte	0
 361 01df 00       		.byte	0
 362              		.section	.debug_abbrev,"",%progbits
 363              	.Ldebug_abbrev0:
 364 0000 01       		.uleb128 0x1
 365 0001 11       		.uleb128 0x11
 366 0002 01       		.byte	0x1
 367 0003 25       		.uleb128 0x25
 368 0004 0E       		.uleb128 0xe
 369 0005 13       		.uleb128 0x13
 370 0006 0B       		.uleb128 0xb
 371 0007 03       		.uleb128 0x3
 372 0008 0E       		.uleb128 0xe
 373 0009 1B       		.uleb128 0x1b
 374 000a 0E       		.uleb128 0xe
 375 000b 11       		.uleb128 0x11
 376 000c 01       		.uleb128 0x1
 377 000d 52       		.uleb128 0x52
 378 000e 01       		.uleb128 0x1
 379 000f 55       		.uleb128 0x55
 380 0010 06       		.uleb128 0x6
 381 0011 10       		.uleb128 0x10
 382 0012 06       		.uleb128 0x6
 383 0013 00       		.byte	0
 384 0014 00       		.byte	0
 385 0015 02       		.uleb128 0x2
 386 0016 24       		.uleb128 0x24
 387 0017 00       		.byte	0
 388 0018 0B       		.uleb128 0xb
 389 0019 0B       		.uleb128 0xb
 390 001a 3E       		.uleb128 0x3e
 391 001b 0B       		.uleb128 0xb
 392 001c 03       		.uleb128 0x3
 393 001d 08       		.uleb128 0x8
 394 001e 00       		.byte	0
ARM GAS  /tmp/ccbSY0ZS.s 			page 8


 395 001f 00       		.byte	0
 396 0020 03       		.uleb128 0x3
 397 0021 24       		.uleb128 0x24
 398 0022 00       		.byte	0
 399 0023 0B       		.uleb128 0xb
 400 0024 0B       		.uleb128 0xb
 401 0025 3E       		.uleb128 0x3e
 402 0026 0B       		.uleb128 0xb
 403 0027 03       		.uleb128 0x3
 404 0028 0E       		.uleb128 0xe
 405 0029 00       		.byte	0
 406 002a 00       		.byte	0
 407 002b 04       		.uleb128 0x4
 408 002c 16       		.uleb128 0x16
 409 002d 00       		.byte	0
 410 002e 03       		.uleb128 0x3
 411 002f 0E       		.uleb128 0xe
 412 0030 3A       		.uleb128 0x3a
 413 0031 0B       		.uleb128 0xb
 414 0032 3B       		.uleb128 0x3b
 415 0033 0B       		.uleb128 0xb
 416 0034 49       		.uleb128 0x49
 417 0035 13       		.uleb128 0x13
 418 0036 00       		.byte	0
 419 0037 00       		.byte	0
 420 0038 05       		.uleb128 0x5
 421 0039 39       		.uleb128 0x39
 422 003a 00       		.byte	0
 423 003b 03       		.uleb128 0x3
 424 003c 0E       		.uleb128 0xe
 425 003d 3A       		.uleb128 0x3a
 426 003e 0B       		.uleb128 0xb
 427 003f 3B       		.uleb128 0x3b
 428 0040 0B       		.uleb128 0xb
 429 0041 00       		.byte	0
 430 0042 00       		.byte	0
 431 0043 06       		.uleb128 0x6
 432 0044 02       		.uleb128 0x2
 433 0045 01       		.byte	0x1
 434 0046 03       		.uleb128 0x3
 435 0047 0E       		.uleb128 0xe
 436 0048 0B       		.uleb128 0xb
 437 0049 0B       		.uleb128 0xb
 438 004a 3A       		.uleb128 0x3a
 439 004b 0B       		.uleb128 0xb
 440 004c 3B       		.uleb128 0x3b
 441 004d 0B       		.uleb128 0xb
 442 004e 01       		.uleb128 0x1
 443 004f 13       		.uleb128 0x13
 444 0050 00       		.byte	0
 445 0051 00       		.byte	0
 446 0052 07       		.uleb128 0x7
 447 0053 0D       		.uleb128 0xd
 448 0054 00       		.byte	0
 449 0055 03       		.uleb128 0x3
 450 0056 0E       		.uleb128 0xe
 451 0057 3A       		.uleb128 0x3a
ARM GAS  /tmp/ccbSY0ZS.s 			page 9


 452 0058 0B       		.uleb128 0xb
 453 0059 3B       		.uleb128 0x3b
 454 005a 0B       		.uleb128 0xb
 455 005b 49       		.uleb128 0x49
 456 005c 13       		.uleb128 0x13
 457 005d 38       		.uleb128 0x38
 458 005e 0A       		.uleb128 0xa
 459 005f 32       		.uleb128 0x32
 460 0060 0B       		.uleb128 0xb
 461 0061 00       		.byte	0
 462 0062 00       		.byte	0
 463 0063 08       		.uleb128 0x8
 464 0064 2E       		.uleb128 0x2e
 465 0065 01       		.byte	0x1
 466 0066 3F       		.uleb128 0x3f
 467 0067 0C       		.uleb128 0xc
 468 0068 03       		.uleb128 0x3
 469 0069 0E       		.uleb128 0xe
 470 006a 3A       		.uleb128 0x3a
 471 006b 0B       		.uleb128 0xb
 472 006c 3B       		.uleb128 0x3b
 473 006d 0B       		.uleb128 0xb
 474 006e 49       		.uleb128 0x49
 475 006f 13       		.uleb128 0x13
 476 0070 3C       		.uleb128 0x3c
 477 0071 0C       		.uleb128 0xc
 478 0072 64       		.uleb128 0x64
 479 0073 13       		.uleb128 0x13
 480 0074 01       		.uleb128 0x1
 481 0075 13       		.uleb128 0x13
 482 0076 00       		.byte	0
 483 0077 00       		.byte	0
 484 0078 09       		.uleb128 0x9
 485 0079 05       		.uleb128 0x5
 486 007a 00       		.byte	0
 487 007b 49       		.uleb128 0x49
 488 007c 13       		.uleb128 0x13
 489 007d 34       		.uleb128 0x34
 490 007e 0C       		.uleb128 0xc
 491 007f 00       		.byte	0
 492 0080 00       		.byte	0
 493 0081 0A       		.uleb128 0xa
 494 0082 2E       		.uleb128 0x2e
 495 0083 01       		.byte	0x1
 496 0084 3F       		.uleb128 0x3f
 497 0085 0C       		.uleb128 0xc
 498 0086 03       		.uleb128 0x3
 499 0087 0E       		.uleb128 0xe
 500 0088 3A       		.uleb128 0x3a
 501 0089 0B       		.uleb128 0xb
 502 008a 3B       		.uleb128 0x3b
 503 008b 0B       		.uleb128 0xb
 504 008c 8740     		.uleb128 0x2007
 505 008e 0E       		.uleb128 0xe
 506 008f 3C       		.uleb128 0x3c
 507 0090 0C       		.uleb128 0xc
 508 0091 64       		.uleb128 0x64
ARM GAS  /tmp/ccbSY0ZS.s 			page 10


 509 0092 13       		.uleb128 0x13
 510 0093 01       		.uleb128 0x1
 511 0094 13       		.uleb128 0x13
 512 0095 00       		.byte	0
 513 0096 00       		.byte	0
 514 0097 0B       		.uleb128 0xb
 515 0098 2E       		.uleb128 0x2e
 516 0099 01       		.byte	0x1
 517 009a 3F       		.uleb128 0x3f
 518 009b 0C       		.uleb128 0xc
 519 009c 03       		.uleb128 0x3
 520 009d 0E       		.uleb128 0xe
 521 009e 3A       		.uleb128 0x3a
 522 009f 0B       		.uleb128 0xb
 523 00a0 3B       		.uleb128 0x3b
 524 00a1 0B       		.uleb128 0xb
 525 00a2 8740     		.uleb128 0x2007
 526 00a4 0E       		.uleb128 0xe
 527 00a5 49       		.uleb128 0x49
 528 00a6 13       		.uleb128 0x13
 529 00a7 3C       		.uleb128 0x3c
 530 00a8 0C       		.uleb128 0xc
 531 00a9 64       		.uleb128 0x64
 532 00aa 13       		.uleb128 0x13
 533 00ab 01       		.uleb128 0x1
 534 00ac 13       		.uleb128 0x13
 535 00ad 00       		.byte	0
 536 00ae 00       		.byte	0
 537 00af 0C       		.uleb128 0xc
 538 00b0 2E       		.uleb128 0x2e
 539 00b1 01       		.byte	0x1
 540 00b2 3F       		.uleb128 0x3f
 541 00b3 0C       		.uleb128 0xc
 542 00b4 03       		.uleb128 0x3
 543 00b5 0E       		.uleb128 0xe
 544 00b6 3A       		.uleb128 0x3a
 545 00b7 0B       		.uleb128 0xb
 546 00b8 3B       		.uleb128 0x3b
 547 00b9 0B       		.uleb128 0xb
 548 00ba 8740     		.uleb128 0x2007
 549 00bc 0E       		.uleb128 0xe
 550 00bd 3C       		.uleb128 0x3c
 551 00be 0C       		.uleb128 0xc
 552 00bf 64       		.uleb128 0x64
 553 00c0 13       		.uleb128 0x13
 554 00c1 00       		.byte	0
 555 00c2 00       		.byte	0
 556 00c3 0D       		.uleb128 0xd
 557 00c4 0F       		.uleb128 0xf
 558 00c5 00       		.byte	0
 559 00c6 0B       		.uleb128 0xb
 560 00c7 0B       		.uleb128 0xb
 561 00c8 49       		.uleb128 0x49
 562 00c9 13       		.uleb128 0x13
 563 00ca 00       		.byte	0
 564 00cb 00       		.byte	0
 565 00cc 0E       		.uleb128 0xe
ARM GAS  /tmp/ccbSY0ZS.s 			page 11


 566 00cd 2E       		.uleb128 0x2e
 567 00ce 01       		.byte	0x1
 568 00cf 47       		.uleb128 0x47
 569 00d0 13       		.uleb128 0x13
 570 00d1 3A       		.uleb128 0x3a
 571 00d2 0B       		.uleb128 0xb
 572 00d3 3B       		.uleb128 0x3b
 573 00d4 0B       		.uleb128 0xb
 574 00d5 20       		.uleb128 0x20
 575 00d6 0B       		.uleb128 0xb
 576 00d7 64       		.uleb128 0x64
 577 00d8 13       		.uleb128 0x13
 578 00d9 01       		.uleb128 0x1
 579 00da 13       		.uleb128 0x13
 580 00db 00       		.byte	0
 581 00dc 00       		.byte	0
 582 00dd 0F       		.uleb128 0xf
 583 00de 05       		.uleb128 0x5
 584 00df 00       		.byte	0
 585 00e0 03       		.uleb128 0x3
 586 00e1 0E       		.uleb128 0xe
 587 00e2 49       		.uleb128 0x49
 588 00e3 13       		.uleb128 0x13
 589 00e4 34       		.uleb128 0x34
 590 00e5 0C       		.uleb128 0xc
 591 00e6 00       		.byte	0
 592 00e7 00       		.byte	0
 593 00e8 10       		.uleb128 0x10
 594 00e9 26       		.uleb128 0x26
 595 00ea 00       		.byte	0
 596 00eb 49       		.uleb128 0x49
 597 00ec 13       		.uleb128 0x13
 598 00ed 00       		.byte	0
 599 00ee 00       		.byte	0
 600 00ef 11       		.uleb128 0x11
 601 00f0 2E       		.uleb128 0x2e
 602 00f1 01       		.byte	0x1
 603 00f2 31       		.uleb128 0x31
 604 00f3 13       		.uleb128 0x13
 605 00f4 11       		.uleb128 0x11
 606 00f5 01       		.uleb128 0x1
 607 00f6 12       		.uleb128 0x12
 608 00f7 01       		.uleb128 0x1
 609 00f8 40       		.uleb128 0x40
 610 00f9 0A       		.uleb128 0xa
 611 00fa 64       		.uleb128 0x64
 612 00fb 13       		.uleb128 0x13
 613 00fc 01       		.uleb128 0x1
 614 00fd 13       		.uleb128 0x13
 615 00fe 00       		.byte	0
 616 00ff 00       		.byte	0
 617 0100 12       		.uleb128 0x12
 618 0101 05       		.uleb128 0x5
 619 0102 00       		.byte	0
 620 0103 31       		.uleb128 0x31
 621 0104 13       		.uleb128 0x13
 622 0105 02       		.uleb128 0x2
ARM GAS  /tmp/ccbSY0ZS.s 			page 12


 623 0106 0A       		.uleb128 0xa
 624 0107 00       		.byte	0
 625 0108 00       		.byte	0
 626 0109 13       		.uleb128 0x13
 627 010a 2E       		.uleb128 0x2e
 628 010b 01       		.byte	0x1
 629 010c 47       		.uleb128 0x47
 630 010d 13       		.uleb128 0x13
 631 010e 3A       		.uleb128 0x3a
 632 010f 0B       		.uleb128 0xb
 633 0110 3B       		.uleb128 0x3b
 634 0111 0B       		.uleb128 0xb
 635 0112 11       		.uleb128 0x11
 636 0113 01       		.uleb128 0x1
 637 0114 12       		.uleb128 0x12
 638 0115 01       		.uleb128 0x1
 639 0116 40       		.uleb128 0x40
 640 0117 0A       		.uleb128 0xa
 641 0118 64       		.uleb128 0x64
 642 0119 13       		.uleb128 0x13
 643 011a 01       		.uleb128 0x1
 644 011b 13       		.uleb128 0x13
 645 011c 00       		.byte	0
 646 011d 00       		.byte	0
 647 011e 14       		.uleb128 0x14
 648 011f 05       		.uleb128 0x5
 649 0120 00       		.byte	0
 650 0121 03       		.uleb128 0x3
 651 0122 0E       		.uleb128 0xe
 652 0123 49       		.uleb128 0x49
 653 0124 13       		.uleb128 0x13
 654 0125 34       		.uleb128 0x34
 655 0126 0C       		.uleb128 0xc
 656 0127 02       		.uleb128 0x2
 657 0128 0A       		.uleb128 0xa
 658 0129 00       		.byte	0
 659 012a 00       		.byte	0
 660 012b 15       		.uleb128 0x15
 661 012c 05       		.uleb128 0x5
 662 012d 00       		.byte	0
 663 012e 03       		.uleb128 0x3
 664 012f 0E       		.uleb128 0xe
 665 0130 49       		.uleb128 0x49
 666 0131 13       		.uleb128 0x13
 667 0132 34       		.uleb128 0x34
 668 0133 0C       		.uleb128 0xc
 669 0134 02       		.uleb128 0x2
 670 0135 06       		.uleb128 0x6
 671 0136 00       		.byte	0
 672 0137 00       		.byte	0
 673 0138 16       		.uleb128 0x16
 674 0139 2E       		.uleb128 0x2e
 675 013a 01       		.byte	0x1
 676 013b 47       		.uleb128 0x47
 677 013c 13       		.uleb128 0x13
 678 013d 3A       		.uleb128 0x3a
 679 013e 0B       		.uleb128 0xb
ARM GAS  /tmp/ccbSY0ZS.s 			page 13


 680 013f 3B       		.uleb128 0x3b
 681 0140 0B       		.uleb128 0xb
 682 0141 11       		.uleb128 0x11
 683 0142 01       		.uleb128 0x1
 684 0143 12       		.uleb128 0x12
 685 0144 01       		.uleb128 0x1
 686 0145 40       		.uleb128 0x40
 687 0146 0A       		.uleb128 0xa
 688 0147 64       		.uleb128 0x64
 689 0148 13       		.uleb128 0x13
 690 0149 00       		.byte	0
 691 014a 00       		.byte	0
 692 014b 00       		.byte	0
 693              		.section	.debug_loc,"",%progbits
 694              	.Ldebug_loc0:
 695              	.LLST0:
 696 0000 00000000 		.4byte	.LVL2
 697 0004 06000000 		.4byte	.LVL3
 698 0008 0100     		.2byte	0x1
 699 000a 50       		.byte	0x50
 700 000b 06000000 		.4byte	.LVL3
 701 000f 14000000 		.4byte	.LFE20
 702 0013 0100     		.2byte	0x1
 703 0015 53       		.byte	0x53
 704 0016 00000000 		.4byte	0
 705 001a 00000000 		.4byte	0
 706              		.section	.debug_aranges,"",%progbits
 707 0000 34000000 		.4byte	0x34
 708 0004 0200     		.2byte	0x2
 709 0006 00000000 		.4byte	.Ldebug_info0
 710 000a 04       		.byte	0x4
 711 000b 00       		.byte	0
 712 000c 0000     		.2byte	0
 713 000e 0000     		.2byte	0
 714 0010 00000000 		.4byte	.LFB17
 715 0014 08000000 		.4byte	.LFE17-.LFB17
 716 0018 00000000 		.4byte	.LFB19
 717 001c 08000000 		.4byte	.LFE19-.LFB19
 718 0020 00000000 		.4byte	.LFB20
 719 0024 14000000 		.4byte	.LFE20-.LFB20
 720 0028 00000000 		.4byte	.LFB21
 721 002c 08000000 		.4byte	.LFE21-.LFB21
 722 0030 00000000 		.4byte	0
 723 0034 00000000 		.4byte	0
 724              		.section	.debug_ranges,"",%progbits
 725              	.Ldebug_ranges0:
 726 0000 00000000 		.4byte	.LFB17
 727 0004 08000000 		.4byte	.LFE17
 728 0008 00000000 		.4byte	.LFB19
 729 000c 08000000 		.4byte	.LFE19
 730 0010 00000000 		.4byte	.LFB20
 731 0014 14000000 		.4byte	.LFE20
 732 0018 00000000 		.4byte	.LFB21
 733 001c 08000000 		.4byte	.LFE21
 734 0020 00000000 		.4byte	0
 735 0024 00000000 		.4byte	0
 736              		.section	.debug_line,"",%progbits
ARM GAS  /tmp/ccbSY0ZS.s 			page 14


 737              	.Ldebug_line0:
 738 0000 81010000 		.section	.debug_str,"MS",%progbits,1
 738      02003901 
 738      00000201 
 738      FB0E0D00 
 738      01010101 
 739              	.LASF7:
 740 0000 6C6F6E67 		.ascii	"long long int\000"
 740      206C6F6E 
 740      6720696E 
 740      7400
 741              	.LASF0:
 742 000e 756E7369 		.ascii	"unsigned int\000"
 742      676E6564 
 742      20696E74 
 742      00
 743              	.LASF21:
 744 001b 5F5A4E31 		.ascii	"_ZN11BaseMessage9referenceEv\000"
 744      31426173 
 744      654D6573 
 744      73616765 
 744      39726566 
 745              	.LASF6:
 746 0038 6C6F6E67 		.ascii	"long unsigned int\000"
 746      20756E73 
 746      69676E65 
 746      6420696E 
 746      7400
 747              	.LASF18:
 748 004a 2F686F6D 		.ascii	"/home/tino/workspace/openrobots/R2P_IR_module/fw\000"
 748      652F7469 
 748      6E6F2F77 
 748      6F726B73 
 748      70616365 
 749              	.LASF8:
 750 007b 6C6F6E67 		.ascii	"long long unsigned int\000"
 750      206C6F6E 
 750      6720756E 
 750      7369676E 
 750      65642069 
 751              	.LASF17:
 752 0092 2E2E2F2E 		.ascii	"../../Middleware/BaseMessage.cpp\000"
 752      2E2F4D69 
 752      64646C65 
 752      77617265 
 752      2F426173 
 753              	.LASF11:
 754 00b3 626F6F6C 		.ascii	"bool\000"
 754      00
 755              	.LASF16:
 756 00b8 474E5520 		.ascii	"GNU C++ 4.6.2 20120613 (release) [ARM/embedded-4_6-"
 756      432B2B20 
 756      342E362E 
 756      32203230 
 756      31323036 
 757 00eb 6272616E 		.ascii	"branch revision 188521]\000"
 757      63682072 
ARM GAS  /tmp/ccbSY0ZS.s 			page 15


 757      65766973 
 757      696F6E20 
 757      31383835 
 758              	.LASF2:
 759 0103 756E7369 		.ascii	"unsigned char\000"
 759      676E6564 
 759      20636861 
 759      7200
 760              	.LASF14:
 761 0111 72656665 		.ascii	"reference\000"
 761      72656E63 
 761      6500
 762              	.LASF12:
 763 011b 63686172 		.ascii	"char\000"
 763      00
 764              	.LASF5:
 765 0120 6C6F6E67 		.ascii	"long int\000"
 765      20696E74 
 765      00
 766              	.LASF15:
 767 0129 74686973 		.ascii	"this\000"
 767      00
 768              	.LASF25:
 769 012e 5F5A4E31 		.ascii	"_ZN11BaseMessage5resetEv\000"
 769      31426173 
 769      654D6573 
 769      73616765 
 769      35726573 
 770              	.LASF22:
 771 0147 64657265 		.ascii	"dereference\000"
 771      66657265 
 771      6E636500 
 772              	.LASF24:
 773 0153 72657365 		.ascii	"reset\000"
 773      7400
 774              	.LASF13:
 775 0159 42617365 		.ascii	"BaseMessage\000"
 775      4D657373 
 775      61676500 
 776              	.LASF4:
 777 0165 73686F72 		.ascii	"short unsigned int\000"
 777      7420756E 
 777      7369676E 
 777      65642069 
 777      6E7400
 778              	.LASF1:
 779 0178 7369676E 		.ascii	"signed char\000"
 779      65642063 
 779      68617200 
 780              	.LASF10:
 781 0184 626F6F6C 		.ascii	"bool_t\000"
 781      5F7400
 782              	.LASF20:
 783 018b 5F726566 		.ascii	"_ref_count\000"
 783      5F636F75 
 783      6E7400
 784              	.LASF9:
ARM GAS  /tmp/ccbSY0ZS.s 			page 16


 785 0196 75696E74 		.ascii	"uint16_t\000"
 785      31365F74 
 785      00
 786              	.LASF23:
 787 019f 5F5A4E31 		.ascii	"_ZN11BaseMessage11dereferenceEv\000"
 787      31426173 
 787      654D6573 
 787      73616765 
 787      31316465 
 788              	.LASF3:
 789 01bf 73686F72 		.ascii	"short int\000"
 789      7420696E 
 789      7400
 790              	.LASF19:
 791 01c9 63686962 		.ascii	"chibios_rt\000"
 791      696F735F 
 791      727400
 792              		.ident	"GCC: (GNU Tools for ARM Embedded Processors) 4.6.2 20120613 (release) [ARM/embedded-4_6-br
ARM GAS  /tmp/ccbSY0ZS.s 			page 17


DEFINED SYMBOLS
                            *ABS*:00000000 BaseMessage.cpp
     /tmp/ccbSY0ZS.s:19     .text._ZN11BaseMessageC2Ev:00000000 $t
     /tmp/ccbSY0ZS.s:25     .text._ZN11BaseMessageC2Ev:00000000 _ZN11BaseMessageC2Ev
     /tmp/ccbSY0ZS.s:46     .text._ZN11BaseMessage9referenceEv:00000000 $t
     /tmp/ccbSY0ZS.s:52     .text._ZN11BaseMessage9referenceEv:00000000 _ZN11BaseMessage9referenceEv
     /tmp/ccbSY0ZS.s:70     .text._ZN11BaseMessage11dereferenceEv:00000000 $t
     /tmp/ccbSY0ZS.s:76     .text._ZN11BaseMessage11dereferenceEv:00000000 _ZN11BaseMessage11dereferenceEv
     /tmp/ccbSY0ZS.s:102    .text._ZN11BaseMessage5resetEv:00000000 $t
     /tmp/ccbSY0ZS.s:108    .text._ZN11BaseMessage5resetEv:00000000 _ZN11BaseMessage5resetEv
     /tmp/ccbSY0ZS.s:25     .text._ZN11BaseMessageC2Ev:00000000 _ZN11BaseMessageC1Ev
                     .debug_frame:00000010 $d

NO UNDEFINED SYMBOLS
