ARM GAS  /tmp/cccgKN1v.s 			page 1


   1              		.syntax unified
   2              		.cpu cortex-m3
   3              		.fpu softvfp
   4              		.eabi_attribute 20, 1
   5              		.eabi_attribute 21, 1
   6              		.eabi_attribute 23, 3
   7              		.eabi_attribute 24, 1
   8              		.eabi_attribute 25, 1
   9              		.eabi_attribute 26, 1
  10              		.eabi_attribute 30, 2
  11              		.eabi_attribute 34, 1
  12              		.eabi_attribute 18, 4
  13              		.thumb
  14              		.file	"chmemcore.c"
  15              		.text
  16              	.Ltext0:
  17              		.cfi_sections	.debug_frame
  18              		.section	.text._core_init,"ax",%progbits
  19              		.align	2
  20              		.p2align 4,,15
  21              		.global	_core_init
  22              		.thumb
  23              		.thumb_func
  24              		.type	_core_init, %function
  25              	_core_init:
  26              	.LFB7:
  27              		.file 1 "../../ChibiOS/os/kernel/src/chmemcore.c"
  28              		.loc 1 59 0
  29              		.cfi_startproc
  30              		@ args = 0, pretend = 0, frame = 0
  31              		@ frame_needed = 0, uses_anonymous_args = 0
  32              		@ link register save eliminated.
  33 0000 10B4     		push	{r4}
  34              	.LCFI0:
  35              		.cfi_def_cfa_offset 4
  36              		.cfi_offset 4, -4
  37              		.loc 1 64 0
  38 0002 40F2000C 		movw	ip, #:lower16:__heap_end__
  39              		.loc 1 63 0
  40 0006 0C4C     		ldr	r4, .L2
  41 0008 40F20001 		movw	r1, #:lower16:.LANCHOR0
  42              		.loc 1 64 0
  43 000c C0F2000C 		movt	ip, #:upper16:__heap_end__
  44 0010 40F20002 		movw	r2, #:lower16:.LANCHOR1
  45              		.loc 1 70 0
  46 0014 40F20003 		movw	r3, #:lower16:.LANCHOR2
  47              		.loc 1 64 0
  48 0018 2CF00700 		bic	r0, ip, #7
  49              		.loc 1 63 0
  50 001c C0F20001 		movt	r1, #:upper16:.LANCHOR0
  51 0020 24F00704 		bic	r4, r4, #7
  52              		.loc 1 64 0
  53 0024 C0F20002 		movt	r2, #:upper16:.LANCHOR1
  54              		.loc 1 70 0
  55 0028 C0F20003 		movt	r3, #:upper16:.LANCHOR2
  56              		.loc 1 63 0
  57 002c 0C60     		str	r4, [r1, #0]
ARM GAS  /tmp/cccgKN1v.s 			page 2


  58              		.loc 1 64 0
  59 002e 1060     		str	r0, [r2, #0]
  60              		.loc 1 70 0
  61 0030 1860     		str	r0, [r3, #0]
  62              		.loc 1 71 0
  63 0032 10BC     		pop	{r4}
  64 0034 7047     		bx	lr
  65              	.L3:
  66 0036 00BF     		.align	2
  67              	.L2:
  68 0038 07000000 		.word	__heap_base__+7
  69              		.cfi_endproc
  70              	.LFE7:
  71              		.size	_core_init, .-_core_init
  72 003c AFF30080 		.section	.text.chCoreAlloc,"ax",%progbits
  73              		.align	2
  74              		.p2align 4,,15
  75              		.global	chCoreAlloc
  76              		.thumb
  77              		.thumb_func
  78              		.type	chCoreAlloc, %function
  79              	chCoreAlloc:
  80              	.LFB8:
  81              		.loc 1 85 0
  82              		.cfi_startproc
  83              		@ args = 0, pretend = 0, frame = 0
  84              		@ frame_needed = 0, uses_anonymous_args = 0
  85              	.LVL0:
  86 0000 38B5     		push	{r3, r4, r5, lr}
  87              	.LCFI1:
  88              		.cfi_def_cfa_offset 16
  89              		.cfi_offset 14, -4
  90              		.cfi_offset 5, -8
  91              		.cfi_offset 4, -12
  92              		.cfi_offset 3, -16
  93              		.loc 1 85 0
  94 0002 0546     		mov	r5, r0
  95              	.LBB6:
  96              		.loc 1 88 0
  97 0004 2023     		movs	r3, #32
  98              	.LVL1:
  99              	@ 88 "../../ChibiOS/os/kernel/src/chmemcore.c" 1
 100 0006 83F31188 		msr     BASEPRI, r3
 101              	@ 0 "" 2
 102              	.LVL2:
 103              		.thumb
 104              	.LBE6:
 105 000a FFF7FEFF 		bl	dbg_check_lock
 106              	.LVL3:
 107              	.LBB7:
 108              	.LBB8:
 109              		.loc 1 109 0
 110 000e FFF7FEFF 		bl	chDbgCheckClassI
 111              		.loc 1 112 0
 112 0012 0A4B     		ldr	r3, .L7
 113 0014 0A49     		ldr	r1, .L7+4
 114 0016 1C68     		ldr	r4, [r3, #0]
ARM GAS  /tmp/cccgKN1v.s 			page 3


 115 0018 0868     		ldr	r0, [r1, #0]
 116              		.loc 1 111 0
 117 001a 0735     		adds	r5, r5, #7
 118              	.LVL4:
 119 001c 25F00705 		bic	r5, r5, #7
 120              	.LVL5:
 121              		.loc 1 112 0
 122 0020 021B     		subs	r2, r0, r4
 123 0022 9542     		cmp	r5, r2
 124              	.LVL6:
 125              		.loc 1 115 0
 126 0024 9ABF     		itte	ls
 127 0026 6519     		addls	r5, r4, r5
 128              	.LVL7:
 129 0028 1D60     		strls	r5, [r3, #0]
 130              		.loc 1 113 0
 131 002a 0024     		movhi	r4, #0
 132              	.LBE8:
 133              	.LBE7:
 134              		.loc 1 90 0
 135 002c FFF7FEFF 		bl	dbg_check_unlock
 136              	.LVL8:
 137              	.LBB9:
 138 0030 0023     		movs	r3, #0
 139              	.LVL9:
 140              	@ 90 "../../ChibiOS/os/kernel/src/chmemcore.c" 1
 141 0032 83F31188 		msr     BASEPRI, r3
 142              	@ 0 "" 2
 143              	.LVL10:
 144              		.thumb
 145              	.LBE9:
 146              		.loc 1 92 0
 147 0036 2046     		mov	r0, r4
 148 0038 38BD     		pop	{r3, r4, r5, pc}
 149              	.L8:
 150 003a 00BF     		.align	2
 151              	.L7:
 152 003c 00000000 		.word	.LANCHOR0
 153 0040 00000000 		.word	.LANCHOR1
 154              		.cfi_endproc
 155              	.LFE8:
 156              		.size	chCoreAlloc, .-chCoreAlloc
 157 0044 AFF30080 		.section	.text.chCoreAllocI,"ax",%progbits
 157      AFF30080 
 157      AFF30080 
 158              		.align	2
 159              		.p2align 4,,15
 160              		.global	chCoreAllocI
 161              		.thumb
 162              		.thumb_func
 163              		.type	chCoreAllocI, %function
 164              	chCoreAllocI:
 165              	.LFB9:
 166              		.loc 1 106 0
 167              		.cfi_startproc
 168              		@ args = 0, pretend = 0, frame = 0
 169              		@ frame_needed = 0, uses_anonymous_args = 0
ARM GAS  /tmp/cccgKN1v.s 			page 4


 170              	.LVL11:
 171 0000 10B5     		push	{r4, lr}
 172              	.LCFI2:
 173              		.cfi_def_cfa_offset 8
 174              		.cfi_offset 14, -4
 175              		.cfi_offset 4, -8
 176              		.loc 1 106 0
 177 0002 0446     		mov	r4, r0
 178              		.loc 1 109 0
 179 0004 FFF7FEFF 		bl	chDbgCheckClassI
 180              	.LVL12:
 181              		.loc 1 112 0
 182 0008 074A     		ldr	r2, .L12
 183 000a 0849     		ldr	r1, .L12+4
 184 000c 1368     		ldr	r3, [r2, #0]
 185 000e 0968     		ldr	r1, [r1, #0]
 186              		.loc 1 111 0
 187 0010 E01D     		adds	r0, r4, #7
 188 0012 20F00700 		bic	r0, r0, #7
 189              	.LVL13:
 190              		.loc 1 112 0
 191 0016 C91A     		subs	r1, r1, r3
 192 0018 8842     		cmp	r0, r1
 193              	.LVL14:
 194              		.loc 1 115 0
 195 001a 9ABF     		itte	ls
 196 001c 1818     		addls	r0, r3, r0
 197              	.LVL15:
 198 001e 1060     		strls	r0, [r2, #0]
 199              		.loc 1 113 0
 200 0020 0023     		movhi	r3, #0
 201              		.loc 1 117 0
 202 0022 1846     		mov	r0, r3
 203 0024 10BD     		pop	{r4, pc}
 204              	.L13:
 205 0026 00BF     		.align	2
 206              	.L12:
 207 0028 00000000 		.word	.LANCHOR0
 208 002c 00000000 		.word	.LANCHOR1
 209              		.cfi_endproc
 210              	.LFE9:
 211              		.size	chCoreAllocI, .-chCoreAllocI
 212              		.section	.text.chCoreStatus,"ax",%progbits
 213              		.align	2
 214              		.p2align 4,,15
 215              		.global	chCoreStatus
 216              		.thumb
 217              		.thumb_func
 218              		.type	chCoreStatus, %function
 219              	chCoreStatus:
 220              	.LFB10:
 221              		.loc 1 126 0
 222              		.cfi_startproc
 223              		@ args = 0, pretend = 0, frame = 0
 224              		@ frame_needed = 0, uses_anonymous_args = 0
 225              		@ link register save eliminated.
 226              		.loc 1 128 0
ARM GAS  /tmp/cccgKN1v.s 			page 5


 227 0000 40F20002 		movw	r2, #:lower16:.LANCHOR1
 228 0004 40F20001 		movw	r1, #:lower16:.LANCHOR0
 229 0008 C0F20002 		movt	r2, #:upper16:.LANCHOR1
 230 000c C0F20001 		movt	r1, #:upper16:.LANCHOR0
 231 0010 1068     		ldr	r0, [r2, #0]
 232 0012 0B68     		ldr	r3, [r1, #0]
 233 0014 C01A     		subs	r0, r0, r3
 234              		.loc 1 129 0
 235 0016 7047     		bx	lr
 236              		.cfi_endproc
 237              	.LFE10:
 238              		.size	chCoreStatus, .-chCoreStatus
 239 0018 AFF30080 		.section	.text.chCoreTrim,"ax",%progbits
 239      AFF30080 
 240              		.align	2
 241              		.p2align 4,,15
 242              		.global	chCoreTrim
 243              		.thumb
 244              		.thumb_func
 245              		.type	chCoreTrim, %function
 246              	chCoreTrim:
 247              	.LFB11:
 248              		.loc 1 131 0
 249              		.cfi_startproc
 250              		@ args = 0, pretend = 0, frame = 0
 251              		@ frame_needed = 0, uses_anonymous_args = 0
 252              	.LVL16:
 253 0000 10B5     		push	{r4, lr}
 254              	.LCFI3:
 255              		.cfi_def_cfa_offset 8
 256              		.cfi_offset 14, -4
 257              		.cfi_offset 4, -8
 258              	.LBB14:
 259              		.loc 1 134 0
 260 0002 2023     		movs	r3, #32
 261              	.LVL17:
 262              	.LBE14:
 263              		.loc 1 131 0
 264 0004 0446     		mov	r4, r0
 265              	.LBB15:
 266              		.loc 1 134 0
 267              	@ 134 "../../ChibiOS/os/kernel/src/chmemcore.c" 1
 268 0006 83F31188 		msr     BASEPRI, r3
 269              	@ 0 "" 2
 270              	.LVL18:
 271              		.thumb
 272              	.LBE15:
 273 000a FFF7FEFF 		bl	dbg_check_lock
 274              	.LVL19:
 275              	.LBB16:
 276              	.LBB17:
 277              		.loc 1 143 0
 278 000e FFF7FEFF 		bl	chDbgCheckClassI
 279              		.loc 1 145 0
 280 0012 094B     		ldr	r3, .L18
 281              		.loc 1 146 0
 282 0014 0948     		ldr	r0, .L18+4
ARM GAS  /tmp/cccgKN1v.s 			page 6


 283              		.loc 1 145 0
 284 0016 1968     		ldr	r1, [r3, #0]
 285              		.loc 1 146 0
 286 0018 0268     		ldr	r2, [r0, #0]
 287              		.loc 1 145 0
 288 001a 0C1B     		subs	r4, r1, r4
 289              	.LVL20:
 290 001c 24F00704 		bic	r4, r4, #7
 291              	.LVL21:
 292              		.loc 1 146 0
 293 0020 9442     		cmp	r4, r2
 294              		.loc 1 148 0
 295 0022 2CBF     		ite	cs
 296 0024 1C60     		strcs	r4, [r3, #0]
 297              		.loc 1 147 0
 298 0026 0024     		movcc	r4, #0
 299              	.LVL22:
 300              	.LBE17:
 301              	.LBE16:
 302              		.loc 1 136 0
 303 0028 FFF7FEFF 		bl	dbg_check_unlock
 304              	.LBB18:
 305 002c 0023     		movs	r3, #0
 306              	.LVL23:
 307              	@ 136 "../../ChibiOS/os/kernel/src/chmemcore.c" 1
 308 002e 83F31188 		msr     BASEPRI, r3
 309              	@ 0 "" 2
 310              	.LVL24:
 311              		.thumb
 312              	.LBE18:
 313              		.loc 1 138 0
 314 0032 2046     		mov	r0, r4
 315 0034 10BD     		pop	{r4, pc}
 316              	.L19:
 317 0036 00BF     		.align	2
 318              	.L18:
 319 0038 00000000 		.word	.LANCHOR1
 320 003c 00000000 		.word	.LANCHOR0
 321              		.cfi_endproc
 322              	.LFE11:
 323              		.size	chCoreTrim, .-chCoreTrim
 324              		.section	.text.chCoreTrimI,"ax",%progbits
 325              		.align	2
 326              		.p2align 4,,15
 327              		.global	chCoreTrimI
 328              		.thumb
 329              		.thumb_func
 330              		.type	chCoreTrimI, %function
 331              	chCoreTrimI:
 332              	.LFB12:
 333              		.loc 1 140 0
 334              		.cfi_startproc
 335              		@ args = 0, pretend = 0, frame = 0
 336              		@ frame_needed = 0, uses_anonymous_args = 0
 337              	.LVL25:
 338 0000 10B5     		push	{r4, lr}
 339              	.LCFI4:
ARM GAS  /tmp/cccgKN1v.s 			page 7


 340              		.cfi_def_cfa_offset 8
 341              		.cfi_offset 14, -4
 342              		.cfi_offset 4, -8
 343              		.loc 1 140 0
 344 0002 0446     		mov	r4, r0
 345              		.loc 1 143 0
 346 0004 FFF7FEFF 		bl	chDbgCheckClassI
 347              	.LVL26:
 348              		.loc 1 145 0
 349 0008 054B     		ldr	r3, .L23
 350              		.loc 1 146 0
 351 000a 064A     		ldr	r2, .L23+4
 352              		.loc 1 145 0
 353 000c 1968     		ldr	r1, [r3, #0]
 354              		.loc 1 146 0
 355 000e 1268     		ldr	r2, [r2, #0]
 356              		.loc 1 145 0
 357 0010 081B     		subs	r0, r1, r4
 358 0012 20F00700 		bic	r0, r0, #7
 359              	.LVL27:
 360              		.loc 1 146 0
 361 0016 9042     		cmp	r0, r2
 362              		.loc 1 148 0
 363 0018 2CBF     		ite	cs
 364 001a 1860     		strcs	r0, [r3, #0]
 365              		.loc 1 147 0
 366 001c 0020     		movcc	r0, #0
 367              	.LVL28:
 368              		.loc 1 150 0
 369 001e 10BD     		pop	{r4, pc}
 370              	.L24:
 371              		.align	2
 372              	.L23:
 373 0020 00000000 		.word	.LANCHOR1
 374 0024 00000000 		.word	.LANCHOR0
 375              		.cfi_endproc
 376              	.LFE12:
 377              		.size	chCoreTrimI, .-chCoreTrimI
 378 0028 AFF30080 		.section	.text.chCoreGrow,"ax",%progbits
 378      AFF30080 
 379              		.align	2
 380              		.p2align 4,,15
 381              		.global	chCoreGrow
 382              		.thumb
 383              		.thumb_func
 384              		.type	chCoreGrow, %function
 385              	chCoreGrow:
 386              	.LFB13:
 387              		.loc 1 152 0
 388              		.cfi_startproc
 389              		@ args = 0, pretend = 0, frame = 0
 390              		@ frame_needed = 0, uses_anonymous_args = 0
 391              	.LVL29:
 392 0000 38B5     		push	{r3, r4, r5, lr}
 393              	.LCFI5:
 394              		.cfi_def_cfa_offset 16
 395              		.cfi_offset 14, -4
ARM GAS  /tmp/cccgKN1v.s 			page 8


 396              		.cfi_offset 5, -8
 397              		.cfi_offset 4, -12
 398              		.cfi_offset 3, -16
 399              		.loc 1 152 0
 400 0002 0546     		mov	r5, r0
 401              	.LBB23:
 402              		.loc 1 154 0
 403 0004 2023     		movs	r3, #32
 404              	.LVL30:
 405              	@ 154 "../../ChibiOS/os/kernel/src/chmemcore.c" 1
 406 0006 83F31188 		msr     BASEPRI, r3
 407              	@ 0 "" 2
 408              	.LVL31:
 409              		.thumb
 410              	.LBE23:
 411              	.LBB24:
 412              	.LBB25:
 413              		.loc 1 163 0
 414 000a 0D4C     		ldr	r4, .L28
 415              	.LBE25:
 416              	.LBE24:
 417              		.loc 1 154 0
 418 000c FFF7FEFF 		bl	dbg_check_lock
 419              	.LVL32:
 420              	.LBB27:
 421              	.LBB26:
 422              		.loc 1 161 0
 423 0010 FFF7FEFF 		bl	chDbgCheckClassI
 424              		.loc 1 163 0
 425 0014 0B48     		ldr	r0, .L28+4
 426              		.loc 1 162 0
 427 0016 0735     		adds	r5, r5, #7
 428              	.LVL33:
 429              		.loc 1 163 0
 430 0018 2368     		ldr	r3, [r4, #0]
 431              		.loc 1 162 0
 432 001a 25F00705 		bic	r5, r5, #7
 433              	.LVL34:
 434              		.loc 1 163 0
 435 001e 0268     		ldr	r2, [r0, #0]
 436 0020 5B19     		adds	r3, r3, r5
 437 0022 9342     		cmp	r3, r2
 438 0024 04D9     		bls	.L26
 439 0026 0848     		ldr	r0, .L28+8
 440 0028 FFF7FEFF 		bl	chDbgPanic
 441 002c 2168     		ldr	r1, [r4, #0]
 442 002e 4B19     		adds	r3, r1, r5
 443              	.L26:
 444              		.loc 1 164 0
 445 0030 2360     		str	r3, [r4, #0]
 446              	.LBE26:
 447              	.LBE27:
 448              		.loc 1 156 0
 449 0032 FFF7FEFF 		bl	dbg_check_unlock
 450              	.LBB28:
 451 0036 0023     		movs	r3, #0
 452              	.LVL35:
ARM GAS  /tmp/cccgKN1v.s 			page 9


 453              	@ 156 "../../ChibiOS/os/kernel/src/chmemcore.c" 1
 454 0038 83F31188 		msr     BASEPRI, r3
 455              	@ 0 "" 2
 456              	.LVL36:
 457              		.thumb
 458              	.LBE28:
 459              		.loc 1 157 0
 460 003c 38BD     		pop	{r3, r4, r5, pc}
 461              	.L29:
 462 003e 00BF     		.align	2
 463              	.L28:
 464 0040 00000000 		.word	.LANCHOR1
 465 0044 00000000 		.word	.LANCHOR2
 466 0048 00000000 		.word	.LC0
 467              		.cfi_endproc
 468              	.LFE13:
 469              		.size	chCoreGrow, .-chCoreGrow
 470 004c AFF30080 		.section	.text.chCoreGrowI,"ax",%progbits
 471              		.align	2
 472              		.p2align 4,,15
 473              		.global	chCoreGrowI
 474              		.thumb
 475              		.thumb_func
 476              		.type	chCoreGrowI, %function
 477              	chCoreGrowI:
 478              	.LFB14:
 479              		.loc 1 159 0
 480              		.cfi_startproc
 481              		@ args = 0, pretend = 0, frame = 0
 482              		@ frame_needed = 0, uses_anonymous_args = 0
 483              	.LVL37:
 484 0000 38B5     		push	{r3, r4, r5, lr}
 485              	.LCFI6:
 486              		.cfi_def_cfa_offset 16
 487              		.cfi_offset 14, -4
 488              		.cfi_offset 5, -8
 489              		.cfi_offset 4, -12
 490              		.cfi_offset 3, -16
 491              		.loc 1 163 0
 492 0002 0A4C     		ldr	r4, .L32
 493              		.loc 1 159 0
 494 0004 0546     		mov	r5, r0
 495              		.loc 1 161 0
 496 0006 FFF7FEFF 		bl	chDbgCheckClassI
 497              	.LVL38:
 498              		.loc 1 163 0
 499 000a 0948     		ldr	r0, .L32+4
 500              		.loc 1 162 0
 501 000c 0735     		adds	r5, r5, #7
 502              	.LVL39:
 503              		.loc 1 163 0
 504 000e 2368     		ldr	r3, [r4, #0]
 505              		.loc 1 162 0
 506 0010 25F00705 		bic	r5, r5, #7
 507              	.LVL40:
 508              		.loc 1 163 0
 509 0014 0268     		ldr	r2, [r0, #0]
ARM GAS  /tmp/cccgKN1v.s 			page 10


 510 0016 5B19     		adds	r3, r3, r5
 511 0018 9342     		cmp	r3, r2
 512 001a 04D9     		bls	.L31
 513              		.loc 1 163 0 is_stmt 0 discriminator 1
 514 001c 0548     		ldr	r0, .L32+8
 515 001e FFF7FEFF 		bl	chDbgPanic
 516 0022 2168     		ldr	r1, [r4, #0]
 517 0024 4B19     		adds	r3, r1, r5
 518              	.L31:
 519              		.loc 1 164 0 is_stmt 1
 520 0026 2360     		str	r3, [r4, #0]
 521              		.loc 1 165 0
 522 0028 38BD     		pop	{r3, r4, r5, pc}
 523              	.L33:
 524 002a 00BF     		.align	2
 525              	.L32:
 526 002c 00000000 		.word	.LANCHOR1
 527 0030 00000000 		.word	.LANCHOR2
 528 0034 00000000 		.word	.LC0
 529              		.cfi_endproc
 530              	.LFE14:
 531              		.size	chCoreGrowI, .-chCoreGrowI
 532 0038 AFF30080 		.section	.bss.endmem,"aw",%nobits
 532      AFF30080 
 533              		.align	2
 534              		.set	.LANCHOR1,. + 0
 535              		.type	endmem, %object
 536              		.size	endmem, 4
 537              	endmem:
 538 0000 00000000 		.space	4
 539              		.section	.rodata.str1.4,"aMS",%progbits,1
 540              		.align	2
 541              	.LC0:
 542 0000 22636843 		.ascii	"\"chCoreGrowI\"()\000"
 542      6F726547 
 542      726F7749 
 542      22282900 
 543              		.section	.bss.realendmem,"aw",%nobits
 544              		.align	2
 545              		.set	.LANCHOR2,. + 0
 546              		.type	realendmem, %object
 547              		.size	realendmem, 4
 548              	realendmem:
 549 0000 00000000 		.space	4
 550              		.section	.bss.nextmem,"aw",%nobits
 551              		.align	2
 552              		.set	.LANCHOR0,. + 0
 553              		.type	nextmem, %object
 554              		.size	nextmem, 4
 555              	nextmem:
 556 0000 00000000 		.space	4
 557              		.text
 558              	.Letext0:
 559              		.file 2 "/home/tino/ChibiStudio/tools/GNU Tools ARM Embedded/4.6 2012q2/bin/../lib/gcc/arm-none-ea
 560              		.file 3 "/home/tino/ChibiStudio/tools/GNU Tools ARM Embedded/4.6 2012q2/bin/../lib/gcc/arm-none-ea
 561              		.section	.debug_info,"",%progbits
 562              	.Ldebug_info0:
ARM GAS  /tmp/cccgKN1v.s 			page 11


 563 0000 D4030000 		.4byte	0x3d4
 564 0004 0200     		.2byte	0x2
 565 0006 00000000 		.4byte	.Ldebug_abbrev0
 566 000a 04       		.byte	0x4
 567 000b 01       		.uleb128 0x1
 568 000c 23000000 		.4byte	.LASF26
 569 0010 01       		.byte	0x1
 570 0011 C0000000 		.4byte	.LASF27
 571 0015 2B010000 		.4byte	.LASF28
 572 0019 00000000 		.4byte	0
 573 001d 00000000 		.4byte	0
 574 0021 30000000 		.4byte	.Ldebug_ranges0+0x30
 575 0025 00000000 		.4byte	.Ldebug_line0
 576 0029 02       		.uleb128 0x2
 577 002a 04       		.byte	0x4
 578 002b 05       		.byte	0x5
 579 002c 696E7400 		.ascii	"int\000"
 580 0030 03       		.uleb128 0x3
 581 0031 07000000 		.4byte	.LASF2
 582 0035 02       		.byte	0x2
 583 0036 D4       		.byte	0xd4
 584 0037 3B000000 		.4byte	0x3b
 585 003b 04       		.uleb128 0x4
 586 003c 04       		.byte	0x4
 587 003d 07       		.byte	0x7
 588 003e FF000000 		.4byte	.LASF0
 589 0042 04       		.uleb128 0x4
 590 0043 01       		.byte	0x1
 591 0044 06       		.byte	0x6
 592 0045 CB010000 		.4byte	.LASF1
 593 0049 03       		.uleb128 0x3
 594 004a 23010000 		.4byte	.LASF3
 595 004e 03       		.byte	0x3
 596 004f 2A       		.byte	0x2a
 597 0050 54000000 		.4byte	0x54
 598 0054 04       		.uleb128 0x4
 599 0055 01       		.byte	0x1
 600 0056 08       		.byte	0x8
 601 0057 B2000000 		.4byte	.LASF4
 602 005b 04       		.uleb128 0x4
 603 005c 02       		.byte	0x2
 604 005d 05       		.byte	0x5
 605 005e 96010000 		.4byte	.LASF5
 606 0062 04       		.uleb128 0x4
 607 0063 02       		.byte	0x2
 608 0064 07       		.byte	0x7
 609 0065 8B000000 		.4byte	.LASF6
 610 0069 04       		.uleb128 0x4
 611 006a 04       		.byte	0x4
 612 006b 05       		.byte	0x5
 613 006c AC010000 		.4byte	.LASF7
 614 0070 03       		.uleb128 0x3
 615 0071 A9000000 		.4byte	.LASF8
 616 0075 03       		.byte	0x3
 617 0076 50       		.byte	0x50
 618 0077 7B000000 		.4byte	0x7b
 619 007b 04       		.uleb128 0x4
ARM GAS  /tmp/cccgKN1v.s 			page 12


 620 007c 04       		.byte	0x4
 621 007d 07       		.byte	0x7
 622 007e 6C000000 		.4byte	.LASF9
 623 0082 04       		.uleb128 0x4
 624 0083 08       		.byte	0x8
 625 0084 05       		.byte	0x5
 626 0085 76010000 		.4byte	.LASF10
 627 0089 04       		.uleb128 0x4
 628 008a 08       		.byte	0x8
 629 008b 07       		.byte	0x7
 630 008c 0C010000 		.4byte	.LASF11
 631 0090 04       		.uleb128 0x4
 632 0091 01       		.byte	0x1
 633 0092 02       		.byte	0x2
 634 0093 DC010000 		.4byte	.LASF12
 635 0097 05       		.uleb128 0x5
 636 0098 04       		.byte	0x4
 637 0099 04       		.uleb128 0x4
 638 009a 01       		.byte	0x1
 639 009b 08       		.byte	0x8
 640 009c 84010000 		.4byte	.LASF13
 641 00a0 06       		.uleb128 0x6
 642 00a1 04       		.byte	0x4
 643 00a2 49000000 		.4byte	0x49
 644 00a6 07       		.uleb128 0x7
 645 00a7 01       		.byte	0x1
 646 00a8 F4000000 		.4byte	.LASF21
 647 00ac 01       		.byte	0x1
 648 00ad 3B       		.byte	0x3b
 649 00ae 01       		.byte	0x1
 650 00af 00000000 		.4byte	.LFB7
 651 00b3 3C000000 		.4byte	.LFE7
 652 00b7 00000000 		.4byte	.LLST0
 653 00bb DA000000 		.4byte	0xda
 654 00bf 08       		.uleb128 0x8
 655 00c0 5C010000 		.4byte	.LASF14
 656 00c4 01       		.byte	0x1
 657 00c5 3D       		.byte	0x3d
 658 00c6 DA000000 		.4byte	0xda
 659 00ca 01       		.byte	0x1
 660 00cb 01       		.byte	0x1
 661 00cc 08       		.uleb128 0x8
 662 00cd 89010000 		.4byte	.LASF15
 663 00d1 01       		.byte	0x1
 664 00d2 3E       		.byte	0x3e
 665 00d3 DA000000 		.4byte	0xda
 666 00d7 01       		.byte	0x1
 667 00d8 01       		.byte	0x1
 668 00d9 00       		.byte	0
 669 00da 09       		.uleb128 0x9
 670 00db 49000000 		.4byte	0x49
 671 00df E5000000 		.4byte	0xe5
 672 00e3 0A       		.uleb128 0xa
 673 00e4 00       		.byte	0
 674 00e5 0B       		.uleb128 0xb
 675 00e6 01       		.byte	0x1
 676 00e7 16000000 		.4byte	.LASF16
ARM GAS  /tmp/cccgKN1v.s 			page 13


 677 00eb 01       		.byte	0x1
 678 00ec 6A       		.byte	0x6a
 679 00ed 01       		.byte	0x1
 680 00ee 97000000 		.4byte	0x97
 681 00f2 01       		.byte	0x1
 682 00f3 0C010000 		.4byte	0x10c
 683 00f7 0C       		.uleb128 0xc
 684 00f8 D7010000 		.4byte	.LASF18
 685 00fc 01       		.byte	0x1
 686 00fd 6A       		.byte	0x6a
 687 00fe 30000000 		.4byte	0x30
 688 0102 0D       		.uleb128 0xd
 689 0103 7000     		.ascii	"p\000"
 690 0105 01       		.byte	0x1
 691 0106 6B       		.byte	0x6b
 692 0107 97000000 		.4byte	0x97
 693 010b 00       		.byte	0
 694 010c 0E       		.uleb128 0xe
 695 010d 01       		.byte	0x1
 696 010e A0010000 		.4byte	.LASF19
 697 0112 01       		.byte	0x1
 698 0113 55       		.byte	0x55
 699 0114 01       		.byte	0x1
 700 0115 97000000 		.4byte	0x97
 701 0119 00000000 		.4byte	.LFB8
 702 011d 44000000 		.4byte	.LFE8
 703 0121 20000000 		.4byte	.LLST1
 704 0125 AA010000 		.4byte	0x1aa
 705 0129 0F       		.uleb128 0xf
 706 012a D7010000 		.4byte	.LASF18
 707 012e 01       		.byte	0x1
 708 012f 55       		.byte	0x55
 709 0130 30000000 		.4byte	0x30
 710 0134 40000000 		.4byte	.LLST2
 711 0138 10       		.uleb128 0x10
 712 0139 7000     		.ascii	"p\000"
 713 013b 01       		.byte	0x1
 714 013c 56       		.byte	0x56
 715 013d 97000000 		.4byte	0x97
 716 0141 01       		.byte	0x1
 717 0142 54       		.byte	0x54
 718 0143 11       		.uleb128 0x11
 719 0144 04000000 		.4byte	.LBB6
 720 0148 0A000000 		.4byte	.LBE6
 721 014c 60010000 		.4byte	0x160
 722 0150 12       		.uleb128 0x12
 723 0151 746D7000 		.ascii	"tmp\000"
 724 0155 01       		.byte	0x1
 725 0156 58       		.byte	0x58
 726 0157 70000000 		.4byte	0x70
 727 015b 6B000000 		.4byte	.LLST3
 728 015f 00       		.byte	0
 729 0160 13       		.uleb128 0x13
 730 0161 E5000000 		.4byte	0xe5
 731 0165 0E000000 		.4byte	.LBB7
 732 0169 2C000000 		.4byte	.LBE7
 733 016d 01       		.byte	0x1
ARM GAS  /tmp/cccgKN1v.s 			page 14


 734 016e 59       		.byte	0x59
 735 016f 90010000 		.4byte	0x190
 736 0173 14       		.uleb128 0x14
 737 0174 F7000000 		.4byte	0xf7
 738 0178 7E000000 		.4byte	.LLST4
 739 017c 15       		.uleb128 0x15
 740 017d 0E000000 		.4byte	.LBB8
 741 0181 2C000000 		.4byte	.LBE8
 742 0185 16       		.uleb128 0x16
 743 0186 02010000 		.4byte	0x102
 744 018a A9000000 		.4byte	.LLST5
 745 018e 00       		.byte	0
 746 018f 00       		.byte	0
 747 0190 15       		.uleb128 0x15
 748 0191 30000000 		.4byte	.LBB9
 749 0195 36000000 		.4byte	.LBE9
 750 0199 12       		.uleb128 0x12
 751 019a 746D7000 		.ascii	"tmp\000"
 752 019e 01       		.byte	0x1
 753 019f 5A       		.byte	0x5a
 754 01a0 70000000 		.4byte	0x70
 755 01a4 C0000000 		.4byte	.LLST6
 756 01a8 00       		.byte	0
 757 01a9 00       		.byte	0
 758 01aa 17       		.uleb128 0x17
 759 01ab E5000000 		.4byte	0xe5
 760 01af 00000000 		.4byte	.LFB9
 761 01b3 30000000 		.4byte	.LFE9
 762 01b7 D3000000 		.4byte	.LLST7
 763 01bb D4010000 		.4byte	0x1d4
 764 01bf 14       		.uleb128 0x14
 765 01c0 F7000000 		.4byte	0xf7
 766 01c4 F3000000 		.4byte	.LLST8
 767 01c8 18       		.uleb128 0x18
 768 01c9 02010000 		.4byte	0x102
 769 01cd 05       		.byte	0x5
 770 01ce 03       		.byte	0x3
 771 01cf 00000000 		.4byte	nextmem
 772 01d3 00       		.byte	0
 773 01d4 19       		.uleb128 0x19
 774 01d5 01       		.byte	0x1
 775 01d6 7E000000 		.4byte	.LASF29
 776 01da 01       		.byte	0x1
 777 01db 7E       		.byte	0x7e
 778 01dc 01       		.byte	0x1
 779 01dd 30000000 		.4byte	0x30
 780 01e1 00000000 		.4byte	.LFB10
 781 01e5 18000000 		.4byte	.LFE10
 782 01e9 02       		.byte	0x2
 783 01ea 7D       		.byte	0x7d
 784 01eb 00       		.sleb128 0
 785 01ec 0B       		.uleb128 0xb
 786 01ed 01       		.byte	0x1
 787 01ee E8000000 		.4byte	.LASF17
 788 01f2 01       		.byte	0x1
 789 01f3 8C       		.byte	0x8c
 790 01f4 01       		.byte	0x1
ARM GAS  /tmp/cccgKN1v.s 			page 15


 791 01f5 97000000 		.4byte	0x97
 792 01f9 01       		.byte	0x1
 793 01fa 13020000 		.4byte	0x213
 794 01fe 0C       		.uleb128 0xc
 795 01ff D7010000 		.4byte	.LASF18
 796 0203 01       		.byte	0x1
 797 0204 8C       		.byte	0x8c
 798 0205 30000000 		.4byte	0x30
 799 0209 0D       		.uleb128 0xd
 800 020a 7000     		.ascii	"p\000"
 801 020c 01       		.byte	0x1
 802 020d 8D       		.byte	0x8d
 803 020e A0000000 		.4byte	0xa0
 804 0212 00       		.byte	0
 805 0213 0E       		.uleb128 0xe
 806 0214 01       		.byte	0x1
 807 0215 9E000000 		.4byte	.LASF20
 808 0219 01       		.byte	0x1
 809 021a 83       		.byte	0x83
 810 021b 01       		.byte	0x1
 811 021c 97000000 		.4byte	0x97
 812 0220 00000000 		.4byte	.LFB11
 813 0224 40000000 		.4byte	.LFE11
 814 0228 1C010000 		.4byte	.LLST9
 815 022c AD020000 		.4byte	0x2ad
 816 0230 0F       		.uleb128 0xf
 817 0231 D7010000 		.4byte	.LASF18
 818 0235 01       		.byte	0x1
 819 0236 83       		.byte	0x83
 820 0237 30000000 		.4byte	0x30
 821 023b 3C010000 		.4byte	.LLST10
 822 023f 10       		.uleb128 0x10
 823 0240 7000     		.ascii	"p\000"
 824 0242 01       		.byte	0x1
 825 0243 84       		.byte	0x84
 826 0244 97000000 		.4byte	0x97
 827 0248 01       		.byte	0x1
 828 0249 54       		.byte	0x54
 829 024a 1A       		.uleb128 0x1a
 830 024b 00000000 		.4byte	.Ldebug_ranges0+0
 831 024f 63020000 		.4byte	0x263
 832 0253 12       		.uleb128 0x12
 833 0254 746D7000 		.ascii	"tmp\000"
 834 0258 01       		.byte	0x1
 835 0259 86       		.byte	0x86
 836 025a 70000000 		.4byte	0x70
 837 025e 5A010000 		.4byte	.LLST11
 838 0262 00       		.byte	0
 839 0263 13       		.uleb128 0x13
 840 0264 EC010000 		.4byte	0x1ec
 841 0268 0E000000 		.4byte	.LBB16
 842 026c 28000000 		.4byte	.LBE16
 843 0270 01       		.byte	0x1
 844 0271 87       		.byte	0x87
 845 0272 93020000 		.4byte	0x293
 846 0276 14       		.uleb128 0x14
 847 0277 FE010000 		.4byte	0x1fe
ARM GAS  /tmp/cccgKN1v.s 			page 16


 848 027b 6D010000 		.4byte	.LLST12
 849 027f 15       		.uleb128 0x15
 850 0280 0E000000 		.4byte	.LBB17
 851 0284 28000000 		.4byte	.LBE17
 852 0288 16       		.uleb128 0x16
 853 0289 09020000 		.4byte	0x209
 854 028d 80010000 		.4byte	.LLST13
 855 0291 00       		.byte	0
 856 0292 00       		.byte	0
 857 0293 15       		.uleb128 0x15
 858 0294 2C000000 		.4byte	.LBB18
 859 0298 32000000 		.4byte	.LBE18
 860 029c 12       		.uleb128 0x12
 861 029d 746D7000 		.ascii	"tmp\000"
 862 02a1 01       		.byte	0x1
 863 02a2 88       		.byte	0x88
 864 02a3 70000000 		.4byte	0x70
 865 02a7 93010000 		.4byte	.LLST14
 866 02ab 00       		.byte	0
 867 02ac 00       		.byte	0
 868 02ad 17       		.uleb128 0x17
 869 02ae EC010000 		.4byte	0x1ec
 870 02b2 00000000 		.4byte	.LFB12
 871 02b6 28000000 		.4byte	.LFE12
 872 02ba A6010000 		.4byte	.LLST15
 873 02be D5020000 		.4byte	0x2d5
 874 02c2 14       		.uleb128 0x14
 875 02c3 FE010000 		.4byte	0x1fe
 876 02c7 C6010000 		.4byte	.LLST16
 877 02cb 16       		.uleb128 0x16
 878 02cc 09020000 		.4byte	0x209
 879 02d0 E4010000 		.4byte	.LLST17
 880 02d4 00       		.byte	0
 881 02d5 1B       		.uleb128 0x1b
 882 02d6 01       		.byte	0x1
 883 02d7 6A010000 		.4byte	.LASF30
 884 02db 01       		.byte	0x1
 885 02dc 9F       		.byte	0x9f
 886 02dd 01       		.byte	0x1
 887 02de 01       		.byte	0x1
 888 02df EF020000 		.4byte	0x2ef
 889 02e3 0C       		.uleb128 0xc
 890 02e4 D7010000 		.4byte	.LASF18
 891 02e8 01       		.byte	0x1
 892 02e9 9F       		.byte	0x9f
 893 02ea 30000000 		.4byte	0x30
 894 02ee 00       		.byte	0
 895 02ef 07       		.uleb128 0x7
 896 02f0 01       		.byte	0x1
 897 02f1 B5010000 		.4byte	.LASF22
 898 02f5 01       		.byte	0x1
 899 02f6 98       		.byte	0x98
 900 02f7 01       		.byte	0x1
 901 02f8 00000000 		.4byte	.LFB13
 902 02fc 4C000000 		.4byte	.LFE13
 903 0300 F7010000 		.4byte	.LLST18
 904 0304 6B030000 		.4byte	0x36b
ARM GAS  /tmp/cccgKN1v.s 			page 17


 905 0308 0F       		.uleb128 0xf
 906 0309 D7010000 		.4byte	.LASF18
 907 030d 01       		.byte	0x1
 908 030e 98       		.byte	0x98
 909 030f 30000000 		.4byte	0x30
 910 0313 17020000 		.4byte	.LLST19
 911 0317 11       		.uleb128 0x11
 912 0318 04000000 		.4byte	.LBB23
 913 031c 0A000000 		.4byte	.LBE23
 914 0320 34030000 		.4byte	0x334
 915 0324 12       		.uleb128 0x12
 916 0325 746D7000 		.ascii	"tmp\000"
 917 0329 01       		.byte	0x1
 918 032a 9A       		.byte	0x9a
 919 032b 70000000 		.4byte	0x70
 920 032f 35020000 		.4byte	.LLST20
 921 0333 00       		.byte	0
 922 0334 1C       		.uleb128 0x1c
 923 0335 D5020000 		.4byte	0x2d5
 924 0339 0A000000 		.4byte	.LBB24
 925 033d 18000000 		.4byte	.Ldebug_ranges0+0x18
 926 0341 01       		.byte	0x1
 927 0342 9B       		.byte	0x9b
 928 0343 51030000 		.4byte	0x351
 929 0347 14       		.uleb128 0x14
 930 0348 E3020000 		.4byte	0x2e3
 931 034c 48020000 		.4byte	.LLST21
 932 0350 00       		.byte	0
 933 0351 15       		.uleb128 0x15
 934 0352 36000000 		.4byte	.LBB28
 935 0356 3C000000 		.4byte	.LBE28
 936 035a 12       		.uleb128 0x12
 937 035b 746D7000 		.ascii	"tmp\000"
 938 035f 01       		.byte	0x1
 939 0360 9C       		.byte	0x9c
 940 0361 70000000 		.4byte	0x70
 941 0365 73020000 		.4byte	.LLST22
 942 0369 00       		.byte	0
 943 036a 00       		.byte	0
 944 036b 17       		.uleb128 0x17
 945 036c D5020000 		.4byte	0x2d5
 946 0370 00000000 		.4byte	.LFB14
 947 0374 38000000 		.4byte	.LFE14
 948 0378 86020000 		.4byte	.LLST23
 949 037c 8A030000 		.4byte	0x38a
 950 0380 14       		.uleb128 0x14
 951 0381 E3020000 		.4byte	0x2e3
 952 0385 A6020000 		.4byte	.LLST24
 953 0389 00       		.byte	0
 954 038a 1D       		.uleb128 0x1d
 955 038b 0E000000 		.4byte	.LASF23
 956 038f 01       		.byte	0x1
 957 0390 33       		.byte	0x33
 958 0391 A0000000 		.4byte	0xa0
 959 0395 05       		.byte	0x5
 960 0396 03       		.byte	0x3
 961 0397 00000000 		.4byte	nextmem
ARM GAS  /tmp/cccgKN1v.s 			page 18


 962 039b 1D       		.uleb128 0x1d
 963 039c 00000000 		.4byte	.LASF24
 964 03a0 01       		.byte	0x1
 965 03a1 34       		.byte	0x34
 966 03a2 A0000000 		.4byte	0xa0
 967 03a6 05       		.byte	0x5
 968 03a7 03       		.byte	0x3
 969 03a8 00000000 		.4byte	endmem
 970 03ac 1D       		.uleb128 0x1d
 971 03ad C0010000 		.4byte	.LASF25
 972 03b1 01       		.byte	0x1
 973 03b2 34       		.byte	0x34
 974 03b3 A0000000 		.4byte	0xa0
 975 03b7 05       		.byte	0x5
 976 03b8 03       		.byte	0x3
 977 03b9 00000000 		.4byte	realendmem
 978 03bd 08       		.uleb128 0x8
 979 03be 5C010000 		.4byte	.LASF14
 980 03c2 01       		.byte	0x1
 981 03c3 3D       		.byte	0x3d
 982 03c4 DA000000 		.4byte	0xda
 983 03c8 01       		.byte	0x1
 984 03c9 01       		.byte	0x1
 985 03ca 08       		.uleb128 0x8
 986 03cb 89010000 		.4byte	.LASF15
 987 03cf 01       		.byte	0x1
 988 03d0 3E       		.byte	0x3e
 989 03d1 DA000000 		.4byte	0xda
 990 03d5 01       		.byte	0x1
 991 03d6 01       		.byte	0x1
 992 03d7 00       		.byte	0
 993              		.section	.debug_abbrev,"",%progbits
 994              	.Ldebug_abbrev0:
 995 0000 01       		.uleb128 0x1
 996 0001 11       		.uleb128 0x11
 997 0002 01       		.byte	0x1
 998 0003 25       		.uleb128 0x25
 999 0004 0E       		.uleb128 0xe
 1000 0005 13       		.uleb128 0x13
 1001 0006 0B       		.uleb128 0xb
 1002 0007 03       		.uleb128 0x3
 1003 0008 0E       		.uleb128 0xe
 1004 0009 1B       		.uleb128 0x1b
 1005 000a 0E       		.uleb128 0xe
 1006 000b 11       		.uleb128 0x11
 1007 000c 01       		.uleb128 0x1
 1008 000d 52       		.uleb128 0x52
 1009 000e 01       		.uleb128 0x1
 1010 000f 55       		.uleb128 0x55
 1011 0010 06       		.uleb128 0x6
 1012 0011 10       		.uleb128 0x10
 1013 0012 06       		.uleb128 0x6
 1014 0013 00       		.byte	0
 1015 0014 00       		.byte	0
 1016 0015 02       		.uleb128 0x2
 1017 0016 24       		.uleb128 0x24
 1018 0017 00       		.byte	0
ARM GAS  /tmp/cccgKN1v.s 			page 19


 1019 0018 0B       		.uleb128 0xb
 1020 0019 0B       		.uleb128 0xb
 1021 001a 3E       		.uleb128 0x3e
 1022 001b 0B       		.uleb128 0xb
 1023 001c 03       		.uleb128 0x3
 1024 001d 08       		.uleb128 0x8
 1025 001e 00       		.byte	0
 1026 001f 00       		.byte	0
 1027 0020 03       		.uleb128 0x3
 1028 0021 16       		.uleb128 0x16
 1029 0022 00       		.byte	0
 1030 0023 03       		.uleb128 0x3
 1031 0024 0E       		.uleb128 0xe
 1032 0025 3A       		.uleb128 0x3a
 1033 0026 0B       		.uleb128 0xb
 1034 0027 3B       		.uleb128 0x3b
 1035 0028 0B       		.uleb128 0xb
 1036 0029 49       		.uleb128 0x49
 1037 002a 13       		.uleb128 0x13
 1038 002b 00       		.byte	0
 1039 002c 00       		.byte	0
 1040 002d 04       		.uleb128 0x4
 1041 002e 24       		.uleb128 0x24
 1042 002f 00       		.byte	0
 1043 0030 0B       		.uleb128 0xb
 1044 0031 0B       		.uleb128 0xb
 1045 0032 3E       		.uleb128 0x3e
 1046 0033 0B       		.uleb128 0xb
 1047 0034 03       		.uleb128 0x3
 1048 0035 0E       		.uleb128 0xe
 1049 0036 00       		.byte	0
 1050 0037 00       		.byte	0
 1051 0038 05       		.uleb128 0x5
 1052 0039 0F       		.uleb128 0xf
 1053 003a 00       		.byte	0
 1054 003b 0B       		.uleb128 0xb
 1055 003c 0B       		.uleb128 0xb
 1056 003d 00       		.byte	0
 1057 003e 00       		.byte	0
 1058 003f 06       		.uleb128 0x6
 1059 0040 0F       		.uleb128 0xf
 1060 0041 00       		.byte	0
 1061 0042 0B       		.uleb128 0xb
 1062 0043 0B       		.uleb128 0xb
 1063 0044 49       		.uleb128 0x49
 1064 0045 13       		.uleb128 0x13
 1065 0046 00       		.byte	0
 1066 0047 00       		.byte	0
 1067 0048 07       		.uleb128 0x7
 1068 0049 2E       		.uleb128 0x2e
 1069 004a 01       		.byte	0x1
 1070 004b 3F       		.uleb128 0x3f
 1071 004c 0C       		.uleb128 0xc
 1072 004d 03       		.uleb128 0x3
 1073 004e 0E       		.uleb128 0xe
 1074 004f 3A       		.uleb128 0x3a
 1075 0050 0B       		.uleb128 0xb
ARM GAS  /tmp/cccgKN1v.s 			page 20


 1076 0051 3B       		.uleb128 0x3b
 1077 0052 0B       		.uleb128 0xb
 1078 0053 27       		.uleb128 0x27
 1079 0054 0C       		.uleb128 0xc
 1080 0055 11       		.uleb128 0x11
 1081 0056 01       		.uleb128 0x1
 1082 0057 12       		.uleb128 0x12
 1083 0058 01       		.uleb128 0x1
 1084 0059 40       		.uleb128 0x40
 1085 005a 06       		.uleb128 0x6
 1086 005b 01       		.uleb128 0x1
 1087 005c 13       		.uleb128 0x13
 1088 005d 00       		.byte	0
 1089 005e 00       		.byte	0
 1090 005f 08       		.uleb128 0x8
 1091 0060 34       		.uleb128 0x34
 1092 0061 00       		.byte	0
 1093 0062 03       		.uleb128 0x3
 1094 0063 0E       		.uleb128 0xe
 1095 0064 3A       		.uleb128 0x3a
 1096 0065 0B       		.uleb128 0xb
 1097 0066 3B       		.uleb128 0x3b
 1098 0067 0B       		.uleb128 0xb
 1099 0068 49       		.uleb128 0x49
 1100 0069 13       		.uleb128 0x13
 1101 006a 3F       		.uleb128 0x3f
 1102 006b 0C       		.uleb128 0xc
 1103 006c 3C       		.uleb128 0x3c
 1104 006d 0C       		.uleb128 0xc
 1105 006e 00       		.byte	0
 1106 006f 00       		.byte	0
 1107 0070 09       		.uleb128 0x9
 1108 0071 01       		.uleb128 0x1
 1109 0072 01       		.byte	0x1
 1110 0073 49       		.uleb128 0x49
 1111 0074 13       		.uleb128 0x13
 1112 0075 01       		.uleb128 0x1
 1113 0076 13       		.uleb128 0x13
 1114 0077 00       		.byte	0
 1115 0078 00       		.byte	0
 1116 0079 0A       		.uleb128 0xa
 1117 007a 21       		.uleb128 0x21
 1118 007b 00       		.byte	0
 1119 007c 00       		.byte	0
 1120 007d 00       		.byte	0
 1121 007e 0B       		.uleb128 0xb
 1122 007f 2E       		.uleb128 0x2e
 1123 0080 01       		.byte	0x1
 1124 0081 3F       		.uleb128 0x3f
 1125 0082 0C       		.uleb128 0xc
 1126 0083 03       		.uleb128 0x3
 1127 0084 0E       		.uleb128 0xe
 1128 0085 3A       		.uleb128 0x3a
 1129 0086 0B       		.uleb128 0xb
 1130 0087 3B       		.uleb128 0x3b
 1131 0088 0B       		.uleb128 0xb
 1132 0089 27       		.uleb128 0x27
ARM GAS  /tmp/cccgKN1v.s 			page 21


 1133 008a 0C       		.uleb128 0xc
 1134 008b 49       		.uleb128 0x49
 1135 008c 13       		.uleb128 0x13
 1136 008d 20       		.uleb128 0x20
 1137 008e 0B       		.uleb128 0xb
 1138 008f 01       		.uleb128 0x1
 1139 0090 13       		.uleb128 0x13
 1140 0091 00       		.byte	0
 1141 0092 00       		.byte	0
 1142 0093 0C       		.uleb128 0xc
 1143 0094 05       		.uleb128 0x5
 1144 0095 00       		.byte	0
 1145 0096 03       		.uleb128 0x3
 1146 0097 0E       		.uleb128 0xe
 1147 0098 3A       		.uleb128 0x3a
 1148 0099 0B       		.uleb128 0xb
 1149 009a 3B       		.uleb128 0x3b
 1150 009b 0B       		.uleb128 0xb
 1151 009c 49       		.uleb128 0x49
 1152 009d 13       		.uleb128 0x13
 1153 009e 00       		.byte	0
 1154 009f 00       		.byte	0
 1155 00a0 0D       		.uleb128 0xd
 1156 00a1 34       		.uleb128 0x34
 1157 00a2 00       		.byte	0
 1158 00a3 03       		.uleb128 0x3
 1159 00a4 08       		.uleb128 0x8
 1160 00a5 3A       		.uleb128 0x3a
 1161 00a6 0B       		.uleb128 0xb
 1162 00a7 3B       		.uleb128 0x3b
 1163 00a8 0B       		.uleb128 0xb
 1164 00a9 49       		.uleb128 0x49
 1165 00aa 13       		.uleb128 0x13
 1166 00ab 00       		.byte	0
 1167 00ac 00       		.byte	0
 1168 00ad 0E       		.uleb128 0xe
 1169 00ae 2E       		.uleb128 0x2e
 1170 00af 01       		.byte	0x1
 1171 00b0 3F       		.uleb128 0x3f
 1172 00b1 0C       		.uleb128 0xc
 1173 00b2 03       		.uleb128 0x3
 1174 00b3 0E       		.uleb128 0xe
 1175 00b4 3A       		.uleb128 0x3a
 1176 00b5 0B       		.uleb128 0xb
 1177 00b6 3B       		.uleb128 0x3b
 1178 00b7 0B       		.uleb128 0xb
 1179 00b8 27       		.uleb128 0x27
 1180 00b9 0C       		.uleb128 0xc
 1181 00ba 49       		.uleb128 0x49
 1182 00bb 13       		.uleb128 0x13
 1183 00bc 11       		.uleb128 0x11
 1184 00bd 01       		.uleb128 0x1
 1185 00be 12       		.uleb128 0x12
 1186 00bf 01       		.uleb128 0x1
 1187 00c0 40       		.uleb128 0x40
 1188 00c1 06       		.uleb128 0x6
 1189 00c2 01       		.uleb128 0x1
ARM GAS  /tmp/cccgKN1v.s 			page 22


 1190 00c3 13       		.uleb128 0x13
 1191 00c4 00       		.byte	0
 1192 00c5 00       		.byte	0
 1193 00c6 0F       		.uleb128 0xf
 1194 00c7 05       		.uleb128 0x5
 1195 00c8 00       		.byte	0
 1196 00c9 03       		.uleb128 0x3
 1197 00ca 0E       		.uleb128 0xe
 1198 00cb 3A       		.uleb128 0x3a
 1199 00cc 0B       		.uleb128 0xb
 1200 00cd 3B       		.uleb128 0x3b
 1201 00ce 0B       		.uleb128 0xb
 1202 00cf 49       		.uleb128 0x49
 1203 00d0 13       		.uleb128 0x13
 1204 00d1 02       		.uleb128 0x2
 1205 00d2 06       		.uleb128 0x6
 1206 00d3 00       		.byte	0
 1207 00d4 00       		.byte	0
 1208 00d5 10       		.uleb128 0x10
 1209 00d6 34       		.uleb128 0x34
 1210 00d7 00       		.byte	0
 1211 00d8 03       		.uleb128 0x3
 1212 00d9 08       		.uleb128 0x8
 1213 00da 3A       		.uleb128 0x3a
 1214 00db 0B       		.uleb128 0xb
 1215 00dc 3B       		.uleb128 0x3b
 1216 00dd 0B       		.uleb128 0xb
 1217 00de 49       		.uleb128 0x49
 1218 00df 13       		.uleb128 0x13
 1219 00e0 02       		.uleb128 0x2
 1220 00e1 0A       		.uleb128 0xa
 1221 00e2 00       		.byte	0
 1222 00e3 00       		.byte	0
 1223 00e4 11       		.uleb128 0x11
 1224 00e5 0B       		.uleb128 0xb
 1225 00e6 01       		.byte	0x1
 1226 00e7 11       		.uleb128 0x11
 1227 00e8 01       		.uleb128 0x1
 1228 00e9 12       		.uleb128 0x12
 1229 00ea 01       		.uleb128 0x1
 1230 00eb 01       		.uleb128 0x1
 1231 00ec 13       		.uleb128 0x13
 1232 00ed 00       		.byte	0
 1233 00ee 00       		.byte	0
 1234 00ef 12       		.uleb128 0x12
 1235 00f0 34       		.uleb128 0x34
 1236 00f1 00       		.byte	0
 1237 00f2 03       		.uleb128 0x3
 1238 00f3 08       		.uleb128 0x8
 1239 00f4 3A       		.uleb128 0x3a
 1240 00f5 0B       		.uleb128 0xb
 1241 00f6 3B       		.uleb128 0x3b
 1242 00f7 0B       		.uleb128 0xb
 1243 00f8 49       		.uleb128 0x49
 1244 00f9 13       		.uleb128 0x13
 1245 00fa 02       		.uleb128 0x2
 1246 00fb 06       		.uleb128 0x6
ARM GAS  /tmp/cccgKN1v.s 			page 23


 1247 00fc 00       		.byte	0
 1248 00fd 00       		.byte	0
 1249 00fe 13       		.uleb128 0x13
 1250 00ff 1D       		.uleb128 0x1d
 1251 0100 01       		.byte	0x1
 1252 0101 31       		.uleb128 0x31
 1253 0102 13       		.uleb128 0x13
 1254 0103 11       		.uleb128 0x11
 1255 0104 01       		.uleb128 0x1
 1256 0105 12       		.uleb128 0x12
 1257 0106 01       		.uleb128 0x1
 1258 0107 58       		.uleb128 0x58
 1259 0108 0B       		.uleb128 0xb
 1260 0109 59       		.uleb128 0x59
 1261 010a 0B       		.uleb128 0xb
 1262 010b 01       		.uleb128 0x1
 1263 010c 13       		.uleb128 0x13
 1264 010d 00       		.byte	0
 1265 010e 00       		.byte	0
 1266 010f 14       		.uleb128 0x14
 1267 0110 05       		.uleb128 0x5
 1268 0111 00       		.byte	0
 1269 0112 31       		.uleb128 0x31
 1270 0113 13       		.uleb128 0x13
 1271 0114 02       		.uleb128 0x2
 1272 0115 06       		.uleb128 0x6
 1273 0116 00       		.byte	0
 1274 0117 00       		.byte	0
 1275 0118 15       		.uleb128 0x15
 1276 0119 0B       		.uleb128 0xb
 1277 011a 01       		.byte	0x1
 1278 011b 11       		.uleb128 0x11
 1279 011c 01       		.uleb128 0x1
 1280 011d 12       		.uleb128 0x12
 1281 011e 01       		.uleb128 0x1
 1282 011f 00       		.byte	0
 1283 0120 00       		.byte	0
 1284 0121 16       		.uleb128 0x16
 1285 0122 34       		.uleb128 0x34
 1286 0123 00       		.byte	0
 1287 0124 31       		.uleb128 0x31
 1288 0125 13       		.uleb128 0x13
 1289 0126 02       		.uleb128 0x2
 1290 0127 06       		.uleb128 0x6
 1291 0128 00       		.byte	0
 1292 0129 00       		.byte	0
 1293 012a 17       		.uleb128 0x17
 1294 012b 2E       		.uleb128 0x2e
 1295 012c 01       		.byte	0x1
 1296 012d 31       		.uleb128 0x31
 1297 012e 13       		.uleb128 0x13
 1298 012f 11       		.uleb128 0x11
 1299 0130 01       		.uleb128 0x1
 1300 0131 12       		.uleb128 0x12
 1301 0132 01       		.uleb128 0x1
 1302 0133 40       		.uleb128 0x40
 1303 0134 06       		.uleb128 0x6
ARM GAS  /tmp/cccgKN1v.s 			page 24


 1304 0135 01       		.uleb128 0x1
 1305 0136 13       		.uleb128 0x13
 1306 0137 00       		.byte	0
 1307 0138 00       		.byte	0
 1308 0139 18       		.uleb128 0x18
 1309 013a 34       		.uleb128 0x34
 1310 013b 00       		.byte	0
 1311 013c 31       		.uleb128 0x31
 1312 013d 13       		.uleb128 0x13
 1313 013e 02       		.uleb128 0x2
 1314 013f 0A       		.uleb128 0xa
 1315 0140 00       		.byte	0
 1316 0141 00       		.byte	0
 1317 0142 19       		.uleb128 0x19
 1318 0143 2E       		.uleb128 0x2e
 1319 0144 00       		.byte	0
 1320 0145 3F       		.uleb128 0x3f
 1321 0146 0C       		.uleb128 0xc
 1322 0147 03       		.uleb128 0x3
 1323 0148 0E       		.uleb128 0xe
 1324 0149 3A       		.uleb128 0x3a
 1325 014a 0B       		.uleb128 0xb
 1326 014b 3B       		.uleb128 0x3b
 1327 014c 0B       		.uleb128 0xb
 1328 014d 27       		.uleb128 0x27
 1329 014e 0C       		.uleb128 0xc
 1330 014f 49       		.uleb128 0x49
 1331 0150 13       		.uleb128 0x13
 1332 0151 11       		.uleb128 0x11
 1333 0152 01       		.uleb128 0x1
 1334 0153 12       		.uleb128 0x12
 1335 0154 01       		.uleb128 0x1
 1336 0155 40       		.uleb128 0x40
 1337 0156 0A       		.uleb128 0xa
 1338 0157 00       		.byte	0
 1339 0158 00       		.byte	0
 1340 0159 1A       		.uleb128 0x1a
 1341 015a 0B       		.uleb128 0xb
 1342 015b 01       		.byte	0x1
 1343 015c 55       		.uleb128 0x55
 1344 015d 06       		.uleb128 0x6
 1345 015e 01       		.uleb128 0x1
 1346 015f 13       		.uleb128 0x13
 1347 0160 00       		.byte	0
 1348 0161 00       		.byte	0
 1349 0162 1B       		.uleb128 0x1b
 1350 0163 2E       		.uleb128 0x2e
 1351 0164 01       		.byte	0x1
 1352 0165 3F       		.uleb128 0x3f
 1353 0166 0C       		.uleb128 0xc
 1354 0167 03       		.uleb128 0x3
 1355 0168 0E       		.uleb128 0xe
 1356 0169 3A       		.uleb128 0x3a
 1357 016a 0B       		.uleb128 0xb
 1358 016b 3B       		.uleb128 0x3b
 1359 016c 0B       		.uleb128 0xb
 1360 016d 27       		.uleb128 0x27
ARM GAS  /tmp/cccgKN1v.s 			page 25


 1361 016e 0C       		.uleb128 0xc
 1362 016f 20       		.uleb128 0x20
 1363 0170 0B       		.uleb128 0xb
 1364 0171 01       		.uleb128 0x1
 1365 0172 13       		.uleb128 0x13
 1366 0173 00       		.byte	0
 1367 0174 00       		.byte	0
 1368 0175 1C       		.uleb128 0x1c
 1369 0176 1D       		.uleb128 0x1d
 1370 0177 01       		.byte	0x1
 1371 0178 31       		.uleb128 0x31
 1372 0179 13       		.uleb128 0x13
 1373 017a 52       		.uleb128 0x52
 1374 017b 01       		.uleb128 0x1
 1375 017c 55       		.uleb128 0x55
 1376 017d 06       		.uleb128 0x6
 1377 017e 58       		.uleb128 0x58
 1378 017f 0B       		.uleb128 0xb
 1379 0180 59       		.uleb128 0x59
 1380 0181 0B       		.uleb128 0xb
 1381 0182 01       		.uleb128 0x1
 1382 0183 13       		.uleb128 0x13
 1383 0184 00       		.byte	0
 1384 0185 00       		.byte	0
 1385 0186 1D       		.uleb128 0x1d
 1386 0187 34       		.uleb128 0x34
 1387 0188 00       		.byte	0
 1388 0189 03       		.uleb128 0x3
 1389 018a 0E       		.uleb128 0xe
 1390 018b 3A       		.uleb128 0x3a
 1391 018c 0B       		.uleb128 0xb
 1392 018d 3B       		.uleb128 0x3b
 1393 018e 0B       		.uleb128 0xb
 1394 018f 49       		.uleb128 0x49
 1395 0190 13       		.uleb128 0x13
 1396 0191 02       		.uleb128 0x2
 1397 0192 0A       		.uleb128 0xa
 1398 0193 00       		.byte	0
 1399 0194 00       		.byte	0
 1400 0195 00       		.byte	0
 1401              		.section	.debug_loc,"",%progbits
 1402              	.Ldebug_loc0:
 1403              	.LLST0:
 1404 0000 00000000 		.4byte	.LFB7
 1405 0004 02000000 		.4byte	.LCFI0
 1406 0008 0200     		.2byte	0x2
 1407 000a 7D       		.byte	0x7d
 1408 000b 00       		.sleb128 0
 1409 000c 02000000 		.4byte	.LCFI0
 1410 0010 3C000000 		.4byte	.LFE7
 1411 0014 0200     		.2byte	0x2
 1412 0016 7D       		.byte	0x7d
 1413 0017 04       		.sleb128 4
 1414 0018 00000000 		.4byte	0
 1415 001c 00000000 		.4byte	0
 1416              	.LLST1:
 1417 0020 00000000 		.4byte	.LFB8
ARM GAS  /tmp/cccgKN1v.s 			page 26


 1418 0024 02000000 		.4byte	.LCFI1
 1419 0028 0200     		.2byte	0x2
 1420 002a 7D       		.byte	0x7d
 1421 002b 00       		.sleb128 0
 1422 002c 02000000 		.4byte	.LCFI1
 1423 0030 44000000 		.4byte	.LFE8
 1424 0034 0200     		.2byte	0x2
 1425 0036 7D       		.byte	0x7d
 1426 0037 10       		.sleb128 16
 1427 0038 00000000 		.4byte	0
 1428 003c 00000000 		.4byte	0
 1429              	.LLST2:
 1430 0040 00000000 		.4byte	.LVL0
 1431 0044 0D000000 		.4byte	.LVL3-1
 1432 0048 0100     		.2byte	0x1
 1433 004a 50       		.byte	0x50
 1434 004b 0D000000 		.4byte	.LVL3-1
 1435 004f 1C000000 		.4byte	.LVL4
 1436 0053 0100     		.2byte	0x1
 1437 0055 55       		.byte	0x55
 1438 0056 1C000000 		.4byte	.LVL4
 1439 005a 20000000 		.4byte	.LVL5
 1440 005e 0300     		.2byte	0x3
 1441 0060 75       		.byte	0x75
 1442 0061 79       		.sleb128 -7
 1443 0062 9F       		.byte	0x9f
 1444 0063 00000000 		.4byte	0
 1445 0067 00000000 		.4byte	0
 1446              	.LLST3:
 1447 006b 0A000000 		.4byte	.LVL2
 1448 006f 0D000000 		.4byte	.LVL3-1
 1449 0073 0100     		.2byte	0x1
 1450 0075 53       		.byte	0x53
 1451 0076 00000000 		.4byte	0
 1452 007a 00000000 		.4byte	0
 1453              	.LLST4:
 1454 007e 0E000000 		.4byte	.LVL3
 1455 0082 1C000000 		.4byte	.LVL4
 1456 0086 0100     		.2byte	0x1
 1457 0088 55       		.byte	0x55
 1458 0089 1C000000 		.4byte	.LVL4
 1459 008d 20000000 		.4byte	.LVL5
 1460 0091 0300     		.2byte	0x3
 1461 0093 75       		.byte	0x75
 1462 0094 79       		.sleb128 -7
 1463 0095 9F       		.byte	0x9f
 1464 0096 20000000 		.4byte	.LVL5
 1465 009a 28000000 		.4byte	.LVL7
 1466 009e 0100     		.2byte	0x1
 1467 00a0 55       		.byte	0x55
 1468 00a1 00000000 		.4byte	0
 1469 00a5 00000000 		.4byte	0
 1470              	.LLST5:
 1471 00a9 24000000 		.4byte	.LVL6
 1472 00ad 2F000000 		.4byte	.LVL8-1
 1473 00b1 0500     		.2byte	0x5
 1474 00b3 03       		.byte	0x3
ARM GAS  /tmp/cccgKN1v.s 			page 27


 1475 00b4 00000000 		.4byte	nextmem
 1476 00b8 00000000 		.4byte	0
 1477 00bc 00000000 		.4byte	0
 1478              	.LLST6:
 1479 00c0 36000000 		.4byte	.LVL10
 1480 00c4 44000000 		.4byte	.LFE8
 1481 00c8 0100     		.2byte	0x1
 1482 00ca 53       		.byte	0x53
 1483 00cb 00000000 		.4byte	0
 1484 00cf 00000000 		.4byte	0
 1485              	.LLST7:
 1486 00d3 00000000 		.4byte	.LFB9
 1487 00d7 02000000 		.4byte	.LCFI2
 1488 00db 0200     		.2byte	0x2
 1489 00dd 7D       		.byte	0x7d
 1490 00de 00       		.sleb128 0
 1491 00df 02000000 		.4byte	.LCFI2
 1492 00e3 30000000 		.4byte	.LFE9
 1493 00e7 0200     		.2byte	0x2
 1494 00e9 7D       		.byte	0x7d
 1495 00ea 08       		.sleb128 8
 1496 00eb 00000000 		.4byte	0
 1497 00ef 00000000 		.4byte	0
 1498              	.LLST8:
 1499 00f3 00000000 		.4byte	.LVL11
 1500 00f7 07000000 		.4byte	.LVL12-1
 1501 00fb 0100     		.2byte	0x1
 1502 00fd 50       		.byte	0x50
 1503 00fe 07000000 		.4byte	.LVL12-1
 1504 0102 16000000 		.4byte	.LVL13
 1505 0106 0100     		.2byte	0x1
 1506 0108 54       		.byte	0x54
 1507 0109 16000000 		.4byte	.LVL13
 1508 010d 1E000000 		.4byte	.LVL15
 1509 0111 0100     		.2byte	0x1
 1510 0113 50       		.byte	0x50
 1511 0114 00000000 		.4byte	0
 1512 0118 00000000 		.4byte	0
 1513              	.LLST9:
 1514 011c 00000000 		.4byte	.LFB11
 1515 0120 02000000 		.4byte	.LCFI3
 1516 0124 0200     		.2byte	0x2
 1517 0126 7D       		.byte	0x7d
 1518 0127 00       		.sleb128 0
 1519 0128 02000000 		.4byte	.LCFI3
 1520 012c 40000000 		.4byte	.LFE11
 1521 0130 0200     		.2byte	0x2
 1522 0132 7D       		.byte	0x7d
 1523 0133 08       		.sleb128 8
 1524 0134 00000000 		.4byte	0
 1525 0138 00000000 		.4byte	0
 1526              	.LLST10:
 1527 013c 00000000 		.4byte	.LVL16
 1528 0140 0D000000 		.4byte	.LVL19-1
 1529 0144 0100     		.2byte	0x1
 1530 0146 50       		.byte	0x50
 1531 0147 0D000000 		.4byte	.LVL19-1
ARM GAS  /tmp/cccgKN1v.s 			page 28


 1532 014b 1C000000 		.4byte	.LVL20
 1533 014f 0100     		.2byte	0x1
 1534 0151 54       		.byte	0x54
 1535 0152 00000000 		.4byte	0
 1536 0156 00000000 		.4byte	0
 1537              	.LLST11:
 1538 015a 0A000000 		.4byte	.LVL18
 1539 015e 0D000000 		.4byte	.LVL19-1
 1540 0162 0100     		.2byte	0x1
 1541 0164 53       		.byte	0x53
 1542 0165 00000000 		.4byte	0
 1543 0169 00000000 		.4byte	0
 1544              	.LLST12:
 1545 016d 0E000000 		.4byte	.LVL19
 1546 0171 1C000000 		.4byte	.LVL20
 1547 0175 0100     		.2byte	0x1
 1548 0177 54       		.byte	0x54
 1549 0178 00000000 		.4byte	0
 1550 017c 00000000 		.4byte	0
 1551              	.LLST13:
 1552 0180 20000000 		.4byte	.LVL21
 1553 0184 28000000 		.4byte	.LVL22
 1554 0188 0100     		.2byte	0x1
 1555 018a 54       		.byte	0x54
 1556 018b 00000000 		.4byte	0
 1557 018f 00000000 		.4byte	0
 1558              	.LLST14:
 1559 0193 32000000 		.4byte	.LVL24
 1560 0197 40000000 		.4byte	.LFE11
 1561 019b 0100     		.2byte	0x1
 1562 019d 53       		.byte	0x53
 1563 019e 00000000 		.4byte	0
 1564 01a2 00000000 		.4byte	0
 1565              	.LLST15:
 1566 01a6 00000000 		.4byte	.LFB12
 1567 01aa 02000000 		.4byte	.LCFI4
 1568 01ae 0200     		.2byte	0x2
 1569 01b0 7D       		.byte	0x7d
 1570 01b1 00       		.sleb128 0
 1571 01b2 02000000 		.4byte	.LCFI4
 1572 01b6 28000000 		.4byte	.LFE12
 1573 01ba 0200     		.2byte	0x2
 1574 01bc 7D       		.byte	0x7d
 1575 01bd 08       		.sleb128 8
 1576 01be 00000000 		.4byte	0
 1577 01c2 00000000 		.4byte	0
 1578              	.LLST16:
 1579 01c6 00000000 		.4byte	.LVL25
 1580 01ca 07000000 		.4byte	.LVL26-1
 1581 01ce 0100     		.2byte	0x1
 1582 01d0 50       		.byte	0x50
 1583 01d1 07000000 		.4byte	.LVL26-1
 1584 01d5 28000000 		.4byte	.LFE12
 1585 01d9 0100     		.2byte	0x1
 1586 01db 54       		.byte	0x54
 1587 01dc 00000000 		.4byte	0
 1588 01e0 00000000 		.4byte	0
ARM GAS  /tmp/cccgKN1v.s 			page 29


 1589              	.LLST17:
 1590 01e4 16000000 		.4byte	.LVL27
 1591 01e8 1E000000 		.4byte	.LVL28
 1592 01ec 0100     		.2byte	0x1
 1593 01ee 50       		.byte	0x50
 1594 01ef 00000000 		.4byte	0
 1595 01f3 00000000 		.4byte	0
 1596              	.LLST18:
 1597 01f7 00000000 		.4byte	.LFB13
 1598 01fb 02000000 		.4byte	.LCFI5
 1599 01ff 0200     		.2byte	0x2
 1600 0201 7D       		.byte	0x7d
 1601 0202 00       		.sleb128 0
 1602 0203 02000000 		.4byte	.LCFI5
 1603 0207 4C000000 		.4byte	.LFE13
 1604 020b 0200     		.2byte	0x2
 1605 020d 7D       		.byte	0x7d
 1606 020e 10       		.sleb128 16
 1607 020f 00000000 		.4byte	0
 1608 0213 00000000 		.4byte	0
 1609              	.LLST19:
 1610 0217 00000000 		.4byte	.LVL29
 1611 021b 0F000000 		.4byte	.LVL32-1
 1612 021f 0100     		.2byte	0x1
 1613 0221 50       		.byte	0x50
 1614 0222 0F000000 		.4byte	.LVL32-1
 1615 0226 18000000 		.4byte	.LVL33
 1616 022a 0100     		.2byte	0x1
 1617 022c 55       		.byte	0x55
 1618 022d 00000000 		.4byte	0
 1619 0231 00000000 		.4byte	0
 1620              	.LLST20:
 1621 0235 0A000000 		.4byte	.LVL31
 1622 0239 0F000000 		.4byte	.LVL32-1
 1623 023d 0100     		.2byte	0x1
 1624 023f 53       		.byte	0x53
 1625 0240 00000000 		.4byte	0
 1626 0244 00000000 		.4byte	0
 1627              	.LLST21:
 1628 0248 10000000 		.4byte	.LVL32
 1629 024c 18000000 		.4byte	.LVL33
 1630 0250 0100     		.2byte	0x1
 1631 0252 55       		.byte	0x55
 1632 0253 18000000 		.4byte	.LVL33
 1633 0257 1E000000 		.4byte	.LVL34
 1634 025b 0300     		.2byte	0x3
 1635 025d 75       		.byte	0x75
 1636 025e 79       		.sleb128 -7
 1637 025f 9F       		.byte	0x9f
 1638 0260 1E000000 		.4byte	.LVL34
 1639 0264 4C000000 		.4byte	.LFE13
 1640 0268 0100     		.2byte	0x1
 1641 026a 55       		.byte	0x55
 1642 026b 00000000 		.4byte	0
 1643 026f 00000000 		.4byte	0
 1644              	.LLST22:
 1645 0273 3C000000 		.4byte	.LVL36
ARM GAS  /tmp/cccgKN1v.s 			page 30


 1646 0277 4C000000 		.4byte	.LFE13
 1647 027b 0100     		.2byte	0x1
 1648 027d 53       		.byte	0x53
 1649 027e 00000000 		.4byte	0
 1650 0282 00000000 		.4byte	0
 1651              	.LLST23:
 1652 0286 00000000 		.4byte	.LFB14
 1653 028a 02000000 		.4byte	.LCFI6
 1654 028e 0200     		.2byte	0x2
 1655 0290 7D       		.byte	0x7d
 1656 0291 00       		.sleb128 0
 1657 0292 02000000 		.4byte	.LCFI6
 1658 0296 38000000 		.4byte	.LFE14
 1659 029a 0200     		.2byte	0x2
 1660 029c 7D       		.byte	0x7d
 1661 029d 10       		.sleb128 16
 1662 029e 00000000 		.4byte	0
 1663 02a2 00000000 		.4byte	0
 1664              	.LLST24:
 1665 02a6 00000000 		.4byte	.LVL37
 1666 02aa 09000000 		.4byte	.LVL38-1
 1667 02ae 0100     		.2byte	0x1
 1668 02b0 50       		.byte	0x50
 1669 02b1 09000000 		.4byte	.LVL38-1
 1670 02b5 0E000000 		.4byte	.LVL39
 1671 02b9 0100     		.2byte	0x1
 1672 02bb 55       		.byte	0x55
 1673 02bc 0E000000 		.4byte	.LVL39
 1674 02c0 14000000 		.4byte	.LVL40
 1675 02c4 0300     		.2byte	0x3
 1676 02c6 75       		.byte	0x75
 1677 02c7 79       		.sleb128 -7
 1678 02c8 9F       		.byte	0x9f
 1679 02c9 14000000 		.4byte	.LVL40
 1680 02cd 38000000 		.4byte	.LFE14
 1681 02d1 0100     		.2byte	0x1
 1682 02d3 55       		.byte	0x55
 1683 02d4 00000000 		.4byte	0
 1684 02d8 00000000 		.4byte	0
 1685              		.section	.debug_aranges,"",%progbits
 1686 0000 54000000 		.4byte	0x54
 1687 0004 0200     		.2byte	0x2
 1688 0006 00000000 		.4byte	.Ldebug_info0
 1689 000a 04       		.byte	0x4
 1690 000b 00       		.byte	0
 1691 000c 0000     		.2byte	0
 1692 000e 0000     		.2byte	0
 1693 0010 00000000 		.4byte	.LFB7
 1694 0014 3C000000 		.4byte	.LFE7-.LFB7
 1695 0018 00000000 		.4byte	.LFB8
 1696 001c 44000000 		.4byte	.LFE8-.LFB8
 1697 0020 00000000 		.4byte	.LFB9
 1698 0024 30000000 		.4byte	.LFE9-.LFB9
 1699 0028 00000000 		.4byte	.LFB10
 1700 002c 18000000 		.4byte	.LFE10-.LFB10
 1701 0030 00000000 		.4byte	.LFB11
 1702 0034 40000000 		.4byte	.LFE11-.LFB11
ARM GAS  /tmp/cccgKN1v.s 			page 31


 1703 0038 00000000 		.4byte	.LFB12
 1704 003c 28000000 		.4byte	.LFE12-.LFB12
 1705 0040 00000000 		.4byte	.LFB13
 1706 0044 4C000000 		.4byte	.LFE13-.LFB13
 1707 0048 00000000 		.4byte	.LFB14
 1708 004c 38000000 		.4byte	.LFE14-.LFB14
 1709 0050 00000000 		.4byte	0
 1710 0054 00000000 		.4byte	0
 1711              		.section	.debug_ranges,"",%progbits
 1712              	.Ldebug_ranges0:
 1713 0000 02000000 		.4byte	.LBB14
 1714 0004 04000000 		.4byte	.LBE14
 1715 0008 06000000 		.4byte	.LBB15
 1716 000c 0A000000 		.4byte	.LBE15
 1717 0010 00000000 		.4byte	0
 1718 0014 00000000 		.4byte	0
 1719 0018 0A000000 		.4byte	.LBB24
 1720 001c 0C000000 		.4byte	.LBE24
 1721 0020 10000000 		.4byte	.LBB27
 1722 0024 32000000 		.4byte	.LBE27
 1723 0028 00000000 		.4byte	0
 1724 002c 00000000 		.4byte	0
 1725 0030 00000000 		.4byte	.LFB7
 1726 0034 3C000000 		.4byte	.LFE7
 1727 0038 00000000 		.4byte	.LFB8
 1728 003c 44000000 		.4byte	.LFE8
 1729 0040 00000000 		.4byte	.LFB9
 1730 0044 30000000 		.4byte	.LFE9
 1731 0048 00000000 		.4byte	.LFB10
 1732 004c 18000000 		.4byte	.LFE10
 1733 0050 00000000 		.4byte	.LFB11
 1734 0054 40000000 		.4byte	.LFE11
 1735 0058 00000000 		.4byte	.LFB12
 1736 005c 28000000 		.4byte	.LFE12
 1737 0060 00000000 		.4byte	.LFB13
 1738 0064 4C000000 		.4byte	.LFE13
 1739 0068 00000000 		.4byte	.LFB14
 1740 006c 38000000 		.4byte	.LFE14
 1741 0070 00000000 		.4byte	0
 1742 0074 00000000 		.4byte	0
 1743              		.section	.debug_line,"",%progbits
 1744              	.Ldebug_line0:
 1745 0000 32020000 		.section	.debug_str,"MS",%progbits,1
 1745      02004401 
 1745      00000201 
 1745      FB0E0D00 
 1745      01010101 
 1746              	.LASF24:
 1747 0000 656E646D 		.ascii	"endmem\000"
 1747      656D00
 1748              	.LASF2:
 1749 0007 73697A65 		.ascii	"size_t\000"
 1749      5F7400
 1750              	.LASF23:
 1751 000e 6E657874 		.ascii	"nextmem\000"
 1751      6D656D00 
 1752              	.LASF16:
ARM GAS  /tmp/cccgKN1v.s 			page 32


 1753 0016 6368436F 		.ascii	"chCoreAllocI\000"
 1753      7265416C 
 1753      6C6F6349 
 1753      00
 1754              	.LASF26:
 1755 0023 474E5520 		.ascii	"GNU C 4.6.2 20120613 (release) [ARM/embedded-4_6-br"
 1755      4320342E 
 1755      362E3220 
 1755      32303132 
 1755      30363133 
 1756 0056 616E6368 		.ascii	"anch revision 188521]\000"
 1756      20726576 
 1756      6973696F 
 1756      6E203138 
 1756      38353231 
 1757              	.LASF9:
 1758 006c 6C6F6E67 		.ascii	"long unsigned int\000"
 1758      20756E73 
 1758      69676E65 
 1758      6420696E 
 1758      7400
 1759              	.LASF29:
 1760 007e 6368436F 		.ascii	"chCoreStatus\000"
 1760      72655374 
 1760      61747573 
 1760      00
 1761              	.LASF6:
 1762 008b 73686F72 		.ascii	"short unsigned int\000"
 1762      7420756E 
 1762      7369676E 
 1762      65642069 
 1762      6E7400
 1763              	.LASF20:
 1764 009e 6368436F 		.ascii	"chCoreTrim\000"
 1764      72655472 
 1764      696D00
 1765              	.LASF8:
 1766 00a9 75696E74 		.ascii	"uint32_t\000"
 1766      33325F74 
 1766      00
 1767              	.LASF4:
 1768 00b2 756E7369 		.ascii	"unsigned char\000"
 1768      676E6564 
 1768      20636861 
 1768      7200
 1769              	.LASF27:
 1770 00c0 2E2E2F2E 		.ascii	"../../ChibiOS/os/kernel/src/chmemcore.c\000"
 1770      2E2F4368 
 1770      6962694F 
 1770      532F6F73 
 1770      2F6B6572 
 1771              	.LASF17:
 1772 00e8 6368436F 		.ascii	"chCoreTrimI\000"
 1772      72655472 
 1772      696D4900 
 1773              	.LASF21:
 1774 00f4 5F636F72 		.ascii	"_core_init\000"
ARM GAS  /tmp/cccgKN1v.s 			page 33


 1774      655F696E 
 1774      697400
 1775              	.LASF0:
 1776 00ff 756E7369 		.ascii	"unsigned int\000"
 1776      676E6564 
 1776      20696E74 
 1776      00
 1777              	.LASF11:
 1778 010c 6C6F6E67 		.ascii	"long long unsigned int\000"
 1778      206C6F6E 
 1778      6720756E 
 1778      7369676E 
 1778      65642069 
 1779              	.LASF3:
 1780 0123 75696E74 		.ascii	"uint8_t\000"
 1780      385F7400 
 1781              	.LASF28:
 1782 012b 2F686F6D 		.ascii	"/home/tino/workspace/openrobots/R2P_IR_module/fw\000"
 1782      652F7469 
 1782      6E6F2F77 
 1782      6F726B73 
 1782      70616365 
 1783              	.LASF14:
 1784 015c 5F5F6865 		.ascii	"__heap_base__\000"
 1784      61705F62 
 1784      6173655F 
 1784      5F00
 1785              	.LASF30:
 1786 016a 6368436F 		.ascii	"chCoreGrowI\000"
 1786      72654772 
 1786      6F774900 
 1787              	.LASF10:
 1788 0176 6C6F6E67 		.ascii	"long long int\000"
 1788      206C6F6E 
 1788      6720696E 
 1788      7400
 1789              	.LASF13:
 1790 0184 63686172 		.ascii	"char\000"
 1790      00
 1791              	.LASF15:
 1792 0189 5F5F6865 		.ascii	"__heap_end__\000"
 1792      61705F65 
 1792      6E645F5F 
 1792      00
 1793              	.LASF5:
 1794 0196 73686F72 		.ascii	"short int\000"
 1794      7420696E 
 1794      7400
 1795              	.LASF19:
 1796 01a0 6368436F 		.ascii	"chCoreAlloc\000"
 1796      7265416C 
 1796      6C6F6300 
 1797              	.LASF7:
 1798 01ac 6C6F6E67 		.ascii	"long int\000"
 1798      20696E74 
 1798      00
 1799              	.LASF22:
ARM GAS  /tmp/cccgKN1v.s 			page 34


 1800 01b5 6368436F 		.ascii	"chCoreGrow\000"
 1800      72654772 
 1800      6F7700
 1801              	.LASF25:
 1802 01c0 7265616C 		.ascii	"realendmem\000"
 1802      656E646D 
 1802      656D00
 1803              	.LASF1:
 1804 01cb 7369676E 		.ascii	"signed char\000"
 1804      65642063 
 1804      68617200 
 1805              	.LASF18:
 1806 01d7 73697A65 		.ascii	"size\000"
 1806      00
 1807              	.LASF12:
 1808 01dc 5F426F6F 		.ascii	"_Bool\000"
 1808      6C00
 1809              		.ident	"GCC: (GNU Tools for ARM Embedded Processors) 4.6.2 20120613 (release) [ARM/embedded-4_6-br
ARM GAS  /tmp/cccgKN1v.s 			page 35


DEFINED SYMBOLS
                            *ABS*:00000000 chmemcore.c
     /tmp/cccgKN1v.s:19     .text._core_init:00000000 $t
     /tmp/cccgKN1v.s:25     .text._core_init:00000000 _core_init
     /tmp/cccgKN1v.s:552    .bss.nextmem:00000000 .LANCHOR0
     /tmp/cccgKN1v.s:534    .bss.endmem:00000000 .LANCHOR1
     /tmp/cccgKN1v.s:545    .bss.realendmem:00000000 .LANCHOR2
     /tmp/cccgKN1v.s:68     .text._core_init:00000038 $d
     /tmp/cccgKN1v.s:73     .text.chCoreAlloc:00000000 $t
     /tmp/cccgKN1v.s:79     .text.chCoreAlloc:00000000 chCoreAlloc
     /tmp/cccgKN1v.s:152    .text.chCoreAlloc:0000003c $d
     /tmp/cccgKN1v.s:158    .text.chCoreAllocI:00000000 $t
     /tmp/cccgKN1v.s:164    .text.chCoreAllocI:00000000 chCoreAllocI
     /tmp/cccgKN1v.s:207    .text.chCoreAllocI:00000028 $d
     /tmp/cccgKN1v.s:213    .text.chCoreStatus:00000000 $t
     /tmp/cccgKN1v.s:219    .text.chCoreStatus:00000000 chCoreStatus
     /tmp/cccgKN1v.s:240    .text.chCoreTrim:00000000 $t
     /tmp/cccgKN1v.s:246    .text.chCoreTrim:00000000 chCoreTrim
     /tmp/cccgKN1v.s:319    .text.chCoreTrim:00000038 $d
     /tmp/cccgKN1v.s:325    .text.chCoreTrimI:00000000 $t
     /tmp/cccgKN1v.s:331    .text.chCoreTrimI:00000000 chCoreTrimI
     /tmp/cccgKN1v.s:373    .text.chCoreTrimI:00000020 $d
     /tmp/cccgKN1v.s:379    .text.chCoreGrow:00000000 $t
     /tmp/cccgKN1v.s:385    .text.chCoreGrow:00000000 chCoreGrow
     /tmp/cccgKN1v.s:464    .text.chCoreGrow:00000040 $d
     /tmp/cccgKN1v.s:471    .text.chCoreGrowI:00000000 $t
     /tmp/cccgKN1v.s:477    .text.chCoreGrowI:00000000 chCoreGrowI
     /tmp/cccgKN1v.s:526    .text.chCoreGrowI:0000002c $d
     /tmp/cccgKN1v.s:533    .bss.endmem:00000000 $d
     /tmp/cccgKN1v.s:537    .bss.endmem:00000000 endmem
     /tmp/cccgKN1v.s:540    .rodata.str1.4:00000000 $d
     /tmp/cccgKN1v.s:544    .bss.realendmem:00000000 $d
     /tmp/cccgKN1v.s:548    .bss.realendmem:00000000 realendmem
     /tmp/cccgKN1v.s:551    .bss.nextmem:00000000 $d
     /tmp/cccgKN1v.s:555    .bss.nextmem:00000000 nextmem
                     .debug_frame:00000010 $d
     /tmp/cccgKN1v.s:72     .text._core_init:0000003c $t
     /tmp/cccgKN1v.s:157    .text.chCoreAlloc:00000044 $t
     /tmp/cccgKN1v.s:378    .text.chCoreTrimI:00000028 $t
     /tmp/cccgKN1v.s:470    .text.chCoreGrow:0000004c $t
     /tmp/cccgKN1v.s:532    .text.chCoreGrowI:00000038 $t

UNDEFINED SYMBOLS
__heap_end__
__heap_base__
dbg_check_lock
chDbgCheckClassI
dbg_check_unlock
chDbgPanic
