ARM GAS  /tmp/ccBhyVNX.s 			page 1


   1              		.syntax unified
   2              		.cpu cortex-m3
   3              		.fpu softvfp
   4              		.eabi_attribute 20, 1
   5              		.eabi_attribute 21, 1
   6              		.eabi_attribute 23, 3
   7              		.eabi_attribute 24, 1
   8              		.eabi_attribute 25, 1
   9              		.eabi_attribute 26, 1
  10              		.eabi_attribute 30, 2
  11              		.eabi_attribute 34, 1
  12              		.eabi_attribute 18, 4
  13              		.thumb
  14              		.file	"chregistry.c"
  15              		.text
  16              	.Ltext0:
  17              		.cfi_sections	.debug_frame
  18              		.section	.text.chRegFirstThread,"ax",%progbits
  19              		.align	2
  20              		.p2align 4,,15
  21              		.global	chRegFirstThread
  22              		.thumb
  23              		.thumb_func
  24              		.type	chRegFirstThread, %function
  25              	chRegFirstThread:
  26              	.LFB7:
  27              		.file 1 "../../ChibiOS/os/kernel/src/chregistry.c"
  28              		.loc 1 110 0
  29              		.cfi_startproc
  30              		@ args = 0, pretend = 0, frame = 0
  31              		@ frame_needed = 0, uses_anonymous_args = 0
  32 0000 10B5     		push	{r4, lr}
  33              	.LCFI0:
  34              		.cfi_def_cfa_offset 8
  35              		.cfi_offset 14, -4
  36              		.cfi_offset 4, -8
  37              	.LBB2:
  38              		.loc 1 113 0
  39 0002 2023     		movs	r3, #32
  40              	.LVL0:
  41              	@ 113 "../../ChibiOS/os/kernel/src/chregistry.c" 1
  42 0004 83F31188 		msr     BASEPRI, r3
  43              	@ 0 "" 2
  44              	.LVL1:
  45              		.thumb
  46              	.LBE2:
  47 0008 FFF7FEFF 		bl	dbg_check_lock
  48              	.LVL2:
  49              		.loc 1 114 0
  50 000c 40F20001 		movw	r1, #:lower16:rlist
  51 0010 C0F20001 		movt	r1, #:upper16:rlist
  52 0014 0C69     		ldr	r4, [r1, #16]
  53              	.LVL3:
  54              		.loc 1 116 0
  55 0016 94F82200 		ldrb	r0, [r4, #34]	@ zero_extendqisi2
  56 001a 431C     		adds	r3, r0, #1
  57 001c 84F82230 		strb	r3, [r4, #34]
ARM GAS  /tmp/ccBhyVNX.s 			page 2


  58              		.loc 1 118 0
  59 0020 FFF7FEFF 		bl	dbg_check_unlock
  60              	.LVL4:
  61              	.LBB3:
  62 0024 0023     		movs	r3, #0
  63              	.LVL5:
  64              	@ 118 "../../ChibiOS/os/kernel/src/chregistry.c" 1
  65 0026 83F31188 		msr     BASEPRI, r3
  66              	@ 0 "" 2
  67              	.LVL6:
  68              		.thumb
  69              	.LBE3:
  70              		.loc 1 120 0
  71 002a 2046     		mov	r0, r4
  72 002c 10BD     		pop	{r4, pc}
  73              		.cfi_endproc
  74              	.LFE7:
  75              		.size	chRegFirstThread, .-chRegFirstThread
  76 002e 00BF     		.section	.text.chRegNextThread,"ax",%progbits
  77              		.align	2
  78              		.p2align 4,,15
  79              		.global	chRegNextThread
  80              		.thumb
  81              		.thumb_func
  82              		.type	chRegNextThread, %function
  83              	chRegNextThread:
  84              	.LFB8:
  85              		.loc 1 133 0
  86              		.cfi_startproc
  87              		@ args = 0, pretend = 0, frame = 0
  88              		@ frame_needed = 0, uses_anonymous_args = 0
  89              	.LVL7:
  90 0000 38B5     		push	{r3, r4, r5, lr}
  91              	.LCFI1:
  92              		.cfi_def_cfa_offset 16
  93              		.cfi_offset 14, -4
  94              		.cfi_offset 5, -8
  95              		.cfi_offset 4, -12
  96              		.cfi_offset 3, -16
  97              		.loc 1 133 0
  98 0002 0546     		mov	r5, r0
  99              	.LBB4:
 100              		.loc 1 136 0
 101 0004 2023     		movs	r3, #32
 102              	.LVL8:
 103              	@ 136 "../../ChibiOS/os/kernel/src/chregistry.c" 1
 104 0006 83F31188 		msr     BASEPRI, r3
 105              	@ 0 "" 2
 106              	.LVL9:
 107              		.thumb
 108              	.LBE4:
 109 000a FFF7FEFF 		bl	dbg_check_lock
 110              	.LVL10:
 111              		.loc 1 137 0
 112 000e 2C69     		ldr	r4, [r5, #16]
 113              	.LVL11:
 114              		.loc 1 138 0
ARM GAS  /tmp/ccBhyVNX.s 			page 3


 115 0010 0D4B     		ldr	r3, .L8
 116 0012 9C42     		cmp	r4, r3
 117 0014 16D0     		beq	.L5
 118              		.loc 1 142 0
 119 0016 94F82230 		ldrb	r3, [r4, #34]	@ zero_extendqisi2
 120 001a FF2B     		cmp	r3, #255
 121 001c 0CD0     		beq	.L7
 122              	.LVL12:
 123              	.L4:
 124              		.loc 1 144 0
 125 001e 581C     		adds	r0, r3, #1
 126 0020 84F82200 		strb	r0, [r4, #34]
 127              	.LVL13:
 128              	.L3:
 129              		.loc 1 147 0
 130 0024 FFF7FEFF 		bl	dbg_check_unlock
 131              	.LBB5:
 132 0028 0023     		movs	r3, #0
 133              	.LVL14:
 134              	@ 147 "../../ChibiOS/os/kernel/src/chregistry.c" 1
 135 002a 83F31188 		msr     BASEPRI, r3
 136              	@ 0 "" 2
 137              	.LVL15:
 138              		.thumb
 139              	.LBE5:
 140              		.loc 1 149 0
 141 002e 2846     		mov	r0, r5
 142 0030 FFF7FEFF 		bl	chThdRelease
 143              	.LVL16:
 144              		.loc 1 152 0
 145 0034 2046     		mov	r0, r4
 146 0036 38BD     		pop	{r3, r4, r5, pc}
 147              	.L7:
 148              		.loc 1 142 0 discriminator 1
 149 0038 0448     		ldr	r0, .L8+4
 150 003a FFF7FEFF 		bl	chDbgPanic
 151 003e 94F82230 		ldrb	r3, [r4, #34]	@ zero_extendqisi2
 152 0042 ECE7     		b	.L4
 153              	.L5:
 154              		.loc 1 139 0
 155 0044 0024     		movs	r4, #0
 156              	.LVL17:
 157 0046 EDE7     		b	.L3
 158              	.L9:
 159              		.align	2
 160              	.L8:
 161 0048 00000000 		.word	rlist
 162 004c 00000000 		.word	.LC0
 163              		.cfi_endproc
 164              	.LFE8:
 165              		.size	chRegNextThread, .-chRegNextThread
 166              		.global	ch_debug
 167              		.section	.rodata.ch_debug,"a",%progbits
 168              		.align	2
 169              		.type	ch_debug, %object
 170              		.size	ch_debug, 22
 171              	ch_debug:
ARM GAS  /tmp/ccBhyVNX.s 			page 4


 172 0000 6D61696E 		.ascii	"main"
 173 0004 00       		.byte	0
 174 0005 16       		.byte	22
 175 0006 4211     		.short	4418
 176 0008 04       		.byte	4
 177 0009 04       		.byte	4
 178 000a 4C       		.byte	76
 179 000b 08       		.byte	8
 180 000c 0C       		.byte	12
 181 000d 10       		.byte	16
 182 000e 14       		.byte	20
 183 000f 18       		.byte	24
 184 0010 1C       		.byte	28
 185 0011 20       		.byte	32
 186 0012 21       		.byte	33
 187 0013 22       		.byte	34
 188 0014 23       		.byte	35
 189 0015 24       		.byte	36
 190 0016 0000     		.section	.rodata.str1.4,"aMS",%progbits,1
 191              		.align	2
 192              	.LC0:
 193 0000 63685265 		.ascii	"chRegNextThread(), #1\000"
 193      674E6578 
 193      74546872 
 193      65616428 
 193      292C2023 
 194 0016 0000     		.text
 195              	.Letext0:
 196              		.file 2 "/home/tino/ChibiStudio/tools/GNU Tools ARM Embedded/4.6 2012q2/bin/../lib/gcc/arm-none-ea
 197              		.file 3 "/home/tino/ChibiStudio/tools/GNU Tools ARM Embedded/4.6 2012q2/bin/../lib/gcc/arm-none-ea
 198              		.file 4 "../../ChibiOS/os/ports/GCC/ARMCMx/chtypes.h"
 199              		.file 5 "../../ChibiOS/os/kernel/include/chlists.h"
 200              		.file 6 "../../ChibiOS/os/kernel/include/chthreads.h"
 201              		.file 7 "../../ChibiOS/os/ports/GCC/ARMCMx/chcore_v7m.h"
 202              		.file 8 "../../ChibiOS/os/kernel/include/chschd.h"
 203              		.file 9 "../../ChibiOS/os/kernel/include/chmtx.h"
 204              		.file 10 "../../ChibiOS/os/kernel/include/chregistry.h"
 205              		.section	.debug_info,"",%progbits
 206              	.Ldebug_info0:
 207 0000 98060000 		.4byte	0x698
 208 0004 0200     		.2byte	0x2
 209 0006 00000000 		.4byte	.Ldebug_abbrev0
 210 000a 04       		.byte	0x4
 211 000b 01       		.uleb128 0x1
 212 000c D7000000 		.4byte	.LASF90
 213 0010 01       		.byte	0x1
 214 0011 0E020000 		.4byte	.LASF91
 215 0015 20010000 		.4byte	.LASF92
 216 0019 00000000 		.4byte	0
 217 001d 00000000 		.4byte	0
 218 0021 00000000 		.4byte	.Ldebug_ranges0+0
 219 0025 00000000 		.4byte	.Ldebug_line0
 220 0029 02       		.uleb128 0x2
 221 002a 04       		.byte	0x4
 222 002b 05       		.byte	0x5
 223 002c 696E7400 		.ascii	"int\000"
 224 0030 03       		.uleb128 0x3
ARM GAS  /tmp/ccBhyVNX.s 			page 5


 225 0031 13000000 		.4byte	.LASF2
 226 0035 02       		.byte	0x2
 227 0036 D4       		.byte	0xd4
 228 0037 3B000000 		.4byte	0x3b
 229 003b 04       		.uleb128 0x4
 230 003c 04       		.byte	0x4
 231 003d 07       		.byte	0x7
 232 003e 91010000 		.4byte	.LASF0
 233 0042 04       		.uleb128 0x4
 234 0043 01       		.byte	0x1
 235 0044 06       		.byte	0x6
 236 0045 8B000000 		.4byte	.LASF1
 237 0049 03       		.uleb128 0x3
 238 004a E7030000 		.4byte	.LASF3
 239 004e 03       		.byte	0x3
 240 004f 2A       		.byte	0x2a
 241 0050 54000000 		.4byte	0x54
 242 0054 04       		.uleb128 0x4
 243 0055 01       		.byte	0x1
 244 0056 08       		.byte	0x8
 245 0057 D3020000 		.4byte	.LASF4
 246 005b 04       		.uleb128 0x4
 247 005c 02       		.byte	0x2
 248 005d 05       		.byte	0x5
 249 005e EB020000 		.4byte	.LASF5
 250 0062 03       		.uleb128 0x3
 251 0063 5A010000 		.4byte	.LASF6
 252 0067 03       		.byte	0x3
 253 0068 36       		.byte	0x36
 254 0069 6D000000 		.4byte	0x6d
 255 006d 04       		.uleb128 0x4
 256 006e 02       		.byte	0x2
 257 006f 07       		.byte	0x7
 258 0070 CF010000 		.4byte	.LASF7
 259 0074 03       		.uleb128 0x3
 260 0075 CB020000 		.4byte	.LASF8
 261 0079 03       		.byte	0x3
 262 007a 4F       		.byte	0x4f
 263 007b 7F000000 		.4byte	0x7f
 264 007f 04       		.uleb128 0x4
 265 0080 04       		.byte	0x4
 266 0081 05       		.byte	0x5
 267 0082 CE000000 		.4byte	.LASF9
 268 0086 03       		.uleb128 0x3
 269 0087 5E030000 		.4byte	.LASF10
 270 008b 03       		.byte	0x3
 271 008c 50       		.byte	0x50
 272 008d 91000000 		.4byte	0x91
 273 0091 04       		.uleb128 0x4
 274 0092 04       		.byte	0x4
 275 0093 07       		.byte	0x7
 276 0094 9E010000 		.4byte	.LASF11
 277 0098 04       		.uleb128 0x4
 278 0099 08       		.byte	0x8
 279 009a 05       		.byte	0x5
 280 009b 7D000000 		.4byte	.LASF12
 281 009f 03       		.uleb128 0x3
ARM GAS  /tmp/ccBhyVNX.s 			page 6


 282 00a0 21000000 		.4byte	.LASF13
 283 00a4 03       		.byte	0x3
 284 00a5 78       		.byte	0x78
 285 00a6 AA000000 		.4byte	0xaa
 286 00aa 04       		.uleb128 0x4
 287 00ab 08       		.byte	0x8
 288 00ac 07       		.byte	0x7
 289 00ad 2A000000 		.4byte	.LASF14
 290 00b1 04       		.uleb128 0x4
 291 00b2 01       		.byte	0x1
 292 00b3 02       		.byte	0x2
 293 00b4 C5020000 		.4byte	.LASF15
 294 00b8 03       		.uleb128 0x3
 295 00b9 E8010000 		.4byte	.LASF16
 296 00bd 04       		.byte	0x4
 297 00be 25       		.byte	0x25
 298 00bf 49000000 		.4byte	0x49
 299 00c3 03       		.uleb128 0x3
 300 00c4 51010000 		.4byte	.LASF17
 301 00c8 04       		.byte	0x4
 302 00c9 26       		.byte	0x26
 303 00ca 49000000 		.4byte	0x49
 304 00ce 03       		.uleb128 0x3
 305 00cf A3020000 		.4byte	.LASF18
 306 00d3 04       		.byte	0x4
 307 00d4 27       		.byte	0x27
 308 00d5 49000000 		.4byte	0x49
 309 00d9 03       		.uleb128 0x3
 310 00da C4000000 		.4byte	.LASF19
 311 00de 04       		.byte	0x4
 312 00df 28       		.byte	0x28
 313 00e0 49000000 		.4byte	0x49
 314 00e4 03       		.uleb128 0x3
 315 00e5 BD020000 		.4byte	.LASF20
 316 00e9 04       		.byte	0x4
 317 00ea 29       		.byte	0x29
 318 00eb 86000000 		.4byte	0x86
 319 00ef 03       		.uleb128 0x3
 320 00f0 E2010000 		.4byte	.LASF21
 321 00f4 04       		.byte	0x4
 322 00f5 2A       		.byte	0x2a
 323 00f6 74000000 		.4byte	0x74
 324 00fa 03       		.uleb128 0x3
 325 00fb FC010000 		.4byte	.LASF22
 326 00ff 04       		.byte	0x4
 327 0100 2C       		.byte	0x2c
 328 0101 86000000 		.4byte	0x86
 329 0105 03       		.uleb128 0x3
 330 0106 97030000 		.4byte	.LASF23
 331 010a 04       		.byte	0x4
 332 010b 2E       		.byte	0x2e
 333 010c 86000000 		.4byte	0x86
 334 0110 03       		.uleb128 0x3
 335 0111 3F030000 		.4byte	.LASF24
 336 0115 05       		.byte	0x5
 337 0116 23       		.byte	0x23
 338 0117 1B010000 		.4byte	0x11b
ARM GAS  /tmp/ccBhyVNX.s 			page 7


 339 011b 05       		.uleb128 0x5
 340 011c 3F030000 		.4byte	.LASF24
 341 0120 4C       		.byte	0x4c
 342 0121 06       		.byte	0x6
 343 0122 57       		.byte	0x57
 344 0123 4E020000 		.4byte	0x24e
 345 0127 06       		.uleb128 0x6
 346 0128 21030000 		.4byte	.LASF25
 347 012c 06       		.byte	0x6
 348 012d 58       		.byte	0x58
 349 012e 73020000 		.4byte	0x273
 350 0132 02       		.byte	0x2
 351 0133 23       		.byte	0x23
 352 0134 00       		.uleb128 0
 353 0135 06       		.uleb128 0x6
 354 0136 B6020000 		.4byte	.LASF26
 355 013a 06       		.byte	0x6
 356 013b 5A       		.byte	0x5a
 357 013c 73020000 		.4byte	0x273
 358 0140 02       		.byte	0x2
 359 0141 23       		.byte	0x23
 360 0142 04       		.uleb128 0x4
 361 0143 06       		.uleb128 0x6
 362 0144 69000000 		.4byte	.LASF27
 363 0148 06       		.byte	0x6
 364 0149 5C       		.byte	0x5c
 365 014a E4000000 		.4byte	0xe4
 366 014e 02       		.byte	0x2
 367 014f 23       		.byte	0x23
 368 0150 08       		.uleb128 0x8
 369 0151 06       		.uleb128 0x6
 370 0152 10040000 		.4byte	.LASF28
 371 0156 06       		.byte	0x6
 372 0157 5D       		.byte	0x5d
 373 0158 4C030000 		.4byte	0x34c
 374 015c 02       		.byte	0x2
 375 015d 23       		.byte	0x23
 376 015e 0C       		.uleb128 0xc
 377 015f 06       		.uleb128 0x6
 378 0160 6D010000 		.4byte	.LASF29
 379 0164 06       		.byte	0x6
 380 0165 5F       		.byte	0x5f
 381 0166 73020000 		.4byte	0x273
 382 016a 02       		.byte	0x2
 383 016b 23       		.byte	0x23
 384 016c 10       		.uleb128 0x10
 385 016d 06       		.uleb128 0x6
 386 016e 6E020000 		.4byte	.LASF30
 387 0172 06       		.byte	0x6
 388 0173 60       		.byte	0x60
 389 0174 73020000 		.4byte	0x273
 390 0178 02       		.byte	0x2
 391 0179 23       		.byte	0x23
 392 017a 14       		.uleb128 0x14
 393 017b 06       		.uleb128 0x6
 394 017c F6030000 		.4byte	.LASF31
 395 0180 06       		.byte	0x6
ARM GAS  /tmp/ccBhyVNX.s 			page 8


 396 0181 67       		.byte	0x67
 397 0182 59040000 		.4byte	0x459
 398 0186 02       		.byte	0x2
 399 0187 23       		.byte	0x23
 400 0188 18       		.uleb128 0x18
 401 0189 06       		.uleb128 0x6
 402 018a 86010000 		.4byte	.LASF32
 403 018e 06       		.byte	0x6
 404 018f 6D       		.byte	0x6d
 405 0190 6B040000 		.4byte	0x46b
 406 0194 02       		.byte	0x2
 407 0195 23       		.byte	0x23
 408 0196 1C       		.uleb128 0x1c
 409 0197 06       		.uleb128 0x6
 410 0198 F5020000 		.4byte	.LASF33
 411 019c 06       		.byte	0x6
 412 019d 72       		.byte	0x72
 413 019e C3000000 		.4byte	0xc3
 414 01a2 02       		.byte	0x2
 415 01a3 23       		.byte	0x23
 416 01a4 20       		.uleb128 0x20
 417 01a5 06       		.uleb128 0x6
 418 01a6 37030000 		.4byte	.LASF34
 419 01aa 06       		.byte	0x6
 420 01ab 76       		.byte	0x76
 421 01ac B8000000 		.4byte	0xb8
 422 01b0 02       		.byte	0x2
 423 01b1 23       		.byte	0x23
 424 01b2 21       		.uleb128 0x21
 425 01b3 06       		.uleb128 0x6
 426 01b4 D0030000 		.4byte	.LASF35
 427 01b8 06       		.byte	0x6
 428 01b9 7B       		.byte	0x7b
 429 01ba CE000000 		.4byte	0xce
 430 01be 02       		.byte	0x2
 431 01bf 23       		.byte	0x23
 432 01c0 22       		.uleb128 0x22
 433 01c1 06       		.uleb128 0x6
 434 01c2 FD020000 		.4byte	.LASF36
 435 01c6 06       		.byte	0x6
 436 01c7 81       		.byte	0x81
 437 01c8 D9000000 		.4byte	0xd9
 438 01cc 02       		.byte	0x2
 439 01cd 23       		.byte	0x23
 440 01ce 23       		.uleb128 0x23
 441 01cf 06       		.uleb128 0x6
 442 01d0 AC030000 		.4byte	.LASF37
 443 01d4 06       		.byte	0x6
 444 01d5 88       		.byte	0x88
 445 01d6 6F030000 		.4byte	0x36f
 446 01da 02       		.byte	0x2
 447 01db 23       		.byte	0x23
 448 01dc 24       		.uleb128 0x24
 449 01dd 07       		.uleb128 0x7
 450 01de 705F7500 		.ascii	"p_u\000"
 451 01e2 06       		.byte	0x6
 452 01e3 AD       		.byte	0xad
ARM GAS  /tmp/ccBhyVNX.s 			page 9


 453 01e4 24040000 		.4byte	0x424
 454 01e8 02       		.byte	0x2
 455 01e9 23       		.byte	0x23
 456 01ea 28       		.uleb128 0x28
 457 01eb 06       		.uleb128 0x6
 458 01ec 16040000 		.4byte	.LASF38
 459 01f0 06       		.byte	0x6
 460 01f1 B2       		.byte	0xb2
 461 01f2 9B020000 		.4byte	0x29b
 462 01f6 02       		.byte	0x2
 463 01f7 23       		.byte	0x23
 464 01f8 2C       		.uleb128 0x2c
 465 01f9 06       		.uleb128 0x6
 466 01fa BA030000 		.4byte	.LASF39
 467 01fe 06       		.byte	0x6
 468 01ff B8       		.byte	0xb8
 469 0200 79020000 		.4byte	0x279
 470 0204 02       		.byte	0x2
 471 0205 23       		.byte	0x23
 472 0206 30       		.uleb128 0x30
 473 0207 06       		.uleb128 0x6
 474 0208 0D000000 		.4byte	.LASF40
 475 020c 06       		.byte	0x6
 476 020d BC       		.byte	0xbc
 477 020e EF000000 		.4byte	0xef
 478 0212 02       		.byte	0x2
 479 0213 23       		.byte	0x23
 480 0214 38       		.uleb128 0x38
 481 0215 06       		.uleb128 0x6
 482 0216 53030000 		.4byte	.LASF41
 483 021a 06       		.byte	0x6
 484 021b C2       		.byte	0xc2
 485 021c FA000000 		.4byte	0xfa
 486 0220 02       		.byte	0x2
 487 0221 23       		.byte	0x23
 488 0222 3C       		.uleb128 0x3c
 489 0223 06       		.uleb128 0x6
 490 0224 E1020000 		.4byte	.LASF42
 491 0228 06       		.byte	0x6
 492 0229 C9       		.byte	0xc9
 493 022a 71040000 		.4byte	0x471
 494 022e 02       		.byte	0x2
 495 022f 23       		.byte	0x23
 496 0230 40       		.uleb128 0x40
 497 0231 06       		.uleb128 0x6
 498 0232 A1030000 		.4byte	.LASF43
 499 0236 06       		.byte	0x6
 500 0237 CD       		.byte	0xcd
 501 0238 E4000000 		.4byte	0xe4
 502 023c 02       		.byte	0x2
 503 023d 23       		.byte	0x23
 504 023e 44       		.uleb128 0x44
 505 023f 06       		.uleb128 0x6
 506 0240 B4000000 		.4byte	.LASF44
 507 0244 06       		.byte	0x6
 508 0245 D3       		.byte	0xd3
 509 0246 B1020000 		.4byte	0x2b1
ARM GAS  /tmp/ccBhyVNX.s 			page 10


 510 024a 02       		.byte	0x2
 511 024b 23       		.byte	0x23
 512 024c 48       		.uleb128 0x48
 513 024d 00       		.byte	0
 514 024e 08       		.uleb128 0x8
 515 024f 08       		.byte	0x8
 516 0250 05       		.byte	0x5
 517 0251 5A       		.byte	0x5a
 518 0252 73020000 		.4byte	0x273
 519 0256 06       		.uleb128 0x6
 520 0257 21030000 		.4byte	.LASF25
 521 025b 05       		.byte	0x5
 522 025c 5B       		.byte	0x5b
 523 025d 73020000 		.4byte	0x273
 524 0261 02       		.byte	0x2
 525 0262 23       		.byte	0x23
 526 0263 00       		.uleb128 0
 527 0264 06       		.uleb128 0x6
 528 0265 B6020000 		.4byte	.LASF26
 529 0269 05       		.byte	0x5
 530 026a 5D       		.byte	0x5d
 531 026b 73020000 		.4byte	0x273
 532 026f 02       		.byte	0x2
 533 0270 23       		.byte	0x23
 534 0271 04       		.uleb128 0x4
 535 0272 00       		.byte	0
 536 0273 09       		.uleb128 0x9
 537 0274 04       		.byte	0x4
 538 0275 10010000 		.4byte	0x110
 539 0279 03       		.uleb128 0x3
 540 027a 7C020000 		.4byte	.LASF45
 541 027e 05       		.byte	0x5
 542 027f 5F       		.byte	0x5f
 543 0280 4E020000 		.4byte	0x24e
 544 0284 08       		.uleb128 0x8
 545 0285 04       		.byte	0x4
 546 0286 05       		.byte	0x5
 547 0287 64       		.byte	0x64
 548 0288 9B020000 		.4byte	0x29b
 549 028c 06       		.uleb128 0x6
 550 028d 21030000 		.4byte	.LASF25
 551 0291 05       		.byte	0x5
 552 0292 66       		.byte	0x66
 553 0293 73020000 		.4byte	0x273
 554 0297 02       		.byte	0x2
 555 0298 23       		.byte	0x23
 556 0299 00       		.uleb128 0
 557 029a 00       		.byte	0
 558 029b 03       		.uleb128 0x3
 559 029c F0010000 		.4byte	.LASF46
 560 02a0 05       		.byte	0x5
 561 02a1 69       		.byte	0x69
 562 02a2 84020000 		.4byte	0x284
 563 02a6 03       		.uleb128 0x3
 564 02a7 7D010000 		.4byte	.LASF47
 565 02ab 07       		.byte	0x7
 566 02ac DE       		.byte	0xde
ARM GAS  /tmp/ccBhyVNX.s 			page 11


 567 02ad B1020000 		.4byte	0x2b1
 568 02b1 0A       		.uleb128 0xa
 569 02b2 04       		.byte	0x4
 570 02b3 03       		.uleb128 0x3
 571 02b4 37020000 		.4byte	.LASF48
 572 02b8 07       		.byte	0x7
 573 02b9 E4       		.byte	0xe4
 574 02ba 9F000000 		.4byte	0x9f
 575 02be 0B       		.uleb128 0xb
 576 02bf B3030000 		.4byte	.LASF49
 577 02c3 24       		.byte	0x24
 578 02c4 07       		.byte	0x7
 579 02c5 0501     		.2byte	0x105
 580 02c7 4C030000 		.4byte	0x34c
 581 02cb 0C       		.uleb128 0xc
 582 02cc 723400   		.ascii	"r4\000"
 583 02cf 07       		.byte	0x7
 584 02d0 1801     		.2byte	0x118
 585 02d2 A6020000 		.4byte	0x2a6
 586 02d6 02       		.byte	0x2
 587 02d7 23       		.byte	0x23
 588 02d8 00       		.uleb128 0
 589 02d9 0C       		.uleb128 0xc
 590 02da 723500   		.ascii	"r5\000"
 591 02dd 07       		.byte	0x7
 592 02de 1901     		.2byte	0x119
 593 02e0 A6020000 		.4byte	0x2a6
 594 02e4 02       		.byte	0x2
 595 02e5 23       		.byte	0x23
 596 02e6 04       		.uleb128 0x4
 597 02e7 0C       		.uleb128 0xc
 598 02e8 723600   		.ascii	"r6\000"
 599 02eb 07       		.byte	0x7
 600 02ec 1A01     		.2byte	0x11a
 601 02ee A6020000 		.4byte	0x2a6
 602 02f2 02       		.byte	0x2
 603 02f3 23       		.byte	0x23
 604 02f4 08       		.uleb128 0x8
 605 02f5 0C       		.uleb128 0xc
 606 02f6 723700   		.ascii	"r7\000"
 607 02f9 07       		.byte	0x7
 608 02fa 1B01     		.2byte	0x11b
 609 02fc A6020000 		.4byte	0x2a6
 610 0300 02       		.byte	0x2
 611 0301 23       		.byte	0x23
 612 0302 0C       		.uleb128 0xc
 613 0303 0C       		.uleb128 0xc
 614 0304 723800   		.ascii	"r8\000"
 615 0307 07       		.byte	0x7
 616 0308 1C01     		.2byte	0x11c
 617 030a A6020000 		.4byte	0x2a6
 618 030e 02       		.byte	0x2
 619 030f 23       		.byte	0x23
 620 0310 10       		.uleb128 0x10
 621 0311 0C       		.uleb128 0xc
 622 0312 723900   		.ascii	"r9\000"
 623 0315 07       		.byte	0x7
ARM GAS  /tmp/ccBhyVNX.s 			page 12


 624 0316 1D01     		.2byte	0x11d
 625 0318 A6020000 		.4byte	0x2a6
 626 031c 02       		.byte	0x2
 627 031d 23       		.byte	0x23
 628 031e 14       		.uleb128 0x14
 629 031f 0C       		.uleb128 0xc
 630 0320 72313000 		.ascii	"r10\000"
 631 0324 07       		.byte	0x7
 632 0325 1E01     		.2byte	0x11e
 633 0327 A6020000 		.4byte	0x2a6
 634 032b 02       		.byte	0x2
 635 032c 23       		.byte	0x23
 636 032d 18       		.uleb128 0x18
 637 032e 0C       		.uleb128 0xc
 638 032f 72313100 		.ascii	"r11\000"
 639 0333 07       		.byte	0x7
 640 0334 1F01     		.2byte	0x11f
 641 0336 A6020000 		.4byte	0x2a6
 642 033a 02       		.byte	0x2
 643 033b 23       		.byte	0x23
 644 033c 1C       		.uleb128 0x1c
 645 033d 0C       		.uleb128 0xc
 646 033e 6C7200   		.ascii	"lr\000"
 647 0341 07       		.byte	0x7
 648 0342 2001     		.2byte	0x120
 649 0344 A6020000 		.4byte	0x2a6
 650 0348 02       		.byte	0x2
 651 0349 23       		.byte	0x23
 652 034a 20       		.uleb128 0x20
 653 034b 00       		.byte	0
 654 034c 0B       		.uleb128 0xb
 655 034d C7010000 		.4byte	.LASF50
 656 0351 04       		.byte	0x4
 657 0352 07       		.byte	0x7
 658 0353 2A01     		.2byte	0x12a
 659 0355 69030000 		.4byte	0x369
 660 0359 0C       		.uleb128 0xc
 661 035a 72313300 		.ascii	"r13\000"
 662 035e 07       		.byte	0x7
 663 035f 2B01     		.2byte	0x12b
 664 0361 69030000 		.4byte	0x369
 665 0365 02       		.byte	0x2
 666 0366 23       		.byte	0x23
 667 0367 00       		.uleb128 0
 668 0368 00       		.byte	0
 669 0369 09       		.uleb128 0x9
 670 036a 04       		.byte	0x4
 671 036b BE020000 		.4byte	0x2be
 672 036f 0D       		.uleb128 0xd
 673 0370 05010000 		.4byte	0x105
 674 0374 08       		.uleb128 0x8
 675 0375 1C       		.byte	0x1c
 676 0376 08       		.byte	0x8
 677 0377 57       		.byte	0x57
 678 0378 D1030000 		.4byte	0x3d1
 679 037c 06       		.uleb128 0x6
 680 037d 73030000 		.4byte	.LASF51
ARM GAS  /tmp/ccBhyVNX.s 			page 13


 681 0381 08       		.byte	0x8
 682 0382 58       		.byte	0x58
 683 0383 79020000 		.4byte	0x279
 684 0387 02       		.byte	0x2
 685 0388 23       		.byte	0x23
 686 0389 00       		.uleb128 0
 687 038a 06       		.uleb128 0x6
 688 038b 13030000 		.4byte	.LASF52
 689 038f 08       		.byte	0x8
 690 0390 59       		.byte	0x59
 691 0391 E4000000 		.4byte	0xe4
 692 0395 02       		.byte	0x2
 693 0396 23       		.byte	0x23
 694 0397 08       		.uleb128 0x8
 695 0398 06       		.uleb128 0x6
 696 0399 76020000 		.4byte	.LASF53
 697 039d 08       		.byte	0x8
 698 039e 5B       		.byte	0x5b
 699 039f 4C030000 		.4byte	0x34c
 700 03a3 02       		.byte	0x2
 701 03a4 23       		.byte	0x23
 702 03a5 0C       		.uleb128 0xc
 703 03a6 06       		.uleb128 0x6
 704 03a7 75010000 		.4byte	.LASF54
 705 03ab 08       		.byte	0x8
 706 03ac 5E       		.byte	0x5e
 707 03ad 73020000 		.4byte	0x273
 708 03b1 02       		.byte	0x2
 709 03b2 23       		.byte	0x23
 710 03b3 10       		.uleb128 0x10
 711 03b4 06       		.uleb128 0x6
 712 03b5 9B020000 		.4byte	.LASF55
 713 03b9 08       		.byte	0x8
 714 03ba 5F       		.byte	0x5f
 715 03bb 73020000 		.4byte	0x273
 716 03bf 02       		.byte	0x2
 717 03c0 23       		.byte	0x23
 718 03c1 14       		.uleb128 0x14
 719 03c2 06       		.uleb128 0x6
 720 03c3 91020000 		.4byte	.LASF56
 721 03c7 08       		.byte	0x8
 722 03c8 62       		.byte	0x62
 723 03c9 73020000 		.4byte	0x273
 724 03cd 02       		.byte	0x2
 725 03ce 23       		.byte	0x23
 726 03cf 18       		.uleb128 0x18
 727 03d0 00       		.byte	0
 728 03d1 03       		.uleb128 0x3
 729 03d2 D7030000 		.4byte	.LASF57
 730 03d6 08       		.byte	0x8
 731 03d7 64       		.byte	0x64
 732 03d8 74030000 		.4byte	0x374
 733 03dc 05       		.uleb128 0x5
 734 03dd 08020000 		.4byte	.LASF58
 735 03e1 10       		.byte	0x10
 736 03e2 09       		.byte	0x9
 737 03e3 25       		.byte	0x25
ARM GAS  /tmp/ccBhyVNX.s 			page 14


 738 03e4 13040000 		.4byte	0x413
 739 03e8 06       		.uleb128 0x6
 740 03e9 BC000000 		.4byte	.LASF59
 741 03ed 09       		.byte	0x9
 742 03ee 26       		.byte	0x26
 743 03ef 79020000 		.4byte	0x279
 744 03f3 02       		.byte	0x2
 745 03f4 23       		.byte	0x23
 746 03f5 00       		.uleb128 0
 747 03f6 06       		.uleb128 0x6
 748 03f7 08040000 		.4byte	.LASF60
 749 03fb 09       		.byte	0x9
 750 03fc 28       		.byte	0x28
 751 03fd 73020000 		.4byte	0x273
 752 0401 02       		.byte	0x2
 753 0402 23       		.byte	0x23
 754 0403 08       		.uleb128 0x8
 755 0404 06       		.uleb128 0x6
 756 0405 90030000 		.4byte	.LASF61
 757 0409 09       		.byte	0x9
 758 040a 2A       		.byte	0x2a
 759 040b 13040000 		.4byte	0x413
 760 040f 02       		.byte	0x2
 761 0410 23       		.byte	0x23
 762 0411 0C       		.uleb128 0xc
 763 0412 00       		.byte	0
 764 0413 09       		.uleb128 0x9
 765 0414 04       		.byte	0x4
 766 0415 DC030000 		.4byte	0x3dc
 767 0419 03       		.uleb128 0x3
 768 041a 08020000 		.4byte	.LASF58
 769 041e 09       		.byte	0x9
 770 041f 2C       		.byte	0x2c
 771 0420 DC030000 		.4byte	0x3dc
 772 0424 0E       		.uleb128 0xe
 773 0425 04       		.byte	0x4
 774 0426 06       		.byte	0x6
 775 0427 8F       		.byte	0x8f
 776 0428 59040000 		.4byte	0x459
 777 042c 0F       		.uleb128 0xf
 778 042d 1A000000 		.4byte	.LASF62
 779 0431 06       		.byte	0x6
 780 0432 96       		.byte	0x96
 781 0433 EF000000 		.4byte	0xef
 782 0437 0F       		.uleb128 0xf
 783 0438 4F000000 		.4byte	.LASF63
 784 043c 06       		.byte	0x6
 785 043d 9D       		.byte	0x9d
 786 043e EF000000 		.4byte	0xef
 787 0442 0F       		.uleb128 0xf
 788 0443 EF030000 		.4byte	.LASF64
 789 0447 06       		.byte	0x6
 790 0448 A4       		.byte	0xa4
 791 0449 B1020000 		.4byte	0x2b1
 792 044d 0F       		.uleb128 0xf
 793 044e 1A030000 		.4byte	.LASF65
 794 0452 06       		.byte	0x6
ARM GAS  /tmp/ccBhyVNX.s 			page 15


 795 0453 AB       		.byte	0xab
 796 0454 FA000000 		.4byte	0xfa
 797 0458 00       		.byte	0
 798 0459 09       		.uleb128 0x9
 799 045a 04       		.byte	0x4
 800 045b 5F040000 		.4byte	0x45f
 801 045f 10       		.uleb128 0x10
 802 0460 64040000 		.4byte	0x464
 803 0464 04       		.uleb128 0x4
 804 0465 01       		.byte	0x1
 805 0466 08       		.byte	0x8
 806 0467 7B030000 		.4byte	.LASF66
 807 046b 09       		.uleb128 0x9
 808 046c 04       		.byte	0x4
 809 046d B3020000 		.4byte	0x2b3
 810 0471 09       		.uleb128 0x9
 811 0472 04       		.byte	0x4
 812 0473 19040000 		.4byte	0x419
 813 0477 08       		.uleb128 0x8
 814 0478 16       		.byte	0x16
 815 0479 0A       		.byte	0xa
 816 047a 25       		.byte	0x25
 817 047b 7C050000 		.4byte	0x57c
 818 047f 06       		.uleb128 0x6
 819 0480 B9010000 		.4byte	.LASF67
 820 0484 0A       		.byte	0xa
 821 0485 26       		.byte	0x26
 822 0486 7C050000 		.4byte	0x57c
 823 048a 02       		.byte	0x2
 824 048b 23       		.byte	0x23
 825 048c 00       		.uleb128 0
 826 048d 06       		.uleb128 0x6
 827 048e 42020000 		.4byte	.LASF68
 828 0492 0A       		.byte	0xa
 829 0493 27       		.byte	0x27
 830 0494 49000000 		.4byte	0x49
 831 0498 02       		.byte	0x2
 832 0499 23       		.byte	0x23
 833 049a 04       		.uleb128 0x4
 834 049b 06       		.uleb128 0x6
 835 049c 89020000 		.4byte	.LASF69
 836 04a0 0A       		.byte	0xa
 837 04a1 28       		.byte	0x28
 838 04a2 49000000 		.4byte	0x49
 839 04a6 02       		.byte	0x2
 840 04a7 23       		.byte	0x23
 841 04a8 05       		.uleb128 0x5
 842 04a9 06       		.uleb128 0x6
 843 04aa FD030000 		.4byte	.LASF70
 844 04ae 0A       		.byte	0xa
 845 04af 29       		.byte	0x29
 846 04b0 62000000 		.4byte	0x62
 847 04b4 02       		.byte	0x2
 848 04b5 23       		.byte	0x23
 849 04b6 06       		.uleb128 0x6
 850 04b7 06       		.uleb128 0x6
 851 04b8 AB020000 		.4byte	.LASF71
ARM GAS  /tmp/ccBhyVNX.s 			page 16


 852 04bc 0A       		.byte	0xa
 853 04bd 2A       		.byte	0x2a
 854 04be 49000000 		.4byte	0x49
 855 04c2 02       		.byte	0x2
 856 04c3 23       		.byte	0x23
 857 04c4 08       		.uleb128 0x8
 858 04c5 06       		.uleb128 0x6
 859 04c6 56020000 		.4byte	.LASF72
 860 04ca 0A       		.byte	0xa
 861 04cb 2B       		.byte	0x2b
 862 04cc 49000000 		.4byte	0x49
 863 04d0 02       		.byte	0x2
 864 04d1 23       		.byte	0x23
 865 04d2 09       		.uleb128 0x9
 866 04d3 06       		.uleb128 0x6
 867 04d4 41000000 		.4byte	.LASF73
 868 04d8 0A       		.byte	0xa
 869 04d9 2C       		.byte	0x2c
 870 04da 49000000 		.4byte	0x49
 871 04de 02       		.byte	0x2
 872 04df 23       		.byte	0x23
 873 04e0 0A       		.uleb128 0xa
 874 04e1 06       		.uleb128 0x6
 875 04e2 67030000 		.4byte	.LASF74
 876 04e6 0A       		.byte	0xa
 877 04e7 2D       		.byte	0x2d
 878 04e8 49000000 		.4byte	0x49
 879 04ec 02       		.byte	0x2
 880 04ed 23       		.byte	0x23
 881 04ee 0B       		.uleb128 0xb
 882 04ef 06       		.uleb128 0x6
 883 04f0 C5030000 		.4byte	.LASF75
 884 04f4 0A       		.byte	0xa
 885 04f5 2E       		.byte	0x2e
 886 04f6 49000000 		.4byte	0x49
 887 04fa 02       		.byte	0x2
 888 04fb 23       		.byte	0x23
 889 04fc 0C       		.uleb128 0xc
 890 04fd 06       		.uleb128 0x6
 891 04fe 46030000 		.4byte	.LASF76
 892 0502 0A       		.byte	0xa
 893 0503 2F       		.byte	0x2f
 894 0504 49000000 		.4byte	0x49
 895 0508 02       		.byte	0x2
 896 0509 23       		.byte	0x23
 897 050a 0D       		.uleb128 0xd
 898 050b 06       		.uleb128 0x6
 899 050c 00000000 		.4byte	.LASF77
 900 0510 0A       		.byte	0xa
 901 0511 30       		.byte	0x30
 902 0512 49000000 		.4byte	0x49
 903 0516 02       		.byte	0x2
 904 0517 23       		.byte	0x23
 905 0518 0E       		.uleb128 0xe
 906 0519 06       		.uleb128 0x6
 907 051a 62020000 		.4byte	.LASF78
 908 051e 0A       		.byte	0xa
ARM GAS  /tmp/ccBhyVNX.s 			page 17


 909 051f 31       		.byte	0x31
 910 0520 49000000 		.4byte	0x49
 911 0524 02       		.byte	0x2
 912 0525 23       		.byte	0x23
 913 0526 0F       		.uleb128 0xf
 914 0527 06       		.uleb128 0x6
 915 0528 97000000 		.4byte	.LASF79
 916 052c 0A       		.byte	0xa
 917 052d 32       		.byte	0x32
 918 052e 49000000 		.4byte	0x49
 919 0532 02       		.byte	0x2
 920 0533 23       		.byte	0x23
 921 0534 10       		.uleb128 0x10
 922 0535 06       		.uleb128 0x6
 923 0536 70000000 		.4byte	.LASF80
 924 053a 0A       		.byte	0xa
 925 053b 34       		.byte	0x34
 926 053c 49000000 		.4byte	0x49
 927 0540 02       		.byte	0x2
 928 0541 23       		.byte	0x23
 929 0542 11       		.uleb128 0x11
 930 0543 06       		.uleb128 0x6
 931 0544 A7000000 		.4byte	.LASF81
 932 0548 0A       		.byte	0xa
 933 0549 35       		.byte	0x35
 934 054a 49000000 		.4byte	0x49
 935 054e 02       		.byte	0x2
 936 054f 23       		.byte	0x23
 937 0550 12       		.uleb128 0x12
 938 0551 06       		.uleb128 0x6
 939 0552 4A020000 		.4byte	.LASF82
 940 0556 0A       		.byte	0xa
 941 0557 36       		.byte	0x36
 942 0558 49000000 		.4byte	0x49
 943 055c 02       		.byte	0x2
 944 055d 23       		.byte	0x23
 945 055e 13       		.uleb128 0x13
 946 055f 06       		.uleb128 0x6
 947 0560 28030000 		.4byte	.LASF83
 948 0564 0A       		.byte	0xa
 949 0565 37       		.byte	0x37
 950 0566 49000000 		.4byte	0x49
 951 056a 02       		.byte	0x2
 952 056b 23       		.byte	0x23
 953 056c 14       		.uleb128 0x14
 954 056d 06       		.uleb128 0x6
 955 056e 07030000 		.4byte	.LASF84
 956 0572 0A       		.byte	0xa
 957 0573 39       		.byte	0x39
 958 0574 49000000 		.4byte	0x49
 959 0578 02       		.byte	0x2
 960 0579 23       		.byte	0x23
 961 057a 15       		.uleb128 0x15
 962 057b 00       		.byte	0
 963 057c 11       		.uleb128 0x11
 964 057d 64040000 		.4byte	0x464
 965 0581 8C050000 		.4byte	0x58c
ARM GAS  /tmp/ccBhyVNX.s 			page 18


 966 0585 12       		.uleb128 0x12
 967 0586 3B000000 		.4byte	0x3b
 968 058a 03       		.byte	0x3
 969 058b 00       		.byte	0
 970 058c 03       		.uleb128 0x3
 971 058d 63010000 		.4byte	.LASF85
 972 0591 0A       		.byte	0xa
 973 0592 3A       		.byte	0x3a
 974 0593 77040000 		.4byte	0x477
 975 0597 13       		.uleb128 0x13
 976 0598 01       		.byte	0x1
 977 0599 58000000 		.4byte	.LASF86
 978 059d 01       		.byte	0x1
 979 059e 6E       		.byte	0x6e
 980 059f 01       		.byte	0x1
 981 05a0 73020000 		.4byte	0x273
 982 05a4 00000000 		.4byte	.LFB7
 983 05a8 2E000000 		.4byte	.LFE7
 984 05ac 00000000 		.4byte	.LLST0
 985 05b0 F9050000 		.4byte	0x5f9
 986 05b4 14       		.uleb128 0x14
 987 05b5 747000   		.ascii	"tp\000"
 988 05b8 01       		.byte	0x1
 989 05b9 6F       		.byte	0x6f
 990 05ba 73020000 		.4byte	0x273
 991 05be 20000000 		.4byte	.LLST1
 992 05c2 15       		.uleb128 0x15
 993 05c3 02000000 		.4byte	.LBB2
 994 05c7 08000000 		.4byte	.LBE2
 995 05cb DF050000 		.4byte	0x5df
 996 05cf 14       		.uleb128 0x14
 997 05d0 746D7000 		.ascii	"tmp\000"
 998 05d4 01       		.byte	0x1
 999 05d5 71       		.byte	0x71
 1000 05d6 86000000 		.4byte	0x86
 1001 05da 3F000000 		.4byte	.LLST2
 1002 05de 00       		.byte	0
 1003 05df 16       		.uleb128 0x16
 1004 05e0 24000000 		.4byte	.LBB3
 1005 05e4 2A000000 		.4byte	.LBE3
 1006 05e8 14       		.uleb128 0x14
 1007 05e9 746D7000 		.ascii	"tmp\000"
 1008 05ed 01       		.byte	0x1
 1009 05ee 76       		.byte	0x76
 1010 05ef 86000000 		.4byte	0x86
 1011 05f3 52000000 		.4byte	.LLST3
 1012 05f7 00       		.byte	0
 1013 05f8 00       		.byte	0
 1014 05f9 13       		.uleb128 0x13
 1015 05fa 01       		.byte	0x1
 1016 05fb 80030000 		.4byte	.LASF87
 1017 05ff 01       		.byte	0x1
 1018 0600 85       		.byte	0x85
 1019 0601 01       		.byte	0x1
 1020 0602 73020000 		.4byte	0x273
 1021 0606 00000000 		.4byte	.LFB8
 1022 060a 50000000 		.4byte	.LFE8
ARM GAS  /tmp/ccBhyVNX.s 			page 19


 1023 060e 65000000 		.4byte	.LLST4
 1024 0612 6A060000 		.4byte	0x66a
 1025 0616 17       		.uleb128 0x17
 1026 0617 747000   		.ascii	"tp\000"
 1027 061a 01       		.byte	0x1
 1028 061b 85       		.byte	0x85
 1029 061c 73020000 		.4byte	0x273
 1030 0620 85000000 		.4byte	.LLST5
 1031 0624 14       		.uleb128 0x14
 1032 0625 6E747000 		.ascii	"ntp\000"
 1033 0629 01       		.byte	0x1
 1034 062a 86       		.byte	0x86
 1035 062b 73020000 		.4byte	0x273
 1036 062f A3000000 		.4byte	.LLST6
 1037 0633 15       		.uleb128 0x15
 1038 0634 04000000 		.4byte	.LBB4
 1039 0638 0A000000 		.4byte	.LBE4
 1040 063c 50060000 		.4byte	0x650
 1041 0640 14       		.uleb128 0x14
 1042 0641 746D7000 		.ascii	"tmp\000"
 1043 0645 01       		.byte	0x1
 1044 0646 88       		.byte	0x88
 1045 0647 86000000 		.4byte	0x86
 1046 064b CE000000 		.4byte	.LLST7
 1047 064f 00       		.byte	0
 1048 0650 16       		.uleb128 0x16
 1049 0651 28000000 		.4byte	.LBB5
 1050 0655 2E000000 		.4byte	.LBE5
 1051 0659 14       		.uleb128 0x14
 1052 065a 746D7000 		.ascii	"tmp\000"
 1053 065e 01       		.byte	0x1
 1054 065f 93       		.byte	0x93
 1055 0660 86000000 		.4byte	0x86
 1056 0664 E1000000 		.4byte	.LLST8
 1057 0668 00       		.byte	0
 1058 0669 00       		.byte	0
 1059 066a 18       		.uleb128 0x18
 1060 066b E1030000 		.4byte	.LASF88
 1061 066f 08       		.byte	0x8
 1062 0670 68       		.byte	0x68
 1063 0671 D1030000 		.4byte	0x3d1
 1064 0675 01       		.byte	0x1
 1065 0676 01       		.byte	0x1
 1066 0677 18       		.uleb128 0x18
 1067 0678 E1030000 		.4byte	.LASF88
 1068 067c 08       		.byte	0x8
 1069 067d 68       		.byte	0x68
 1070 067e D1030000 		.4byte	0x3d1
 1071 0682 01       		.byte	0x1
 1072 0683 01       		.byte	0x1
 1073 0684 19       		.uleb128 0x19
 1074 0685 B0010000 		.4byte	.LASF89
 1075 0689 01       		.byte	0x1
 1076 068a 3B       		.byte	0x3b
 1077 068b 96060000 		.4byte	0x696
 1078 068f 01       		.byte	0x1
 1079 0690 05       		.byte	0x5
ARM GAS  /tmp/ccBhyVNX.s 			page 20


 1080 0691 03       		.byte	0x3
 1081 0692 00000000 		.4byte	ch_debug
 1082 0696 10       		.uleb128 0x10
 1083 0697 8C050000 		.4byte	0x58c
 1084 069b 00       		.byte	0
 1085              		.section	.debug_abbrev,"",%progbits
 1086              	.Ldebug_abbrev0:
 1087 0000 01       		.uleb128 0x1
 1088 0001 11       		.uleb128 0x11
 1089 0002 01       		.byte	0x1
 1090 0003 25       		.uleb128 0x25
 1091 0004 0E       		.uleb128 0xe
 1092 0005 13       		.uleb128 0x13
 1093 0006 0B       		.uleb128 0xb
 1094 0007 03       		.uleb128 0x3
 1095 0008 0E       		.uleb128 0xe
 1096 0009 1B       		.uleb128 0x1b
 1097 000a 0E       		.uleb128 0xe
 1098 000b 11       		.uleb128 0x11
 1099 000c 01       		.uleb128 0x1
 1100 000d 52       		.uleb128 0x52
 1101 000e 01       		.uleb128 0x1
 1102 000f 55       		.uleb128 0x55
 1103 0010 06       		.uleb128 0x6
 1104 0011 10       		.uleb128 0x10
 1105 0012 06       		.uleb128 0x6
 1106 0013 00       		.byte	0
 1107 0014 00       		.byte	0
 1108 0015 02       		.uleb128 0x2
 1109 0016 24       		.uleb128 0x24
 1110 0017 00       		.byte	0
 1111 0018 0B       		.uleb128 0xb
 1112 0019 0B       		.uleb128 0xb
 1113 001a 3E       		.uleb128 0x3e
 1114 001b 0B       		.uleb128 0xb
 1115 001c 03       		.uleb128 0x3
 1116 001d 08       		.uleb128 0x8
 1117 001e 00       		.byte	0
 1118 001f 00       		.byte	0
 1119 0020 03       		.uleb128 0x3
 1120 0021 16       		.uleb128 0x16
 1121 0022 00       		.byte	0
 1122 0023 03       		.uleb128 0x3
 1123 0024 0E       		.uleb128 0xe
 1124 0025 3A       		.uleb128 0x3a
 1125 0026 0B       		.uleb128 0xb
 1126 0027 3B       		.uleb128 0x3b
 1127 0028 0B       		.uleb128 0xb
 1128 0029 49       		.uleb128 0x49
 1129 002a 13       		.uleb128 0x13
 1130 002b 00       		.byte	0
 1131 002c 00       		.byte	0
 1132 002d 04       		.uleb128 0x4
 1133 002e 24       		.uleb128 0x24
 1134 002f 00       		.byte	0
 1135 0030 0B       		.uleb128 0xb
 1136 0031 0B       		.uleb128 0xb
ARM GAS  /tmp/ccBhyVNX.s 			page 21


 1137 0032 3E       		.uleb128 0x3e
 1138 0033 0B       		.uleb128 0xb
 1139 0034 03       		.uleb128 0x3
 1140 0035 0E       		.uleb128 0xe
 1141 0036 00       		.byte	0
 1142 0037 00       		.byte	0
 1143 0038 05       		.uleb128 0x5
 1144 0039 13       		.uleb128 0x13
 1145 003a 01       		.byte	0x1
 1146 003b 03       		.uleb128 0x3
 1147 003c 0E       		.uleb128 0xe
 1148 003d 0B       		.uleb128 0xb
 1149 003e 0B       		.uleb128 0xb
 1150 003f 3A       		.uleb128 0x3a
 1151 0040 0B       		.uleb128 0xb
 1152 0041 3B       		.uleb128 0x3b
 1153 0042 0B       		.uleb128 0xb
 1154 0043 01       		.uleb128 0x1
 1155 0044 13       		.uleb128 0x13
 1156 0045 00       		.byte	0
 1157 0046 00       		.byte	0
 1158 0047 06       		.uleb128 0x6
 1159 0048 0D       		.uleb128 0xd
 1160 0049 00       		.byte	0
 1161 004a 03       		.uleb128 0x3
 1162 004b 0E       		.uleb128 0xe
 1163 004c 3A       		.uleb128 0x3a
 1164 004d 0B       		.uleb128 0xb
 1165 004e 3B       		.uleb128 0x3b
 1166 004f 0B       		.uleb128 0xb
 1167 0050 49       		.uleb128 0x49
 1168 0051 13       		.uleb128 0x13
 1169 0052 38       		.uleb128 0x38
 1170 0053 0A       		.uleb128 0xa
 1171 0054 00       		.byte	0
 1172 0055 00       		.byte	0
 1173 0056 07       		.uleb128 0x7
 1174 0057 0D       		.uleb128 0xd
 1175 0058 00       		.byte	0
 1176 0059 03       		.uleb128 0x3
 1177 005a 08       		.uleb128 0x8
 1178 005b 3A       		.uleb128 0x3a
 1179 005c 0B       		.uleb128 0xb
 1180 005d 3B       		.uleb128 0x3b
 1181 005e 0B       		.uleb128 0xb
 1182 005f 49       		.uleb128 0x49
 1183 0060 13       		.uleb128 0x13
 1184 0061 38       		.uleb128 0x38
 1185 0062 0A       		.uleb128 0xa
 1186 0063 00       		.byte	0
 1187 0064 00       		.byte	0
 1188 0065 08       		.uleb128 0x8
 1189 0066 13       		.uleb128 0x13
 1190 0067 01       		.byte	0x1
 1191 0068 0B       		.uleb128 0xb
 1192 0069 0B       		.uleb128 0xb
 1193 006a 3A       		.uleb128 0x3a
ARM GAS  /tmp/ccBhyVNX.s 			page 22


 1194 006b 0B       		.uleb128 0xb
 1195 006c 3B       		.uleb128 0x3b
 1196 006d 0B       		.uleb128 0xb
 1197 006e 01       		.uleb128 0x1
 1198 006f 13       		.uleb128 0x13
 1199 0070 00       		.byte	0
 1200 0071 00       		.byte	0
 1201 0072 09       		.uleb128 0x9
 1202 0073 0F       		.uleb128 0xf
 1203 0074 00       		.byte	0
 1204 0075 0B       		.uleb128 0xb
 1205 0076 0B       		.uleb128 0xb
 1206 0077 49       		.uleb128 0x49
 1207 0078 13       		.uleb128 0x13
 1208 0079 00       		.byte	0
 1209 007a 00       		.byte	0
 1210 007b 0A       		.uleb128 0xa
 1211 007c 0F       		.uleb128 0xf
 1212 007d 00       		.byte	0
 1213 007e 0B       		.uleb128 0xb
 1214 007f 0B       		.uleb128 0xb
 1215 0080 00       		.byte	0
 1216 0081 00       		.byte	0
 1217 0082 0B       		.uleb128 0xb
 1218 0083 13       		.uleb128 0x13
 1219 0084 01       		.byte	0x1
 1220 0085 03       		.uleb128 0x3
 1221 0086 0E       		.uleb128 0xe
 1222 0087 0B       		.uleb128 0xb
 1223 0088 0B       		.uleb128 0xb
 1224 0089 3A       		.uleb128 0x3a
 1225 008a 0B       		.uleb128 0xb
 1226 008b 3B       		.uleb128 0x3b
 1227 008c 05       		.uleb128 0x5
 1228 008d 01       		.uleb128 0x1
 1229 008e 13       		.uleb128 0x13
 1230 008f 00       		.byte	0
 1231 0090 00       		.byte	0
 1232 0091 0C       		.uleb128 0xc
 1233 0092 0D       		.uleb128 0xd
 1234 0093 00       		.byte	0
 1235 0094 03       		.uleb128 0x3
 1236 0095 08       		.uleb128 0x8
 1237 0096 3A       		.uleb128 0x3a
 1238 0097 0B       		.uleb128 0xb
 1239 0098 3B       		.uleb128 0x3b
 1240 0099 05       		.uleb128 0x5
 1241 009a 49       		.uleb128 0x49
 1242 009b 13       		.uleb128 0x13
 1243 009c 38       		.uleb128 0x38
 1244 009d 0A       		.uleb128 0xa
 1245 009e 00       		.byte	0
 1246 009f 00       		.byte	0
 1247 00a0 0D       		.uleb128 0xd
 1248 00a1 35       		.uleb128 0x35
 1249 00a2 00       		.byte	0
 1250 00a3 49       		.uleb128 0x49
ARM GAS  /tmp/ccBhyVNX.s 			page 23


 1251 00a4 13       		.uleb128 0x13
 1252 00a5 00       		.byte	0
 1253 00a6 00       		.byte	0
 1254 00a7 0E       		.uleb128 0xe
 1255 00a8 17       		.uleb128 0x17
 1256 00a9 01       		.byte	0x1
 1257 00aa 0B       		.uleb128 0xb
 1258 00ab 0B       		.uleb128 0xb
 1259 00ac 3A       		.uleb128 0x3a
 1260 00ad 0B       		.uleb128 0xb
 1261 00ae 3B       		.uleb128 0x3b
 1262 00af 0B       		.uleb128 0xb
 1263 00b0 01       		.uleb128 0x1
 1264 00b1 13       		.uleb128 0x13
 1265 00b2 00       		.byte	0
 1266 00b3 00       		.byte	0
 1267 00b4 0F       		.uleb128 0xf
 1268 00b5 0D       		.uleb128 0xd
 1269 00b6 00       		.byte	0
 1270 00b7 03       		.uleb128 0x3
 1271 00b8 0E       		.uleb128 0xe
 1272 00b9 3A       		.uleb128 0x3a
 1273 00ba 0B       		.uleb128 0xb
 1274 00bb 3B       		.uleb128 0x3b
 1275 00bc 0B       		.uleb128 0xb
 1276 00bd 49       		.uleb128 0x49
 1277 00be 13       		.uleb128 0x13
 1278 00bf 00       		.byte	0
 1279 00c0 00       		.byte	0
 1280 00c1 10       		.uleb128 0x10
 1281 00c2 26       		.uleb128 0x26
 1282 00c3 00       		.byte	0
 1283 00c4 49       		.uleb128 0x49
 1284 00c5 13       		.uleb128 0x13
 1285 00c6 00       		.byte	0
 1286 00c7 00       		.byte	0
 1287 00c8 11       		.uleb128 0x11
 1288 00c9 01       		.uleb128 0x1
 1289 00ca 01       		.byte	0x1
 1290 00cb 49       		.uleb128 0x49
 1291 00cc 13       		.uleb128 0x13
 1292 00cd 01       		.uleb128 0x1
 1293 00ce 13       		.uleb128 0x13
 1294 00cf 00       		.byte	0
 1295 00d0 00       		.byte	0
 1296 00d1 12       		.uleb128 0x12
 1297 00d2 21       		.uleb128 0x21
 1298 00d3 00       		.byte	0
 1299 00d4 49       		.uleb128 0x49
 1300 00d5 13       		.uleb128 0x13
 1301 00d6 2F       		.uleb128 0x2f
 1302 00d7 0B       		.uleb128 0xb
 1303 00d8 00       		.byte	0
 1304 00d9 00       		.byte	0
 1305 00da 13       		.uleb128 0x13
 1306 00db 2E       		.uleb128 0x2e
 1307 00dc 01       		.byte	0x1
ARM GAS  /tmp/ccBhyVNX.s 			page 24


 1308 00dd 3F       		.uleb128 0x3f
 1309 00de 0C       		.uleb128 0xc
 1310 00df 03       		.uleb128 0x3
 1311 00e0 0E       		.uleb128 0xe
 1312 00e1 3A       		.uleb128 0x3a
 1313 00e2 0B       		.uleb128 0xb
 1314 00e3 3B       		.uleb128 0x3b
 1315 00e4 0B       		.uleb128 0xb
 1316 00e5 27       		.uleb128 0x27
 1317 00e6 0C       		.uleb128 0xc
 1318 00e7 49       		.uleb128 0x49
 1319 00e8 13       		.uleb128 0x13
 1320 00e9 11       		.uleb128 0x11
 1321 00ea 01       		.uleb128 0x1
 1322 00eb 12       		.uleb128 0x12
 1323 00ec 01       		.uleb128 0x1
 1324 00ed 40       		.uleb128 0x40
 1325 00ee 06       		.uleb128 0x6
 1326 00ef 01       		.uleb128 0x1
 1327 00f0 13       		.uleb128 0x13
 1328 00f1 00       		.byte	0
 1329 00f2 00       		.byte	0
 1330 00f3 14       		.uleb128 0x14
 1331 00f4 34       		.uleb128 0x34
 1332 00f5 00       		.byte	0
 1333 00f6 03       		.uleb128 0x3
 1334 00f7 08       		.uleb128 0x8
 1335 00f8 3A       		.uleb128 0x3a
 1336 00f9 0B       		.uleb128 0xb
 1337 00fa 3B       		.uleb128 0x3b
 1338 00fb 0B       		.uleb128 0xb
 1339 00fc 49       		.uleb128 0x49
 1340 00fd 13       		.uleb128 0x13
 1341 00fe 02       		.uleb128 0x2
 1342 00ff 06       		.uleb128 0x6
 1343 0100 00       		.byte	0
 1344 0101 00       		.byte	0
 1345 0102 15       		.uleb128 0x15
 1346 0103 0B       		.uleb128 0xb
 1347 0104 01       		.byte	0x1
 1348 0105 11       		.uleb128 0x11
 1349 0106 01       		.uleb128 0x1
 1350 0107 12       		.uleb128 0x12
 1351 0108 01       		.uleb128 0x1
 1352 0109 01       		.uleb128 0x1
 1353 010a 13       		.uleb128 0x13
 1354 010b 00       		.byte	0
 1355 010c 00       		.byte	0
 1356 010d 16       		.uleb128 0x16
 1357 010e 0B       		.uleb128 0xb
 1358 010f 01       		.byte	0x1
 1359 0110 11       		.uleb128 0x11
 1360 0111 01       		.uleb128 0x1
 1361 0112 12       		.uleb128 0x12
 1362 0113 01       		.uleb128 0x1
 1363 0114 00       		.byte	0
 1364 0115 00       		.byte	0
ARM GAS  /tmp/ccBhyVNX.s 			page 25


 1365 0116 17       		.uleb128 0x17
 1366 0117 05       		.uleb128 0x5
 1367 0118 00       		.byte	0
 1368 0119 03       		.uleb128 0x3
 1369 011a 08       		.uleb128 0x8
 1370 011b 3A       		.uleb128 0x3a
 1371 011c 0B       		.uleb128 0xb
 1372 011d 3B       		.uleb128 0x3b
 1373 011e 0B       		.uleb128 0xb
 1374 011f 49       		.uleb128 0x49
 1375 0120 13       		.uleb128 0x13
 1376 0121 02       		.uleb128 0x2
 1377 0122 06       		.uleb128 0x6
 1378 0123 00       		.byte	0
 1379 0124 00       		.byte	0
 1380 0125 18       		.uleb128 0x18
 1381 0126 34       		.uleb128 0x34
 1382 0127 00       		.byte	0
 1383 0128 03       		.uleb128 0x3
 1384 0129 0E       		.uleb128 0xe
 1385 012a 3A       		.uleb128 0x3a
 1386 012b 0B       		.uleb128 0xb
 1387 012c 3B       		.uleb128 0x3b
 1388 012d 0B       		.uleb128 0xb
 1389 012e 49       		.uleb128 0x49
 1390 012f 13       		.uleb128 0x13
 1391 0130 3F       		.uleb128 0x3f
 1392 0131 0C       		.uleb128 0xc
 1393 0132 3C       		.uleb128 0x3c
 1394 0133 0C       		.uleb128 0xc
 1395 0134 00       		.byte	0
 1396 0135 00       		.byte	0
 1397 0136 19       		.uleb128 0x19
 1398 0137 34       		.uleb128 0x34
 1399 0138 00       		.byte	0
 1400 0139 03       		.uleb128 0x3
 1401 013a 0E       		.uleb128 0xe
 1402 013b 3A       		.uleb128 0x3a
 1403 013c 0B       		.uleb128 0xb
 1404 013d 3B       		.uleb128 0x3b
 1405 013e 0B       		.uleb128 0xb
 1406 013f 49       		.uleb128 0x49
 1407 0140 13       		.uleb128 0x13
 1408 0141 3F       		.uleb128 0x3f
 1409 0142 0C       		.uleb128 0xc
 1410 0143 02       		.uleb128 0x2
 1411 0144 0A       		.uleb128 0xa
 1412 0145 00       		.byte	0
 1413 0146 00       		.byte	0
 1414 0147 00       		.byte	0
 1415              		.section	.debug_loc,"",%progbits
 1416              	.Ldebug_loc0:
 1417              	.LLST0:
 1418 0000 00000000 		.4byte	.LFB7
 1419 0004 02000000 		.4byte	.LCFI0
 1420 0008 0200     		.2byte	0x2
 1421 000a 7D       		.byte	0x7d
ARM GAS  /tmp/ccBhyVNX.s 			page 26


 1422 000b 00       		.sleb128 0
 1423 000c 02000000 		.4byte	.LCFI0
 1424 0010 2E000000 		.4byte	.LFE7
 1425 0014 0200     		.2byte	0x2
 1426 0016 7D       		.byte	0x7d
 1427 0017 08       		.sleb128 8
 1428 0018 00000000 		.4byte	0
 1429 001c 00000000 		.4byte	0
 1430              	.LLST1:
 1431 0020 16000000 		.4byte	.LVL3
 1432 0024 23000000 		.4byte	.LVL4-1
 1433 0028 0200     		.2byte	0x2
 1434 002a 71       		.byte	0x71
 1435 002b 10       		.sleb128 16
 1436 002c 23000000 		.4byte	.LVL4-1
 1437 0030 2E000000 		.4byte	.LFE7
 1438 0034 0100     		.2byte	0x1
 1439 0036 54       		.byte	0x54
 1440 0037 00000000 		.4byte	0
 1441 003b 00000000 		.4byte	0
 1442              	.LLST2:
 1443 003f 08000000 		.4byte	.LVL1
 1444 0043 0B000000 		.4byte	.LVL2-1
 1445 0047 0100     		.2byte	0x1
 1446 0049 53       		.byte	0x53
 1447 004a 00000000 		.4byte	0
 1448 004e 00000000 		.4byte	0
 1449              	.LLST3:
 1450 0052 2A000000 		.4byte	.LVL6
 1451 0056 2E000000 		.4byte	.LFE7
 1452 005a 0100     		.2byte	0x1
 1453 005c 53       		.byte	0x53
 1454 005d 00000000 		.4byte	0
 1455 0061 00000000 		.4byte	0
 1456              	.LLST4:
 1457 0065 00000000 		.4byte	.LFB8
 1458 0069 02000000 		.4byte	.LCFI1
 1459 006d 0200     		.2byte	0x2
 1460 006f 7D       		.byte	0x7d
 1461 0070 00       		.sleb128 0
 1462 0071 02000000 		.4byte	.LCFI1
 1463 0075 50000000 		.4byte	.LFE8
 1464 0079 0200     		.2byte	0x2
 1465 007b 7D       		.byte	0x7d
 1466 007c 10       		.sleb128 16
 1467 007d 00000000 		.4byte	0
 1468 0081 00000000 		.4byte	0
 1469              	.LLST5:
 1470 0085 00000000 		.4byte	.LVL7
 1471 0089 0D000000 		.4byte	.LVL10-1
 1472 008d 0100     		.2byte	0x1
 1473 008f 50       		.byte	0x50
 1474 0090 0D000000 		.4byte	.LVL10-1
 1475 0094 50000000 		.4byte	.LFE8
 1476 0098 0100     		.2byte	0x1
 1477 009a 55       		.byte	0x55
 1478 009b 00000000 		.4byte	0
ARM GAS  /tmp/ccBhyVNX.s 			page 27


 1479 009f 00000000 		.4byte	0
 1480              	.LLST6:
 1481 00a3 10000000 		.4byte	.LVL11
 1482 00a7 1E000000 		.4byte	.LVL12
 1483 00ab 0200     		.2byte	0x2
 1484 00ad 75       		.byte	0x75
 1485 00ae 10       		.sleb128 16
 1486 00af 1E000000 		.4byte	.LVL12
 1487 00b3 46000000 		.4byte	.LVL17
 1488 00b7 0100     		.2byte	0x1
 1489 00b9 54       		.byte	0x54
 1490 00ba 46000000 		.4byte	.LVL17
 1491 00be 50000000 		.4byte	.LFE8
 1492 00c2 0200     		.2byte	0x2
 1493 00c4 75       		.byte	0x75
 1494 00c5 10       		.sleb128 16
 1495 00c6 00000000 		.4byte	0
 1496 00ca 00000000 		.4byte	0
 1497              	.LLST7:
 1498 00ce 0A000000 		.4byte	.LVL9
 1499 00d2 0D000000 		.4byte	.LVL10-1
 1500 00d6 0100     		.2byte	0x1
 1501 00d8 53       		.byte	0x53
 1502 00d9 00000000 		.4byte	0
 1503 00dd 00000000 		.4byte	0
 1504              	.LLST8:
 1505 00e1 2E000000 		.4byte	.LVL15
 1506 00e5 33000000 		.4byte	.LVL16-1
 1507 00e9 0100     		.2byte	0x1
 1508 00eb 53       		.byte	0x53
 1509 00ec 00000000 		.4byte	0
 1510 00f0 00000000 		.4byte	0
 1511              		.section	.debug_aranges,"",%progbits
 1512 0000 24000000 		.4byte	0x24
 1513 0004 0200     		.2byte	0x2
 1514 0006 00000000 		.4byte	.Ldebug_info0
 1515 000a 04       		.byte	0x4
 1516 000b 00       		.byte	0
 1517 000c 0000     		.2byte	0
 1518 000e 0000     		.2byte	0
 1519 0010 00000000 		.4byte	.LFB7
 1520 0014 2E000000 		.4byte	.LFE7-.LFB7
 1521 0018 00000000 		.4byte	.LFB8
 1522 001c 50000000 		.4byte	.LFE8-.LFB8
 1523 0020 00000000 		.4byte	0
 1524 0024 00000000 		.4byte	0
 1525              		.section	.debug_ranges,"",%progbits
 1526              	.Ldebug_ranges0:
 1527 0000 00000000 		.4byte	.LFB7
 1528 0004 2E000000 		.4byte	.LFE7
 1529 0008 00000000 		.4byte	.LFB8
 1530 000c 50000000 		.4byte	.LFE8
 1531 0010 00000000 		.4byte	0
 1532 0014 00000000 		.4byte	0
 1533              		.section	.debug_line,"",%progbits
 1534              	.Ldebug_line0:
 1535 0000 23020000 		.section	.debug_str,"MS",%progbits,1
ARM GAS  /tmp/ccBhyVNX.s 			page 28


 1535      0200E701 
 1535      00000201 
 1535      FB0E0D00 
 1535      01010101 
 1536              	.LASF77:
 1537 0000 63665F6F 		.ascii	"cf_off_older\000"
 1537      66665F6F 
 1537      6C646572 
 1537      00
 1538              	.LASF40:
 1539 000d 705F6D73 		.ascii	"p_msg\000"
 1539      6700
 1540              	.LASF2:
 1541 0013 73697A65 		.ascii	"size_t\000"
 1541      5F7400
 1542              	.LASF62:
 1543 001a 7264796D 		.ascii	"rdymsg\000"
 1543      736700
 1544              	.LASF13:
 1545 0021 75696E74 		.ascii	"uint64_t\000"
 1545      36345F74 
 1545      00
 1546              	.LASF14:
 1547 002a 6C6F6E67 		.ascii	"long long unsigned int\000"
 1547      206C6F6E 
 1547      6720756E 
 1547      7369676E 
 1547      65642069 
 1548              	.LASF73:
 1549 0041 63685F74 		.ascii	"ch_threadsize\000"
 1549      68726561 
 1549      6473697A 
 1549      6500
 1550              	.LASF63:
 1551 004f 65786974 		.ascii	"exitcode\000"
 1551      636F6465 
 1551      00
 1552              	.LASF86:
 1553 0058 63685265 		.ascii	"chRegFirstThread\000"
 1553      67466972 
 1553      73745468 
 1553      72656164 
 1553      00
 1554              	.LASF27:
 1555 0069 705F7072 		.ascii	"p_prio\000"
 1555      696F00
 1556              	.LASF80:
 1557 0070 63665F6F 		.ascii	"cf_off_state\000"
 1557      66665F73 
 1557      74617465 
 1557      00
 1558              	.LASF12:
 1559 007d 6C6F6E67 		.ascii	"long long int\000"
 1559      206C6F6E 
 1559      6720696E 
 1559      7400
 1560              	.LASF1:
ARM GAS  /tmp/ccBhyVNX.s 			page 29


 1561 008b 7369676E 		.ascii	"signed char\000"
 1561      65642063 
 1561      68617200 
 1562              	.LASF79:
 1563 0097 63665F6F 		.ascii	"cf_off_stklimit\000"
 1563      66665F73 
 1563      746B6C69 
 1563      6D697400 
 1564              	.LASF81:
 1565 00a7 63665F6F 		.ascii	"cf_off_flags\000"
 1565      66665F66 
 1565      6C616773 
 1565      00
 1566              	.LASF44:
 1567 00b4 705F6D70 		.ascii	"p_mpool\000"
 1567      6F6F6C00 
 1568              	.LASF59:
 1569 00bc 6D5F7175 		.ascii	"m_queue\000"
 1569      65756500 
 1570              	.LASF19:
 1571 00c4 74736C69 		.ascii	"tslices_t\000"
 1571      6365735F 
 1571      7400
 1572              	.LASF9:
 1573 00ce 6C6F6E67 		.ascii	"long int\000"
 1573      20696E74 
 1573      00
 1574              	.LASF90:
 1575 00d7 474E5520 		.ascii	"GNU C 4.6.2 20120613 (release) [ARM/embedded-4_6-br"
 1575      4320342E 
 1575      362E3220 
 1575      32303132 
 1575      30363133 
 1576 010a 616E6368 		.ascii	"anch revision 188521]\000"
 1576      20726576 
 1576      6973696F 
 1576      6E203138 
 1576      38353231 
 1577              	.LASF92:
 1578 0120 2F686F6D 		.ascii	"/home/tino/workspace/openrobots/R2P_IR_module/fw\000"
 1578      652F7469 
 1578      6E6F2F77 
 1578      6F726B73 
 1578      70616365 
 1579              	.LASF17:
 1580 0151 74737461 		.ascii	"tstate_t\000"
 1580      74655F74 
 1580      00
 1581              	.LASF6:
 1582 015a 75696E74 		.ascii	"uint16_t\000"
 1582      31365F74 
 1582      00
 1583              	.LASF85:
 1584 0163 63686465 		.ascii	"chdebug_t\000"
 1584      6275675F 
 1584      7400
 1585              	.LASF29:
ARM GAS  /tmp/ccBhyVNX.s 			page 30


 1586 016d 705F6E65 		.ascii	"p_newer\000"
 1586      77657200 
 1587              	.LASF54:
 1588 0175 725F6E65 		.ascii	"r_newer\000"
 1588      77657200 
 1589              	.LASF47:
 1590 017d 72656761 		.ascii	"regarm_t\000"
 1590      726D5F74 
 1590      00
 1591              	.LASF32:
 1592 0186 705F7374 		.ascii	"p_stklimit\000"
 1592      6B6C696D 
 1592      697400
 1593              	.LASF0:
 1594 0191 756E7369 		.ascii	"unsigned int\000"
 1594      676E6564 
 1594      20696E74 
 1594      00
 1595              	.LASF11:
 1596 019e 6C6F6E67 		.ascii	"long unsigned int\000"
 1596      20756E73 
 1596      69676E65 
 1596      6420696E 
 1596      7400
 1597              	.LASF89:
 1598 01b0 63685F64 		.ascii	"ch_debug\000"
 1598      65627567 
 1598      00
 1599              	.LASF67:
 1600 01b9 63685F69 		.ascii	"ch_identifier\000"
 1600      64656E74 
 1600      69666965 
 1600      7200
 1601              	.LASF50:
 1602 01c7 636F6E74 		.ascii	"context\000"
 1602      65787400 
 1603              	.LASF7:
 1604 01cf 73686F72 		.ascii	"short unsigned int\000"
 1604      7420756E 
 1604      7369676E 
 1604      65642069 
 1604      6E7400
 1605              	.LASF21:
 1606 01e2 6D73675F 		.ascii	"msg_t\000"
 1606      7400
 1607              	.LASF16:
 1608 01e8 746D6F64 		.ascii	"tmode_t\000"
 1608      655F7400 
 1609              	.LASF46:
 1610 01f0 54687265 		.ascii	"ThreadsList\000"
 1610      6164734C 
 1610      69737400 
 1611              	.LASF22:
 1612 01fc 6576656E 		.ascii	"eventmask_t\000"
 1612      746D6173 
 1612      6B5F7400 
 1613              	.LASF58:
ARM GAS  /tmp/ccBhyVNX.s 			page 31


 1614 0208 4D757465 		.ascii	"Mutex\000"
 1614      7800
 1615              	.LASF91:
 1616 020e 2E2E2F2E 		.ascii	"../../ChibiOS/os/kernel/src/chregistry.c\000"
 1616      2E2F4368 
 1616      6962694F 
 1616      532F6F73 
 1616      2F6B6572 
 1617              	.LASF48:
 1618 0237 73746B61 		.ascii	"stkalign_t\000"
 1618      6C69676E 
 1618      5F7400
 1619              	.LASF68:
 1620 0242 63685F7A 		.ascii	"ch_zero\000"
 1620      65726F00 
 1621              	.LASF82:
 1622 024a 63665F6F 		.ascii	"cf_off_refs\000"
 1622      66665F72 
 1622      65667300 
 1623              	.LASF72:
 1624 0256 63685F74 		.ascii	"ch_timesize\000"
 1624      696D6573 
 1624      697A6500 
 1625              	.LASF78:
 1626 0262 63665F6F 		.ascii	"cf_off_name\000"
 1626      66665F6E 
 1626      616D6500 
 1627              	.LASF30:
 1628 026e 705F6F6C 		.ascii	"p_older\000"
 1628      64657200 
 1629              	.LASF53:
 1630 0276 725F6374 		.ascii	"r_ctx\000"
 1630      7800
 1631              	.LASF45:
 1632 027c 54687265 		.ascii	"ThreadsQueue\000"
 1632      61647351 
 1632      75657565 
 1632      00
 1633              	.LASF69:
 1634 0289 63685F73 		.ascii	"ch_size\000"
 1634      697A6500 
 1635              	.LASF56:
 1636 0291 725F6375 		.ascii	"r_current\000"
 1636      7272656E 
 1636      7400
 1637              	.LASF55:
 1638 029b 725F6F6C 		.ascii	"r_older\000"
 1638      64657200 
 1639              	.LASF18:
 1640 02a3 74726566 		.ascii	"trefs_t\000"
 1640      735F7400 
 1641              	.LASF71:
 1642 02ab 63685F70 		.ascii	"ch_ptrsize\000"
 1642      74727369 
 1642      7A6500
 1643              	.LASF26:
 1644 02b6 705F7072 		.ascii	"p_prev\000"
ARM GAS  /tmp/ccBhyVNX.s 			page 32


 1644      657600
 1645              	.LASF20:
 1646 02bd 74707269 		.ascii	"tprio_t\000"
 1646      6F5F7400 
 1647              	.LASF15:
 1648 02c5 5F426F6F 		.ascii	"_Bool\000"
 1648      6C00
 1649              	.LASF8:
 1650 02cb 696E7433 		.ascii	"int32_t\000"
 1650      325F7400 
 1651              	.LASF4:
 1652 02d3 756E7369 		.ascii	"unsigned char\000"
 1652      676E6564 
 1652      20636861 
 1652      7200
 1653              	.LASF42:
 1654 02e1 705F6D74 		.ascii	"p_mtxlist\000"
 1654      786C6973 
 1654      7400
 1655              	.LASF5:
 1656 02eb 73686F72 		.ascii	"short int\000"
 1656      7420696E 
 1656      7400
 1657              	.LASF33:
 1658 02f5 705F7374 		.ascii	"p_state\000"
 1658      61746500 
 1659              	.LASF36:
 1660 02fd 705F7072 		.ascii	"p_preempt\000"
 1660      65656D70 
 1660      7400
 1661              	.LASF84:
 1662 0307 63665F6F 		.ascii	"cf_off_time\000"
 1662      66665F74 
 1662      696D6500 
 1663              	.LASF52:
 1664 0313 725F7072 		.ascii	"r_prio\000"
 1664      696F00
 1665              	.LASF65:
 1666 031a 65776D61 		.ascii	"ewmask\000"
 1666      736B00
 1667              	.LASF25:
 1668 0321 705F6E65 		.ascii	"p_next\000"
 1668      787400
 1669              	.LASF83:
 1670 0328 63665F6F 		.ascii	"cf_off_preempt\000"
 1670      66665F70 
 1670      7265656D 
 1670      707400
 1671              	.LASF34:
 1672 0337 705F666C 		.ascii	"p_flags\000"
 1672      61677300 
 1673              	.LASF24:
 1674 033f 54687265 		.ascii	"Thread\000"
 1674      616400
 1675              	.LASF76:
 1676 0346 63665F6F 		.ascii	"cf_off_newer\000"
 1676      66665F6E 
ARM GAS  /tmp/ccBhyVNX.s 			page 33


 1676      65776572 
 1676      00
 1677              	.LASF41:
 1678 0353 705F6570 		.ascii	"p_epending\000"
 1678      656E6469 
 1678      6E6700
 1679              	.LASF10:
 1680 035e 75696E74 		.ascii	"uint32_t\000"
 1680      33325F74 
 1680      00
 1681              	.LASF74:
 1682 0367 63665F6F 		.ascii	"cf_off_prio\000"
 1682      66665F70 
 1682      72696F00 
 1683              	.LASF51:
 1684 0373 725F7175 		.ascii	"r_queue\000"
 1684      65756500 
 1685              	.LASF66:
 1686 037b 63686172 		.ascii	"char\000"
 1686      00
 1687              	.LASF87:
 1688 0380 63685265 		.ascii	"chRegNextThread\000"
 1688      674E6578 
 1688      74546872 
 1688      65616400 
 1689              	.LASF61:
 1690 0390 6D5F6E65 		.ascii	"m_next\000"
 1690      787400
 1691              	.LASF23:
 1692 0397 73797374 		.ascii	"systime_t\000"
 1692      696D655F 
 1692      7400
 1693              	.LASF43:
 1694 03a1 705F7265 		.ascii	"p_realprio\000"
 1694      616C7072 
 1694      696F00
 1695              	.LASF37:
 1696 03ac 705F7469 		.ascii	"p_time\000"
 1696      6D6500
 1697              	.LASF49:
 1698 03b3 696E7463 		.ascii	"intctx\000"
 1698      747800
 1699              	.LASF39:
 1700 03ba 705F6D73 		.ascii	"p_msgqueue\000"
 1700      67717565 
 1700      756500
 1701              	.LASF75:
 1702 03c5 63665F6F 		.ascii	"cf_off_ctx\000"
 1702      66665F63 
 1702      747800
 1703              	.LASF35:
 1704 03d0 705F7265 		.ascii	"p_refs\000"
 1704      667300
 1705              	.LASF57:
 1706 03d7 52656164 		.ascii	"ReadyList\000"
 1706      794C6973 
 1706      7400
ARM GAS  /tmp/ccBhyVNX.s 			page 34


 1707              	.LASF88:
 1708 03e1 726C6973 		.ascii	"rlist\000"
 1708      7400
 1709              	.LASF3:
 1710 03e7 75696E74 		.ascii	"uint8_t\000"
 1710      385F7400 
 1711              	.LASF64:
 1712 03ef 77746F62 		.ascii	"wtobjp\000"
 1712      6A7000
 1713              	.LASF31:
 1714 03f6 705F6E61 		.ascii	"p_name\000"
 1714      6D6500
 1715              	.LASF70:
 1716 03fd 63685F76 		.ascii	"ch_version\000"
 1716      65727369 
 1716      6F6E00
 1717              	.LASF60:
 1718 0408 6D5F6F77 		.ascii	"m_owner\000"
 1718      6E657200 
 1719              	.LASF28:
 1720 0410 705F6374 		.ascii	"p_ctx\000"
 1720      7800
 1721              	.LASF38:
 1722 0416 705F7761 		.ascii	"p_waiting\000"
 1722      6974696E 
 1722      6700
 1723              		.ident	"GCC: (GNU Tools for ARM Embedded Processors) 4.6.2 20120613 (release) [ARM/embedded-4_6-br
ARM GAS  /tmp/ccBhyVNX.s 			page 35


DEFINED SYMBOLS
                            *ABS*:00000000 chregistry.c
     /tmp/ccBhyVNX.s:19     .text.chRegFirstThread:00000000 $t
     /tmp/ccBhyVNX.s:25     .text.chRegFirstThread:00000000 chRegFirstThread
     /tmp/ccBhyVNX.s:77     .text.chRegNextThread:00000000 $t
     /tmp/ccBhyVNX.s:83     .text.chRegNextThread:00000000 chRegNextThread
     /tmp/ccBhyVNX.s:161    .text.chRegNextThread:00000048 $d
     /tmp/ccBhyVNX.s:171    .rodata.ch_debug:00000000 ch_debug
     /tmp/ccBhyVNX.s:168    .rodata.ch_debug:00000000 $d
     /tmp/ccBhyVNX.s:191    .rodata.str1.4:00000000 $d
                     .debug_frame:00000010 $d

UNDEFINED SYMBOLS
dbg_check_lock
rlist
dbg_check_unlock
chThdRelease
chDbgPanic
