ARM GAS  /tmp/ccknmkdz.s 			page 1


   1              		.syntax unified
   2              		.cpu cortex-m3
   3              		.fpu softvfp
   4              		.eabi_attribute 20, 1
   5              		.eabi_attribute 21, 1
   6              		.eabi_attribute 23, 3
   7              		.eabi_attribute 24, 1
   8              		.eabi_attribute 25, 1
   9              		.eabi_attribute 26, 1
  10              		.eabi_attribute 30, 2
  11              		.eabi_attribute 34, 1
  12              		.eabi_attribute 18, 4
  13              		.thumb
  14              		.file	"chsys.c"
  15              		.text
  16              	.Ltext0:
  17              		.cfi_sections	.debug_frame
  18              		.section	.text._idle_thread,"ax",%progbits
  19              		.align	2
  20              		.p2align 4,,15
  21              		.global	_idle_thread
  22              		.thumb
  23              		.thumb_func
  24              		.type	_idle_thread, %function
  25              	_idle_thread:
  26              	.LFB7:
  27              		.file 1 "../../ChibiOS/os/kernel/src/chsys.c"
  28              		.loc 1 54 0
  29              		.cfi_startproc
  30              		@ args = 0, pretend = 0, frame = 0
  31              		@ frame_needed = 0, uses_anonymous_args = 0
  32              		@ link register save eliminated.
  33              	.LVL0:
  34              		.loc 1 57 0
  35 0000 0248     		ldr	r0, .L4
  36              	.LVL1:
  37 0002 034A     		ldr	r2, .L4+4
  38 0004 8369     		ldr	r3, [r0, #24]
  39 0006 9A61     		str	r2, [r3, #24]
  40              	.L2:
  41 0008 FEE7     		b	.L2
  42              	.L5:
  43 000a 00BF     		.align	2
  44              	.L4:
  45 000c 00000000 		.word	rlist
  46 0010 00000000 		.word	.LC0
  47              		.cfi_endproc
  48              	.LFE7:
  49              		.size	_idle_thread, .-_idle_thread
  50 0014 AFF30080 		.section	.text.chSysInit,"ax",%progbits
  50      AFF30080 
  50      AFF30080 
  51              		.align	2
  52              		.p2align 4,,15
  53              		.global	chSysInit
  54              		.thumb
  55              		.thumb_func
ARM GAS  /tmp/ccknmkdz.s 			page 2


  56              		.type	chSysInit, %function
  57              	chSysInit:
  58              	.LFB8:
  59              		.loc 1 77 0
  60              		.cfi_startproc
  61              		@ args = 0, pretend = 0, frame = 0
  62              		@ frame_needed = 0, uses_anonymous_args = 0
  63 0000 30B5     		push	{r4, r5, lr}
  64              	.LCFI0:
  65              		.cfi_def_cfa_offset 12
  66              		.cfi_offset 14, -4
  67              		.cfi_offset 5, -8
  68              		.cfi_offset 4, -12
  69 0002 83B0     		sub	sp, sp, #12
  70              	.LCFI1:
  71              		.cfi_def_cfa_offset 24
  72              		.loc 1 83 0
  73 0004 FFF7FEFF 		bl	_port_init
  74              		.loc 1 84 0
  75 0008 FFF7FEFF 		bl	_scheduler_init
  76              		.loc 1 85 0
  77 000c FFF7FEFF 		bl	_vt_init
  78              		.loc 1 87 0
  79 0010 FFF7FEFF 		bl	_core_init
  80              		.loc 1 90 0
  81 0014 FFF7FEFF 		bl	_heap_init
  82              		.loc 1 93 0
  83 0018 FFF7FEFF 		bl	_trace_init
  84              		.loc 1 97 0
  85 001c 40F20000 		movw	r0, #:lower16:.LANCHOR0
  86 0020 4021     		movs	r1, #64
  87 0022 C0F20000 		movt	r0, #:upper16:.LANCHOR0
  88 0026 FFF7FEFF 		bl	_thread_init
  89              		.loc 1 102 0
  90 002a 40F20003 		movw	r3, #:lower16:__main_thread_stack_base__
  91 002e C0F20003 		movt	r3, #:upper16:__main_thread_stack_base__
  92              		.loc 1 98 0
  93 0032 0124     		movs	r4, #1
  94              		.loc 1 97 0
  95 0034 40F20005 		movw	r5, #:lower16:rlist
  96              		.loc 1 102 0
  97 0038 C361     		str	r3, [r0, #28]
  98              		.loc 1 97 0
  99 003a C0F20005 		movt	r5, #:upper16:rlist
 100              		.loc 1 98 0
 101 003e 80F82040 		strb	r4, [r0, #32]
 102              		.loc 1 97 0
 103 0042 A861     		str	r0, [r5, #24]
 104              		.loc 1 104 0
 105 0044 FFF7FEFF 		bl	dbg_check_enable
 106              	.LBB2:
 107 0048 0023     		movs	r3, #0
 108              	.LVL2:
 109              	@ 104 "../../ChibiOS/os/kernel/src/chsys.c" 1
 110 004a 83F31188 		msr     BASEPRI, r3                    
 111 004e 62B6     		cpsie   i
 112              	@ 0 "" 2
ARM GAS  /tmp/ccknmkdz.s 			page 3


 113              	.LVL3:
 114              		.thumb
 115              	.LBE2:
 116              		.loc 1 108 0
 117 0050 40F20001 		movw	r1, #:lower16:ch_debug
 118 0054 AA69     		ldr	r2, [r5, #24]
 119 0056 C0F20001 		movt	r1, #:upper16:ch_debug
 120 005a 9161     		str	r1, [r2, #24]
 121              		.loc 1 114 0
 122 005c 40F20000 		movw	r0, #:lower16:.LANCHOR1
 123 0060 0022     		movs	r2, #0
 124 0062 40F20003 		movw	r3, #:lower16:_idle_thread
 125              	.LVL4:
 126 0066 0092     		str	r2, [sp, #0]
 127 0068 C0F20003 		movt	r3, #:upper16:_idle_thread
 128 006c 4FF4D071 		mov	r1, #416
 129 0070 2246     		mov	r2, r4
 130 0072 C0F20000 		movt	r0, #:upper16:.LANCHOR1
 131 0076 FFF7FEFF 		bl	chThdCreateStatic
 132              		.loc 1 117 0
 133 007a 03B0     		add	sp, sp, #12
 134 007c 30BD     		pop	{r4, r5, pc}
 135              		.cfi_endproc
 136              	.LFE8:
 137              		.size	chSysInit, .-chSysInit
 138 007e 00BF     		.section	.text.chSysTimerHandlerI,"ax",%progbits
 139              		.align	2
 140              		.p2align 4,,15
 141              		.global	chSysTimerHandlerI
 142              		.thumb
 143              		.thumb_func
 144              		.type	chSysTimerHandlerI, %function
 145              	chSysTimerHandlerI:
 146              	.LFB9:
 147              		.loc 1 130 0
 148              		.cfi_startproc
 149              		@ args = 0, pretend = 0, frame = 0
 150              		@ frame_needed = 0, uses_anonymous_args = 0
 151 0000 F8B5     		push	{r3, r4, r5, r6, r7, lr}
 152              	.LCFI2:
 153              		.cfi_def_cfa_offset 24
 154              		.cfi_offset 14, -4
 155              		.cfi_offset 7, -8
 156              		.cfi_offset 6, -12
 157              		.cfi_offset 5, -16
 158              		.cfi_offset 4, -20
 159              		.cfi_offset 3, -24
 160              		.loc 1 132 0
 161 0002 FFF7FEFF 		bl	chDbgCheckClassI
 162              		.loc 1 136 0
 163 0006 164B     		ldr	r3, .L13
 164 0008 9B69     		ldr	r3, [r3, #24]
 165 000a 93F82320 		ldrb	r2, [r3, #35]	@ zero_extendqisi2
 166 000e 12B1     		cbz	r2, .L8
 167              		.loc 1 138 0
 168 0010 013A     		subs	r2, r2, #1
 169 0012 83F82320 		strb	r2, [r3, #35]
ARM GAS  /tmp/ccknmkdz.s 			page 4


 170              	.L8:
 171              		.loc 1 141 0
 172 0016 5A6A     		ldr	r2, [r3, #36]
 173              		.loc 1 143 0
 174 0018 124C     		ldr	r4, .L13+4
 175              		.loc 1 141 0
 176 001a 571C     		adds	r7, r2, #1
 177 001c 5F62     		str	r7, [r3, #36]
 178              		.loc 1 143 0
 179 001e E168     		ldr	r1, [r4, #12]
 180 0020 2768     		ldr	r7, [r4, #0]
 181 0022 481C     		adds	r0, r1, #1
 182 0024 A742     		cmp	r7, r4
 183 0026 E060     		str	r0, [r4, #12]
 184 0028 18D0     		beq	.L7
 185              	.LBB3:
 186              		.loc 1 143 0 is_stmt 0 discriminator 1
 187 002a BE68     		ldr	r6, [r7, #8]
 188 002c 013E     		subs	r6, r6, #1
 189 002e BE60     		str	r6, [r7, #8]
 190              	.LVL5:
 191 0030 A6B9     		cbnz	r6, .L7
 192              	.LVL6:
 193              	.L11:
 194              	.LBB4:
 195              		.loc 1 143 0 discriminator 3
 196 0032 3868     		ldr	r0, [r7, #0]
 197 0034 FD68     		ldr	r5, [r7, #12]
 198              	.LVL7:
 199 0036 4460     		str	r4, [r0, #4]
 200 0038 FE60     		str	r6, [r7, #12]
 201 003a 2060     		str	r0, [r4, #0]
 202 003c FFF7FEFF 		bl	dbg_check_unlock_from_isr
 203              	.LVL8:
 204              	.LBB5:
 205 0040 0023     		movs	r3, #0
 206              	.LVL9:
 207              	@ 143 "../../ChibiOS/os/kernel/src/chsys.c" 1
 208 0042 83F31188 		msr     BASEPRI, r3
 209              	@ 0 "" 2
 210              	.LVL10:
 211              		.thumb
 212              	.LBE5:
 213 0046 3869     		ldr	r0, [r7, #16]
 214 0048 A847     		blx	r5
 215              	.LVL11:
 216              	.LBB6:
 217 004a 2023     		movs	r3, #32
 218              	.LVL12:
 219              	@ 143 "../../ChibiOS/os/kernel/src/chsys.c" 1
 220 004c 83F31188 		msr     BASEPRI, r3
 221              	@ 0 "" 2
 222              	.LVL13:
 223              		.thumb
 224              	.LBE6:
 225 0050 FFF7FEFF 		bl	dbg_check_lock_from_isr
 226              	.LVL14:
ARM GAS  /tmp/ccknmkdz.s 			page 5


 227              	.LBE4:
 228 0054 2768     		ldr	r7, [r4, #0]
 229              	.LVL15:
 230 0056 BB68     		ldr	r3, [r7, #8]
 231 0058 002B     		cmp	r3, #0
 232 005a EAD0     		beq	.L11
 233              	.LVL16:
 234              	.L7:
 235 005c F8BD     		pop	{r3, r4, r5, r6, r7, pc}
 236              	.L14:
 237 005e 00BF     		.align	2
 238              	.L13:
 239 0060 00000000 		.word	rlist
 240 0064 00000000 		.word	vtlist
 241              	.LBE3:
 242              		.cfi_endproc
 243              	.LFE9:
 244              		.size	chSysTimerHandlerI, .-chSysTimerHandlerI
 245              		.global	_idle_thread_wa
 246 0068 AFF30080 		.section	.bss.mainthread.4704,"aw",%nobits
 246      AFF30080 
 247              		.align	2
 248              		.set	.LANCHOR0,. + 0
 249              		.type	mainthread.4704, %object
 250              		.size	mainthread.4704, 76
 251              	mainthread.4704:
 252 0000 00000000 		.space	76
 252      00000000 
 252      00000000 
 252      00000000 
 252      00000000 
 253              		.section	.rodata.str1.4,"aMS",%progbits,1
 254              		.align	2
 255              	.LC0:
 256 0000 69646C65 		.ascii	"idle\000"
 256      00
 257 0005 000000   		.section	.bss._idle_thread_wa,"aw",%nobits
 258              		.align	3
 259              		.set	.LANCHOR1,. + 0
 260              		.type	_idle_thread_wa, %object
 261              		.size	_idle_thread_wa, 416
 262              	_idle_thread_wa:
 263 0000 00000000 		.space	416
 263      00000000 
 263      00000000 
 263      00000000 
 263      00000000 
 264              		.text
 265              	.Letext0:
 266              		.file 2 "/home/tino/ChibiStudio/tools/GNU Tools ARM Embedded/4.6 2012q2/bin/../lib/gcc/arm-none-ea
 267              		.file 3 "../../ChibiOS/os/ports/GCC/ARMCMx/chtypes.h"
 268              		.file 4 "../../ChibiOS/os/kernel/include/chlists.h"
 269              		.file 5 "../../ChibiOS/os/kernel/include/chthreads.h"
 270              		.file 6 "../../ChibiOS/os/ports/GCC/ARMCMx/chcore_v7m.h"
 271              		.file 7 "../../ChibiOS/os/kernel/include/chvt.h"
 272              		.file 8 "../../ChibiOS/os/kernel/include/chschd.h"
 273              		.file 9 "../../ChibiOS/os/kernel/include/chmtx.h"
ARM GAS  /tmp/ccknmkdz.s 			page 6


 274              		.file 10 "../../ChibiOS/os/kernel/include/chregistry.h"
 275              		.file 11 "../../ChibiOS/os/kernel/include/ch.h"
 276              		.section	.debug_info,"",%progbits
 277              	.Ldebug_info0:
 278 0000 FE070000 		.4byte	0x7fe
 279 0004 0200     		.2byte	0x2
 280 0006 00000000 		.4byte	.Ldebug_abbrev0
 281 000a 04       		.byte	0x4
 282 000b 01       		.uleb128 0x1
 283 000c 10010000 		.4byte	.LASF104
 284 0010 01       		.byte	0x1
 285 0011 45000000 		.4byte	.LASF105
 286 0015 59010000 		.4byte	.LASF106
 287 0019 00000000 		.4byte	0
 288 001d 00000000 		.4byte	0
 289 0021 00000000 		.4byte	.Ldebug_ranges0+0
 290 0025 00000000 		.4byte	.Ldebug_line0
 291 0029 02       		.uleb128 0x2
 292 002a 04       		.byte	0x4
 293 002b 05       		.byte	0x5
 294 002c 696E7400 		.ascii	"int\000"
 295 0030 03       		.uleb128 0x3
 296 0031 04       		.byte	0x4
 297 0032 07       		.byte	0x7
 298 0033 EC010000 		.4byte	.LASF0
 299 0037 03       		.uleb128 0x3
 300 0038 01       		.byte	0x1
 301 0039 06       		.byte	0x6
 302 003a C4000000 		.4byte	.LASF1
 303 003e 04       		.uleb128 0x4
 304 003f 66040000 		.4byte	.LASF4
 305 0043 02       		.byte	0x2
 306 0044 2A       		.byte	0x2a
 307 0045 49000000 		.4byte	0x49
 308 0049 03       		.uleb128 0x3
 309 004a 01       		.byte	0x1
 310 004b 08       		.byte	0x8
 311 004c 2A030000 		.4byte	.LASF2
 312 0050 03       		.uleb128 0x3
 313 0051 02       		.byte	0x2
 314 0052 05       		.byte	0x5
 315 0053 42030000 		.4byte	.LASF3
 316 0057 04       		.uleb128 0x4
 317 0058 93010000 		.4byte	.LASF5
 318 005c 02       		.byte	0x2
 319 005d 36       		.byte	0x36
 320 005e 62000000 		.4byte	0x62
 321 0062 03       		.uleb128 0x3
 322 0063 02       		.byte	0x2
 323 0064 07       		.byte	0x7
 324 0065 32020000 		.4byte	.LASF6
 325 0069 04       		.uleb128 0x4
 326 006a 22030000 		.4byte	.LASF7
 327 006e 02       		.byte	0x2
 328 006f 4F       		.byte	0x4f
 329 0070 74000000 		.4byte	0x74
 330 0074 03       		.uleb128 0x3
ARM GAS  /tmp/ccknmkdz.s 			page 7


 331 0075 04       		.byte	0x4
 332 0076 05       		.byte	0x5
 333 0077 07010000 		.4byte	.LASF8
 334 007b 04       		.uleb128 0x4
 335 007c B5030000 		.4byte	.LASF9
 336 0080 02       		.byte	0x2
 337 0081 50       		.byte	0x50
 338 0082 86000000 		.4byte	0x86
 339 0086 03       		.uleb128 0x3
 340 0087 04       		.byte	0x4
 341 0088 07       		.byte	0x7
 342 0089 01020000 		.4byte	.LASF10
 343 008d 03       		.uleb128 0x3
 344 008e 08       		.byte	0x8
 345 008f 05       		.byte	0x5
 346 0090 B6000000 		.4byte	.LASF11
 347 0094 04       		.uleb128 0x4
 348 0095 22000000 		.4byte	.LASF12
 349 0099 02       		.byte	0x2
 350 009a 78       		.byte	0x78
 351 009b 9F000000 		.4byte	0x9f
 352 009f 03       		.uleb128 0x3
 353 00a0 08       		.byte	0x8
 354 00a1 07       		.byte	0x7
 355 00a2 69000000 		.4byte	.LASF13
 356 00a6 03       		.uleb128 0x3
 357 00a7 01       		.byte	0x1
 358 00a8 02       		.byte	0x2
 359 00a9 1C030000 		.4byte	.LASF14
 360 00ad 04       		.uleb128 0x4
 361 00ae 4B020000 		.4byte	.LASF15
 362 00b2 03       		.byte	0x3
 363 00b3 25       		.byte	0x25
 364 00b4 3E000000 		.4byte	0x3e
 365 00b8 04       		.uleb128 0x4
 366 00b9 8A010000 		.4byte	.LASF16
 367 00bd 03       		.byte	0x3
 368 00be 26       		.byte	0x26
 369 00bf 3E000000 		.4byte	0x3e
 370 00c3 04       		.uleb128 0x4
 371 00c4 FA020000 		.4byte	.LASF17
 372 00c8 03       		.byte	0x3
 373 00c9 27       		.byte	0x27
 374 00ca 3E000000 		.4byte	0x3e
 375 00ce 04       		.uleb128 0x4
 376 00cf FD000000 		.4byte	.LASF18
 377 00d3 03       		.byte	0x3
 378 00d4 28       		.byte	0x28
 379 00d5 3E000000 		.4byte	0x3e
 380 00d9 04       		.uleb128 0x4
 381 00da 14030000 		.4byte	.LASF19
 382 00de 03       		.byte	0x3
 383 00df 29       		.byte	0x29
 384 00e0 7B000000 		.4byte	0x7b
 385 00e4 04       		.uleb128 0x4
 386 00e5 45020000 		.4byte	.LASF20
 387 00e9 03       		.byte	0x3
ARM GAS  /tmp/ccknmkdz.s 			page 8


 388 00ea 2A       		.byte	0x2a
 389 00eb 69000000 		.4byte	0x69
 390 00ef 04       		.uleb128 0x4
 391 00f0 5F020000 		.4byte	.LASF21
 392 00f4 03       		.byte	0x3
 393 00f5 2C       		.byte	0x2c
 394 00f6 7B000000 		.4byte	0x7b
 395 00fa 04       		.uleb128 0x4
 396 00fb 06040000 		.4byte	.LASF22
 397 00ff 03       		.byte	0x3
 398 0100 2E       		.byte	0x2e
 399 0101 7B000000 		.4byte	0x7b
 400 0105 04       		.uleb128 0x4
 401 0106 96030000 		.4byte	.LASF23
 402 010a 04       		.byte	0x4
 403 010b 23       		.byte	0x23
 404 010c 10010000 		.4byte	0x110
 405 0110 05       		.uleb128 0x5
 406 0111 96030000 		.4byte	.LASF23
 407 0115 4C       		.byte	0x4c
 408 0116 05       		.byte	0x5
 409 0117 57       		.byte	0x57
 410 0118 43020000 		.4byte	0x243
 411 011c 06       		.uleb128 0x6
 412 011d 78030000 		.4byte	.LASF24
 413 0121 05       		.byte	0x5
 414 0122 58       		.byte	0x58
 415 0123 68020000 		.4byte	0x268
 416 0127 02       		.byte	0x2
 417 0128 23       		.byte	0x23
 418 0129 00       		.uleb128 0
 419 012a 06       		.uleb128 0x6
 420 012b 0D030000 		.4byte	.LASF25
 421 012f 05       		.byte	0x5
 422 0130 5A       		.byte	0x5a
 423 0131 68020000 		.4byte	0x268
 424 0135 02       		.byte	0x2
 425 0136 23       		.byte	0x23
 426 0137 04       		.uleb128 0x4
 427 0138 06       		.uleb128 0x6
 428 0139 A2000000 		.4byte	.LASF26
 429 013d 05       		.byte	0x5
 430 013e 5C       		.byte	0x5c
 431 013f D9000000 		.4byte	0xd9
 432 0143 02       		.byte	0x2
 433 0144 23       		.byte	0x23
 434 0145 08       		.uleb128 0x8
 435 0146 06       		.uleb128 0x6
 436 0147 A1040000 		.4byte	.LASF27
 437 014b 05       		.byte	0x5
 438 014c 5D       		.byte	0x5d
 439 014d 41030000 		.4byte	0x341
 440 0151 02       		.byte	0x2
 441 0152 23       		.byte	0x23
 442 0153 0C       		.uleb128 0xc
 443 0154 06       		.uleb128 0x6
 444 0155 A6010000 		.4byte	.LASF28
ARM GAS  /tmp/ccknmkdz.s 			page 9


 445 0159 05       		.byte	0x5
 446 015a 5F       		.byte	0x5f
 447 015b 68020000 		.4byte	0x268
 448 015f 02       		.byte	0x2
 449 0160 23       		.byte	0x23
 450 0161 10       		.uleb128 0x10
 451 0162 06       		.uleb128 0x6
 452 0163 B8020000 		.4byte	.LASF29
 453 0167 05       		.byte	0x5
 454 0168 60       		.byte	0x60
 455 0169 68020000 		.4byte	0x268
 456 016d 02       		.byte	0x2
 457 016e 23       		.byte	0x23
 458 016f 14       		.uleb128 0x14
 459 0170 06       		.uleb128 0x6
 460 0171 75040000 		.4byte	.LASF30
 461 0175 05       		.byte	0x5
 462 0176 67       		.byte	0x67
 463 0177 1B050000 		.4byte	0x51b
 464 017b 02       		.byte	0x2
 465 017c 23       		.byte	0x23
 466 017d 18       		.uleb128 0x18
 467 017e 06       		.uleb128 0x6
 468 017f E1010000 		.4byte	.LASF31
 469 0183 05       		.byte	0x5
 470 0184 6D       		.byte	0x6d
 471 0185 2D050000 		.4byte	0x52d
 472 0189 02       		.byte	0x2
 473 018a 23       		.byte	0x23
 474 018b 1C       		.uleb128 0x1c
 475 018c 06       		.uleb128 0x6
 476 018d 4C030000 		.4byte	.LASF32
 477 0191 05       		.byte	0x5
 478 0192 72       		.byte	0x72
 479 0193 B8000000 		.4byte	0xb8
 480 0197 02       		.byte	0x2
 481 0198 23       		.byte	0x23
 482 0199 20       		.uleb128 0x20
 483 019a 06       		.uleb128 0x6
 484 019b 8E030000 		.4byte	.LASF33
 485 019f 05       		.byte	0x5
 486 01a0 76       		.byte	0x76
 487 01a1 AD000000 		.4byte	0xad
 488 01a5 02       		.byte	0x2
 489 01a6 23       		.byte	0x23
 490 01a7 21       		.uleb128 0x21
 491 01a8 06       		.uleb128 0x6
 492 01a9 4F040000 		.4byte	.LASF34
 493 01ad 05       		.byte	0x5
 494 01ae 7B       		.byte	0x7b
 495 01af C3000000 		.4byte	0xc3
 496 01b3 02       		.byte	0x2
 497 01b4 23       		.byte	0x23
 498 01b5 22       		.uleb128 0x22
 499 01b6 06       		.uleb128 0x6
 500 01b7 54030000 		.4byte	.LASF35
 501 01bb 05       		.byte	0x5
ARM GAS  /tmp/ccknmkdz.s 			page 10


 502 01bc 81       		.byte	0x81
 503 01bd CE000000 		.4byte	0xce
 504 01c1 02       		.byte	0x2
 505 01c2 23       		.byte	0x23
 506 01c3 23       		.uleb128 0x23
 507 01c4 06       		.uleb128 0x6
 508 01c5 24040000 		.4byte	.LASF36
 509 01c9 05       		.byte	0x5
 510 01ca 88       		.byte	0x88
 511 01cb 26040000 		.4byte	0x426
 512 01cf 02       		.byte	0x2
 513 01d0 23       		.byte	0x23
 514 01d1 24       		.uleb128 0x24
 515 01d2 07       		.uleb128 0x7
 516 01d3 705F7500 		.ascii	"p_u\000"
 517 01d7 05       		.byte	0x5
 518 01d8 AD       		.byte	0xad
 519 01d9 E6040000 		.4byte	0x4e6
 520 01dd 02       		.byte	0x2
 521 01de 23       		.byte	0x23
 522 01df 28       		.uleb128 0x28
 523 01e0 06       		.uleb128 0x6
 524 01e1 A7040000 		.4byte	.LASF37
 525 01e5 05       		.byte	0x5
 526 01e6 B2       		.byte	0xb2
 527 01e7 90020000 		.4byte	0x290
 528 01eb 02       		.byte	0x2
 529 01ec 23       		.byte	0x23
 530 01ed 2C       		.uleb128 0x2c
 531 01ee 06       		.uleb128 0x6
 532 01ef 32040000 		.4byte	.LASF38
 533 01f3 05       		.byte	0x5
 534 01f4 B8       		.byte	0xb8
 535 01f5 6E020000 		.4byte	0x26e
 536 01f9 02       		.byte	0x2
 537 01fa 23       		.byte	0x23
 538 01fb 30       		.uleb128 0x30
 539 01fc 06       		.uleb128 0x6
 540 01fd 15000000 		.4byte	.LASF39
 541 0201 05       		.byte	0x5
 542 0202 BC       		.byte	0xbc
 543 0203 E4000000 		.4byte	0xe4
 544 0207 02       		.byte	0x2
 545 0208 23       		.byte	0x23
 546 0209 38       		.uleb128 0x38
 547 020a 06       		.uleb128 0x6
 548 020b AA030000 		.4byte	.LASF40
 549 020f 05       		.byte	0x5
 550 0210 C2       		.byte	0xc2
 551 0211 EF000000 		.4byte	0xef
 552 0215 02       		.byte	0x2
 553 0216 23       		.byte	0x23
 554 0217 3C       		.uleb128 0x3c
 555 0218 06       		.uleb128 0x6
 556 0219 38030000 		.4byte	.LASF41
 557 021d 05       		.byte	0x5
 558 021e C9       		.byte	0xc9
ARM GAS  /tmp/ccknmkdz.s 			page 11


 559 021f 33050000 		.4byte	0x533
 560 0223 02       		.byte	0x2
 561 0224 23       		.byte	0x23
 562 0225 40       		.uleb128 0x40
 563 0226 06       		.uleb128 0x6
 564 0227 10040000 		.4byte	.LASF42
 565 022b 05       		.byte	0x5
 566 022c CD       		.byte	0xcd
 567 022d D9000000 		.4byte	0xd9
 568 0231 02       		.byte	0x2
 569 0232 23       		.byte	0x23
 570 0233 44       		.uleb128 0x44
 571 0234 06       		.uleb128 0x6
 572 0235 ED000000 		.4byte	.LASF43
 573 0239 05       		.byte	0x5
 574 023a D3       		.byte	0xd3
 575 023b A6020000 		.4byte	0x2a6
 576 023f 02       		.byte	0x2
 577 0240 23       		.byte	0x23
 578 0241 48       		.uleb128 0x48
 579 0242 00       		.byte	0
 580 0243 08       		.uleb128 0x8
 581 0244 08       		.byte	0x8
 582 0245 04       		.byte	0x4
 583 0246 5A       		.byte	0x5a
 584 0247 68020000 		.4byte	0x268
 585 024b 06       		.uleb128 0x6
 586 024c 78030000 		.4byte	.LASF24
 587 0250 04       		.byte	0x4
 588 0251 5B       		.byte	0x5b
 589 0252 68020000 		.4byte	0x268
 590 0256 02       		.byte	0x2
 591 0257 23       		.byte	0x23
 592 0258 00       		.uleb128 0
 593 0259 06       		.uleb128 0x6
 594 025a 0D030000 		.4byte	.LASF25
 595 025e 04       		.byte	0x4
 596 025f 5D       		.byte	0x5d
 597 0260 68020000 		.4byte	0x268
 598 0264 02       		.byte	0x2
 599 0265 23       		.byte	0x23
 600 0266 04       		.uleb128 0x4
 601 0267 00       		.byte	0
 602 0268 09       		.uleb128 0x9
 603 0269 04       		.byte	0x4
 604 026a 05010000 		.4byte	0x105
 605 026e 04       		.uleb128 0x4
 606 026f C6020000 		.4byte	.LASF44
 607 0273 04       		.byte	0x4
 608 0274 5F       		.byte	0x5f
 609 0275 43020000 		.4byte	0x243
 610 0279 08       		.uleb128 0x8
 611 027a 04       		.byte	0x4
 612 027b 04       		.byte	0x4
 613 027c 64       		.byte	0x64
 614 027d 90020000 		.4byte	0x290
 615 0281 06       		.uleb128 0x6
ARM GAS  /tmp/ccknmkdz.s 			page 12


 616 0282 78030000 		.4byte	.LASF24
 617 0286 04       		.byte	0x4
 618 0287 66       		.byte	0x66
 619 0288 68020000 		.4byte	0x268
 620 028c 02       		.byte	0x2
 621 028d 23       		.byte	0x23
 622 028e 00       		.uleb128 0
 623 028f 00       		.byte	0
 624 0290 04       		.uleb128 0x4
 625 0291 53020000 		.4byte	.LASF45
 626 0295 04       		.byte	0x4
 627 0296 69       		.byte	0x69
 628 0297 79020000 		.4byte	0x279
 629 029b 04       		.uleb128 0x4
 630 029c C6010000 		.4byte	.LASF46
 631 02a0 06       		.byte	0x6
 632 02a1 DE       		.byte	0xde
 633 02a2 A6020000 		.4byte	0x2a6
 634 02a6 0A       		.uleb128 0xa
 635 02a7 04       		.byte	0x4
 636 02a8 04       		.uleb128 0x4
 637 02a9 71020000 		.4byte	.LASF47
 638 02ad 06       		.byte	0x6
 639 02ae E4       		.byte	0xe4
 640 02af 94000000 		.4byte	0x94
 641 02b3 0B       		.uleb128 0xb
 642 02b4 2B040000 		.4byte	.LASF48
 643 02b8 24       		.byte	0x24
 644 02b9 06       		.byte	0x6
 645 02ba 0501     		.2byte	0x105
 646 02bc 41030000 		.4byte	0x341
 647 02c0 0C       		.uleb128 0xc
 648 02c1 723400   		.ascii	"r4\000"
 649 02c4 06       		.byte	0x6
 650 02c5 1801     		.2byte	0x118
 651 02c7 9B020000 		.4byte	0x29b
 652 02cb 02       		.byte	0x2
 653 02cc 23       		.byte	0x23
 654 02cd 00       		.uleb128 0
 655 02ce 0C       		.uleb128 0xc
 656 02cf 723500   		.ascii	"r5\000"
 657 02d2 06       		.byte	0x6
 658 02d3 1901     		.2byte	0x119
 659 02d5 9B020000 		.4byte	0x29b
 660 02d9 02       		.byte	0x2
 661 02da 23       		.byte	0x23
 662 02db 04       		.uleb128 0x4
 663 02dc 0C       		.uleb128 0xc
 664 02dd 723600   		.ascii	"r6\000"
 665 02e0 06       		.byte	0x6
 666 02e1 1A01     		.2byte	0x11a
 667 02e3 9B020000 		.4byte	0x29b
 668 02e7 02       		.byte	0x2
 669 02e8 23       		.byte	0x23
 670 02e9 08       		.uleb128 0x8
 671 02ea 0C       		.uleb128 0xc
 672 02eb 723700   		.ascii	"r7\000"
ARM GAS  /tmp/ccknmkdz.s 			page 13


 673 02ee 06       		.byte	0x6
 674 02ef 1B01     		.2byte	0x11b
 675 02f1 9B020000 		.4byte	0x29b
 676 02f5 02       		.byte	0x2
 677 02f6 23       		.byte	0x23
 678 02f7 0C       		.uleb128 0xc
 679 02f8 0C       		.uleb128 0xc
 680 02f9 723800   		.ascii	"r8\000"
 681 02fc 06       		.byte	0x6
 682 02fd 1C01     		.2byte	0x11c
 683 02ff 9B020000 		.4byte	0x29b
 684 0303 02       		.byte	0x2
 685 0304 23       		.byte	0x23
 686 0305 10       		.uleb128 0x10
 687 0306 0C       		.uleb128 0xc
 688 0307 723900   		.ascii	"r9\000"
 689 030a 06       		.byte	0x6
 690 030b 1D01     		.2byte	0x11d
 691 030d 9B020000 		.4byte	0x29b
 692 0311 02       		.byte	0x2
 693 0312 23       		.byte	0x23
 694 0313 14       		.uleb128 0x14
 695 0314 0C       		.uleb128 0xc
 696 0315 72313000 		.ascii	"r10\000"
 697 0319 06       		.byte	0x6
 698 031a 1E01     		.2byte	0x11e
 699 031c 9B020000 		.4byte	0x29b
 700 0320 02       		.byte	0x2
 701 0321 23       		.byte	0x23
 702 0322 18       		.uleb128 0x18
 703 0323 0C       		.uleb128 0xc
 704 0324 72313100 		.ascii	"r11\000"
 705 0328 06       		.byte	0x6
 706 0329 1F01     		.2byte	0x11f
 707 032b 9B020000 		.4byte	0x29b
 708 032f 02       		.byte	0x2
 709 0330 23       		.byte	0x23
 710 0331 1C       		.uleb128 0x1c
 711 0332 0C       		.uleb128 0xc
 712 0333 6C7200   		.ascii	"lr\000"
 713 0336 06       		.byte	0x6
 714 0337 2001     		.2byte	0x120
 715 0339 9B020000 		.4byte	0x29b
 716 033d 02       		.byte	0x2
 717 033e 23       		.byte	0x23
 718 033f 20       		.uleb128 0x20
 719 0340 00       		.byte	0
 720 0341 0B       		.uleb128 0xb
 721 0342 2A020000 		.4byte	.LASF49
 722 0346 04       		.byte	0x4
 723 0347 06       		.byte	0x6
 724 0348 2A01     		.2byte	0x12a
 725 034a 5E030000 		.4byte	0x35e
 726 034e 0C       		.uleb128 0xc
 727 034f 72313300 		.ascii	"r13\000"
 728 0353 06       		.byte	0x6
 729 0354 2B01     		.2byte	0x12b
ARM GAS  /tmp/ccknmkdz.s 			page 14


 730 0356 5E030000 		.4byte	0x35e
 731 035a 02       		.byte	0x2
 732 035b 23       		.byte	0x23
 733 035c 00       		.uleb128 0
 734 035d 00       		.byte	0
 735 035e 09       		.uleb128 0x9
 736 035f 04       		.byte	0x4
 737 0360 B3020000 		.4byte	0x2b3
 738 0364 04       		.uleb128 0x4
 739 0365 1B040000 		.4byte	.LASF50
 740 0369 07       		.byte	0x7
 741 036a 4E       		.byte	0x4e
 742 036b 6F030000 		.4byte	0x36f
 743 036f 09       		.uleb128 0x9
 744 0370 04       		.byte	0x4
 745 0371 75030000 		.4byte	0x375
 746 0375 0D       		.uleb128 0xd
 747 0376 01       		.byte	0x1
 748 0377 81030000 		.4byte	0x381
 749 037b 0E       		.uleb128 0xe
 750 037c A6020000 		.4byte	0x2a6
 751 0380 00       		.byte	0
 752 0381 04       		.uleb128 0x4
 753 0382 D2030000 		.4byte	.LASF51
 754 0386 07       		.byte	0x7
 755 0387 53       		.byte	0x53
 756 0388 8C030000 		.4byte	0x38c
 757 038c 05       		.uleb128 0x5
 758 038d D2030000 		.4byte	.LASF51
 759 0391 14       		.byte	0x14
 760 0392 07       		.byte	0x7
 761 0393 5A       		.byte	0x5a
 762 0394 DF030000 		.4byte	0x3df
 763 0398 06       		.uleb128 0x6
 764 0399 F9010000 		.4byte	.LASF52
 765 039d 07       		.byte	0x7
 766 039e 5B       		.byte	0x5b
 767 039f DF030000 		.4byte	0x3df
 768 03a3 02       		.byte	0x2
 769 03a4 23       		.byte	0x23
 770 03a5 00       		.uleb128 0
 771 03a6 06       		.uleb128 0x6
 772 03a7 CF010000 		.4byte	.LASF53
 773 03ab 07       		.byte	0x7
 774 03ac 5D       		.byte	0x5d
 775 03ad DF030000 		.4byte	0x3df
 776 03b1 02       		.byte	0x2
 777 03b2 23       		.byte	0x23
 778 03b3 04       		.uleb128 0x4
 779 03b4 06       		.uleb128 0x6
 780 03b5 90020000 		.4byte	.LASF54
 781 03b9 07       		.byte	0x7
 782 03ba 5F       		.byte	0x5f
 783 03bb FA000000 		.4byte	0xfa
 784 03bf 02       		.byte	0x2
 785 03c0 23       		.byte	0x23
 786 03c1 08       		.uleb128 0x8
ARM GAS  /tmp/ccknmkdz.s 			page 15


 787 03c2 06       		.uleb128 0x6
 788 03c3 98020000 		.4byte	.LASF55
 789 03c7 07       		.byte	0x7
 790 03c8 60       		.byte	0x60
 791 03c9 64030000 		.4byte	0x364
 792 03cd 02       		.byte	0x2
 793 03ce 23       		.byte	0x23
 794 03cf 0C       		.uleb128 0xc
 795 03d0 06       		.uleb128 0x6
 796 03d1 3D040000 		.4byte	.LASF56
 797 03d5 07       		.byte	0x7
 798 03d6 62       		.byte	0x62
 799 03d7 A6020000 		.4byte	0x2a6
 800 03db 02       		.byte	0x2
 801 03dc 23       		.byte	0x23
 802 03dd 10       		.uleb128 0x10
 803 03de 00       		.byte	0
 804 03df 09       		.uleb128 0x9
 805 03e0 04       		.byte	0x4
 806 03e1 81030000 		.4byte	0x381
 807 03e5 08       		.uleb128 0x8
 808 03e6 10       		.byte	0x10
 809 03e7 07       		.byte	0x7
 810 03e8 6C       		.byte	0x6c
 811 03e9 26040000 		.4byte	0x426
 812 03ed 06       		.uleb128 0x6
 813 03ee F9010000 		.4byte	.LASF52
 814 03f2 07       		.byte	0x7
 815 03f3 6D       		.byte	0x6d
 816 03f4 DF030000 		.4byte	0x3df
 817 03f8 02       		.byte	0x2
 818 03f9 23       		.byte	0x23
 819 03fa 00       		.uleb128 0
 820 03fb 06       		.uleb128 0x6
 821 03fc CF010000 		.4byte	.LASF53
 822 0400 07       		.byte	0x7
 823 0401 6F       		.byte	0x6f
 824 0402 DF030000 		.4byte	0x3df
 825 0406 02       		.byte	0x2
 826 0407 23       		.byte	0x23
 827 0408 04       		.uleb128 0x4
 828 0409 06       		.uleb128 0x6
 829 040a 90020000 		.4byte	.LASF54
 830 040e 07       		.byte	0x7
 831 040f 71       		.byte	0x71
 832 0410 FA000000 		.4byte	0xfa
 833 0414 02       		.byte	0x2
 834 0415 23       		.byte	0x23
 835 0416 08       		.uleb128 0x8
 836 0417 06       		.uleb128 0x6
 837 0418 7C040000 		.4byte	.LASF57
 838 041c 07       		.byte	0x7
 839 041d 72       		.byte	0x72
 840 041e 26040000 		.4byte	0x426
 841 0422 02       		.byte	0x2
 842 0423 23       		.byte	0x23
 843 0424 0C       		.uleb128 0xc
ARM GAS  /tmp/ccknmkdz.s 			page 16


 844 0425 00       		.byte	0
 845 0426 0F       		.uleb128 0xf
 846 0427 FA000000 		.4byte	0xfa
 847 042b 04       		.uleb128 0x4
 848 042c 92040000 		.4byte	.LASF58
 849 0430 07       		.byte	0x7
 850 0431 73       		.byte	0x73
 851 0432 E5030000 		.4byte	0x3e5
 852 0436 08       		.uleb128 0x8
 853 0437 1C       		.byte	0x1c
 854 0438 08       		.byte	0x8
 855 0439 57       		.byte	0x57
 856 043a 93040000 		.4byte	0x493
 857 043e 06       		.uleb128 0x6
 858 043f CA030000 		.4byte	.LASF59
 859 0443 08       		.byte	0x8
 860 0444 58       		.byte	0x58
 861 0445 6E020000 		.4byte	0x26e
 862 0449 02       		.byte	0x2
 863 044a 23       		.byte	0x23
 864 044b 00       		.uleb128 0
 865 044c 06       		.uleb128 0x6
 866 044d 6A030000 		.4byte	.LASF60
 867 0451 08       		.byte	0x8
 868 0452 59       		.byte	0x59
 869 0453 D9000000 		.4byte	0xd9
 870 0457 02       		.byte	0x2
 871 0458 23       		.byte	0x23
 872 0459 08       		.uleb128 0x8
 873 045a 06       		.uleb128 0x6
 874 045b C0020000 		.4byte	.LASF61
 875 045f 08       		.byte	0x8
 876 0460 5B       		.byte	0x5b
 877 0461 41030000 		.4byte	0x341
 878 0465 02       		.byte	0x2
 879 0466 23       		.byte	0x23
 880 0467 0C       		.uleb128 0xc
 881 0468 06       		.uleb128 0x6
 882 0469 BE010000 		.4byte	.LASF62
 883 046d 08       		.byte	0x8
 884 046e 5E       		.byte	0x5e
 885 046f 68020000 		.4byte	0x268
 886 0473 02       		.byte	0x2
 887 0474 23       		.byte	0x23
 888 0475 10       		.uleb128 0x10
 889 0476 06       		.uleb128 0x6
 890 0477 E5020000 		.4byte	.LASF63
 891 047b 08       		.byte	0x8
 892 047c 5F       		.byte	0x5f
 893 047d 68020000 		.4byte	0x268
 894 0481 02       		.byte	0x2
 895 0482 23       		.byte	0x23
 896 0483 14       		.uleb128 0x14
 897 0484 06       		.uleb128 0x6
 898 0485 DB020000 		.4byte	.LASF64
 899 0489 08       		.byte	0x8
 900 048a 62       		.byte	0x62
ARM GAS  /tmp/ccknmkdz.s 			page 17


 901 048b 68020000 		.4byte	0x268
 902 048f 02       		.byte	0x2
 903 0490 23       		.byte	0x23
 904 0491 18       		.uleb128 0x18
 905 0492 00       		.byte	0
 906 0493 04       		.uleb128 0x4
 907 0494 56040000 		.4byte	.LASF65
 908 0498 08       		.byte	0x8
 909 0499 64       		.byte	0x64
 910 049a 36040000 		.4byte	0x436
 911 049e 05       		.uleb128 0x5
 912 049f 6B020000 		.4byte	.LASF66
 913 04a3 10       		.byte	0x10
 914 04a4 09       		.byte	0x9
 915 04a5 25       		.byte	0x25
 916 04a6 D5040000 		.4byte	0x4d5
 917 04aa 06       		.uleb128 0x6
 918 04ab F5000000 		.4byte	.LASF67
 919 04af 09       		.byte	0x9
 920 04b0 26       		.byte	0x26
 921 04b1 6E020000 		.4byte	0x26e
 922 04b5 02       		.byte	0x2
 923 04b6 23       		.byte	0x23
 924 04b7 00       		.uleb128 0
 925 04b8 06       		.uleb128 0x6
 926 04b9 99040000 		.4byte	.LASF68
 927 04bd 09       		.byte	0x9
 928 04be 28       		.byte	0x28
 929 04bf 68020000 		.4byte	0x268
 930 04c3 02       		.byte	0x2
 931 04c4 23       		.byte	0x23
 932 04c5 08       		.uleb128 0x8
 933 04c6 06       		.uleb128 0x6
 934 04c7 FF030000 		.4byte	.LASF69
 935 04cb 09       		.byte	0x9
 936 04cc 2A       		.byte	0x2a
 937 04cd D5040000 		.4byte	0x4d5
 938 04d1 02       		.byte	0x2
 939 04d2 23       		.byte	0x23
 940 04d3 0C       		.uleb128 0xc
 941 04d4 00       		.byte	0
 942 04d5 09       		.uleb128 0x9
 943 04d6 04       		.byte	0x4
 944 04d7 9E040000 		.4byte	0x49e
 945 04db 04       		.uleb128 0x4
 946 04dc 6B020000 		.4byte	.LASF66
 947 04e0 09       		.byte	0x9
 948 04e1 2C       		.byte	0x2c
 949 04e2 9E040000 		.4byte	0x49e
 950 04e6 10       		.uleb128 0x10
 951 04e7 04       		.byte	0x4
 952 04e8 05       		.byte	0x5
 953 04e9 8F       		.byte	0x8f
 954 04ea 1B050000 		.4byte	0x51b
 955 04ee 11       		.uleb128 0x11
 956 04ef 1B000000 		.4byte	.LASF70
 957 04f3 05       		.byte	0x5
ARM GAS  /tmp/ccknmkdz.s 			page 18


 958 04f4 96       		.byte	0x96
 959 04f5 E4000000 		.4byte	0xe4
 960 04f9 11       		.uleb128 0x11
 961 04fa 8E000000 		.4byte	.LASF71
 962 04fe 05       		.byte	0x5
 963 04ff 9D       		.byte	0x9d
 964 0500 E4000000 		.4byte	0xe4
 965 0504 11       		.uleb128 0x11
 966 0505 6E040000 		.4byte	.LASF72
 967 0509 05       		.byte	0x5
 968 050a A4       		.byte	0xa4
 969 050b A6020000 		.4byte	0x2a6
 970 050f 11       		.uleb128 0x11
 971 0510 71030000 		.4byte	.LASF73
 972 0514 05       		.byte	0x5
 973 0515 AB       		.byte	0xab
 974 0516 EF000000 		.4byte	0xef
 975 051a 00       		.byte	0
 976 051b 09       		.uleb128 0x9
 977 051c 04       		.byte	0x4
 978 051d 21050000 		.4byte	0x521
 979 0521 12       		.uleb128 0x12
 980 0522 26050000 		.4byte	0x526
 981 0526 03       		.uleb128 0x3
 982 0527 01       		.byte	0x1
 983 0528 08       		.byte	0x8
 984 0529 DF030000 		.4byte	.LASF74
 985 052d 09       		.uleb128 0x9
 986 052e 04       		.byte	0x4
 987 052f A8020000 		.4byte	0x2a8
 988 0533 09       		.uleb128 0x9
 989 0534 04       		.byte	0x4
 990 0535 DB040000 		.4byte	0x4db
 991 0539 04       		.uleb128 0x4
 992 053a 00000000 		.4byte	.LASF75
 993 053e 05       		.byte	0x5
 994 053f DE       		.byte	0xde
 995 0540 44050000 		.4byte	0x544
 996 0544 09       		.uleb128 0x9
 997 0545 04       		.byte	0x4
 998 0546 4A050000 		.4byte	0x54a
 999 054a 13       		.uleb128 0x13
 1000 054b 01       		.byte	0x1
 1001 054c E4000000 		.4byte	0xe4
 1002 0550 5A050000 		.4byte	0x55a
 1003 0554 0E       		.uleb128 0xe
 1004 0555 A6020000 		.4byte	0x2a6
 1005 0559 00       		.byte	0
 1006 055a 08       		.uleb128 0x8
 1007 055b 16       		.byte	0x16
 1008 055c 0A       		.byte	0xa
 1009 055d 25       		.byte	0x25
 1010 055e 5F060000 		.4byte	0x65f
 1011 0562 06       		.uleb128 0x6
 1012 0563 1C020000 		.4byte	.LASF76
 1013 0567 0A       		.byte	0xa
 1014 0568 26       		.byte	0x26
ARM GAS  /tmp/ccknmkdz.s 			page 19


 1015 0569 5F060000 		.4byte	0x65f
 1016 056d 02       		.byte	0x2
 1017 056e 23       		.byte	0x23
 1018 056f 00       		.uleb128 0
 1019 0570 06       		.uleb128 0x6
 1020 0571 7C020000 		.4byte	.LASF77
 1021 0575 0A       		.byte	0xa
 1022 0576 27       		.byte	0x27
 1023 0577 3E000000 		.4byte	0x3e
 1024 057b 02       		.byte	0x2
 1025 057c 23       		.byte	0x23
 1026 057d 04       		.uleb128 0x4
 1027 057e 06       		.uleb128 0x6
 1028 057f D3020000 		.4byte	.LASF78
 1029 0583 0A       		.byte	0xa
 1030 0584 28       		.byte	0x28
 1031 0585 3E000000 		.4byte	0x3e
 1032 0589 02       		.byte	0x2
 1033 058a 23       		.byte	0x23
 1034 058b 05       		.uleb128 0x5
 1035 058c 06       		.uleb128 0x6
 1036 058d 87040000 		.4byte	.LASF79
 1037 0591 0A       		.byte	0xa
 1038 0592 29       		.byte	0x29
 1039 0593 57000000 		.4byte	0x57
 1040 0597 02       		.byte	0x2
 1041 0598 23       		.byte	0x23
 1042 0599 06       		.uleb128 0x6
 1043 059a 06       		.uleb128 0x6
 1044 059b 02030000 		.4byte	.LASF80
 1045 059f 0A       		.byte	0xa
 1046 05a0 2A       		.byte	0x2a
 1047 05a1 3E000000 		.4byte	0x3e
 1048 05a5 02       		.byte	0x2
 1049 05a6 23       		.byte	0x23
 1050 05a7 08       		.uleb128 0x8
 1051 05a8 06       		.uleb128 0x6
 1052 05a9 A0020000 		.4byte	.LASF81
 1053 05ad 0A       		.byte	0xa
 1054 05ae 2B       		.byte	0x2b
 1055 05af 3E000000 		.4byte	0x3e
 1056 05b3 02       		.byte	0x2
 1057 05b4 23       		.byte	0x23
 1058 05b5 09       		.uleb128 0x9
 1059 05b6 06       		.uleb128 0x6
 1060 05b7 80000000 		.4byte	.LASF82
 1061 05bb 0A       		.byte	0xa
 1062 05bc 2C       		.byte	0x2c
 1063 05bd 3E000000 		.4byte	0x3e
 1064 05c1 02       		.byte	0x2
 1065 05c2 23       		.byte	0x23
 1066 05c3 0A       		.uleb128 0xa
 1067 05c4 06       		.uleb128 0x6
 1068 05c5 BE030000 		.4byte	.LASF83
 1069 05c9 0A       		.byte	0xa
 1070 05ca 2D       		.byte	0x2d
 1071 05cb 3E000000 		.4byte	0x3e
ARM GAS  /tmp/ccknmkdz.s 			page 20


 1072 05cf 02       		.byte	0x2
 1073 05d0 23       		.byte	0x23
 1074 05d1 0B       		.uleb128 0xb
 1075 05d2 06       		.uleb128 0x6
 1076 05d3 44040000 		.4byte	.LASF84
 1077 05d7 0A       		.byte	0xa
 1078 05d8 2E       		.byte	0x2e
 1079 05d9 3E000000 		.4byte	0x3e
 1080 05dd 02       		.byte	0x2
 1081 05de 23       		.byte	0x23
 1082 05df 0C       		.uleb128 0xc
 1083 05e0 06       		.uleb128 0x6
 1084 05e1 9D030000 		.4byte	.LASF85
 1085 05e5 0A       		.byte	0xa
 1086 05e6 2F       		.byte	0x2f
 1087 05e7 3E000000 		.4byte	0x3e
 1088 05eb 02       		.byte	0x2
 1089 05ec 23       		.byte	0x23
 1090 05ed 0D       		.uleb128 0xd
 1091 05ee 06       		.uleb128 0x6
 1092 05ef 08000000 		.4byte	.LASF86
 1093 05f3 0A       		.byte	0xa
 1094 05f4 30       		.byte	0x30
 1095 05f5 3E000000 		.4byte	0x3e
 1096 05f9 02       		.byte	0x2
 1097 05fa 23       		.byte	0x23
 1098 05fb 0E       		.uleb128 0xe
 1099 05fc 06       		.uleb128 0x6
 1100 05fd AC020000 		.4byte	.LASF87
 1101 0601 0A       		.byte	0xa
 1102 0602 31       		.byte	0x31
 1103 0603 3E000000 		.4byte	0x3e
 1104 0607 02       		.byte	0x2
 1105 0608 23       		.byte	0x23
 1106 0609 0F       		.uleb128 0xf
 1107 060a 06       		.uleb128 0x6
 1108 060b D0000000 		.4byte	.LASF88
 1109 060f 0A       		.byte	0xa
 1110 0610 32       		.byte	0x32
 1111 0611 3E000000 		.4byte	0x3e
 1112 0615 02       		.byte	0x2
 1113 0616 23       		.byte	0x23
 1114 0617 10       		.uleb128 0x10
 1115 0618 06       		.uleb128 0x6
 1116 0619 A9000000 		.4byte	.LASF89
 1117 061d 0A       		.byte	0xa
 1118 061e 34       		.byte	0x34
 1119 061f 3E000000 		.4byte	0x3e
 1120 0623 02       		.byte	0x2
 1121 0624 23       		.byte	0x23
 1122 0625 11       		.uleb128 0x11
 1123 0626 06       		.uleb128 0x6
 1124 0627 E0000000 		.4byte	.LASF90
 1125 062b 0A       		.byte	0xa
 1126 062c 35       		.byte	0x35
 1127 062d 3E000000 		.4byte	0x3e
 1128 0631 02       		.byte	0x2
ARM GAS  /tmp/ccknmkdz.s 			page 21


 1129 0632 23       		.byte	0x23
 1130 0633 12       		.uleb128 0x12
 1131 0634 06       		.uleb128 0x6
 1132 0635 84020000 		.4byte	.LASF91
 1133 0639 0A       		.byte	0xa
 1134 063a 36       		.byte	0x36
 1135 063b 3E000000 		.4byte	0x3e
 1136 063f 02       		.byte	0x2
 1137 0640 23       		.byte	0x23
 1138 0641 13       		.uleb128 0x13
 1139 0642 06       		.uleb128 0x6
 1140 0643 7F030000 		.4byte	.LASF92
 1141 0647 0A       		.byte	0xa
 1142 0648 37       		.byte	0x37
 1143 0649 3E000000 		.4byte	0x3e
 1144 064d 02       		.byte	0x2
 1145 064e 23       		.byte	0x23
 1146 064f 14       		.uleb128 0x14
 1147 0650 06       		.uleb128 0x6
 1148 0651 5E030000 		.4byte	.LASF93
 1149 0655 0A       		.byte	0xa
 1150 0656 39       		.byte	0x39
 1151 0657 3E000000 		.4byte	0x3e
 1152 065b 02       		.byte	0x2
 1153 065c 23       		.byte	0x23
 1154 065d 15       		.uleb128 0x15
 1155 065e 00       		.byte	0
 1156 065f 14       		.uleb128 0x14
 1157 0660 26050000 		.4byte	0x526
 1158 0664 6F060000 		.4byte	0x66f
 1159 0668 15       		.uleb128 0x15
 1160 0669 30000000 		.4byte	0x30
 1161 066d 03       		.byte	0x3
 1162 066e 00       		.byte	0
 1163 066f 04       		.uleb128 0x4
 1164 0670 9C010000 		.4byte	.LASF94
 1165 0674 0A       		.byte	0xa
 1166 0675 3A       		.byte	0x3a
 1167 0676 5A050000 		.4byte	0x55a
 1168 067a 16       		.uleb128 0x16
 1169 067b 01       		.byte	0x1
 1170 067c ED020000 		.4byte	.LASF95
 1171 0680 01       		.byte	0x1
 1172 0681 36       		.byte	0x36
 1173 0682 01       		.byte	0x1
 1174 0683 00000000 		.4byte	.LFB7
 1175 0687 14000000 		.4byte	.LFE7
 1176 068b 02       		.byte	0x2
 1177 068c 7D       		.byte	0x7d
 1178 068d 00       		.sleb128 0
 1179 068e A0060000 		.4byte	0x6a0
 1180 0692 17       		.uleb128 0x17
 1181 0693 7000     		.ascii	"p\000"
 1182 0695 01       		.byte	0x1
 1183 0696 36       		.byte	0x36
 1184 0697 A6020000 		.4byte	0x2a6
 1185 069b 00000000 		.4byte	.LLST0
ARM GAS  /tmp/ccknmkdz.s 			page 22


 1186 069f 00       		.byte	0
 1187 06a0 18       		.uleb128 0x18
 1188 06a1 01       		.byte	0x1
 1189 06a2 D7010000 		.4byte	.LASF96
 1190 06a6 01       		.byte	0x1
 1191 06a7 4D       		.byte	0x4d
 1192 06a8 01       		.byte	0x1
 1193 06a9 00000000 		.4byte	.LFB8
 1194 06ad 7E000000 		.4byte	.LFE8
 1195 06b1 13000000 		.4byte	.LLST1
 1196 06b5 F1060000 		.4byte	0x6f1
 1197 06b9 19       		.uleb128 0x19
 1198 06ba 97000000 		.4byte	.LASF97
 1199 06be 01       		.byte	0x1
 1200 06bf 4E       		.byte	0x4e
 1201 06c0 05010000 		.4byte	0x105
 1202 06c4 05       		.byte	0x5
 1203 06c5 03       		.byte	0x3
 1204 06c6 00000000 		.4byte	mainthread.4704
 1205 06ca 1A       		.uleb128 0x1a
 1206 06cb E4030000 		.4byte	.LASF99
 1207 06cf 01       		.byte	0x1
 1208 06d0 50       		.byte	0x50
 1209 06d1 A8020000 		.4byte	0x2a8
 1210 06d5 01       		.byte	0x1
 1211 06d6 01       		.byte	0x1
 1212 06d7 1B       		.uleb128 0x1b
 1213 06d8 48000000 		.4byte	.LBB2
 1214 06dc 50000000 		.4byte	.LBE2
 1215 06e0 1C       		.uleb128 0x1c
 1216 06e1 746D7000 		.ascii	"tmp\000"
 1217 06e5 01       		.byte	0x1
 1218 06e6 68       		.byte	0x68
 1219 06e7 7B000000 		.4byte	0x7b
 1220 06eb 3F000000 		.4byte	.LLST2
 1221 06ef 00       		.byte	0
 1222 06f0 00       		.byte	0
 1223 06f1 18       		.uleb128 0x18
 1224 06f2 01       		.byte	0x1
 1225 06f3 32000000 		.4byte	.LASF98
 1226 06f7 01       		.byte	0x1
 1227 06f8 82       		.byte	0x82
 1228 06f9 01       		.byte	0x1
 1229 06fa 00000000 		.4byte	.LFB9
 1230 06fe 68000000 		.4byte	.LFE9
 1231 0702 52000000 		.4byte	.LLST3
 1232 0706 72070000 		.4byte	0x772
 1233 070a 1B       		.uleb128 0x1b
 1234 070b 2A000000 		.4byte	.LBB3
 1235 070f 68000000 		.4byte	.LBE3
 1236 0713 1C       		.uleb128 0x1c
 1237 0714 76747000 		.ascii	"vtp\000"
 1238 0718 01       		.byte	0x1
 1239 0719 8F       		.byte	0x8f
 1240 071a DF030000 		.4byte	0x3df
 1241 071e 72000000 		.4byte	.LLST4
 1242 0722 1B       		.uleb128 0x1b
ARM GAS  /tmp/ccknmkdz.s 			page 23


 1243 0723 32000000 		.4byte	.LBB4
 1244 0727 54000000 		.4byte	.LBE4
 1245 072b 1C       		.uleb128 0x1c
 1246 072c 666E00   		.ascii	"fn\000"
 1247 072f 01       		.byte	0x1
 1248 0730 8F       		.byte	0x8f
 1249 0731 64030000 		.4byte	0x364
 1250 0735 9D000000 		.4byte	.LLST5
 1251 0739 1D       		.uleb128 0x1d
 1252 073a 40000000 		.4byte	.LBB5
 1253 073e 46000000 		.4byte	.LBE5
 1254 0742 56070000 		.4byte	0x756
 1255 0746 1C       		.uleb128 0x1c
 1256 0747 746D7000 		.ascii	"tmp\000"
 1257 074b 01       		.byte	0x1
 1258 074c 8F       		.byte	0x8f
 1259 074d 7B000000 		.4byte	0x7b
 1260 0751 BC000000 		.4byte	.LLST6
 1261 0755 00       		.byte	0
 1262 0756 1B       		.uleb128 0x1b
 1263 0757 4A000000 		.4byte	.LBB6
 1264 075b 50000000 		.4byte	.LBE6
 1265 075f 1C       		.uleb128 0x1c
 1266 0760 746D7000 		.ascii	"tmp\000"
 1267 0764 01       		.byte	0x1
 1268 0765 8F       		.byte	0x8f
 1269 0766 7B000000 		.4byte	0x7b
 1270 076a CF000000 		.4byte	.LLST7
 1271 076e 00       		.byte	0
 1272 076f 00       		.byte	0
 1273 0770 00       		.byte	0
 1274 0771 00       		.byte	0
 1275 0772 1A       		.uleb128 0x1a
 1276 0773 2B000000 		.4byte	.LASF100
 1277 0777 07       		.byte	0x7
 1278 0778 D1       		.byte	0xd1
 1279 0779 2B040000 		.4byte	0x42b
 1280 077d 01       		.byte	0x1
 1281 077e 01       		.byte	0x1
 1282 077f 1A       		.uleb128 0x1a
 1283 0780 60040000 		.4byte	.LASF101
 1284 0784 08       		.byte	0x8
 1285 0785 68       		.byte	0x68
 1286 0786 93040000 		.4byte	0x493
 1287 078a 01       		.byte	0x1
 1288 078b 01       		.byte	0x1
 1289 078c 1A       		.uleb128 0x1a
 1290 078d 13020000 		.4byte	.LASF102
 1291 0791 0A       		.byte	0xa
 1292 0792 77       		.byte	0x77
 1293 0793 99070000 		.4byte	0x799
 1294 0797 01       		.byte	0x1
 1295 0798 01       		.byte	0x1
 1296 0799 12       		.uleb128 0x12
 1297 079a 6F060000 		.4byte	0x66f
 1298 079e 14       		.uleb128 0x14
 1299 079f A8020000 		.4byte	0x2a8
ARM GAS  /tmp/ccknmkdz.s 			page 24


 1300 07a3 AE070000 		.4byte	0x7ae
 1301 07a7 15       		.uleb128 0x15
 1302 07a8 30000000 		.4byte	0x30
 1303 07ac 33       		.byte	0x33
 1304 07ad 00       		.byte	0
 1305 07ae 1A       		.uleb128 0x1a
 1306 07af AE010000 		.4byte	.LASF103
 1307 07b3 0B       		.byte	0xb
 1308 07b4 82       		.byte	0x82
 1309 07b5 9E070000 		.4byte	0x79e
 1310 07b9 01       		.byte	0x1
 1311 07ba 01       		.byte	0x1
 1312 07bb 1A       		.uleb128 0x1a
 1313 07bc 2B000000 		.4byte	.LASF100
 1314 07c0 07       		.byte	0x7
 1315 07c1 D1       		.byte	0xd1
 1316 07c2 2B040000 		.4byte	0x42b
 1317 07c6 01       		.byte	0x1
 1318 07c7 01       		.byte	0x1
 1319 07c8 1A       		.uleb128 0x1a
 1320 07c9 60040000 		.4byte	.LASF101
 1321 07cd 08       		.byte	0x8
 1322 07ce 68       		.byte	0x68
 1323 07cf 93040000 		.4byte	0x493
 1324 07d3 01       		.byte	0x1
 1325 07d4 01       		.byte	0x1
 1326 07d5 1A       		.uleb128 0x1a
 1327 07d6 13020000 		.4byte	.LASF102
 1328 07da 0A       		.byte	0xa
 1329 07db 77       		.byte	0x77
 1330 07dc 99070000 		.4byte	0x799
 1331 07e0 01       		.byte	0x1
 1332 07e1 01       		.byte	0x1
 1333 07e2 1E       		.uleb128 0x1e
 1334 07e3 AE010000 		.4byte	.LASF103
 1335 07e7 01       		.byte	0x1
 1336 07e8 2A       		.byte	0x2a
 1337 07e9 9E070000 		.4byte	0x79e
 1338 07ed 01       		.byte	0x1
 1339 07ee 05       		.byte	0x5
 1340 07ef 03       		.byte	0x3
 1341 07f0 00000000 		.4byte	_idle_thread_wa
 1342 07f4 1A       		.uleb128 0x1a
 1343 07f5 E4030000 		.4byte	.LASF99
 1344 07f9 01       		.byte	0x1
 1345 07fa 50       		.byte	0x50
 1346 07fb A8020000 		.4byte	0x2a8
 1347 07ff 01       		.byte	0x1
 1348 0800 01       		.byte	0x1
 1349 0801 00       		.byte	0
 1350              		.section	.debug_abbrev,"",%progbits
 1351              	.Ldebug_abbrev0:
 1352 0000 01       		.uleb128 0x1
 1353 0001 11       		.uleb128 0x11
 1354 0002 01       		.byte	0x1
 1355 0003 25       		.uleb128 0x25
 1356 0004 0E       		.uleb128 0xe
ARM GAS  /tmp/ccknmkdz.s 			page 25


 1357 0005 13       		.uleb128 0x13
 1358 0006 0B       		.uleb128 0xb
 1359 0007 03       		.uleb128 0x3
 1360 0008 0E       		.uleb128 0xe
 1361 0009 1B       		.uleb128 0x1b
 1362 000a 0E       		.uleb128 0xe
 1363 000b 11       		.uleb128 0x11
 1364 000c 01       		.uleb128 0x1
 1365 000d 52       		.uleb128 0x52
 1366 000e 01       		.uleb128 0x1
 1367 000f 55       		.uleb128 0x55
 1368 0010 06       		.uleb128 0x6
 1369 0011 10       		.uleb128 0x10
 1370 0012 06       		.uleb128 0x6
 1371 0013 00       		.byte	0
 1372 0014 00       		.byte	0
 1373 0015 02       		.uleb128 0x2
 1374 0016 24       		.uleb128 0x24
 1375 0017 00       		.byte	0
 1376 0018 0B       		.uleb128 0xb
 1377 0019 0B       		.uleb128 0xb
 1378 001a 3E       		.uleb128 0x3e
 1379 001b 0B       		.uleb128 0xb
 1380 001c 03       		.uleb128 0x3
 1381 001d 08       		.uleb128 0x8
 1382 001e 00       		.byte	0
 1383 001f 00       		.byte	0
 1384 0020 03       		.uleb128 0x3
 1385 0021 24       		.uleb128 0x24
 1386 0022 00       		.byte	0
 1387 0023 0B       		.uleb128 0xb
 1388 0024 0B       		.uleb128 0xb
 1389 0025 3E       		.uleb128 0x3e
 1390 0026 0B       		.uleb128 0xb
 1391 0027 03       		.uleb128 0x3
 1392 0028 0E       		.uleb128 0xe
 1393 0029 00       		.byte	0
 1394 002a 00       		.byte	0
 1395 002b 04       		.uleb128 0x4
 1396 002c 16       		.uleb128 0x16
 1397 002d 00       		.byte	0
 1398 002e 03       		.uleb128 0x3
 1399 002f 0E       		.uleb128 0xe
 1400 0030 3A       		.uleb128 0x3a
 1401 0031 0B       		.uleb128 0xb
 1402 0032 3B       		.uleb128 0x3b
 1403 0033 0B       		.uleb128 0xb
 1404 0034 49       		.uleb128 0x49
 1405 0035 13       		.uleb128 0x13
 1406 0036 00       		.byte	0
 1407 0037 00       		.byte	0
 1408 0038 05       		.uleb128 0x5
 1409 0039 13       		.uleb128 0x13
 1410 003a 01       		.byte	0x1
 1411 003b 03       		.uleb128 0x3
 1412 003c 0E       		.uleb128 0xe
 1413 003d 0B       		.uleb128 0xb
ARM GAS  /tmp/ccknmkdz.s 			page 26


 1414 003e 0B       		.uleb128 0xb
 1415 003f 3A       		.uleb128 0x3a
 1416 0040 0B       		.uleb128 0xb
 1417 0041 3B       		.uleb128 0x3b
 1418 0042 0B       		.uleb128 0xb
 1419 0043 01       		.uleb128 0x1
 1420 0044 13       		.uleb128 0x13
 1421 0045 00       		.byte	0
 1422 0046 00       		.byte	0
 1423 0047 06       		.uleb128 0x6
 1424 0048 0D       		.uleb128 0xd
 1425 0049 00       		.byte	0
 1426 004a 03       		.uleb128 0x3
 1427 004b 0E       		.uleb128 0xe
 1428 004c 3A       		.uleb128 0x3a
 1429 004d 0B       		.uleb128 0xb
 1430 004e 3B       		.uleb128 0x3b
 1431 004f 0B       		.uleb128 0xb
 1432 0050 49       		.uleb128 0x49
 1433 0051 13       		.uleb128 0x13
 1434 0052 38       		.uleb128 0x38
 1435 0053 0A       		.uleb128 0xa
 1436 0054 00       		.byte	0
 1437 0055 00       		.byte	0
 1438 0056 07       		.uleb128 0x7
 1439 0057 0D       		.uleb128 0xd
 1440 0058 00       		.byte	0
 1441 0059 03       		.uleb128 0x3
 1442 005a 08       		.uleb128 0x8
 1443 005b 3A       		.uleb128 0x3a
 1444 005c 0B       		.uleb128 0xb
 1445 005d 3B       		.uleb128 0x3b
 1446 005e 0B       		.uleb128 0xb
 1447 005f 49       		.uleb128 0x49
 1448 0060 13       		.uleb128 0x13
 1449 0061 38       		.uleb128 0x38
 1450 0062 0A       		.uleb128 0xa
 1451 0063 00       		.byte	0
 1452 0064 00       		.byte	0
 1453 0065 08       		.uleb128 0x8
 1454 0066 13       		.uleb128 0x13
 1455 0067 01       		.byte	0x1
 1456 0068 0B       		.uleb128 0xb
 1457 0069 0B       		.uleb128 0xb
 1458 006a 3A       		.uleb128 0x3a
 1459 006b 0B       		.uleb128 0xb
 1460 006c 3B       		.uleb128 0x3b
 1461 006d 0B       		.uleb128 0xb
 1462 006e 01       		.uleb128 0x1
 1463 006f 13       		.uleb128 0x13
 1464 0070 00       		.byte	0
 1465 0071 00       		.byte	0
 1466 0072 09       		.uleb128 0x9
 1467 0073 0F       		.uleb128 0xf
 1468 0074 00       		.byte	0
 1469 0075 0B       		.uleb128 0xb
 1470 0076 0B       		.uleb128 0xb
ARM GAS  /tmp/ccknmkdz.s 			page 27


 1471 0077 49       		.uleb128 0x49
 1472 0078 13       		.uleb128 0x13
 1473 0079 00       		.byte	0
 1474 007a 00       		.byte	0
 1475 007b 0A       		.uleb128 0xa
 1476 007c 0F       		.uleb128 0xf
 1477 007d 00       		.byte	0
 1478 007e 0B       		.uleb128 0xb
 1479 007f 0B       		.uleb128 0xb
 1480 0080 00       		.byte	0
 1481 0081 00       		.byte	0
 1482 0082 0B       		.uleb128 0xb
 1483 0083 13       		.uleb128 0x13
 1484 0084 01       		.byte	0x1
 1485 0085 03       		.uleb128 0x3
 1486 0086 0E       		.uleb128 0xe
 1487 0087 0B       		.uleb128 0xb
 1488 0088 0B       		.uleb128 0xb
 1489 0089 3A       		.uleb128 0x3a
 1490 008a 0B       		.uleb128 0xb
 1491 008b 3B       		.uleb128 0x3b
 1492 008c 05       		.uleb128 0x5
 1493 008d 01       		.uleb128 0x1
 1494 008e 13       		.uleb128 0x13
 1495 008f 00       		.byte	0
 1496 0090 00       		.byte	0
 1497 0091 0C       		.uleb128 0xc
 1498 0092 0D       		.uleb128 0xd
 1499 0093 00       		.byte	0
 1500 0094 03       		.uleb128 0x3
 1501 0095 08       		.uleb128 0x8
 1502 0096 3A       		.uleb128 0x3a
 1503 0097 0B       		.uleb128 0xb
 1504 0098 3B       		.uleb128 0x3b
 1505 0099 05       		.uleb128 0x5
 1506 009a 49       		.uleb128 0x49
 1507 009b 13       		.uleb128 0x13
 1508 009c 38       		.uleb128 0x38
 1509 009d 0A       		.uleb128 0xa
 1510 009e 00       		.byte	0
 1511 009f 00       		.byte	0
 1512 00a0 0D       		.uleb128 0xd
 1513 00a1 15       		.uleb128 0x15
 1514 00a2 01       		.byte	0x1
 1515 00a3 27       		.uleb128 0x27
 1516 00a4 0C       		.uleb128 0xc
 1517 00a5 01       		.uleb128 0x1
 1518 00a6 13       		.uleb128 0x13
 1519 00a7 00       		.byte	0
 1520 00a8 00       		.byte	0
 1521 00a9 0E       		.uleb128 0xe
 1522 00aa 05       		.uleb128 0x5
 1523 00ab 00       		.byte	0
 1524 00ac 49       		.uleb128 0x49
 1525 00ad 13       		.uleb128 0x13
 1526 00ae 00       		.byte	0
 1527 00af 00       		.byte	0
ARM GAS  /tmp/ccknmkdz.s 			page 28


 1528 00b0 0F       		.uleb128 0xf
 1529 00b1 35       		.uleb128 0x35
 1530 00b2 00       		.byte	0
 1531 00b3 49       		.uleb128 0x49
 1532 00b4 13       		.uleb128 0x13
 1533 00b5 00       		.byte	0
 1534 00b6 00       		.byte	0
 1535 00b7 10       		.uleb128 0x10
 1536 00b8 17       		.uleb128 0x17
 1537 00b9 01       		.byte	0x1
 1538 00ba 0B       		.uleb128 0xb
 1539 00bb 0B       		.uleb128 0xb
 1540 00bc 3A       		.uleb128 0x3a
 1541 00bd 0B       		.uleb128 0xb
 1542 00be 3B       		.uleb128 0x3b
 1543 00bf 0B       		.uleb128 0xb
 1544 00c0 01       		.uleb128 0x1
 1545 00c1 13       		.uleb128 0x13
 1546 00c2 00       		.byte	0
 1547 00c3 00       		.byte	0
 1548 00c4 11       		.uleb128 0x11
 1549 00c5 0D       		.uleb128 0xd
 1550 00c6 00       		.byte	0
 1551 00c7 03       		.uleb128 0x3
 1552 00c8 0E       		.uleb128 0xe
 1553 00c9 3A       		.uleb128 0x3a
 1554 00ca 0B       		.uleb128 0xb
 1555 00cb 3B       		.uleb128 0x3b
 1556 00cc 0B       		.uleb128 0xb
 1557 00cd 49       		.uleb128 0x49
 1558 00ce 13       		.uleb128 0x13
 1559 00cf 00       		.byte	0
 1560 00d0 00       		.byte	0
 1561 00d1 12       		.uleb128 0x12
 1562 00d2 26       		.uleb128 0x26
 1563 00d3 00       		.byte	0
 1564 00d4 49       		.uleb128 0x49
 1565 00d5 13       		.uleb128 0x13
 1566 00d6 00       		.byte	0
 1567 00d7 00       		.byte	0
 1568 00d8 13       		.uleb128 0x13
 1569 00d9 15       		.uleb128 0x15
 1570 00da 01       		.byte	0x1
 1571 00db 27       		.uleb128 0x27
 1572 00dc 0C       		.uleb128 0xc
 1573 00dd 49       		.uleb128 0x49
 1574 00de 13       		.uleb128 0x13
 1575 00df 01       		.uleb128 0x1
 1576 00e0 13       		.uleb128 0x13
 1577 00e1 00       		.byte	0
 1578 00e2 00       		.byte	0
 1579 00e3 14       		.uleb128 0x14
 1580 00e4 01       		.uleb128 0x1
 1581 00e5 01       		.byte	0x1
 1582 00e6 49       		.uleb128 0x49
 1583 00e7 13       		.uleb128 0x13
 1584 00e8 01       		.uleb128 0x1
ARM GAS  /tmp/ccknmkdz.s 			page 29


 1585 00e9 13       		.uleb128 0x13
 1586 00ea 00       		.byte	0
 1587 00eb 00       		.byte	0
 1588 00ec 15       		.uleb128 0x15
 1589 00ed 21       		.uleb128 0x21
 1590 00ee 00       		.byte	0
 1591 00ef 49       		.uleb128 0x49
 1592 00f0 13       		.uleb128 0x13
 1593 00f1 2F       		.uleb128 0x2f
 1594 00f2 0B       		.uleb128 0xb
 1595 00f3 00       		.byte	0
 1596 00f4 00       		.byte	0
 1597 00f5 16       		.uleb128 0x16
 1598 00f6 2E       		.uleb128 0x2e
 1599 00f7 01       		.byte	0x1
 1600 00f8 3F       		.uleb128 0x3f
 1601 00f9 0C       		.uleb128 0xc
 1602 00fa 03       		.uleb128 0x3
 1603 00fb 0E       		.uleb128 0xe
 1604 00fc 3A       		.uleb128 0x3a
 1605 00fd 0B       		.uleb128 0xb
 1606 00fe 3B       		.uleb128 0x3b
 1607 00ff 0B       		.uleb128 0xb
 1608 0100 27       		.uleb128 0x27
 1609 0101 0C       		.uleb128 0xc
 1610 0102 11       		.uleb128 0x11
 1611 0103 01       		.uleb128 0x1
 1612 0104 12       		.uleb128 0x12
 1613 0105 01       		.uleb128 0x1
 1614 0106 40       		.uleb128 0x40
 1615 0107 0A       		.uleb128 0xa
 1616 0108 01       		.uleb128 0x1
 1617 0109 13       		.uleb128 0x13
 1618 010a 00       		.byte	0
 1619 010b 00       		.byte	0
 1620 010c 17       		.uleb128 0x17
 1621 010d 05       		.uleb128 0x5
 1622 010e 00       		.byte	0
 1623 010f 03       		.uleb128 0x3
 1624 0110 08       		.uleb128 0x8
 1625 0111 3A       		.uleb128 0x3a
 1626 0112 0B       		.uleb128 0xb
 1627 0113 3B       		.uleb128 0x3b
 1628 0114 0B       		.uleb128 0xb
 1629 0115 49       		.uleb128 0x49
 1630 0116 13       		.uleb128 0x13
 1631 0117 02       		.uleb128 0x2
 1632 0118 06       		.uleb128 0x6
 1633 0119 00       		.byte	0
 1634 011a 00       		.byte	0
 1635 011b 18       		.uleb128 0x18
 1636 011c 2E       		.uleb128 0x2e
 1637 011d 01       		.byte	0x1
 1638 011e 3F       		.uleb128 0x3f
 1639 011f 0C       		.uleb128 0xc
 1640 0120 03       		.uleb128 0x3
 1641 0121 0E       		.uleb128 0xe
ARM GAS  /tmp/ccknmkdz.s 			page 30


 1642 0122 3A       		.uleb128 0x3a
 1643 0123 0B       		.uleb128 0xb
 1644 0124 3B       		.uleb128 0x3b
 1645 0125 0B       		.uleb128 0xb
 1646 0126 27       		.uleb128 0x27
 1647 0127 0C       		.uleb128 0xc
 1648 0128 11       		.uleb128 0x11
 1649 0129 01       		.uleb128 0x1
 1650 012a 12       		.uleb128 0x12
 1651 012b 01       		.uleb128 0x1
 1652 012c 40       		.uleb128 0x40
 1653 012d 06       		.uleb128 0x6
 1654 012e 01       		.uleb128 0x1
 1655 012f 13       		.uleb128 0x13
 1656 0130 00       		.byte	0
 1657 0131 00       		.byte	0
 1658 0132 19       		.uleb128 0x19
 1659 0133 34       		.uleb128 0x34
 1660 0134 00       		.byte	0
 1661 0135 03       		.uleb128 0x3
 1662 0136 0E       		.uleb128 0xe
 1663 0137 3A       		.uleb128 0x3a
 1664 0138 0B       		.uleb128 0xb
 1665 0139 3B       		.uleb128 0x3b
 1666 013a 0B       		.uleb128 0xb
 1667 013b 49       		.uleb128 0x49
 1668 013c 13       		.uleb128 0x13
 1669 013d 02       		.uleb128 0x2
 1670 013e 0A       		.uleb128 0xa
 1671 013f 00       		.byte	0
 1672 0140 00       		.byte	0
 1673 0141 1A       		.uleb128 0x1a
 1674 0142 34       		.uleb128 0x34
 1675 0143 00       		.byte	0
 1676 0144 03       		.uleb128 0x3
 1677 0145 0E       		.uleb128 0xe
 1678 0146 3A       		.uleb128 0x3a
 1679 0147 0B       		.uleb128 0xb
 1680 0148 3B       		.uleb128 0x3b
 1681 0149 0B       		.uleb128 0xb
 1682 014a 49       		.uleb128 0x49
 1683 014b 13       		.uleb128 0x13
 1684 014c 3F       		.uleb128 0x3f
 1685 014d 0C       		.uleb128 0xc
 1686 014e 3C       		.uleb128 0x3c
 1687 014f 0C       		.uleb128 0xc
 1688 0150 00       		.byte	0
 1689 0151 00       		.byte	0
 1690 0152 1B       		.uleb128 0x1b
 1691 0153 0B       		.uleb128 0xb
 1692 0154 01       		.byte	0x1
 1693 0155 11       		.uleb128 0x11
 1694 0156 01       		.uleb128 0x1
 1695 0157 12       		.uleb128 0x12
 1696 0158 01       		.uleb128 0x1
 1697 0159 00       		.byte	0
 1698 015a 00       		.byte	0
ARM GAS  /tmp/ccknmkdz.s 			page 31


 1699 015b 1C       		.uleb128 0x1c
 1700 015c 34       		.uleb128 0x34
 1701 015d 00       		.byte	0
 1702 015e 03       		.uleb128 0x3
 1703 015f 08       		.uleb128 0x8
 1704 0160 3A       		.uleb128 0x3a
 1705 0161 0B       		.uleb128 0xb
 1706 0162 3B       		.uleb128 0x3b
 1707 0163 0B       		.uleb128 0xb
 1708 0164 49       		.uleb128 0x49
 1709 0165 13       		.uleb128 0x13
 1710 0166 02       		.uleb128 0x2
 1711 0167 06       		.uleb128 0x6
 1712 0168 00       		.byte	0
 1713 0169 00       		.byte	0
 1714 016a 1D       		.uleb128 0x1d
 1715 016b 0B       		.uleb128 0xb
 1716 016c 01       		.byte	0x1
 1717 016d 11       		.uleb128 0x11
 1718 016e 01       		.uleb128 0x1
 1719 016f 12       		.uleb128 0x12
 1720 0170 01       		.uleb128 0x1
 1721 0171 01       		.uleb128 0x1
 1722 0172 13       		.uleb128 0x13
 1723 0173 00       		.byte	0
 1724 0174 00       		.byte	0
 1725 0175 1E       		.uleb128 0x1e
 1726 0176 34       		.uleb128 0x34
 1727 0177 00       		.byte	0
 1728 0178 03       		.uleb128 0x3
 1729 0179 0E       		.uleb128 0xe
 1730 017a 3A       		.uleb128 0x3a
 1731 017b 0B       		.uleb128 0xb
 1732 017c 3B       		.uleb128 0x3b
 1733 017d 0B       		.uleb128 0xb
 1734 017e 49       		.uleb128 0x49
 1735 017f 13       		.uleb128 0x13
 1736 0180 3F       		.uleb128 0x3f
 1737 0181 0C       		.uleb128 0xc
 1738 0182 02       		.uleb128 0x2
 1739 0183 0A       		.uleb128 0xa
 1740 0184 00       		.byte	0
 1741 0185 00       		.byte	0
 1742 0186 00       		.byte	0
 1743              		.section	.debug_loc,"",%progbits
 1744              	.Ldebug_loc0:
 1745              	.LLST0:
 1746 0000 00000000 		.4byte	.LVL0
 1747 0004 02000000 		.4byte	.LVL1
 1748 0008 0100     		.2byte	0x1
 1749 000a 50       		.byte	0x50
 1750 000b 00000000 		.4byte	0
 1751 000f 00000000 		.4byte	0
 1752              	.LLST1:
 1753 0013 00000000 		.4byte	.LFB8
 1754 0017 02000000 		.4byte	.LCFI0
 1755 001b 0200     		.2byte	0x2
ARM GAS  /tmp/ccknmkdz.s 			page 32


 1756 001d 7D       		.byte	0x7d
 1757 001e 00       		.sleb128 0
 1758 001f 02000000 		.4byte	.LCFI0
 1759 0023 04000000 		.4byte	.LCFI1
 1760 0027 0200     		.2byte	0x2
 1761 0029 7D       		.byte	0x7d
 1762 002a 0C       		.sleb128 12
 1763 002b 04000000 		.4byte	.LCFI1
 1764 002f 7E000000 		.4byte	.LFE8
 1765 0033 0200     		.2byte	0x2
 1766 0035 7D       		.byte	0x7d
 1767 0036 18       		.sleb128 24
 1768 0037 00000000 		.4byte	0
 1769 003b 00000000 		.4byte	0
 1770              	.LLST2:
 1771 003f 50000000 		.4byte	.LVL3
 1772 0043 66000000 		.4byte	.LVL4
 1773 0047 0100     		.2byte	0x1
 1774 0049 53       		.byte	0x53
 1775 004a 00000000 		.4byte	0
 1776 004e 00000000 		.4byte	0
 1777              	.LLST3:
 1778 0052 00000000 		.4byte	.LFB9
 1779 0056 02000000 		.4byte	.LCFI2
 1780 005a 0200     		.2byte	0x2
 1781 005c 7D       		.byte	0x7d
 1782 005d 00       		.sleb128 0
 1783 005e 02000000 		.4byte	.LCFI2
 1784 0062 68000000 		.4byte	.LFE9
 1785 0066 0200     		.2byte	0x2
 1786 0068 7D       		.byte	0x7d
 1787 0069 18       		.sleb128 24
 1788 006a 00000000 		.4byte	0
 1789 006e 00000000 		.4byte	0
 1790              	.LLST4:
 1791 0072 30000000 		.4byte	.LVL5
 1792 0076 32000000 		.4byte	.LVL6
 1793 007a 0200     		.2byte	0x2
 1794 007c 74       		.byte	0x74
 1795 007d 00       		.sleb128 0
 1796 007e 32000000 		.4byte	.LVL6
 1797 0082 56000000 		.4byte	.LVL15
 1798 0086 0100     		.2byte	0x1
 1799 0088 57       		.byte	0x57
 1800 0089 56000000 		.4byte	.LVL15
 1801 008d 5C000000 		.4byte	.LVL16
 1802 0091 0200     		.2byte	0x2
 1803 0093 74       		.byte	0x74
 1804 0094 00       		.sleb128 0
 1805 0095 00000000 		.4byte	0
 1806 0099 00000000 		.4byte	0
 1807              	.LLST5:
 1808 009d 36000000 		.4byte	.LVL7
 1809 00a1 3F000000 		.4byte	.LVL8-1
 1810 00a5 0200     		.2byte	0x2
 1811 00a7 77       		.byte	0x77
 1812 00a8 0C       		.sleb128 12
ARM GAS  /tmp/ccknmkdz.s 			page 33


 1813 00a9 3F000000 		.4byte	.LVL8-1
 1814 00ad 5C000000 		.4byte	.LVL16
 1815 00b1 0100     		.2byte	0x1
 1816 00b3 55       		.byte	0x55
 1817 00b4 00000000 		.4byte	0
 1818 00b8 00000000 		.4byte	0
 1819              	.LLST6:
 1820 00bc 46000000 		.4byte	.LVL10
 1821 00c0 49000000 		.4byte	.LVL11-1
 1822 00c4 0100     		.2byte	0x1
 1823 00c6 53       		.byte	0x53
 1824 00c7 00000000 		.4byte	0
 1825 00cb 00000000 		.4byte	0
 1826              	.LLST7:
 1827 00cf 50000000 		.4byte	.LVL13
 1828 00d3 53000000 		.4byte	.LVL14-1
 1829 00d7 0100     		.2byte	0x1
 1830 00d9 53       		.byte	0x53
 1831 00da 00000000 		.4byte	0
 1832 00de 00000000 		.4byte	0
 1833              		.section	.debug_aranges,"",%progbits
 1834 0000 2C000000 		.4byte	0x2c
 1835 0004 0200     		.2byte	0x2
 1836 0006 00000000 		.4byte	.Ldebug_info0
 1837 000a 04       		.byte	0x4
 1838 000b 00       		.byte	0
 1839 000c 0000     		.2byte	0
 1840 000e 0000     		.2byte	0
 1841 0010 00000000 		.4byte	.LFB7
 1842 0014 14000000 		.4byte	.LFE7-.LFB7
 1843 0018 00000000 		.4byte	.LFB8
 1844 001c 7E000000 		.4byte	.LFE8-.LFB8
 1845 0020 00000000 		.4byte	.LFB9
 1846 0024 68000000 		.4byte	.LFE9-.LFB9
 1847 0028 00000000 		.4byte	0
 1848 002c 00000000 		.4byte	0
 1849              		.section	.debug_ranges,"",%progbits
 1850              	.Ldebug_ranges0:
 1851 0000 00000000 		.4byte	.LFB7
 1852 0004 14000000 		.4byte	.LFE7
 1853 0008 00000000 		.4byte	.LFB8
 1854 000c 7E000000 		.4byte	.LFE8
 1855 0010 00000000 		.4byte	.LFB9
 1856 0014 68000000 		.4byte	.LFE9
 1857 0018 00000000 		.4byte	0
 1858 001c 00000000 		.4byte	0
 1859              		.section	.debug_line,"",%progbits
 1860              	.Ldebug_line0:
 1861 0000 D8010000 		.section	.debug_str,"MS",%progbits,1
 1861      02007E01 
 1861      00000201 
 1861      FB0E0D00 
 1861      01010101 
 1862              	.LASF75:
 1863 0000 7466756E 		.ascii	"tfunc_t\000"
 1863      635F7400 
 1864              	.LASF86:
ARM GAS  /tmp/ccknmkdz.s 			page 34


 1865 0008 63665F6F 		.ascii	"cf_off_older\000"
 1865      66665F6F 
 1865      6C646572 
 1865      00
 1866              	.LASF39:
 1867 0015 705F6D73 		.ascii	"p_msg\000"
 1867      6700
 1868              	.LASF70:
 1869 001b 7264796D 		.ascii	"rdymsg\000"
 1869      736700
 1870              	.LASF12:
 1871 0022 75696E74 		.ascii	"uint64_t\000"
 1871      36345F74 
 1871      00
 1872              	.LASF100:
 1873 002b 76746C69 		.ascii	"vtlist\000"
 1873      737400
 1874              	.LASF98:
 1875 0032 63685379 		.ascii	"chSysTimerHandlerI\000"
 1875      7354696D 
 1875      65724861 
 1875      6E646C65 
 1875      724900
 1876              	.LASF105:
 1877 0045 2E2E2F2E 		.ascii	"../../ChibiOS/os/kernel/src/chsys.c\000"
 1877      2E2F4368 
 1877      6962694F 
 1877      532F6F73 
 1877      2F6B6572 
 1878              	.LASF13:
 1879 0069 6C6F6E67 		.ascii	"long long unsigned int\000"
 1879      206C6F6E 
 1879      6720756E 
 1879      7369676E 
 1879      65642069 
 1880              	.LASF82:
 1881 0080 63685F74 		.ascii	"ch_threadsize\000"
 1881      68726561 
 1881      6473697A 
 1881      6500
 1882              	.LASF71:
 1883 008e 65786974 		.ascii	"exitcode\000"
 1883      636F6465 
 1883      00
 1884              	.LASF97:
 1885 0097 6D61696E 		.ascii	"mainthread\000"
 1885      74687265 
 1885      616400
 1886              	.LASF26:
 1887 00a2 705F7072 		.ascii	"p_prio\000"
 1887      696F00
 1888              	.LASF89:
 1889 00a9 63665F6F 		.ascii	"cf_off_state\000"
 1889      66665F73 
 1889      74617465 
 1889      00
 1890              	.LASF11:
ARM GAS  /tmp/ccknmkdz.s 			page 35


 1891 00b6 6C6F6E67 		.ascii	"long long int\000"
 1891      206C6F6E 
 1891      6720696E 
 1891      7400
 1892              	.LASF1:
 1893 00c4 7369676E 		.ascii	"signed char\000"
 1893      65642063 
 1893      68617200 
 1894              	.LASF88:
 1895 00d0 63665F6F 		.ascii	"cf_off_stklimit\000"
 1895      66665F73 
 1895      746B6C69 
 1895      6D697400 
 1896              	.LASF90:
 1897 00e0 63665F6F 		.ascii	"cf_off_flags\000"
 1897      66665F66 
 1897      6C616773 
 1897      00
 1898              	.LASF43:
 1899 00ed 705F6D70 		.ascii	"p_mpool\000"
 1899      6F6F6C00 
 1900              	.LASF67:
 1901 00f5 6D5F7175 		.ascii	"m_queue\000"
 1901      65756500 
 1902              	.LASF18:
 1903 00fd 74736C69 		.ascii	"tslices_t\000"
 1903      6365735F 
 1903      7400
 1904              	.LASF8:
 1905 0107 6C6F6E67 		.ascii	"long int\000"
 1905      20696E74 
 1905      00
 1906              	.LASF104:
 1907 0110 474E5520 		.ascii	"GNU C 4.6.2 20120613 (release) [ARM/embedded-4_6-br"
 1907      4320342E 
 1907      362E3220 
 1907      32303132 
 1907      30363133 
 1908 0143 616E6368 		.ascii	"anch revision 188521]\000"
 1908      20726576 
 1908      6973696F 
 1908      6E203138 
 1908      38353231 
 1909              	.LASF106:
 1910 0159 2F686F6D 		.ascii	"/home/tino/workspace/openrobots/R2P_IR_module/fw\000"
 1910      652F7469 
 1910      6E6F2F77 
 1910      6F726B73 
 1910      70616365 
 1911              	.LASF16:
 1912 018a 74737461 		.ascii	"tstate_t\000"
 1912      74655F74 
 1912      00
 1913              	.LASF5:
 1914 0193 75696E74 		.ascii	"uint16_t\000"
 1914      31365F74 
 1914      00
ARM GAS  /tmp/ccknmkdz.s 			page 36


 1915              	.LASF94:
 1916 019c 63686465 		.ascii	"chdebug_t\000"
 1916      6275675F 
 1916      7400
 1917              	.LASF28:
 1918 01a6 705F6E65 		.ascii	"p_newer\000"
 1918      77657200 
 1919              	.LASF103:
 1920 01ae 5F69646C 		.ascii	"_idle_thread_wa\000"
 1920      655F7468 
 1920      72656164 
 1920      5F776100 
 1921              	.LASF62:
 1922 01be 725F6E65 		.ascii	"r_newer\000"
 1922      77657200 
 1923              	.LASF46:
 1924 01c6 72656761 		.ascii	"regarm_t\000"
 1924      726D5F74 
 1924      00
 1925              	.LASF53:
 1926 01cf 76745F70 		.ascii	"vt_prev\000"
 1926      72657600 
 1927              	.LASF96:
 1928 01d7 63685379 		.ascii	"chSysInit\000"
 1928      73496E69 
 1928      7400
 1929              	.LASF31:
 1930 01e1 705F7374 		.ascii	"p_stklimit\000"
 1930      6B6C696D 
 1930      697400
 1931              	.LASF0:
 1932 01ec 756E7369 		.ascii	"unsigned int\000"
 1932      676E6564 
 1932      20696E74 
 1932      00
 1933              	.LASF52:
 1934 01f9 76745F6E 		.ascii	"vt_next\000"
 1934      65787400 
 1935              	.LASF10:
 1936 0201 6C6F6E67 		.ascii	"long unsigned int\000"
 1936      20756E73 
 1936      69676E65 
 1936      6420696E 
 1936      7400
 1937              	.LASF102:
 1938 0213 63685F64 		.ascii	"ch_debug\000"
 1938      65627567 
 1938      00
 1939              	.LASF76:
 1940 021c 63685F69 		.ascii	"ch_identifier\000"
 1940      64656E74 
 1940      69666965 
 1940      7200
 1941              	.LASF49:
 1942 022a 636F6E74 		.ascii	"context\000"
 1942      65787400 
 1943              	.LASF6:
ARM GAS  /tmp/ccknmkdz.s 			page 37


 1944 0232 73686F72 		.ascii	"short unsigned int\000"
 1944      7420756E 
 1944      7369676E 
 1944      65642069 
 1944      6E7400
 1945              	.LASF20:
 1946 0245 6D73675F 		.ascii	"msg_t\000"
 1946      7400
 1947              	.LASF15:
 1948 024b 746D6F64 		.ascii	"tmode_t\000"
 1948      655F7400 
 1949              	.LASF45:
 1950 0253 54687265 		.ascii	"ThreadsList\000"
 1950      6164734C 
 1950      69737400 
 1951              	.LASF21:
 1952 025f 6576656E 		.ascii	"eventmask_t\000"
 1952      746D6173 
 1952      6B5F7400 
 1953              	.LASF66:
 1954 026b 4D757465 		.ascii	"Mutex\000"
 1954      7800
 1955              	.LASF47:
 1956 0271 73746B61 		.ascii	"stkalign_t\000"
 1956      6C69676E 
 1956      5F7400
 1957              	.LASF77:
 1958 027c 63685F7A 		.ascii	"ch_zero\000"
 1958      65726F00 
 1959              	.LASF91:
 1960 0284 63665F6F 		.ascii	"cf_off_refs\000"
 1960      66665F72 
 1960      65667300 
 1961              	.LASF54:
 1962 0290 76745F74 		.ascii	"vt_time\000"
 1962      696D6500 
 1963              	.LASF55:
 1964 0298 76745F66 		.ascii	"vt_func\000"
 1964      756E6300 
 1965              	.LASF81:
 1966 02a0 63685F74 		.ascii	"ch_timesize\000"
 1966      696D6573 
 1966      697A6500 
 1967              	.LASF87:
 1968 02ac 63665F6F 		.ascii	"cf_off_name\000"
 1968      66665F6E 
 1968      616D6500 
 1969              	.LASF29:
 1970 02b8 705F6F6C 		.ascii	"p_older\000"
 1970      64657200 
 1971              	.LASF61:
 1972 02c0 725F6374 		.ascii	"r_ctx\000"
 1972      7800
 1973              	.LASF44:
 1974 02c6 54687265 		.ascii	"ThreadsQueue\000"
 1974      61647351 
 1974      75657565 
ARM GAS  /tmp/ccknmkdz.s 			page 38


 1974      00
 1975              	.LASF78:
 1976 02d3 63685F73 		.ascii	"ch_size\000"
 1976      697A6500 
 1977              	.LASF64:
 1978 02db 725F6375 		.ascii	"r_current\000"
 1978      7272656E 
 1978      7400
 1979              	.LASF63:
 1980 02e5 725F6F6C 		.ascii	"r_older\000"
 1980      64657200 
 1981              	.LASF95:
 1982 02ed 5F69646C 		.ascii	"_idle_thread\000"
 1982      655F7468 
 1982      72656164 
 1982      00
 1983              	.LASF17:
 1984 02fa 74726566 		.ascii	"trefs_t\000"
 1984      735F7400 
 1985              	.LASF80:
 1986 0302 63685F70 		.ascii	"ch_ptrsize\000"
 1986      74727369 
 1986      7A6500
 1987              	.LASF25:
 1988 030d 705F7072 		.ascii	"p_prev\000"
 1988      657600
 1989              	.LASF19:
 1990 0314 74707269 		.ascii	"tprio_t\000"
 1990      6F5F7400 
 1991              	.LASF14:
 1992 031c 5F426F6F 		.ascii	"_Bool\000"
 1992      6C00
 1993              	.LASF7:
 1994 0322 696E7433 		.ascii	"int32_t\000"
 1994      325F7400 
 1995              	.LASF2:
 1996 032a 756E7369 		.ascii	"unsigned char\000"
 1996      676E6564 
 1996      20636861 
 1996      7200
 1997              	.LASF41:
 1998 0338 705F6D74 		.ascii	"p_mtxlist\000"
 1998      786C6973 
 1998      7400
 1999              	.LASF3:
 2000 0342 73686F72 		.ascii	"short int\000"
 2000      7420696E 
 2000      7400
 2001              	.LASF32:
 2002 034c 705F7374 		.ascii	"p_state\000"
 2002      61746500 
 2003              	.LASF35:
 2004 0354 705F7072 		.ascii	"p_preempt\000"
 2004      65656D70 
 2004      7400
 2005              	.LASF93:
 2006 035e 63665F6F 		.ascii	"cf_off_time\000"
ARM GAS  /tmp/ccknmkdz.s 			page 39


 2006      66665F74 
 2006      696D6500 
 2007              	.LASF60:
 2008 036a 725F7072 		.ascii	"r_prio\000"
 2008      696F00
 2009              	.LASF73:
 2010 0371 65776D61 		.ascii	"ewmask\000"
 2010      736B00
 2011              	.LASF24:
 2012 0378 705F6E65 		.ascii	"p_next\000"
 2012      787400
 2013              	.LASF92:
 2014 037f 63665F6F 		.ascii	"cf_off_preempt\000"
 2014      66665F70 
 2014      7265656D 
 2014      707400
 2015              	.LASF33:
 2016 038e 705F666C 		.ascii	"p_flags\000"
 2016      61677300 
 2017              	.LASF23:
 2018 0396 54687265 		.ascii	"Thread\000"
 2018      616400
 2019              	.LASF85:
 2020 039d 63665F6F 		.ascii	"cf_off_newer\000"
 2020      66665F6E 
 2020      65776572 
 2020      00
 2021              	.LASF40:
 2022 03aa 705F6570 		.ascii	"p_epending\000"
 2022      656E6469 
 2022      6E6700
 2023              	.LASF9:
 2024 03b5 75696E74 		.ascii	"uint32_t\000"
 2024      33325F74 
 2024      00
 2025              	.LASF83:
 2026 03be 63665F6F 		.ascii	"cf_off_prio\000"
 2026      66665F70 
 2026      72696F00 
 2027              	.LASF59:
 2028 03ca 725F7175 		.ascii	"r_queue\000"
 2028      65756500 
 2029              	.LASF51:
 2030 03d2 56697274 		.ascii	"VirtualTimer\000"
 2030      75616C54 
 2030      696D6572 
 2030      00
 2031              	.LASF74:
 2032 03df 63686172 		.ascii	"char\000"
 2032      00
 2033              	.LASF99:
 2034 03e4 5F5F6D61 		.ascii	"__main_thread_stack_base__\000"
 2034      696E5F74 
 2034      68726561 
 2034      645F7374 
 2034      61636B5F 
 2035              	.LASF69:
ARM GAS  /tmp/ccknmkdz.s 			page 40


 2036 03ff 6D5F6E65 		.ascii	"m_next\000"
 2036      787400
 2037              	.LASF22:
 2038 0406 73797374 		.ascii	"systime_t\000"
 2038      696D655F 
 2038      7400
 2039              	.LASF42:
 2040 0410 705F7265 		.ascii	"p_realprio\000"
 2040      616C7072 
 2040      696F00
 2041              	.LASF50:
 2042 041b 76746675 		.ascii	"vtfunc_t\000"
 2042      6E635F74 
 2042      00
 2043              	.LASF36:
 2044 0424 705F7469 		.ascii	"p_time\000"
 2044      6D6500
 2045              	.LASF48:
 2046 042b 696E7463 		.ascii	"intctx\000"
 2046      747800
 2047              	.LASF38:
 2048 0432 705F6D73 		.ascii	"p_msgqueue\000"
 2048      67717565 
 2048      756500
 2049              	.LASF56:
 2050 043d 76745F70 		.ascii	"vt_par\000"
 2050      617200
 2051              	.LASF84:
 2052 0444 63665F6F 		.ascii	"cf_off_ctx\000"
 2052      66665F63 
 2052      747800
 2053              	.LASF34:
 2054 044f 705F7265 		.ascii	"p_refs\000"
 2054      667300
 2055              	.LASF65:
 2056 0456 52656164 		.ascii	"ReadyList\000"
 2056      794C6973 
 2056      7400
 2057              	.LASF101:
 2058 0460 726C6973 		.ascii	"rlist\000"
 2058      7400
 2059              	.LASF4:
 2060 0466 75696E74 		.ascii	"uint8_t\000"
 2060      385F7400 
 2061              	.LASF72:
 2062 046e 77746F62 		.ascii	"wtobjp\000"
 2062      6A7000
 2063              	.LASF30:
 2064 0475 705F6E61 		.ascii	"p_name\000"
 2064      6D6500
 2065              	.LASF57:
 2066 047c 76745F73 		.ascii	"vt_systime\000"
 2066      79737469 
 2066      6D6500
 2067              	.LASF79:
 2068 0487 63685F76 		.ascii	"ch_version\000"
 2068      65727369 
ARM GAS  /tmp/ccknmkdz.s 			page 41


 2068      6F6E00
 2069              	.LASF58:
 2070 0492 56544C69 		.ascii	"VTList\000"
 2070      737400
 2071              	.LASF68:
 2072 0499 6D5F6F77 		.ascii	"m_owner\000"
 2072      6E657200 
 2073              	.LASF27:
 2074 04a1 705F6374 		.ascii	"p_ctx\000"
 2074      7800
 2075              	.LASF37:
 2076 04a7 705F7761 		.ascii	"p_waiting\000"
 2076      6974696E 
 2076      6700
 2077              		.ident	"GCC: (GNU Tools for ARM Embedded Processors) 4.6.2 20120613 (release) [ARM/embedded-4_6-br
ARM GAS  /tmp/ccknmkdz.s 			page 42


DEFINED SYMBOLS
                            *ABS*:00000000 chsys.c
     /tmp/ccknmkdz.s:19     .text._idle_thread:00000000 $t
     /tmp/ccknmkdz.s:25     .text._idle_thread:00000000 _idle_thread
     /tmp/ccknmkdz.s:45     .text._idle_thread:0000000c $d
     /tmp/ccknmkdz.s:51     .text.chSysInit:00000000 $t
     /tmp/ccknmkdz.s:57     .text.chSysInit:00000000 chSysInit
     /tmp/ccknmkdz.s:248    .bss.mainthread.4704:00000000 .LANCHOR0
     /tmp/ccknmkdz.s:259    .bss._idle_thread_wa:00000000 .LANCHOR1
     /tmp/ccknmkdz.s:139    .text.chSysTimerHandlerI:00000000 $t
     /tmp/ccknmkdz.s:145    .text.chSysTimerHandlerI:00000000 chSysTimerHandlerI
     /tmp/ccknmkdz.s:239    .text.chSysTimerHandlerI:00000060 $d
     /tmp/ccknmkdz.s:262    .bss._idle_thread_wa:00000000 _idle_thread_wa
     /tmp/ccknmkdz.s:247    .bss.mainthread.4704:00000000 $d
     /tmp/ccknmkdz.s:251    .bss.mainthread.4704:00000000 mainthread.4704
     /tmp/ccknmkdz.s:254    .rodata.str1.4:00000000 $d
     /tmp/ccknmkdz.s:258    .bss._idle_thread_wa:00000000 $d
                     .debug_frame:00000010 $d
     /tmp/ccknmkdz.s:50     .text._idle_thread:00000014 $t
     /tmp/ccknmkdz.s:246    .text.chSysTimerHandlerI:00000068 $t

UNDEFINED SYMBOLS
rlist
_port_init
_scheduler_init
_vt_init
_core_init
_heap_init
_trace_init
_thread_init
__main_thread_stack_base__
dbg_check_enable
ch_debug
chThdCreateStatic
chDbgCheckClassI
dbg_check_unlock_from_isr
dbg_check_lock_from_isr
vtlist
