ARM GAS  /tmp/cc9aDeQG.s 			page 1


   1              		.syntax unified
   2              		.cpu cortex-m3
   3              		.fpu softvfp
   4              		.eabi_attribute 20, 1
   5              		.eabi_attribute 21, 1
   6              		.eabi_attribute 23, 3
   7              		.eabi_attribute 24, 1
   8              		.eabi_attribute 25, 1
   9              		.eabi_attribute 26, 1
  10              		.eabi_attribute 30, 2
  11              		.eabi_attribute 34, 1
  12              		.eabi_attribute 18, 4
  13              		.thumb
  14              		.file	"chvt.c"
  15              		.text
  16              	.Ltext0:
  17              		.cfi_sections	.debug_frame
  18              		.section	.text._vt_init,"ax",%progbits
  19              		.align	2
  20              		.p2align 4,,15
  21              		.global	_vt_init
  22              		.thumb
  23              		.thumb_func
  24              		.type	_vt_init, %function
  25              	_vt_init:
  26              	.LFB7:
  27              		.file 1 "../../ChibiOS/os/kernel/src/chvt.c"
  28              		.loc 1 43 0
  29              		.cfi_startproc
  30              		@ args = 0, pretend = 0, frame = 0
  31              		@ frame_needed = 0, uses_anonymous_args = 0
  32              		@ link register save eliminated.
  33              		.loc 1 45 0
  34 0000 40F20003 		movw	r3, #:lower16:.LANCHOR0
  35 0004 C0F20003 		movt	r3, #:upper16:.LANCHOR0
  36              		.loc 1 46 0
  37 0008 4FF0FF30 		mov	r0, #-1
  38              		.loc 1 47 0
  39 000c 0022     		movs	r2, #0
  40              		.loc 1 45 0
  41 000e 5B60     		str	r3, [r3, #4]
  42 0010 1B60     		str	r3, [r3, #0]
  43              		.loc 1 46 0
  44 0012 9860     		str	r0, [r3, #8]
  45              		.loc 1 47 0
  46 0014 DA60     		str	r2, [r3, #12]
  47              		.loc 1 48 0
  48 0016 7047     		bx	lr
  49              		.cfi_endproc
  50              	.LFE7:
  51              		.size	_vt_init, .-_vt_init
  52 0018 AFF30080 		.section	.text.chVTSetI,"ax",%progbits
  52      AFF30080 
  53              		.align	2
  54              		.p2align 4,,15
  55              		.global	chVTSetI
  56              		.thumb
ARM GAS  /tmp/cc9aDeQG.s 			page 2


  57              		.thumb_func
  58              		.type	chVTSetI, %function
  59              	chVTSetI:
  60              	.LFB8:
  61              		.loc 1 69 0
  62              		.cfi_startproc
  63              		@ args = 0, pretend = 0, frame = 0
  64              		@ frame_needed = 0, uses_anonymous_args = 0
  65              	.LVL0:
  66 0000 F8B5     		push	{r3, r4, r5, r6, r7, lr}
  67              	.LCFI0:
  68              		.cfi_def_cfa_offset 24
  69              		.cfi_offset 14, -4
  70              		.cfi_offset 7, -8
  71              		.cfi_offset 6, -12
  72              		.cfi_offset 5, -16
  73              		.cfi_offset 4, -20
  74              		.cfi_offset 3, -24
  75              		.loc 1 69 0
  76 0002 0446     		mov	r4, r0
  77 0004 0D46     		mov	r5, r1
  78 0006 1646     		mov	r6, r2
  79 0008 1F46     		mov	r7, r3
  80              		.loc 1 72 0
  81 000a FFF7FEFF 		bl	chDbgCheckClassI
  82              	.LVL1:
  83              		.loc 1 73 0
  84 000e CCB1     		cbz	r4, .L3
  85              		.loc 1 73 0 is_stmt 0 discriminator 2
  86 0010 C6B1     		cbz	r6, .L3
  87              		.loc 1 73 0 discriminator 3
  88 0012 BDB1     		cbz	r5, .L3
  89              	.L4:
  90              		.loc 1 78 0 is_stmt 1
  91 0014 0D49     		ldr	r1, .L11
  92              		.loc 1 76 0
  93 0016 2761     		str	r7, [r4, #16]
  94              		.loc 1 78 0
  95 0018 0B68     		ldr	r3, [r1, #0]
  96              	.LVL2:
  97              		.loc 1 77 0
  98 001a E660     		str	r6, [r4, #12]
  99              		.loc 1 79 0
 100 001c 9A68     		ldr	r2, [r3, #8]
 101 001e 9542     		cmp	r5, r2
 102 0020 04D9     		bls	.L5
 103              	.LVL3:
 104              	.L8:
 105              		.loc 1 81 0
 106 0022 1B68     		ldr	r3, [r3, #0]
 107              	.LVL4:
 108              		.loc 1 80 0
 109 0024 AD1A     		subs	r5, r5, r2
 110              	.LVL5:
 111              		.loc 1 79 0
 112 0026 9A68     		ldr	r2, [r3, #8]
 113 0028 AA42     		cmp	r2, r5
ARM GAS  /tmp/cc9aDeQG.s 			page 3


 114 002a FAD3     		bcc	.L8
 115              	.L5:
 116              		.loc 1 84 0
 117 002c 5A68     		ldr	r2, [r3, #4]
 118              		.loc 1 87 0
 119 002e 8B42     		cmp	r3, r1
 120              		.loc 1 84 0
 121 0030 2360     		str	r3, [r4, #0]
 122 0032 6260     		str	r2, [r4, #4]
 123              		.loc 1 85 0
 124 0034 1460     		str	r4, [r2, #0]
 125 0036 5C60     		str	r4, [r3, #4]
 126              		.loc 1 86 0
 127 0038 A560     		str	r5, [r4, #8]
 128              		.loc 1 87 0
 129 003a 02D0     		beq	.L2
 130              		.loc 1 88 0
 131 003c 9868     		ldr	r0, [r3, #8]
 132 003e 451B     		subs	r5, r0, r5
 133              	.LVL6:
 134 0040 9D60     		str	r5, [r3, #8]
 135              	.L2:
 136 0042 F8BD     		pop	{r3, r4, r5, r6, r7, pc}
 137              	.LVL7:
 138              	.L3:
 139              		.loc 1 73 0 discriminator 1
 140 0044 0248     		ldr	r0, .L11+4
 141 0046 FFF7FEFF 		bl	chDbgPanic
 142 004a E3E7     		b	.L4
 143              	.L12:
 144              		.align	2
 145              	.L11:
 146 004c 00000000 		.word	.LANCHOR0
 147 0050 00000000 		.word	.LC0
 148              		.cfi_endproc
 149              	.LFE8:
 150              		.size	chVTSetI, .-chVTSetI
 151 0054 AFF30080 		.section	.text.chVTResetI,"ax",%progbits
 151      AFF30080 
 151      AFF30080 
 152              		.align	2
 153              		.p2align 4,,15
 154              		.global	chVTResetI
 155              		.thumb
 156              		.thumb_func
 157              		.type	chVTResetI, %function
 158              	chVTResetI:
 159              	.LFB9:
 160              		.loc 1 99 0
 161              		.cfi_startproc
 162              		@ args = 0, pretend = 0, frame = 0
 163              		@ frame_needed = 0, uses_anonymous_args = 0
 164              	.LVL8:
 165 0000 10B5     		push	{r4, lr}
 166              	.LCFI1:
 167              		.cfi_def_cfa_offset 8
 168              		.cfi_offset 14, -4
ARM GAS  /tmp/cc9aDeQG.s 			page 4


 169              		.cfi_offset 4, -8
 170              		.loc 1 99 0
 171 0002 0446     		mov	r4, r0
 172              		.loc 1 101 0
 173 0004 FFF7FEFF 		bl	chDbgCheckClassI
 174              	.LVL9:
 175              		.loc 1 102 0
 176 0008 84B1     		cbz	r4, .L17
 177              	.L14:
 178              		.loc 1 103 0
 179 000a E368     		ldr	r3, [r4, #12]
 180 000c 93B1     		cbz	r3, .L18
 181              	.L15:
 182              		.loc 1 107 0
 183 000e 2368     		ldr	r3, [r4, #0]
 184 0010 0A4A     		ldr	r2, .L19
 185 0012 9342     		cmp	r3, r2
 186 0014 03D0     		beq	.L16
 187              		.loc 1 108 0
 188 0016 9968     		ldr	r1, [r3, #8]
 189 0018 A268     		ldr	r2, [r4, #8]
 190 001a 8818     		adds	r0, r1, r2
 191 001c 9860     		str	r0, [r3, #8]
 192              	.L16:
 193              		.loc 1 109 0
 194 001e 6068     		ldr	r0, [r4, #4]
 195              		.loc 1 111 0
 196 0020 0022     		movs	r2, #0
 197              		.loc 1 109 0
 198 0022 0360     		str	r3, [r0, #0]
 199              		.loc 1 110 0
 200 0024 2368     		ldr	r3, [r4, #0]
 201              		.loc 1 111 0
 202 0026 E260     		str	r2, [r4, #12]
 203              		.loc 1 110 0
 204 0028 5860     		str	r0, [r3, #4]
 205              		.loc 1 112 0
 206 002a 10BD     		pop	{r4, pc}
 207              	.L17:
 208              		.loc 1 102 0 discriminator 1
 209 002c 0448     		ldr	r0, .L19+4
 210 002e FFF7FEFF 		bl	chDbgPanic
 211 0032 EAE7     		b	.L14
 212              	.L18:
 213              		.loc 1 103 0 discriminator 1
 214 0034 0348     		ldr	r0, .L19+8
 215 0036 FFF7FEFF 		bl	chDbgPanic
 216 003a E8E7     		b	.L15
 217              	.L20:
 218              		.align	2
 219              	.L19:
 220 003c 00000000 		.word	.LANCHOR0
 221 0040 10000000 		.word	.LC1
 222 0044 20000000 		.word	.LC2
 223              		.cfi_endproc
 224              	.LFE9:
 225              		.size	chVTResetI, .-chVTResetI
ARM GAS  /tmp/cc9aDeQG.s 			page 5


 226 0048 AFF30080 		.section	.text.chTimeIsWithin,"ax",%progbits
 226      AFF30080 
 227              		.align	2
 228              		.p2align 4,,15
 229              		.global	chTimeIsWithin
 230              		.thumb
 231              		.thumb_func
 232              		.type	chTimeIsWithin, %function
 233              	chTimeIsWithin:
 234              	.LFB10:
 235              		.loc 1 127 0
 236              		.cfi_startproc
 237              		@ args = 0, pretend = 0, frame = 0
 238              		@ frame_needed = 0, uses_anonymous_args = 0
 239              		@ link register save eliminated.
 240              	.LVL10:
 241              		.loc 1 129 0
 242 0000 084B     		ldr	r3, .L29
 243              		.loc 1 130 0
 244 0002 8142     		cmp	r1, r0
 245              		.loc 1 129 0
 246 0004 DB68     		ldr	r3, [r3, #12]
 247              	.LVL11:
 248              		.loc 1 130 0
 249 0006 06D9     		bls	.L22
 250              		.loc 1 130 0 is_stmt 0 discriminator 1
 251 0008 8342     		cmp	r3, r0
 252 000a 08D3     		bcc	.L26
 253              	.L28:
 254              		.loc 1 130 0
 255 000c 8B42     		cmp	r3, r1
 256 000e 2CBF     		ite	cs
 257 0010 0020     		movcs	r0, #0
 258              	.LVL12:
 259 0012 0120     		movcc	r0, #1
 260 0014 7047     		bx	lr
 261              	.LVL13:
 262              	.L22:
 263              		.loc 1 130 0 discriminator 2
 264 0016 8342     		cmp	r3, r0
 265 0018 F8D3     		bcc	.L28
 266              		.loc 1 130 0
 267 001a 0120     		movs	r0, #1
 268              	.LVL14:
 269              		.loc 1 132 0 is_stmt 1
 270 001c 7047     		bx	lr
 271              	.LVL15:
 272              	.L26:
 273              		.loc 1 130 0
 274 001e 0020     		movs	r0, #0
 275              	.LVL16:
 276 0020 7047     		bx	lr
 277              	.L30:
 278 0022 00BF     		.align	2
 279              	.L29:
 280 0024 00000000 		.word	.LANCHOR0
 281              		.cfi_endproc
ARM GAS  /tmp/cc9aDeQG.s 			page 6


 282              	.LFE10:
 283              		.size	chTimeIsWithin, .-chTimeIsWithin
 284              		.global	vtlist
 285 0028 AFF30080 		.section	.bss.vtlist,"aw",%nobits
 285      AFF30080 
 286              		.align	2
 287              		.set	.LANCHOR0,. + 0
 288              		.type	vtlist, %object
 289              		.size	vtlist, 16
 290              	vtlist:
 291 0000 00000000 		.space	16
 291      00000000 
 291      00000000 
 291      00000000 
 292              		.section	.rodata.str1.4,"aMS",%progbits,1
 293              		.align	2
 294              	.LC0:
 295 0000 22636856 		.ascii	"\"chVTSetI\"()\000"
 295      54536574 
 295      49222829 
 295      00
 296 000d 000000   		.space	3
 297              	.LC1:
 298 0010 22636856 		.ascii	"\"chVTResetI\"()\000"
 298      54526573 
 298      65744922 
 298      282900
 299 001f 00       		.space	1
 300              	.LC2:
 301 0020 63685654 		.ascii	"chVTResetI(), #1\000"
 301      52657365 
 301      74492829 
 301      2C202331 
 301      00
 302 0031 000000   		.text
 303              	.Letext0:
 304              		.file 2 "/home/tino/ChibiStudio/tools/GNU Tools ARM Embedded/4.6 2012q2/bin/../lib/gcc/arm-none-ea
 305              		.file 3 "../../ChibiOS/os/ports/GCC/ARMCMx/chtypes.h"
 306              		.file 4 "../../ChibiOS/os/kernel/include/chvt.h"
 307              		.section	.debug_info,"",%progbits
 308              	.Ldebug_info0:
 309 0000 74020000 		.4byte	0x274
 310 0004 0200     		.2byte	0x2
 311 0006 00000000 		.4byte	.Ldebug_abbrev0
 312 000a 04       		.byte	0x4
 313 000b 01       		.uleb128 0x1
 314 000c DB000000 		.4byte	.LASF29
 315 0010 01       		.byte	0x1
 316 0011 97010000 		.4byte	.LASF30
 317 0015 96000000 		.4byte	.LASF31
 318 0019 00000000 		.4byte	0
 319 001d 00000000 		.4byte	0
 320 0021 00000000 		.4byte	.Ldebug_ranges0+0
 321 0025 00000000 		.4byte	.Ldebug_line0
 322 0029 02       		.uleb128 0x2
 323 002a 04       		.byte	0x4
 324 002b 05       		.byte	0x5
ARM GAS  /tmp/cc9aDeQG.s 			page 7


 325 002c 696E7400 		.ascii	"int\000"
 326 0030 03       		.uleb128 0x3
 327 0031 04       		.byte	0x4
 328 0032 07       		.byte	0x7
 329 0033 72000000 		.4byte	.LASF0
 330 0037 03       		.uleb128 0x3
 331 0038 01       		.byte	0x1
 332 0039 06       		.byte	0x6
 333 003a 8B010000 		.4byte	.LASF1
 334 003e 03       		.uleb128 0x3
 335 003f 01       		.byte	0x1
 336 0040 08       		.byte	0x8
 337 0041 5B000000 		.4byte	.LASF2
 338 0045 03       		.uleb128 0x3
 339 0046 02       		.byte	0x2
 340 0047 05       		.byte	0x5
 341 0048 58010000 		.4byte	.LASF3
 342 004c 03       		.uleb128 0x3
 343 004d 02       		.byte	0x2
 344 004e 07       		.byte	0x7
 345 004f 3B000000 		.4byte	.LASF4
 346 0053 03       		.uleb128 0x3
 347 0054 04       		.byte	0x4
 348 0055 05       		.byte	0x5
 349 0056 82010000 		.4byte	.LASF5
 350 005a 04       		.uleb128 0x4
 351 005b 79010000 		.4byte	.LASF9
 352 005f 02       		.byte	0x2
 353 0060 50       		.byte	0x50
 354 0061 65000000 		.4byte	0x65
 355 0065 03       		.uleb128 0x3
 356 0066 04       		.byte	0x4
 357 0067 07       		.byte	0x7
 358 0068 29000000 		.4byte	.LASF6
 359 006c 03       		.uleb128 0x3
 360 006d 08       		.byte	0x8
 361 006e 05       		.byte	0x5
 362 006f 2F010000 		.4byte	.LASF7
 363 0073 03       		.uleb128 0x3
 364 0074 08       		.byte	0x8
 365 0075 07       		.byte	0x7
 366 0076 7F000000 		.4byte	.LASF8
 367 007a 04       		.uleb128 0x4
 368 007b 19000000 		.4byte	.LASF10
 369 007f 03       		.byte	0x3
 370 0080 24       		.byte	0x24
 371 0081 85000000 		.4byte	0x85
 372 0085 03       		.uleb128 0x3
 373 0086 01       		.byte	0x1
 374 0087 02       		.byte	0x2
 375 0088 D4010000 		.4byte	.LASF11
 376 008c 04       		.uleb128 0x4
 377 008d 09000000 		.4byte	.LASF12
 378 0091 03       		.byte	0x3
 379 0092 2E       		.byte	0x2e
 380 0093 5A000000 		.4byte	0x5a
 381 0097 05       		.uleb128 0x5
ARM GAS  /tmp/cc9aDeQG.s 			page 8


 382 0098 04       		.byte	0x4
 383 0099 04       		.uleb128 0x4
 384 009a 20000000 		.4byte	.LASF13
 385 009e 04       		.byte	0x4
 386 009f 4E       		.byte	0x4e
 387 00a0 A4000000 		.4byte	0xa4
 388 00a4 06       		.uleb128 0x6
 389 00a5 04       		.byte	0x4
 390 00a6 AA000000 		.4byte	0xaa
 391 00aa 07       		.uleb128 0x7
 392 00ab 01       		.byte	0x1
 393 00ac B6000000 		.4byte	0xb6
 394 00b0 08       		.uleb128 0x8
 395 00b1 97000000 		.4byte	0x97
 396 00b5 00       		.byte	0
 397 00b6 04       		.uleb128 0x4
 398 00b7 4E000000 		.4byte	.LASF14
 399 00bb 04       		.byte	0x4
 400 00bc 53       		.byte	0x53
 401 00bd C1000000 		.4byte	0xc1
 402 00c1 09       		.uleb128 0x9
 403 00c2 4E000000 		.4byte	.LASF14
 404 00c6 14       		.byte	0x14
 405 00c7 04       		.byte	0x4
 406 00c8 5A       		.byte	0x5a
 407 00c9 14010000 		.4byte	0x114
 408 00cd 0A       		.uleb128 0xa
 409 00ce C1010000 		.4byte	.LASF15
 410 00d2 04       		.byte	0x4
 411 00d3 5B       		.byte	0x5b
 412 00d4 14010000 		.4byte	0x114
 413 00d8 02       		.byte	0x2
 414 00d9 23       		.byte	0x23
 415 00da 00       		.uleb128 0
 416 00db 0A       		.uleb128 0xa
 417 00dc 71010000 		.4byte	.LASF16
 418 00e0 04       		.byte	0x4
 419 00e1 5D       		.byte	0x5d
 420 00e2 14010000 		.4byte	0x114
 421 00e6 02       		.byte	0x2
 422 00e7 23       		.byte	0x23
 423 00e8 04       		.uleb128 0x4
 424 00e9 0A       		.uleb128 0xa
 425 00ea D3000000 		.4byte	.LASF17
 426 00ee 04       		.byte	0x4
 427 00ef 5F       		.byte	0x5f
 428 00f0 8C000000 		.4byte	0x8c
 429 00f4 02       		.byte	0x2
 430 00f5 23       		.byte	0x23
 431 00f6 08       		.uleb128 0x8
 432 00f7 0A       		.uleb128 0xa
 433 00f8 3D010000 		.4byte	.LASF18
 434 00fc 04       		.byte	0x4
 435 00fd 60       		.byte	0x60
 436 00fe 99000000 		.4byte	0x99
 437 0102 02       		.byte	0x2
 438 0103 23       		.byte	0x23
ARM GAS  /tmp/cc9aDeQG.s 			page 9


 439 0104 0C       		.uleb128 0xc
 440 0105 0A       		.uleb128 0xa
 441 0106 51010000 		.4byte	.LASF19
 442 010a 04       		.byte	0x4
 443 010b 62       		.byte	0x62
 444 010c 97000000 		.4byte	0x97
 445 0110 02       		.byte	0x2
 446 0111 23       		.byte	0x23
 447 0112 10       		.uleb128 0x10
 448 0113 00       		.byte	0
 449 0114 06       		.uleb128 0x6
 450 0115 04       		.byte	0x4
 451 0116 B6000000 		.4byte	0xb6
 452 011a 0B       		.uleb128 0xb
 453 011b 10       		.byte	0x10
 454 011c 04       		.byte	0x4
 455 011d 6C       		.byte	0x6c
 456 011e 5B010000 		.4byte	0x15b
 457 0122 0A       		.uleb128 0xa
 458 0123 C1010000 		.4byte	.LASF15
 459 0127 04       		.byte	0x4
 460 0128 6D       		.byte	0x6d
 461 0129 14010000 		.4byte	0x114
 462 012d 02       		.byte	0x2
 463 012e 23       		.byte	0x23
 464 012f 00       		.uleb128 0
 465 0130 0A       		.uleb128 0xa
 466 0131 71010000 		.4byte	.LASF16
 467 0135 04       		.byte	0x4
 468 0136 6F       		.byte	0x6f
 469 0137 14010000 		.4byte	0x114
 470 013b 02       		.byte	0x2
 471 013c 23       		.byte	0x23
 472 013d 04       		.uleb128 0x4
 473 013e 0A       		.uleb128 0xa
 474 013f D3000000 		.4byte	.LASF17
 475 0143 04       		.byte	0x4
 476 0144 71       		.byte	0x71
 477 0145 8C000000 		.4byte	0x8c
 478 0149 02       		.byte	0x2
 479 014a 23       		.byte	0x23
 480 014b 08       		.uleb128 0x8
 481 014c 0A       		.uleb128 0xa
 482 014d 24010000 		.4byte	.LASF20
 483 0151 04       		.byte	0x4
 484 0152 72       		.byte	0x72
 485 0153 5B010000 		.4byte	0x15b
 486 0157 02       		.byte	0x2
 487 0158 23       		.byte	0x23
 488 0159 0C       		.uleb128 0xc
 489 015a 00       		.byte	0
 490 015b 0C       		.uleb128 0xc
 491 015c 8C000000 		.4byte	0x8c
 492 0160 04       		.uleb128 0x4
 493 0161 BA010000 		.4byte	.LASF21
 494 0165 04       		.byte	0x4
 495 0166 73       		.byte	0x73
ARM GAS  /tmp/cc9aDeQG.s 			page 10


 496 0167 1A010000 		.4byte	0x11a
 497 016b 03       		.uleb128 0x3
 498 016c 01       		.byte	0x1
 499 016d 08       		.byte	0x8
 500 016e 4C010000 		.4byte	.LASF22
 501 0172 0D       		.uleb128 0xd
 502 0173 01       		.byte	0x1
 503 0174 69000000 		.4byte	.LASF32
 504 0178 01       		.byte	0x1
 505 0179 2B       		.byte	0x2b
 506 017a 01       		.byte	0x1
 507 017b 00000000 		.4byte	.LFB7
 508 017f 18000000 		.4byte	.LFE7
 509 0183 02       		.byte	0x2
 510 0184 7D       		.byte	0x7d
 511 0185 00       		.sleb128 0
 512 0186 0E       		.uleb128 0xe
 513 0187 01       		.byte	0x1
 514 0188 00000000 		.4byte	.LASF25
 515 018c 01       		.byte	0x1
 516 018d 45       		.byte	0x45
 517 018e 01       		.byte	0x1
 518 018f 00000000 		.4byte	.LFB8
 519 0193 54000000 		.4byte	.LFE8
 520 0197 00000000 		.4byte	.LLST0
 521 019b E9010000 		.4byte	0x1e9
 522 019f 0F       		.uleb128 0xf
 523 01a0 76747000 		.ascii	"vtp\000"
 524 01a4 01       		.byte	0x1
 525 01a5 45       		.byte	0x45
 526 01a6 14010000 		.4byte	0x114
 527 01aa 20000000 		.4byte	.LLST1
 528 01ae 10       		.uleb128 0x10
 529 01af CE000000 		.4byte	.LASF23
 530 01b3 01       		.byte	0x1
 531 01b4 45       		.byte	0x45
 532 01b5 8C000000 		.4byte	0x8c
 533 01b9 3E000000 		.4byte	.LLST2
 534 01bd 10       		.uleb128 0x10
 535 01be 45010000 		.4byte	.LASF24
 536 01c2 01       		.byte	0x1
 537 01c3 45       		.byte	0x45
 538 01c4 99000000 		.4byte	0x99
 539 01c8 73000000 		.4byte	.LLST3
 540 01cc 0F       		.uleb128 0xf
 541 01cd 70617200 		.ascii	"par\000"
 542 01d1 01       		.byte	0x1
 543 01d2 45       		.byte	0x45
 544 01d3 97000000 		.4byte	0x97
 545 01d7 91000000 		.4byte	.LLST4
 546 01db 11       		.uleb128 0x11
 547 01dc 7000     		.ascii	"p\000"
 548 01de 01       		.byte	0x1
 549 01df 46       		.byte	0x46
 550 01e0 14010000 		.4byte	0x114
 551 01e4 AF000000 		.4byte	.LLST5
 552 01e8 00       		.byte	0
ARM GAS  /tmp/cc9aDeQG.s 			page 11


 553 01e9 0E       		.uleb128 0xe
 554 01ea 01       		.byte	0x1
 555 01eb C9010000 		.4byte	.LASF26
 556 01ef 01       		.byte	0x1
 557 01f0 63       		.byte	0x63
 558 01f1 01       		.byte	0x1
 559 01f2 00000000 		.4byte	.LFB9
 560 01f6 48000000 		.4byte	.LFE9
 561 01fa DC000000 		.4byte	.LLST6
 562 01fe 12020000 		.4byte	0x212
 563 0202 0F       		.uleb128 0xf
 564 0203 76747000 		.ascii	"vtp\000"
 565 0207 01       		.byte	0x1
 566 0208 63       		.byte	0x63
 567 0209 14010000 		.4byte	0x114
 568 020d FC000000 		.4byte	.LLST7
 569 0211 00       		.byte	0
 570 0212 12       		.uleb128 0x12
 571 0213 01       		.byte	0x1
 572 0214 62010000 		.4byte	.LASF33
 573 0218 01       		.byte	0x1
 574 0219 7F       		.byte	0x7f
 575 021a 01       		.byte	0x1
 576 021b 7A000000 		.4byte	0x7a
 577 021f 00000000 		.4byte	.LFB10
 578 0223 28000000 		.4byte	.LFE10
 579 0227 02       		.byte	0x2
 580 0228 7D       		.byte	0x7d
 581 0229 00       		.sleb128 0
 582 022a 58020000 		.4byte	0x258
 583 022e 10       		.uleb128 0x10
 584 022f 13000000 		.4byte	.LASF27
 585 0233 01       		.byte	0x1
 586 0234 7F       		.byte	0x7f
 587 0235 8C000000 		.4byte	0x8c
 588 0239 1A010000 		.4byte	.LLST8
 589 023d 13       		.uleb128 0x13
 590 023e 656E6400 		.ascii	"end\000"
 591 0242 01       		.byte	0x1
 592 0243 7F       		.byte	0x7f
 593 0244 8C000000 		.4byte	0x8c
 594 0248 01       		.byte	0x1
 595 0249 51       		.byte	0x51
 596 024a 14       		.uleb128 0x14
 597 024b CE000000 		.4byte	.LASF23
 598 024f 01       		.byte	0x1
 599 0250 81       		.byte	0x81
 600 0251 8C000000 		.4byte	0x8c
 601 0255 01       		.byte	0x1
 602 0256 53       		.byte	0x53
 603 0257 00       		.byte	0
 604 0258 15       		.uleb128 0x15
 605 0259 C7000000 		.4byte	.LASF28
 606 025d 04       		.byte	0x4
 607 025e D1       		.byte	0xd1
 608 025f 60010000 		.4byte	0x160
 609 0263 01       		.byte	0x1
ARM GAS  /tmp/cc9aDeQG.s 			page 12


 610 0264 01       		.byte	0x1
 611 0265 16       		.uleb128 0x16
 612 0266 C7000000 		.4byte	.LASF28
 613 026a 01       		.byte	0x1
 614 026b 23       		.byte	0x23
 615 026c 60010000 		.4byte	0x160
 616 0270 01       		.byte	0x1
 617 0271 05       		.byte	0x5
 618 0272 03       		.byte	0x3
 619 0273 00000000 		.4byte	vtlist
 620 0277 00       		.byte	0
 621              		.section	.debug_abbrev,"",%progbits
 622              	.Ldebug_abbrev0:
 623 0000 01       		.uleb128 0x1
 624 0001 11       		.uleb128 0x11
 625 0002 01       		.byte	0x1
 626 0003 25       		.uleb128 0x25
 627 0004 0E       		.uleb128 0xe
 628 0005 13       		.uleb128 0x13
 629 0006 0B       		.uleb128 0xb
 630 0007 03       		.uleb128 0x3
 631 0008 0E       		.uleb128 0xe
 632 0009 1B       		.uleb128 0x1b
 633 000a 0E       		.uleb128 0xe
 634 000b 11       		.uleb128 0x11
 635 000c 01       		.uleb128 0x1
 636 000d 52       		.uleb128 0x52
 637 000e 01       		.uleb128 0x1
 638 000f 55       		.uleb128 0x55
 639 0010 06       		.uleb128 0x6
 640 0011 10       		.uleb128 0x10
 641 0012 06       		.uleb128 0x6
 642 0013 00       		.byte	0
 643 0014 00       		.byte	0
 644 0015 02       		.uleb128 0x2
 645 0016 24       		.uleb128 0x24
 646 0017 00       		.byte	0
 647 0018 0B       		.uleb128 0xb
 648 0019 0B       		.uleb128 0xb
 649 001a 3E       		.uleb128 0x3e
 650 001b 0B       		.uleb128 0xb
 651 001c 03       		.uleb128 0x3
 652 001d 08       		.uleb128 0x8
 653 001e 00       		.byte	0
 654 001f 00       		.byte	0
 655 0020 03       		.uleb128 0x3
 656 0021 24       		.uleb128 0x24
 657 0022 00       		.byte	0
 658 0023 0B       		.uleb128 0xb
 659 0024 0B       		.uleb128 0xb
 660 0025 3E       		.uleb128 0x3e
 661 0026 0B       		.uleb128 0xb
 662 0027 03       		.uleb128 0x3
 663 0028 0E       		.uleb128 0xe
 664 0029 00       		.byte	0
 665 002a 00       		.byte	0
 666 002b 04       		.uleb128 0x4
ARM GAS  /tmp/cc9aDeQG.s 			page 13


 667 002c 16       		.uleb128 0x16
 668 002d 00       		.byte	0
 669 002e 03       		.uleb128 0x3
 670 002f 0E       		.uleb128 0xe
 671 0030 3A       		.uleb128 0x3a
 672 0031 0B       		.uleb128 0xb
 673 0032 3B       		.uleb128 0x3b
 674 0033 0B       		.uleb128 0xb
 675 0034 49       		.uleb128 0x49
 676 0035 13       		.uleb128 0x13
 677 0036 00       		.byte	0
 678 0037 00       		.byte	0
 679 0038 05       		.uleb128 0x5
 680 0039 0F       		.uleb128 0xf
 681 003a 00       		.byte	0
 682 003b 0B       		.uleb128 0xb
 683 003c 0B       		.uleb128 0xb
 684 003d 00       		.byte	0
 685 003e 00       		.byte	0
 686 003f 06       		.uleb128 0x6
 687 0040 0F       		.uleb128 0xf
 688 0041 00       		.byte	0
 689 0042 0B       		.uleb128 0xb
 690 0043 0B       		.uleb128 0xb
 691 0044 49       		.uleb128 0x49
 692 0045 13       		.uleb128 0x13
 693 0046 00       		.byte	0
 694 0047 00       		.byte	0
 695 0048 07       		.uleb128 0x7
 696 0049 15       		.uleb128 0x15
 697 004a 01       		.byte	0x1
 698 004b 27       		.uleb128 0x27
 699 004c 0C       		.uleb128 0xc
 700 004d 01       		.uleb128 0x1
 701 004e 13       		.uleb128 0x13
 702 004f 00       		.byte	0
 703 0050 00       		.byte	0
 704 0051 08       		.uleb128 0x8
 705 0052 05       		.uleb128 0x5
 706 0053 00       		.byte	0
 707 0054 49       		.uleb128 0x49
 708 0055 13       		.uleb128 0x13
 709 0056 00       		.byte	0
 710 0057 00       		.byte	0
 711 0058 09       		.uleb128 0x9
 712 0059 13       		.uleb128 0x13
 713 005a 01       		.byte	0x1
 714 005b 03       		.uleb128 0x3
 715 005c 0E       		.uleb128 0xe
 716 005d 0B       		.uleb128 0xb
 717 005e 0B       		.uleb128 0xb
 718 005f 3A       		.uleb128 0x3a
 719 0060 0B       		.uleb128 0xb
 720 0061 3B       		.uleb128 0x3b
 721 0062 0B       		.uleb128 0xb
 722 0063 01       		.uleb128 0x1
 723 0064 13       		.uleb128 0x13
ARM GAS  /tmp/cc9aDeQG.s 			page 14


 724 0065 00       		.byte	0
 725 0066 00       		.byte	0
 726 0067 0A       		.uleb128 0xa
 727 0068 0D       		.uleb128 0xd
 728 0069 00       		.byte	0
 729 006a 03       		.uleb128 0x3
 730 006b 0E       		.uleb128 0xe
 731 006c 3A       		.uleb128 0x3a
 732 006d 0B       		.uleb128 0xb
 733 006e 3B       		.uleb128 0x3b
 734 006f 0B       		.uleb128 0xb
 735 0070 49       		.uleb128 0x49
 736 0071 13       		.uleb128 0x13
 737 0072 38       		.uleb128 0x38
 738 0073 0A       		.uleb128 0xa
 739 0074 00       		.byte	0
 740 0075 00       		.byte	0
 741 0076 0B       		.uleb128 0xb
 742 0077 13       		.uleb128 0x13
 743 0078 01       		.byte	0x1
 744 0079 0B       		.uleb128 0xb
 745 007a 0B       		.uleb128 0xb
 746 007b 3A       		.uleb128 0x3a
 747 007c 0B       		.uleb128 0xb
 748 007d 3B       		.uleb128 0x3b
 749 007e 0B       		.uleb128 0xb
 750 007f 01       		.uleb128 0x1
 751 0080 13       		.uleb128 0x13
 752 0081 00       		.byte	0
 753 0082 00       		.byte	0
 754 0083 0C       		.uleb128 0xc
 755 0084 35       		.uleb128 0x35
 756 0085 00       		.byte	0
 757 0086 49       		.uleb128 0x49
 758 0087 13       		.uleb128 0x13
 759 0088 00       		.byte	0
 760 0089 00       		.byte	0
 761 008a 0D       		.uleb128 0xd
 762 008b 2E       		.uleb128 0x2e
 763 008c 00       		.byte	0
 764 008d 3F       		.uleb128 0x3f
 765 008e 0C       		.uleb128 0xc
 766 008f 03       		.uleb128 0x3
 767 0090 0E       		.uleb128 0xe
 768 0091 3A       		.uleb128 0x3a
 769 0092 0B       		.uleb128 0xb
 770 0093 3B       		.uleb128 0x3b
 771 0094 0B       		.uleb128 0xb
 772 0095 27       		.uleb128 0x27
 773 0096 0C       		.uleb128 0xc
 774 0097 11       		.uleb128 0x11
 775 0098 01       		.uleb128 0x1
 776 0099 12       		.uleb128 0x12
 777 009a 01       		.uleb128 0x1
 778 009b 40       		.uleb128 0x40
 779 009c 0A       		.uleb128 0xa
 780 009d 00       		.byte	0
ARM GAS  /tmp/cc9aDeQG.s 			page 15


 781 009e 00       		.byte	0
 782 009f 0E       		.uleb128 0xe
 783 00a0 2E       		.uleb128 0x2e
 784 00a1 01       		.byte	0x1
 785 00a2 3F       		.uleb128 0x3f
 786 00a3 0C       		.uleb128 0xc
 787 00a4 03       		.uleb128 0x3
 788 00a5 0E       		.uleb128 0xe
 789 00a6 3A       		.uleb128 0x3a
 790 00a7 0B       		.uleb128 0xb
 791 00a8 3B       		.uleb128 0x3b
 792 00a9 0B       		.uleb128 0xb
 793 00aa 27       		.uleb128 0x27
 794 00ab 0C       		.uleb128 0xc
 795 00ac 11       		.uleb128 0x11
 796 00ad 01       		.uleb128 0x1
 797 00ae 12       		.uleb128 0x12
 798 00af 01       		.uleb128 0x1
 799 00b0 40       		.uleb128 0x40
 800 00b1 06       		.uleb128 0x6
 801 00b2 01       		.uleb128 0x1
 802 00b3 13       		.uleb128 0x13
 803 00b4 00       		.byte	0
 804 00b5 00       		.byte	0
 805 00b6 0F       		.uleb128 0xf
 806 00b7 05       		.uleb128 0x5
 807 00b8 00       		.byte	0
 808 00b9 03       		.uleb128 0x3
 809 00ba 08       		.uleb128 0x8
 810 00bb 3A       		.uleb128 0x3a
 811 00bc 0B       		.uleb128 0xb
 812 00bd 3B       		.uleb128 0x3b
 813 00be 0B       		.uleb128 0xb
 814 00bf 49       		.uleb128 0x49
 815 00c0 13       		.uleb128 0x13
 816 00c1 02       		.uleb128 0x2
 817 00c2 06       		.uleb128 0x6
 818 00c3 00       		.byte	0
 819 00c4 00       		.byte	0
 820 00c5 10       		.uleb128 0x10
 821 00c6 05       		.uleb128 0x5
 822 00c7 00       		.byte	0
 823 00c8 03       		.uleb128 0x3
 824 00c9 0E       		.uleb128 0xe
 825 00ca 3A       		.uleb128 0x3a
 826 00cb 0B       		.uleb128 0xb
 827 00cc 3B       		.uleb128 0x3b
 828 00cd 0B       		.uleb128 0xb
 829 00ce 49       		.uleb128 0x49
 830 00cf 13       		.uleb128 0x13
 831 00d0 02       		.uleb128 0x2
 832 00d1 06       		.uleb128 0x6
 833 00d2 00       		.byte	0
 834 00d3 00       		.byte	0
 835 00d4 11       		.uleb128 0x11
 836 00d5 34       		.uleb128 0x34
 837 00d6 00       		.byte	0
ARM GAS  /tmp/cc9aDeQG.s 			page 16


 838 00d7 03       		.uleb128 0x3
 839 00d8 08       		.uleb128 0x8
 840 00d9 3A       		.uleb128 0x3a
 841 00da 0B       		.uleb128 0xb
 842 00db 3B       		.uleb128 0x3b
 843 00dc 0B       		.uleb128 0xb
 844 00dd 49       		.uleb128 0x49
 845 00de 13       		.uleb128 0x13
 846 00df 02       		.uleb128 0x2
 847 00e0 06       		.uleb128 0x6
 848 00e1 00       		.byte	0
 849 00e2 00       		.byte	0
 850 00e3 12       		.uleb128 0x12
 851 00e4 2E       		.uleb128 0x2e
 852 00e5 01       		.byte	0x1
 853 00e6 3F       		.uleb128 0x3f
 854 00e7 0C       		.uleb128 0xc
 855 00e8 03       		.uleb128 0x3
 856 00e9 0E       		.uleb128 0xe
 857 00ea 3A       		.uleb128 0x3a
 858 00eb 0B       		.uleb128 0xb
 859 00ec 3B       		.uleb128 0x3b
 860 00ed 0B       		.uleb128 0xb
 861 00ee 27       		.uleb128 0x27
 862 00ef 0C       		.uleb128 0xc
 863 00f0 49       		.uleb128 0x49
 864 00f1 13       		.uleb128 0x13
 865 00f2 11       		.uleb128 0x11
 866 00f3 01       		.uleb128 0x1
 867 00f4 12       		.uleb128 0x12
 868 00f5 01       		.uleb128 0x1
 869 00f6 40       		.uleb128 0x40
 870 00f7 0A       		.uleb128 0xa
 871 00f8 01       		.uleb128 0x1
 872 00f9 13       		.uleb128 0x13
 873 00fa 00       		.byte	0
 874 00fb 00       		.byte	0
 875 00fc 13       		.uleb128 0x13
 876 00fd 05       		.uleb128 0x5
 877 00fe 00       		.byte	0
 878 00ff 03       		.uleb128 0x3
 879 0100 08       		.uleb128 0x8
 880 0101 3A       		.uleb128 0x3a
 881 0102 0B       		.uleb128 0xb
 882 0103 3B       		.uleb128 0x3b
 883 0104 0B       		.uleb128 0xb
 884 0105 49       		.uleb128 0x49
 885 0106 13       		.uleb128 0x13
 886 0107 02       		.uleb128 0x2
 887 0108 0A       		.uleb128 0xa
 888 0109 00       		.byte	0
 889 010a 00       		.byte	0
 890 010b 14       		.uleb128 0x14
 891 010c 34       		.uleb128 0x34
 892 010d 00       		.byte	0
 893 010e 03       		.uleb128 0x3
 894 010f 0E       		.uleb128 0xe
ARM GAS  /tmp/cc9aDeQG.s 			page 17


 895 0110 3A       		.uleb128 0x3a
 896 0111 0B       		.uleb128 0xb
 897 0112 3B       		.uleb128 0x3b
 898 0113 0B       		.uleb128 0xb
 899 0114 49       		.uleb128 0x49
 900 0115 13       		.uleb128 0x13
 901 0116 02       		.uleb128 0x2
 902 0117 0A       		.uleb128 0xa
 903 0118 00       		.byte	0
 904 0119 00       		.byte	0
 905 011a 15       		.uleb128 0x15
 906 011b 34       		.uleb128 0x34
 907 011c 00       		.byte	0
 908 011d 03       		.uleb128 0x3
 909 011e 0E       		.uleb128 0xe
 910 011f 3A       		.uleb128 0x3a
 911 0120 0B       		.uleb128 0xb
 912 0121 3B       		.uleb128 0x3b
 913 0122 0B       		.uleb128 0xb
 914 0123 49       		.uleb128 0x49
 915 0124 13       		.uleb128 0x13
 916 0125 3F       		.uleb128 0x3f
 917 0126 0C       		.uleb128 0xc
 918 0127 3C       		.uleb128 0x3c
 919 0128 0C       		.uleb128 0xc
 920 0129 00       		.byte	0
 921 012a 00       		.byte	0
 922 012b 16       		.uleb128 0x16
 923 012c 34       		.uleb128 0x34
 924 012d 00       		.byte	0
 925 012e 03       		.uleb128 0x3
 926 012f 0E       		.uleb128 0xe
 927 0130 3A       		.uleb128 0x3a
 928 0131 0B       		.uleb128 0xb
 929 0132 3B       		.uleb128 0x3b
 930 0133 0B       		.uleb128 0xb
 931 0134 49       		.uleb128 0x49
 932 0135 13       		.uleb128 0x13
 933 0136 3F       		.uleb128 0x3f
 934 0137 0C       		.uleb128 0xc
 935 0138 02       		.uleb128 0x2
 936 0139 0A       		.uleb128 0xa
 937 013a 00       		.byte	0
 938 013b 00       		.byte	0
 939 013c 00       		.byte	0
 940              		.section	.debug_loc,"",%progbits
 941              	.Ldebug_loc0:
 942              	.LLST0:
 943 0000 00000000 		.4byte	.LFB8
 944 0004 02000000 		.4byte	.LCFI0
 945 0008 0200     		.2byte	0x2
 946 000a 7D       		.byte	0x7d
 947 000b 00       		.sleb128 0
 948 000c 02000000 		.4byte	.LCFI0
 949 0010 54000000 		.4byte	.LFE8
 950 0014 0200     		.2byte	0x2
 951 0016 7D       		.byte	0x7d
ARM GAS  /tmp/cc9aDeQG.s 			page 18


 952 0017 18       		.sleb128 24
 953 0018 00000000 		.4byte	0
 954 001c 00000000 		.4byte	0
 955              	.LLST1:
 956 0020 00000000 		.4byte	.LVL0
 957 0024 0D000000 		.4byte	.LVL1-1
 958 0028 0100     		.2byte	0x1
 959 002a 50       		.byte	0x50
 960 002b 0D000000 		.4byte	.LVL1-1
 961 002f 54000000 		.4byte	.LFE8
 962 0033 0100     		.2byte	0x1
 963 0035 54       		.byte	0x54
 964 0036 00000000 		.4byte	0
 965 003a 00000000 		.4byte	0
 966              	.LLST2:
 967 003e 00000000 		.4byte	.LVL0
 968 0042 0D000000 		.4byte	.LVL1-1
 969 0046 0100     		.2byte	0x1
 970 0048 51       		.byte	0x51
 971 0049 0D000000 		.4byte	.LVL1-1
 972 004d 40000000 		.4byte	.LVL6
 973 0051 0100     		.2byte	0x1
 974 0053 55       		.byte	0x55
 975 0054 40000000 		.4byte	.LVL6
 976 0058 44000000 		.4byte	.LVL7
 977 005c 0200     		.2byte	0x2
 978 005e 74       		.byte	0x74
 979 005f 08       		.sleb128 8
 980 0060 44000000 		.4byte	.LVL7
 981 0064 54000000 		.4byte	.LFE8
 982 0068 0100     		.2byte	0x1
 983 006a 55       		.byte	0x55
 984 006b 00000000 		.4byte	0
 985 006f 00000000 		.4byte	0
 986              	.LLST3:
 987 0073 00000000 		.4byte	.LVL0
 988 0077 0D000000 		.4byte	.LVL1-1
 989 007b 0100     		.2byte	0x1
 990 007d 52       		.byte	0x52
 991 007e 0D000000 		.4byte	.LVL1-1
 992 0082 54000000 		.4byte	.LFE8
 993 0086 0100     		.2byte	0x1
 994 0088 56       		.byte	0x56
 995 0089 00000000 		.4byte	0
 996 008d 00000000 		.4byte	0
 997              	.LLST4:
 998 0091 00000000 		.4byte	.LVL0
 999 0095 0D000000 		.4byte	.LVL1-1
 1000 0099 0100     		.2byte	0x1
 1001 009b 53       		.byte	0x53
 1002 009c 0D000000 		.4byte	.LVL1-1
 1003 00a0 54000000 		.4byte	.LFE8
 1004 00a4 0100     		.2byte	0x1
 1005 00a6 57       		.byte	0x57
 1006 00a7 00000000 		.4byte	0
 1007 00ab 00000000 		.4byte	0
 1008              	.LLST5:
ARM GAS  /tmp/cc9aDeQG.s 			page 19


 1009 00af 1A000000 		.4byte	.LVL2
 1010 00b3 22000000 		.4byte	.LVL3
 1011 00b7 0500     		.2byte	0x5
 1012 00b9 03       		.byte	0x3
 1013 00ba 00000000 		.4byte	vtlist
 1014 00be 22000000 		.4byte	.LVL3
 1015 00c2 24000000 		.4byte	.LVL4
 1016 00c6 0100     		.2byte	0x1
 1017 00c8 53       		.byte	0x53
 1018 00c9 26000000 		.4byte	.LVL5
 1019 00cd 44000000 		.4byte	.LVL7
 1020 00d1 0100     		.2byte	0x1
 1021 00d3 53       		.byte	0x53
 1022 00d4 00000000 		.4byte	0
 1023 00d8 00000000 		.4byte	0
 1024              	.LLST6:
 1025 00dc 00000000 		.4byte	.LFB9
 1026 00e0 02000000 		.4byte	.LCFI1
 1027 00e4 0200     		.2byte	0x2
 1028 00e6 7D       		.byte	0x7d
 1029 00e7 00       		.sleb128 0
 1030 00e8 02000000 		.4byte	.LCFI1
 1031 00ec 48000000 		.4byte	.LFE9
 1032 00f0 0200     		.2byte	0x2
 1033 00f2 7D       		.byte	0x7d
 1034 00f3 08       		.sleb128 8
 1035 00f4 00000000 		.4byte	0
 1036 00f8 00000000 		.4byte	0
 1037              	.LLST7:
 1038 00fc 00000000 		.4byte	.LVL8
 1039 0100 07000000 		.4byte	.LVL9-1
 1040 0104 0100     		.2byte	0x1
 1041 0106 50       		.byte	0x50
 1042 0107 07000000 		.4byte	.LVL9-1
 1043 010b 48000000 		.4byte	.LFE9
 1044 010f 0100     		.2byte	0x1
 1045 0111 54       		.byte	0x54
 1046 0112 00000000 		.4byte	0
 1047 0116 00000000 		.4byte	0
 1048              	.LLST8:
 1049 011a 00000000 		.4byte	.LVL10
 1050 011e 12000000 		.4byte	.LVL12
 1051 0122 0100     		.2byte	0x1
 1052 0124 50       		.byte	0x50
 1053 0125 16000000 		.4byte	.LVL13
 1054 0129 1C000000 		.4byte	.LVL14
 1055 012d 0100     		.2byte	0x1
 1056 012f 50       		.byte	0x50
 1057 0130 1E000000 		.4byte	.LVL15
 1058 0134 20000000 		.4byte	.LVL16
 1059 0138 0100     		.2byte	0x1
 1060 013a 50       		.byte	0x50
 1061 013b 00000000 		.4byte	0
 1062 013f 00000000 		.4byte	0
 1063              		.section	.debug_aranges,"",%progbits
 1064 0000 34000000 		.4byte	0x34
 1065 0004 0200     		.2byte	0x2
ARM GAS  /tmp/cc9aDeQG.s 			page 20


 1066 0006 00000000 		.4byte	.Ldebug_info0
 1067 000a 04       		.byte	0x4
 1068 000b 00       		.byte	0
 1069 000c 0000     		.2byte	0
 1070 000e 0000     		.2byte	0
 1071 0010 00000000 		.4byte	.LFB7
 1072 0014 18000000 		.4byte	.LFE7-.LFB7
 1073 0018 00000000 		.4byte	.LFB8
 1074 001c 54000000 		.4byte	.LFE8-.LFB8
 1075 0020 00000000 		.4byte	.LFB9
 1076 0024 48000000 		.4byte	.LFE9-.LFB9
 1077 0028 00000000 		.4byte	.LFB10
 1078 002c 28000000 		.4byte	.LFE10-.LFB10
 1079 0030 00000000 		.4byte	0
 1080 0034 00000000 		.4byte	0
 1081              		.section	.debug_ranges,"",%progbits
 1082              	.Ldebug_ranges0:
 1083 0000 00000000 		.4byte	.LFB7
 1084 0004 18000000 		.4byte	.LFE7
 1085 0008 00000000 		.4byte	.LFB8
 1086 000c 54000000 		.4byte	.LFE8
 1087 0010 00000000 		.4byte	.LFB9
 1088 0014 48000000 		.4byte	.LFE9
 1089 0018 00000000 		.4byte	.LFB10
 1090 001c 28000000 		.4byte	.LFE10
 1091 0020 00000000 		.4byte	0
 1092 0024 00000000 		.4byte	0
 1093              		.section	.debug_line,"",%progbits
 1094              	.Ldebug_line0:
 1095 0000 C0010000 		.section	.debug_str,"MS",%progbits,1
 1095      02002201 
 1095      00000201 
 1095      FB0E0D00 
 1095      01010101 
 1096              	.LASF25:
 1097 0000 63685654 		.ascii	"chVTSetI\000"
 1097      53657449 
 1097      00
 1098              	.LASF12:
 1099 0009 73797374 		.ascii	"systime_t\000"
 1099      696D655F 
 1099      7400
 1100              	.LASF27:
 1101 0013 73746172 		.ascii	"start\000"
 1101      7400
 1102              	.LASF10:
 1103 0019 626F6F6C 		.ascii	"bool_t\000"
 1103      5F7400
 1104              	.LASF13:
 1105 0020 76746675 		.ascii	"vtfunc_t\000"
 1105      6E635F74 
 1105      00
 1106              	.LASF6:
 1107 0029 6C6F6E67 		.ascii	"long unsigned int\000"
 1107      20756E73 
 1107      69676E65 
 1107      6420696E 
ARM GAS  /tmp/cc9aDeQG.s 			page 21


 1107      7400
 1108              	.LASF4:
 1109 003b 73686F72 		.ascii	"short unsigned int\000"
 1109      7420756E 
 1109      7369676E 
 1109      65642069 
 1109      6E7400
 1110              	.LASF14:
 1111 004e 56697274 		.ascii	"VirtualTimer\000"
 1111      75616C54 
 1111      696D6572 
 1111      00
 1112              	.LASF2:
 1113 005b 756E7369 		.ascii	"unsigned char\000"
 1113      676E6564 
 1113      20636861 
 1113      7200
 1114              	.LASF32:
 1115 0069 5F76745F 		.ascii	"_vt_init\000"
 1115      696E6974 
 1115      00
 1116              	.LASF0:
 1117 0072 756E7369 		.ascii	"unsigned int\000"
 1117      676E6564 
 1117      20696E74 
 1117      00
 1118              	.LASF8:
 1119 007f 6C6F6E67 		.ascii	"long long unsigned int\000"
 1119      206C6F6E 
 1119      6720756E 
 1119      7369676E 
 1119      65642069 
 1120              	.LASF31:
 1121 0096 2F686F6D 		.ascii	"/home/tino/workspace/openrobots/R2P_IR_module/fw\000"
 1121      652F7469 
 1121      6E6F2F77 
 1121      6F726B73 
 1121      70616365 
 1122              	.LASF28:
 1123 00c7 76746C69 		.ascii	"vtlist\000"
 1123      737400
 1124              	.LASF23:
 1125 00ce 74696D65 		.ascii	"time\000"
 1125      00
 1126              	.LASF17:
 1127 00d3 76745F74 		.ascii	"vt_time\000"
 1127      696D6500 
 1128              	.LASF29:
 1129 00db 474E5520 		.ascii	"GNU C 4.6.2 20120613 (release) [ARM/embedded-4_6-br"
 1129      4320342E 
 1129      362E3220 
 1129      32303132 
 1129      30363133 
 1130 010e 616E6368 		.ascii	"anch revision 188521]\000"
 1130      20726576 
 1130      6973696F 
 1130      6E203138 
ARM GAS  /tmp/cc9aDeQG.s 			page 22


 1130      38353231 
 1131              	.LASF20:
 1132 0124 76745F73 		.ascii	"vt_systime\000"
 1132      79737469 
 1132      6D6500
 1133              	.LASF7:
 1134 012f 6C6F6E67 		.ascii	"long long int\000"
 1134      206C6F6E 
 1134      6720696E 
 1134      7400
 1135              	.LASF18:
 1136 013d 76745F66 		.ascii	"vt_func\000"
 1136      756E6300 
 1137              	.LASF24:
 1138 0145 76746675 		.ascii	"vtfunc\000"
 1138      6E6300
 1139              	.LASF22:
 1140 014c 63686172 		.ascii	"char\000"
 1140      00
 1141              	.LASF19:
 1142 0151 76745F70 		.ascii	"vt_par\000"
 1142      617200
 1143              	.LASF3:
 1144 0158 73686F72 		.ascii	"short int\000"
 1144      7420696E 
 1144      7400
 1145              	.LASF33:
 1146 0162 63685469 		.ascii	"chTimeIsWithin\000"
 1146      6D654973 
 1146      57697468 
 1146      696E00
 1147              	.LASF16:
 1148 0171 76745F70 		.ascii	"vt_prev\000"
 1148      72657600 
 1149              	.LASF9:
 1150 0179 75696E74 		.ascii	"uint32_t\000"
 1150      33325F74 
 1150      00
 1151              	.LASF5:
 1152 0182 6C6F6E67 		.ascii	"long int\000"
 1152      20696E74 
 1152      00
 1153              	.LASF1:
 1154 018b 7369676E 		.ascii	"signed char\000"
 1154      65642063 
 1154      68617200 
 1155              	.LASF30:
 1156 0197 2E2E2F2E 		.ascii	"../../ChibiOS/os/kernel/src/chvt.c\000"
 1156      2E2F4368 
 1156      6962694F 
 1156      532F6F73 
 1156      2F6B6572 
 1157              	.LASF21:
 1158 01ba 56544C69 		.ascii	"VTList\000"
 1158      737400
 1159              	.LASF15:
 1160 01c1 76745F6E 		.ascii	"vt_next\000"
ARM GAS  /tmp/cc9aDeQG.s 			page 23


 1160      65787400 
 1161              	.LASF26:
 1162 01c9 63685654 		.ascii	"chVTResetI\000"
 1162      52657365 
 1162      744900
 1163              	.LASF11:
 1164 01d4 5F426F6F 		.ascii	"_Bool\000"
 1164      6C00
 1165              		.ident	"GCC: (GNU Tools for ARM Embedded Processors) 4.6.2 20120613 (release) [ARM/embedded-4_6-br
ARM GAS  /tmp/cc9aDeQG.s 			page 24


DEFINED SYMBOLS
                            *ABS*:00000000 chvt.c
     /tmp/cc9aDeQG.s:19     .text._vt_init:00000000 $t
     /tmp/cc9aDeQG.s:25     .text._vt_init:00000000 _vt_init
     /tmp/cc9aDeQG.s:287    .bss.vtlist:00000000 .LANCHOR0
     /tmp/cc9aDeQG.s:53     .text.chVTSetI:00000000 $t
     /tmp/cc9aDeQG.s:59     .text.chVTSetI:00000000 chVTSetI
     /tmp/cc9aDeQG.s:146    .text.chVTSetI:0000004c $d
     /tmp/cc9aDeQG.s:152    .text.chVTResetI:00000000 $t
     /tmp/cc9aDeQG.s:158    .text.chVTResetI:00000000 chVTResetI
     /tmp/cc9aDeQG.s:220    .text.chVTResetI:0000003c $d
     /tmp/cc9aDeQG.s:227    .text.chTimeIsWithin:00000000 $t
     /tmp/cc9aDeQG.s:233    .text.chTimeIsWithin:00000000 chTimeIsWithin
     /tmp/cc9aDeQG.s:280    .text.chTimeIsWithin:00000024 $d
     /tmp/cc9aDeQG.s:290    .bss.vtlist:00000000 vtlist
     /tmp/cc9aDeQG.s:286    .bss.vtlist:00000000 $d
     /tmp/cc9aDeQG.s:293    .rodata.str1.4:00000000 $d
                     .debug_frame:00000010 $d
     /tmp/cc9aDeQG.s:151    .text.chVTSetI:00000054 $t
     /tmp/cc9aDeQG.s:226    .text.chVTResetI:00000048 $t
     /tmp/cc9aDeQG.s:285    .text.chTimeIsWithin:00000028 $t

UNDEFINED SYMBOLS
chDbgCheckClassI
chDbgPanic
