ARM GAS  /tmp/ccpLw1GR.s 			page 1


   1              		.syntax unified
   2              		.cpu cortex-m3
   3              		.fpu softvfp
   4              		.eabi_attribute 20, 1
   5              		.eabi_attribute 21, 1
   6              		.eabi_attribute 23, 3
   7              		.eabi_attribute 24, 1
   8              		.eabi_attribute 25, 1
   9              		.eabi_attribute 26, 1
  10              		.eabi_attribute 30, 2
  11              		.eabi_attribute 34, 1
  12              		.eabi_attribute 18, 4
  13              		.thumb
  14              		.file	"evtimer.c"
  15              		.text
  16              	.Ltext0:
  17              		.cfi_sections	.debug_frame
  18              		.section	.text.tmrcb,"ax",%progbits
  19              		.align	2
  20              		.p2align 4,,15
  21              		.thumb
  22              		.thumb_func
  23              		.type	tmrcb, %function
  24              	tmrcb:
  25              	.LFB7:
  26              		.file 1 "../../ChibiOS/os/various/evtimer.c"
  27              		.loc 1 28 0
  28              		.cfi_startproc
  29              		@ args = 0, pretend = 0, frame = 0
  30              		@ frame_needed = 0, uses_anonymous_args = 0
  31              	.LVL0:
  32 0000 10B5     		push	{r4, lr}
  33              	.LCFI0:
  34              		.cfi_def_cfa_offset 8
  35              		.cfi_offset 14, -4
  36              		.cfi_offset 4, -8
  37              	.LBB2:
  38              		.loc 1 31 0
  39 0002 2023     		movs	r3, #32
  40              	.LVL1:
  41              	.LBE2:
  42              		.loc 1 28 0
  43 0004 0446     		mov	r4, r0
  44              	.LVL2:
  45              	.LBB3:
  46              		.loc 1 31 0
  47              	@ 31 "../../ChibiOS/os/various/evtimer.c" 1
  48 0006 83F31188 		msr     BASEPRI, r3
  49              	@ 0 "" 2
  50              	.LVL3:
  51              		.thumb
  52              	.LBE3:
  53 000a FFF7FEFF 		bl	dbg_check_lock_from_isr
  54              	.LVL4:
  55              		.loc 1 32 0
  56 000e 04F11400 		add	r0, r4, #20
  57              	.LVL5:
ARM GAS  /tmp/ccpLw1GR.s 			page 2


  58 0012 0021     		movs	r1, #0
  59 0014 FFF7FEFF 		bl	chEvtBroadcastFlagsI
  60              		.loc 1 33 0
  61 0018 40F20002 		movw	r2, #:lower16:tmrcb
  62 001c 2346     		mov	r3, r4
  63 001e A169     		ldr	r1, [r4, #24]
  64 0020 2046     		mov	r0, r4
  65 0022 C0F20002 		movt	r2, #:upper16:tmrcb
  66 0026 FFF7FEFF 		bl	chVTSetI
  67              		.loc 1 34 0
  68 002a FFF7FEFF 		bl	dbg_check_unlock_from_isr
  69              	.LBB4:
  70 002e 0023     		movs	r3, #0
  71              	.LVL6:
  72              	@ 34 "../../ChibiOS/os/various/evtimer.c" 1
  73 0030 83F31188 		msr     BASEPRI, r3
  74              	@ 0 "" 2
  75              	.LVL7:
  76              		.thumb
  77              	.LBE4:
  78              		.loc 1 35 0
  79 0034 10BD     		pop	{r4, pc}
  80              		.cfi_endproc
  81              	.LFE7:
  82              		.size	tmrcb, .-tmrcb
  83 0036 00BFAFF3 		.section	.text.evtStart,"ax",%progbits
  83      0080AFF3 
  83      0080
  84              		.align	2
  85              		.p2align 4,,15
  86              		.global	evtStart
  87              		.thumb
  88              		.thumb_func
  89              		.type	evtStart, %function
  90              	evtStart:
  91              	.LFB8:
  92              		.loc 1 43 0
  93              		.cfi_startproc
  94              		@ args = 0, pretend = 0, frame = 0
  95              		@ frame_needed = 0, uses_anonymous_args = 0
  96              	.LVL8:
  97 0000 10B5     		push	{r4, lr}
  98              	.LCFI1:
  99              		.cfi_def_cfa_offset 8
 100              		.cfi_offset 14, -4
 101              		.cfi_offset 4, -8
 102              	.LBB5:
 103              		.loc 1 45 0
 104 0002 2023     		movs	r3, #32
 105              	.LVL9:
 106              	.LBE5:
 107              		.loc 1 43 0
 108 0004 0446     		mov	r4, r0
 109              	.LBB6:
 110              		.loc 1 45 0
 111              	@ 45 "../../ChibiOS/os/various/evtimer.c" 1
 112 0006 83F31188 		msr     BASEPRI, r3
ARM GAS  /tmp/ccpLw1GR.s 			page 3


 113              	@ 0 "" 2
 114              	.LVL10:
 115              		.thumb
 116              	.LBE6:
 117 000a FFF7FEFF 		bl	dbg_check_lock
 118              	.LVL11:
 119              		.loc 1 47 0
 120 000e E368     		ldr	r3, [r4, #12]
 121 0010 2BB1     		cbz	r3, .L5
 122              		.loc 1 50 0
 123 0012 FFF7FEFF 		bl	dbg_check_unlock
 124              	.LBB7:
 125 0016 0023     		movs	r3, #0
 126              	.LVL12:
 127              	@ 50 "../../ChibiOS/os/various/evtimer.c" 1
 128 0018 83F31188 		msr     BASEPRI, r3
 129              	@ 0 "" 2
 130              	.LVL13:
 131              		.thumb
 132              	.LBE7:
 133              		.loc 1 51 0
 134 001c 10BD     		pop	{r4, pc}
 135              	.LVL14:
 136              	.L5:
 137              		.loc 1 48 0
 138 001e 2346     		mov	r3, r4
 139 0020 A169     		ldr	r1, [r4, #24]
 140 0022 2046     		mov	r0, r4
 141 0024 044A     		ldr	r2, .L6
 142 0026 FFF7FEFF 		bl	chVTSetI
 143              		.loc 1 50 0
 144 002a FFF7FEFF 		bl	dbg_check_unlock
 145              	.LBB8:
 146 002e 0023     		movs	r3, #0
 147              	@ 50 "../../ChibiOS/os/various/evtimer.c" 1
 148 0030 83F31188 		msr     BASEPRI, r3
 149              	@ 0 "" 2
 150              	.LVL15:
 151              		.thumb
 152              	.LBE8:
 153              		.loc 1 51 0
 154 0034 10BD     		pop	{r4, pc}
 155              	.L7:
 156 0036 00BF     		.align	2
 157              	.L6:
 158 0038 00000000 		.word	tmrcb
 159              		.cfi_endproc
 160              	.LFE8:
 161              		.size	evtStart, .-evtStart
 162 003c AFF30080 		.section	.text.evtStop,"ax",%progbits
 163              		.align	2
 164              		.p2align 4,,15
 165              		.global	evtStop
 166              		.thumb
 167              		.thumb_func
 168              		.type	evtStop, %function
 169              	evtStop:
ARM GAS  /tmp/ccpLw1GR.s 			page 4


 170              	.LFB9:
 171              		.loc 1 59 0
 172              		.cfi_startproc
 173              		@ args = 0, pretend = 0, frame = 0
 174              		@ frame_needed = 0, uses_anonymous_args = 0
 175              	.LVL16:
 176 0000 10B5     		push	{r4, lr}
 177              	.LCFI2:
 178              		.cfi_def_cfa_offset 8
 179              		.cfi_offset 14, -4
 180              		.cfi_offset 4, -8
 181              	.LBB9:
 182              		.loc 1 61 0
 183 0002 2023     		movs	r3, #32
 184              	.LVL17:
 185              	.LBE9:
 186              		.loc 1 59 0
 187 0004 0446     		mov	r4, r0
 188              	.LBB10:
 189              		.loc 1 61 0
 190              	@ 61 "../../ChibiOS/os/various/evtimer.c" 1
 191 0006 83F31188 		msr     BASEPRI, r3
 192              	@ 0 "" 2
 193              	.LVL18:
 194              		.thumb
 195              	.LBE10:
 196 000a FFF7FEFF 		bl	dbg_check_lock
 197              	.LVL19:
 198 000e E368     		ldr	r3, [r4, #12]
 199 0010 13B1     		cbz	r3, .L9
 200              		.loc 1 61 0 is_stmt 0 discriminator 1
 201 0012 2046     		mov	r0, r4
 202 0014 FFF7FEFF 		bl	chVTResetI
 203              	.L9:
 204              		.loc 1 61 0 discriminator 2
 205 0018 FFF7FEFF 		bl	dbg_check_unlock
 206              	.LBB11:
 207 001c 0023     		movs	r3, #0
 208              	.LVL20:
 209              	@ 61 "../../ChibiOS/os/various/evtimer.c" 1
 210 001e 83F31188 		msr     BASEPRI, r3
 211              	@ 0 "" 2
 212              	.LVL21:
 213              		.thumb
 214              	.LBE11:
 215              		.loc 1 62 0 is_stmt 1 discriminator 2
 216 0022 10BD     		pop	{r4, pc}
 217              		.cfi_endproc
 218              	.LFE9:
 219              		.size	evtStop, .-evtStop
 220 0024 AFF30080 		.text
 220      AFF30080 
 220      AFF30080 
 221              	.Letext0:
 222              		.file 2 "/home/tino/ChibiStudio/tools/GNU Tools ARM Embedded/4.6 2012q2/bin/../lib/gcc/arm-none-ea
 223              		.file 3 "../../ChibiOS/os/ports/GCC/ARMCMx/chtypes.h"
 224              		.file 4 "../../ChibiOS/os/kernel/include/chlists.h"
ARM GAS  /tmp/ccpLw1GR.s 			page 5


 225              		.file 5 "../../ChibiOS/os/kernel/include/chthreads.h"
 226              		.file 6 "../../ChibiOS/os/ports/GCC/ARMCMx/chcore_v7m.h"
 227              		.file 7 "../../ChibiOS/os/kernel/include/chvt.h"
 228              		.file 8 "../../ChibiOS/os/kernel/include/chmtx.h"
 229              		.file 9 "../../ChibiOS/os/kernel/include/chevents.h"
 230              		.file 10 "../../ChibiOS/os/various/evtimer.h"
 231              		.section	.debug_info,"",%progbits
 232              	.Ldebug_info0:
 233 0000 57060000 		.4byte	0x657
 234 0004 0200     		.2byte	0x2
 235 0006 00000000 		.4byte	.Ldebug_abbrev0
 236 000a 04       		.byte	0x4
 237 000b 01       		.uleb128 0x1
 238 000c 97000000 		.4byte	.LASF77
 239 0010 01       		.byte	0x1
 240 0011 06020000 		.4byte	.LASF78
 241 0015 E0000000 		.4byte	.LASF79
 242 0019 00000000 		.4byte	0
 243 001d 00000000 		.4byte	0
 244 0021 60000000 		.4byte	.Ldebug_ranges0+0x60
 245 0025 00000000 		.4byte	.Ldebug_line0
 246 0029 02       		.uleb128 0x2
 247 002a 04       		.byte	0x4
 248 002b 05       		.byte	0x5
 249 002c 696E7400 		.ascii	"int\000"
 250 0030 03       		.uleb128 0x3
 251 0031 04       		.byte	0x4
 252 0032 07       		.byte	0x7
 253 0033 4A010000 		.4byte	.LASF0
 254 0037 03       		.uleb128 0x3
 255 0038 01       		.byte	0x1
 256 0039 06       		.byte	0x6
 257 003a 60000000 		.4byte	.LASF1
 258 003e 04       		.uleb128 0x4
 259 003f 38030000 		.4byte	.LASF5
 260 0043 02       		.byte	0x2
 261 0044 2A       		.byte	0x2a
 262 0045 49000000 		.4byte	0x49
 263 0049 03       		.uleb128 0x3
 264 004a 01       		.byte	0x1
 265 004b 08       		.byte	0x8
 266 004c 46020000 		.4byte	.LASF2
 267 0050 03       		.uleb128 0x3
 268 0051 02       		.byte	0x2
 269 0052 05       		.byte	0x5
 270 0053 73020000 		.4byte	.LASF3
 271 0057 03       		.uleb128 0x3
 272 0058 02       		.byte	0x2
 273 0059 07       		.byte	0x7
 274 005a 79010000 		.4byte	.LASF4
 275 005e 04       		.uleb128 0x4
 276 005f 3E020000 		.4byte	.LASF6
 277 0063 02       		.byte	0x2
 278 0064 4F       		.byte	0x4f
 279 0065 69000000 		.4byte	0x69
 280 0069 03       		.uleb128 0x3
 281 006a 04       		.byte	0x4
ARM GAS  /tmp/ccpLw1GR.s 			page 6


 282 006b 05       		.byte	0x5
 283 006c 8E000000 		.4byte	.LASF7
 284 0070 04       		.uleb128 0x4
 285 0071 B7020000 		.4byte	.LASF8
 286 0075 02       		.byte	0x2
 287 0076 50       		.byte	0x50
 288 0077 7B000000 		.4byte	0x7b
 289 007b 03       		.uleb128 0x3
 290 007c 04       		.byte	0x4
 291 007d 07       		.byte	0x7
 292 007e 5F010000 		.4byte	.LASF9
 293 0082 03       		.uleb128 0x3
 294 0083 08       		.byte	0x8
 295 0084 05       		.byte	0x5
 296 0085 52000000 		.4byte	.LASF10
 297 0089 04       		.uleb128 0x4
 298 008a 19000000 		.4byte	.LASF11
 299 008e 02       		.byte	0x2
 300 008f 78       		.byte	0x78
 301 0090 94000000 		.4byte	0x94
 302 0094 03       		.uleb128 0x3
 303 0095 08       		.byte	0x8
 304 0096 07       		.byte	0x7
 305 0097 22000000 		.4byte	.LASF12
 306 009b 03       		.uleb128 0x3
 307 009c 01       		.byte	0x1
 308 009d 02       		.byte	0x2
 309 009e 38020000 		.4byte	.LASF13
 310 00a2 04       		.uleb128 0x4
 311 00a3 9A010000 		.4byte	.LASF14
 312 00a7 03       		.byte	0x3
 313 00a8 25       		.byte	0x25
 314 00a9 3E000000 		.4byte	0x3e
 315 00ad 04       		.uleb128 0x4
 316 00ae 11010000 		.4byte	.LASF15
 317 00b2 03       		.byte	0x3
 318 00b3 26       		.byte	0x26
 319 00b4 3E000000 		.4byte	0x3e
 320 00b8 04       		.uleb128 0x4
 321 00b9 FE010000 		.4byte	.LASF16
 322 00bd 03       		.byte	0x3
 323 00be 27       		.byte	0x27
 324 00bf 3E000000 		.4byte	0x3e
 325 00c3 04       		.uleb128 0x4
 326 00c4 84000000 		.4byte	.LASF17
 327 00c8 03       		.byte	0x3
 328 00c9 28       		.byte	0x28
 329 00ca 3E000000 		.4byte	0x3e
 330 00ce 04       		.uleb128 0x4
 331 00cf 30020000 		.4byte	.LASF18
 332 00d3 03       		.byte	0x3
 333 00d4 29       		.byte	0x29
 334 00d5 70000000 		.4byte	0x70
 335 00d9 04       		.uleb128 0x4
 336 00da 8C010000 		.4byte	.LASF19
 337 00de 03       		.byte	0x3
 338 00df 2A       		.byte	0x2a
ARM GAS  /tmp/ccpLw1GR.s 			page 7


 339 00e0 5E000000 		.4byte	0x5e
 340 00e4 04       		.uleb128 0x4
 341 00e5 AE010000 		.4byte	.LASF20
 342 00e9 03       		.byte	0x3
 343 00ea 2C       		.byte	0x2c
 344 00eb 70000000 		.4byte	0x70
 345 00ef 04       		.uleb128 0x4
 346 00f0 25030000 		.4byte	.LASF21
 347 00f4 03       		.byte	0x3
 348 00f5 2D       		.byte	0x2d
 349 00f6 70000000 		.4byte	0x70
 350 00fa 04       		.uleb128 0x4
 351 00fb DF020000 		.4byte	.LASF22
 352 00ff 03       		.byte	0x3
 353 0100 2E       		.byte	0x2e
 354 0101 70000000 		.4byte	0x70
 355 0105 04       		.uleb128 0x4
 356 0106 A5020000 		.4byte	.LASF23
 357 010a 04       		.byte	0x4
 358 010b 23       		.byte	0x23
 359 010c 10010000 		.4byte	0x110
 360 0110 05       		.uleb128 0x5
 361 0111 A5020000 		.4byte	.LASF23
 362 0115 4C       		.byte	0x4c
 363 0116 05       		.byte	0x5
 364 0117 57       		.byte	0x57
 365 0118 43020000 		.4byte	0x243
 366 011c 06       		.uleb128 0x6
 367 011d 96020000 		.4byte	.LASF24
 368 0121 05       		.byte	0x5
 369 0122 58       		.byte	0x58
 370 0123 68020000 		.4byte	0x268
 371 0127 02       		.byte	0x2
 372 0128 23       		.byte	0x23
 373 0129 00       		.uleb128 0
 374 012a 06       		.uleb128 0x6
 375 012b 29020000 		.4byte	.LASF25
 376 012f 05       		.byte	0x5
 377 0130 5A       		.byte	0x5a
 378 0131 68020000 		.4byte	0x268
 379 0135 02       		.byte	0x2
 380 0136 23       		.byte	0x23
 381 0137 04       		.uleb128 0x4
 382 0138 06       		.uleb128 0x6
 383 0139 4B000000 		.4byte	.LASF26
 384 013d 05       		.byte	0x5
 385 013e 5C       		.byte	0x5c
 386 013f CE000000 		.4byte	0xce
 387 0143 02       		.byte	0x2
 388 0144 23       		.byte	0x23
 389 0145 08       		.uleb128 0x8
 390 0146 06       		.uleb128 0x6
 391 0147 72030000 		.4byte	.LASF27
 392 014b 05       		.byte	0x5
 393 014c 5D       		.byte	0x5d
 394 014d 41030000 		.4byte	0x341
 395 0151 02       		.byte	0x2
ARM GAS  /tmp/ccpLw1GR.s 			page 8


 396 0152 23       		.byte	0x23
 397 0153 0C       		.uleb128 0xc
 398 0154 06       		.uleb128 0x6
 399 0155 1A010000 		.4byte	.LASF28
 400 0159 05       		.byte	0x5
 401 015a 5F       		.byte	0x5f
 402 015b 68020000 		.4byte	0x268
 403 015f 02       		.byte	0x2
 404 0160 23       		.byte	0x23
 405 0161 10       		.uleb128 0x10
 406 0162 06       		.uleb128 0x6
 407 0163 E1010000 		.4byte	.LASF29
 408 0167 05       		.byte	0x5
 409 0168 60       		.byte	0x60
 410 0169 68020000 		.4byte	0x268
 411 016d 02       		.byte	0x2
 412 016e 23       		.byte	0x23
 413 016f 14       		.uleb128 0x14
 414 0170 06       		.uleb128 0x6
 415 0171 55030000 		.4byte	.LASF30
 416 0175 05       		.byte	0x5
 417 0176 67       		.byte	0x67
 418 0177 E3040000 		.4byte	0x4e3
 419 017b 02       		.byte	0x2
 420 017c 23       		.byte	0x23
 421 017d 18       		.uleb128 0x18
 422 017e 06       		.uleb128 0x6
 423 017f 3F010000 		.4byte	.LASF31
 424 0183 05       		.byte	0x5
 425 0184 6D       		.byte	0x6d
 426 0185 F5040000 		.4byte	0x4f5
 427 0189 02       		.byte	0x2
 428 018a 23       		.byte	0x23
 429 018b 1C       		.uleb128 0x1c
 430 018c 06       		.uleb128 0x6
 431 018d 7D020000 		.4byte	.LASF32
 432 0191 05       		.byte	0x5
 433 0192 72       		.byte	0x72
 434 0193 AD000000 		.4byte	0xad
 435 0197 02       		.byte	0x2
 436 0198 23       		.byte	0x23
 437 0199 20       		.uleb128 0x20
 438 019a 06       		.uleb128 0x6
 439 019b 9D020000 		.4byte	.LASF33
 440 019f 05       		.byte	0x5
 441 01a0 76       		.byte	0x76
 442 01a1 A2000000 		.4byte	0xa2
 443 01a5 02       		.byte	0x2
 444 01a6 23       		.byte	0x23
 445 01a7 21       		.uleb128 0x21
 446 01a8 06       		.uleb128 0x6
 447 01a9 31030000 		.4byte	.LASF34
 448 01ad 05       		.byte	0x5
 449 01ae 7B       		.byte	0x7b
 450 01af B8000000 		.4byte	0xb8
 451 01b3 02       		.byte	0x2
 452 01b4 23       		.byte	0x23
ARM GAS  /tmp/ccpLw1GR.s 			page 9


 453 01b5 22       		.uleb128 0x22
 454 01b6 06       		.uleb128 0x6
 455 01b7 85020000 		.4byte	.LASF35
 456 01bb 05       		.byte	0x5
 457 01bc 81       		.byte	0x81
 458 01bd C3000000 		.4byte	0xc3
 459 01c1 02       		.byte	0x2
 460 01c2 23       		.byte	0x23
 461 01c3 23       		.uleb128 0x23
 462 01c4 06       		.uleb128 0x6
 463 01c5 05030000 		.4byte	.LASF36
 464 01c9 05       		.byte	0x5
 465 01ca 88       		.byte	0x88
 466 01cb E5030000 		.4byte	0x3e5
 467 01cf 02       		.byte	0x2
 468 01d0 23       		.byte	0x23
 469 01d1 24       		.uleb128 0x24
 470 01d2 07       		.uleb128 0x7
 471 01d3 705F7500 		.ascii	"p_u\000"
 472 01d7 05       		.byte	0x5
 473 01d8 AD       		.byte	0xad
 474 01d9 AE040000 		.4byte	0x4ae
 475 01dd 02       		.byte	0x2
 476 01de 23       		.byte	0x23
 477 01df 28       		.uleb128 0x28
 478 01e0 06       		.uleb128 0x6
 479 01e1 78030000 		.4byte	.LASF37
 480 01e5 05       		.byte	0x5
 481 01e6 B2       		.byte	0xb2
 482 01e7 90020000 		.4byte	0x290
 483 01eb 02       		.byte	0x2
 484 01ec 23       		.byte	0x23
 485 01ed 2C       		.uleb128 0x2c
 486 01ee 06       		.uleb128 0x6
 487 01ef 13030000 		.4byte	.LASF38
 488 01f3 05       		.byte	0x5
 489 01f4 B8       		.byte	0xb8
 490 01f5 6E020000 		.4byte	0x26e
 491 01f9 02       		.byte	0x2
 492 01fa 23       		.byte	0x23
 493 01fb 30       		.uleb128 0x30
 494 01fc 06       		.uleb128 0x6
 495 01fd 0C000000 		.4byte	.LASF39
 496 0201 05       		.byte	0x5
 497 0202 BC       		.byte	0xbc
 498 0203 D9000000 		.4byte	0xd9
 499 0207 02       		.byte	0x2
 500 0208 23       		.byte	0x23
 501 0209 38       		.uleb128 0x38
 502 020a 06       		.uleb128 0x6
 503 020b AC020000 		.4byte	.LASF40
 504 020f 05       		.byte	0x5
 505 0210 C2       		.byte	0xc2
 506 0211 E4000000 		.4byte	0xe4
 507 0215 02       		.byte	0x2
 508 0216 23       		.byte	0x23
 509 0217 3C       		.uleb128 0x3c
ARM GAS  /tmp/ccpLw1GR.s 			page 10


 510 0218 06       		.uleb128 0x6
 511 0219 69020000 		.4byte	.LASF41
 512 021d 05       		.byte	0x5
 513 021e C9       		.byte	0xc9
 514 021f FB040000 		.4byte	0x4fb
 515 0223 02       		.byte	0x2
 516 0224 23       		.byte	0x23
 517 0225 40       		.uleb128 0x40
 518 0226 06       		.uleb128 0x6
 519 0227 E9020000 		.4byte	.LASF42
 520 022b 05       		.byte	0x5
 521 022c CD       		.byte	0xcd
 522 022d CE000000 		.4byte	0xce
 523 0231 02       		.byte	0x2
 524 0232 23       		.byte	0x23
 525 0233 44       		.uleb128 0x44
 526 0234 06       		.uleb128 0x6
 527 0235 74000000 		.4byte	.LASF43
 528 0239 05       		.byte	0x5
 529 023a D3       		.byte	0xd3
 530 023b A6020000 		.4byte	0x2a6
 531 023f 02       		.byte	0x2
 532 0240 23       		.byte	0x23
 533 0241 48       		.uleb128 0x48
 534 0242 00       		.byte	0
 535 0243 08       		.uleb128 0x8
 536 0244 08       		.byte	0x8
 537 0245 04       		.byte	0x4
 538 0246 5A       		.byte	0x5a
 539 0247 68020000 		.4byte	0x268
 540 024b 06       		.uleb128 0x6
 541 024c 96020000 		.4byte	.LASF24
 542 0250 04       		.byte	0x4
 543 0251 5B       		.byte	0x5b
 544 0252 68020000 		.4byte	0x268
 545 0256 02       		.byte	0x2
 546 0257 23       		.byte	0x23
 547 0258 00       		.uleb128 0
 548 0259 06       		.uleb128 0x6
 549 025a 29020000 		.4byte	.LASF25
 550 025e 04       		.byte	0x4
 551 025f 5D       		.byte	0x5d
 552 0260 68020000 		.4byte	0x268
 553 0264 02       		.byte	0x2
 554 0265 23       		.byte	0x23
 555 0266 04       		.uleb128 0x4
 556 0267 00       		.byte	0
 557 0268 09       		.uleb128 0x9
 558 0269 04       		.byte	0x4
 559 026a 05010000 		.4byte	0x105
 560 026e 04       		.uleb128 0x4
 561 026f E9010000 		.4byte	.LASF44
 562 0273 04       		.byte	0x4
 563 0274 5F       		.byte	0x5f
 564 0275 43020000 		.4byte	0x243
 565 0279 08       		.uleb128 0x8
 566 027a 04       		.byte	0x4
ARM GAS  /tmp/ccpLw1GR.s 			page 11


 567 027b 04       		.byte	0x4
 568 027c 64       		.byte	0x64
 569 027d 90020000 		.4byte	0x290
 570 0281 06       		.uleb128 0x6
 571 0282 96020000 		.4byte	.LASF24
 572 0286 04       		.byte	0x4
 573 0287 66       		.byte	0x66
 574 0288 68020000 		.4byte	0x268
 575 028c 02       		.byte	0x2
 576 028d 23       		.byte	0x23
 577 028e 00       		.uleb128 0
 578 028f 00       		.byte	0
 579 0290 04       		.uleb128 0x4
 580 0291 A2010000 		.4byte	.LASF45
 581 0295 04       		.byte	0x4
 582 0296 69       		.byte	0x69
 583 0297 79020000 		.4byte	0x279
 584 029b 04       		.uleb128 0x4
 585 029c 22010000 		.4byte	.LASF46
 586 02a0 06       		.byte	0x6
 587 02a1 DE       		.byte	0xde
 588 02a2 A6020000 		.4byte	0x2a6
 589 02a6 0A       		.uleb128 0xa
 590 02a7 04       		.byte	0x4
 591 02a8 04       		.uleb128 0x4
 592 02a9 C0010000 		.4byte	.LASF47
 593 02ad 06       		.byte	0x6
 594 02ae E4       		.byte	0xe4
 595 02af 89000000 		.4byte	0x89
 596 02b3 0B       		.uleb128 0xb
 597 02b4 0C030000 		.4byte	.LASF48
 598 02b8 24       		.byte	0x24
 599 02b9 06       		.byte	0x6
 600 02ba 0501     		.2byte	0x105
 601 02bc 41030000 		.4byte	0x341
 602 02c0 0C       		.uleb128 0xc
 603 02c1 723400   		.ascii	"r4\000"
 604 02c4 06       		.byte	0x6
 605 02c5 1801     		.2byte	0x118
 606 02c7 9B020000 		.4byte	0x29b
 607 02cb 02       		.byte	0x2
 608 02cc 23       		.byte	0x23
 609 02cd 00       		.uleb128 0
 610 02ce 0C       		.uleb128 0xc
 611 02cf 723500   		.ascii	"r5\000"
 612 02d2 06       		.byte	0x6
 613 02d3 1901     		.2byte	0x119
 614 02d5 9B020000 		.4byte	0x29b
 615 02d9 02       		.byte	0x2
 616 02da 23       		.byte	0x23
 617 02db 04       		.uleb128 0x4
 618 02dc 0C       		.uleb128 0xc
 619 02dd 723600   		.ascii	"r6\000"
 620 02e0 06       		.byte	0x6
 621 02e1 1A01     		.2byte	0x11a
 622 02e3 9B020000 		.4byte	0x29b
 623 02e7 02       		.byte	0x2
ARM GAS  /tmp/ccpLw1GR.s 			page 12


 624 02e8 23       		.byte	0x23
 625 02e9 08       		.uleb128 0x8
 626 02ea 0C       		.uleb128 0xc
 627 02eb 723700   		.ascii	"r7\000"
 628 02ee 06       		.byte	0x6
 629 02ef 1B01     		.2byte	0x11b
 630 02f1 9B020000 		.4byte	0x29b
 631 02f5 02       		.byte	0x2
 632 02f6 23       		.byte	0x23
 633 02f7 0C       		.uleb128 0xc
 634 02f8 0C       		.uleb128 0xc
 635 02f9 723800   		.ascii	"r8\000"
 636 02fc 06       		.byte	0x6
 637 02fd 1C01     		.2byte	0x11c
 638 02ff 9B020000 		.4byte	0x29b
 639 0303 02       		.byte	0x2
 640 0304 23       		.byte	0x23
 641 0305 10       		.uleb128 0x10
 642 0306 0C       		.uleb128 0xc
 643 0307 723900   		.ascii	"r9\000"
 644 030a 06       		.byte	0x6
 645 030b 1D01     		.2byte	0x11d
 646 030d 9B020000 		.4byte	0x29b
 647 0311 02       		.byte	0x2
 648 0312 23       		.byte	0x23
 649 0313 14       		.uleb128 0x14
 650 0314 0C       		.uleb128 0xc
 651 0315 72313000 		.ascii	"r10\000"
 652 0319 06       		.byte	0x6
 653 031a 1E01     		.2byte	0x11e
 654 031c 9B020000 		.4byte	0x29b
 655 0320 02       		.byte	0x2
 656 0321 23       		.byte	0x23
 657 0322 18       		.uleb128 0x18
 658 0323 0C       		.uleb128 0xc
 659 0324 72313100 		.ascii	"r11\000"
 660 0328 06       		.byte	0x6
 661 0329 1F01     		.2byte	0x11f
 662 032b 9B020000 		.4byte	0x29b
 663 032f 02       		.byte	0x2
 664 0330 23       		.byte	0x23
 665 0331 1C       		.uleb128 0x1c
 666 0332 0C       		.uleb128 0xc
 667 0333 6C7200   		.ascii	"lr\000"
 668 0336 06       		.byte	0x6
 669 0337 2001     		.2byte	0x120
 670 0339 9B020000 		.4byte	0x29b
 671 033d 02       		.byte	0x2
 672 033e 23       		.byte	0x23
 673 033f 20       		.uleb128 0x20
 674 0340 00       		.byte	0
 675 0341 0B       		.uleb128 0xb
 676 0342 71010000 		.4byte	.LASF49
 677 0346 04       		.byte	0x4
 678 0347 06       		.byte	0x6
 679 0348 2A01     		.2byte	0x12a
 680 034a 5E030000 		.4byte	0x35e
ARM GAS  /tmp/ccpLw1GR.s 			page 13


 681 034e 0C       		.uleb128 0xc
 682 034f 72313300 		.ascii	"r13\000"
 683 0353 06       		.byte	0x6
 684 0354 2B01     		.2byte	0x12b
 685 0356 5E030000 		.4byte	0x35e
 686 035a 02       		.byte	0x2
 687 035b 23       		.byte	0x23
 688 035c 00       		.uleb128 0
 689 035d 00       		.byte	0
 690 035e 09       		.uleb128 0x9
 691 035f 04       		.byte	0x4
 692 0360 B3020000 		.4byte	0x2b3
 693 0364 04       		.uleb128 0x4
 694 0365 F4020000 		.4byte	.LASF50
 695 0369 07       		.byte	0x7
 696 036a 4E       		.byte	0x4e
 697 036b 6F030000 		.4byte	0x36f
 698 036f 09       		.uleb128 0x9
 699 0370 04       		.byte	0x4
 700 0371 75030000 		.4byte	0x375
 701 0375 0D       		.uleb128 0xd
 702 0376 01       		.byte	0x1
 703 0377 81030000 		.4byte	0x381
 704 037b 0E       		.uleb128 0xe
 705 037c A6020000 		.4byte	0x2a6
 706 0380 00       		.byte	0
 707 0381 04       		.uleb128 0x4
 708 0382 C0020000 		.4byte	.LASF51
 709 0386 07       		.byte	0x7
 710 0387 53       		.byte	0x53
 711 0388 8C030000 		.4byte	0x38c
 712 038c 05       		.uleb128 0x5
 713 038d C0020000 		.4byte	.LASF51
 714 0391 14       		.byte	0x14
 715 0392 07       		.byte	0x7
 716 0393 5A       		.byte	0x5a
 717 0394 DF030000 		.4byte	0x3df
 718 0398 06       		.uleb128 0x6
 719 0399 57010000 		.4byte	.LASF52
 720 039d 07       		.byte	0x7
 721 039e 5B       		.byte	0x5b
 722 039f DF030000 		.4byte	0x3df
 723 03a3 02       		.byte	0x2
 724 03a4 23       		.byte	0x23
 725 03a5 00       		.uleb128 0
 726 03a6 06       		.uleb128 0x6
 727 03a7 2B010000 		.4byte	.LASF53
 728 03ab 07       		.byte	0x7
 729 03ac 5D       		.byte	0x5d
 730 03ad DF030000 		.4byte	0x3df
 731 03b1 02       		.byte	0x2
 732 03b2 23       		.byte	0x23
 733 03b3 04       		.uleb128 0x4
 734 03b4 06       		.uleb128 0x6
 735 03b5 CB010000 		.4byte	.LASF54
 736 03b9 07       		.byte	0x7
 737 03ba 5F       		.byte	0x5f
ARM GAS  /tmp/ccpLw1GR.s 			page 14


 738 03bb FA000000 		.4byte	0xfa
 739 03bf 02       		.byte	0x2
 740 03c0 23       		.byte	0x23
 741 03c1 08       		.uleb128 0x8
 742 03c2 06       		.uleb128 0x6
 743 03c3 D9010000 		.4byte	.LASF55
 744 03c7 07       		.byte	0x7
 745 03c8 60       		.byte	0x60
 746 03c9 64030000 		.4byte	0x364
 747 03cd 02       		.byte	0x2
 748 03ce 23       		.byte	0x23
 749 03cf 0C       		.uleb128 0xc
 750 03d0 06       		.uleb128 0x6
 751 03d1 1E030000 		.4byte	.LASF56
 752 03d5 07       		.byte	0x7
 753 03d6 62       		.byte	0x62
 754 03d7 A6020000 		.4byte	0x2a6
 755 03db 02       		.byte	0x2
 756 03dc 23       		.byte	0x23
 757 03dd 10       		.uleb128 0x10
 758 03de 00       		.byte	0
 759 03df 09       		.uleb128 0x9
 760 03e0 04       		.byte	0x4
 761 03e1 81030000 		.4byte	0x381
 762 03e5 0F       		.uleb128 0xf
 763 03e6 FA000000 		.4byte	0xfa
 764 03ea 05       		.uleb128 0x5
 765 03eb BA010000 		.4byte	.LASF57
 766 03ef 10       		.byte	0x10
 767 03f0 08       		.byte	0x8
 768 03f1 25       		.byte	0x25
 769 03f2 21040000 		.4byte	0x421
 770 03f6 06       		.uleb128 0x6
 771 03f7 7C000000 		.4byte	.LASF58
 772 03fb 08       		.byte	0x8
 773 03fc 26       		.byte	0x26
 774 03fd 6E020000 		.4byte	0x26e
 775 0401 02       		.byte	0x2
 776 0402 23       		.byte	0x23
 777 0403 00       		.uleb128 0
 778 0404 06       		.uleb128 0x6
 779 0405 6A030000 		.4byte	.LASF59
 780 0409 08       		.byte	0x8
 781 040a 28       		.byte	0x28
 782 040b 68020000 		.4byte	0x268
 783 040f 02       		.byte	0x2
 784 0410 23       		.byte	0x23
 785 0411 08       		.uleb128 0x8
 786 0412 06       		.uleb128 0x6
 787 0413 D8020000 		.4byte	.LASF60
 788 0417 08       		.byte	0x8
 789 0418 2A       		.byte	0x2a
 790 0419 21040000 		.4byte	0x421
 791 041d 02       		.byte	0x2
 792 041e 23       		.byte	0x23
 793 041f 0C       		.uleb128 0xc
 794 0420 00       		.byte	0
ARM GAS  /tmp/ccpLw1GR.s 			page 15


 795 0421 09       		.uleb128 0x9
 796 0422 04       		.byte	0x4
 797 0423 EA030000 		.4byte	0x3ea
 798 0427 04       		.uleb128 0x4
 799 0428 BA010000 		.4byte	.LASF57
 800 042c 08       		.byte	0x8
 801 042d 2C       		.byte	0x2c
 802 042e EA030000 		.4byte	0x3ea
 803 0432 04       		.uleb128 0x4
 804 0433 40030000 		.4byte	.LASF61
 805 0437 09       		.byte	0x9
 806 0438 25       		.byte	0x25
 807 0439 3D040000 		.4byte	0x43d
 808 043d 05       		.uleb128 0x5
 809 043e 40030000 		.4byte	.LASF61
 810 0442 10       		.byte	0x10
 811 0443 09       		.byte	0x9
 812 0444 2A       		.byte	0x2a
 813 0445 82040000 		.4byte	0x482
 814 0449 06       		.uleb128 0x6
 815 044a 92010000 		.4byte	.LASF62
 816 044e 09       		.byte	0x9
 817 044f 2B       		.byte	0x2b
 818 0450 82040000 		.4byte	0x482
 819 0454 02       		.byte	0x2
 820 0455 23       		.byte	0x23
 821 0456 00       		.uleb128 0
 822 0457 06       		.uleb128 0x6
 823 0458 54020000 		.4byte	.LASF63
 824 045c 09       		.byte	0x9
 825 045d 2E       		.byte	0x2e
 826 045e 68020000 		.4byte	0x268
 827 0462 02       		.byte	0x2
 828 0463 23       		.byte	0x23
 829 0464 04       		.uleb128 0x4
 830 0465 06       		.uleb128 0x6
 831 0466 F6010000 		.4byte	.LASF64
 832 046a 09       		.byte	0x9
 833 046b 30       		.byte	0x30
 834 046c E4000000 		.4byte	0xe4
 835 0470 02       		.byte	0x2
 836 0471 23       		.byte	0x23
 837 0472 08       		.uleb128 0x8
 838 0473 06       		.uleb128 0x6
 839 0474 60020000 		.4byte	.LASF65
 840 0478 09       		.byte	0x9
 841 0479 33       		.byte	0x33
 842 047a EF000000 		.4byte	0xef
 843 047e 02       		.byte	0x2
 844 047f 23       		.byte	0x23
 845 0480 0C       		.uleb128 0xc
 846 0481 00       		.byte	0
 847 0482 09       		.uleb128 0x9
 848 0483 04       		.byte	0x4
 849 0484 32040000 		.4byte	0x432
 850 0488 05       		.uleb128 0x5
 851 0489 33010000 		.4byte	.LASF66
ARM GAS  /tmp/ccpLw1GR.s 			page 16


 852 048d 04       		.byte	0x4
 853 048e 09       		.byte	0x9
 854 048f 3A       		.byte	0x3a
 855 0490 A3040000 		.4byte	0x4a3
 856 0494 06       		.uleb128 0x6
 857 0495 5C030000 		.4byte	.LASF67
 858 0499 09       		.byte	0x9
 859 049a 3B       		.byte	0x3b
 860 049b 82040000 		.4byte	0x482
 861 049f 02       		.byte	0x2
 862 04a0 23       		.byte	0x23
 863 04a1 00       		.uleb128 0
 864 04a2 00       		.byte	0
 865 04a3 04       		.uleb128 0x4
 866 04a4 33010000 		.4byte	.LASF66
 867 04a8 09       		.byte	0x9
 868 04a9 3E       		.byte	0x3e
 869 04aa 88040000 		.4byte	0x488
 870 04ae 10       		.uleb128 0x10
 871 04af 04       		.byte	0x4
 872 04b0 05       		.byte	0x5
 873 04b1 8F       		.byte	0x8f
 874 04b2 E3040000 		.4byte	0x4e3
 875 04b6 11       		.uleb128 0x11
 876 04b7 12000000 		.4byte	.LASF68
 877 04bb 05       		.byte	0x5
 878 04bc 96       		.byte	0x96
 879 04bd D9000000 		.4byte	0xd9
 880 04c1 11       		.uleb128 0x11
 881 04c2 39000000 		.4byte	.LASF69
 882 04c6 05       		.byte	0x5
 883 04c7 9D       		.byte	0x9d
 884 04c8 D9000000 		.4byte	0xd9
 885 04cc 11       		.uleb128 0x11
 886 04cd 4E030000 		.4byte	.LASF70
 887 04d1 05       		.byte	0x5
 888 04d2 A4       		.byte	0xa4
 889 04d3 A6020000 		.4byte	0x2a6
 890 04d7 11       		.uleb128 0x11
 891 04d8 8F020000 		.4byte	.LASF71
 892 04dc 05       		.byte	0x5
 893 04dd AB       		.byte	0xab
 894 04de E4000000 		.4byte	0xe4
 895 04e2 00       		.byte	0
 896 04e3 09       		.uleb128 0x9
 897 04e4 04       		.byte	0x4
 898 04e5 E9040000 		.4byte	0x4e9
 899 04e9 12       		.uleb128 0x12
 900 04ea EE040000 		.4byte	0x4ee
 901 04ee 03       		.uleb128 0x3
 902 04ef 01       		.byte	0x1
 903 04f0 08       		.byte	0x8
 904 04f1 CD020000 		.4byte	.LASF72
 905 04f5 09       		.uleb128 0x9
 906 04f6 04       		.byte	0x4
 907 04f7 A8020000 		.4byte	0x2a8
 908 04fb 09       		.uleb128 0x9
ARM GAS  /tmp/ccpLw1GR.s 			page 17


 909 04fc 04       		.byte	0x4
 910 04fd 27040000 		.4byte	0x427
 911 0501 08       		.uleb128 0x8
 912 0502 1C       		.byte	0x1c
 913 0503 0A       		.byte	0xa
 914 0504 27       		.byte	0x27
 915 0505 34050000 		.4byte	0x534
 916 0509 06       		.uleb128 0x6
 917 050a 64030000 		.4byte	.LASF73
 918 050e 0A       		.byte	0xa
 919 050f 28       		.byte	0x28
 920 0510 81030000 		.4byte	0x381
 921 0514 02       		.byte	0x2
 922 0515 23       		.byte	0x23
 923 0516 00       		.uleb128 0
 924 0517 06       		.uleb128 0x6
 925 0518 D3010000 		.4byte	.LASF74
 926 051c 0A       		.byte	0xa
 927 051d 29       		.byte	0x29
 928 051e A3040000 		.4byte	0x4a3
 929 0522 02       		.byte	0x2
 930 0523 23       		.byte	0x23
 931 0524 14       		.uleb128 0x14
 932 0525 06       		.uleb128 0x6
 933 0526 00000000 		.4byte	.LASF75
 934 052a 0A       		.byte	0xa
 935 052b 2A       		.byte	0x2a
 936 052c FA000000 		.4byte	0xfa
 937 0530 02       		.byte	0x2
 938 0531 23       		.byte	0x23
 939 0532 18       		.uleb128 0x18
 940 0533 00       		.byte	0
 941 0534 04       		.uleb128 0x4
 942 0535 6C000000 		.4byte	.LASF76
 943 0539 0A       		.byte	0xa
 944 053a 2B       		.byte	0x2b
 945 053b 01050000 		.4byte	0x501
 946 053f 13       		.uleb128 0x13
 947 0540 D2020000 		.4byte	.LASF80
 948 0544 01       		.byte	0x1
 949 0545 1C       		.byte	0x1c
 950 0546 01       		.byte	0x1
 951 0547 00000000 		.4byte	.LFB7
 952 054b 36000000 		.4byte	.LFE7
 953 054f 00000000 		.4byte	.LLST0
 954 0553 A6050000 		.4byte	0x5a6
 955 0557 14       		.uleb128 0x14
 956 0558 7000     		.ascii	"p\000"
 957 055a 01       		.byte	0x1
 958 055b 1C       		.byte	0x1c
 959 055c A6020000 		.4byte	0x2a6
 960 0560 20000000 		.4byte	.LLST1
 961 0564 15       		.uleb128 0x15
 962 0565 65747000 		.ascii	"etp\000"
 963 0569 01       		.byte	0x1
 964 056a 1D       		.byte	0x1d
 965 056b A6050000 		.4byte	0x5a6
ARM GAS  /tmp/ccpLw1GR.s 			page 18


 966 056f 3E000000 		.4byte	.LLST2
 967 0573 16       		.uleb128 0x16
 968 0574 00000000 		.4byte	.Ldebug_ranges0+0
 969 0578 8C050000 		.4byte	0x58c
 970 057c 15       		.uleb128 0x15
 971 057d 746D7000 		.ascii	"tmp\000"
 972 0581 01       		.byte	0x1
 973 0582 1F       		.byte	0x1f
 974 0583 70000000 		.4byte	0x70
 975 0587 5C000000 		.4byte	.LLST3
 976 058b 00       		.byte	0
 977 058c 17       		.uleb128 0x17
 978 058d 2E000000 		.4byte	.LBB4
 979 0591 34000000 		.4byte	.LBE4
 980 0595 15       		.uleb128 0x15
 981 0596 746D7000 		.ascii	"tmp\000"
 982 059a 01       		.byte	0x1
 983 059b 22       		.byte	0x22
 984 059c 70000000 		.4byte	0x70
 985 05a0 6F000000 		.4byte	.LLST4
 986 05a4 00       		.byte	0
 987 05a5 00       		.byte	0
 988 05a6 09       		.uleb128 0x9
 989 05a7 04       		.byte	0x4
 990 05a8 34050000 		.4byte	0x534
 991 05ac 18       		.uleb128 0x18
 992 05ad 01       		.byte	0x1
 993 05ae 42000000 		.4byte	.LASF81
 994 05b2 01       		.byte	0x1
 995 05b3 2B       		.byte	0x2b
 996 05b4 01       		.byte	0x1
 997 05b5 00000000 		.4byte	.LFB8
 998 05b9 3C000000 		.4byte	.LFE8
 999 05bd 82000000 		.4byte	.LLST5
 1000 05c1 03060000 		.4byte	0x603
 1001 05c5 14       		.uleb128 0x14
 1002 05c6 65747000 		.ascii	"etp\000"
 1003 05ca 01       		.byte	0x1
 1004 05cb 2B       		.byte	0x2b
 1005 05cc A6050000 		.4byte	0x5a6
 1006 05d0 A2000000 		.4byte	.LLST6
 1007 05d4 16       		.uleb128 0x16
 1008 05d5 18000000 		.4byte	.Ldebug_ranges0+0x18
 1009 05d9 ED050000 		.4byte	0x5ed
 1010 05dd 15       		.uleb128 0x15
 1011 05de 746D7000 		.ascii	"tmp\000"
 1012 05e2 01       		.byte	0x1
 1013 05e3 2D       		.byte	0x2d
 1014 05e4 70000000 		.4byte	0x70
 1015 05e8 C0000000 		.4byte	.LLST7
 1016 05ec 00       		.byte	0
 1017 05ed 19       		.uleb128 0x19
 1018 05ee 30000000 		.4byte	.Ldebug_ranges0+0x30
 1019 05f2 15       		.uleb128 0x15
 1020 05f3 746D7000 		.ascii	"tmp\000"
 1021 05f7 01       		.byte	0x1
 1022 05f8 32       		.byte	0x32
ARM GAS  /tmp/ccpLw1GR.s 			page 19


 1023 05f9 70000000 		.4byte	0x70
 1024 05fd D3000000 		.4byte	.LLST8
 1025 0601 00       		.byte	0
 1026 0602 00       		.byte	0
 1027 0603 1A       		.uleb128 0x1a
 1028 0604 01       		.byte	0x1
 1029 0605 FD020000 		.4byte	.LASF82
 1030 0609 01       		.byte	0x1
 1031 060a 3B       		.byte	0x3b
 1032 060b 01       		.byte	0x1
 1033 060c 00000000 		.4byte	.LFB9
 1034 0610 24000000 		.4byte	.LFE9
 1035 0614 F1000000 		.4byte	.LLST9
 1036 0618 14       		.uleb128 0x14
 1037 0619 65747000 		.ascii	"etp\000"
 1038 061d 01       		.byte	0x1
 1039 061e 3B       		.byte	0x3b
 1040 061f A6050000 		.4byte	0x5a6
 1041 0623 11010000 		.4byte	.LLST10
 1042 0627 16       		.uleb128 0x16
 1043 0628 48000000 		.4byte	.Ldebug_ranges0+0x48
 1044 062c 40060000 		.4byte	0x640
 1045 0630 15       		.uleb128 0x15
 1046 0631 746D7000 		.ascii	"tmp\000"
 1047 0635 01       		.byte	0x1
 1048 0636 3D       		.byte	0x3d
 1049 0637 70000000 		.4byte	0x70
 1050 063b 2F010000 		.4byte	.LLST11
 1051 063f 00       		.byte	0
 1052 0640 17       		.uleb128 0x17
 1053 0641 1C000000 		.4byte	.LBB11
 1054 0645 22000000 		.4byte	.LBE11
 1055 0649 15       		.uleb128 0x15
 1056 064a 746D7000 		.ascii	"tmp\000"
 1057 064e 01       		.byte	0x1
 1058 064f 3D       		.byte	0x3d
 1059 0650 70000000 		.4byte	0x70
 1060 0654 42010000 		.4byte	.LLST12
 1061 0658 00       		.byte	0
 1062 0659 00       		.byte	0
 1063 065a 00       		.byte	0
 1064              		.section	.debug_abbrev,"",%progbits
 1065              	.Ldebug_abbrev0:
 1066 0000 01       		.uleb128 0x1
 1067 0001 11       		.uleb128 0x11
 1068 0002 01       		.byte	0x1
 1069 0003 25       		.uleb128 0x25
 1070 0004 0E       		.uleb128 0xe
 1071 0005 13       		.uleb128 0x13
 1072 0006 0B       		.uleb128 0xb
 1073 0007 03       		.uleb128 0x3
 1074 0008 0E       		.uleb128 0xe
 1075 0009 1B       		.uleb128 0x1b
 1076 000a 0E       		.uleb128 0xe
 1077 000b 11       		.uleb128 0x11
 1078 000c 01       		.uleb128 0x1
 1079 000d 52       		.uleb128 0x52
ARM GAS  /tmp/ccpLw1GR.s 			page 20


 1080 000e 01       		.uleb128 0x1
 1081 000f 55       		.uleb128 0x55
 1082 0010 06       		.uleb128 0x6
 1083 0011 10       		.uleb128 0x10
 1084 0012 06       		.uleb128 0x6
 1085 0013 00       		.byte	0
 1086 0014 00       		.byte	0
 1087 0015 02       		.uleb128 0x2
 1088 0016 24       		.uleb128 0x24
 1089 0017 00       		.byte	0
 1090 0018 0B       		.uleb128 0xb
 1091 0019 0B       		.uleb128 0xb
 1092 001a 3E       		.uleb128 0x3e
 1093 001b 0B       		.uleb128 0xb
 1094 001c 03       		.uleb128 0x3
 1095 001d 08       		.uleb128 0x8
 1096 001e 00       		.byte	0
 1097 001f 00       		.byte	0
 1098 0020 03       		.uleb128 0x3
 1099 0021 24       		.uleb128 0x24
 1100 0022 00       		.byte	0
 1101 0023 0B       		.uleb128 0xb
 1102 0024 0B       		.uleb128 0xb
 1103 0025 3E       		.uleb128 0x3e
 1104 0026 0B       		.uleb128 0xb
 1105 0027 03       		.uleb128 0x3
 1106 0028 0E       		.uleb128 0xe
 1107 0029 00       		.byte	0
 1108 002a 00       		.byte	0
 1109 002b 04       		.uleb128 0x4
 1110 002c 16       		.uleb128 0x16
 1111 002d 00       		.byte	0
 1112 002e 03       		.uleb128 0x3
 1113 002f 0E       		.uleb128 0xe
 1114 0030 3A       		.uleb128 0x3a
 1115 0031 0B       		.uleb128 0xb
 1116 0032 3B       		.uleb128 0x3b
 1117 0033 0B       		.uleb128 0xb
 1118 0034 49       		.uleb128 0x49
 1119 0035 13       		.uleb128 0x13
 1120 0036 00       		.byte	0
 1121 0037 00       		.byte	0
 1122 0038 05       		.uleb128 0x5
 1123 0039 13       		.uleb128 0x13
 1124 003a 01       		.byte	0x1
 1125 003b 03       		.uleb128 0x3
 1126 003c 0E       		.uleb128 0xe
 1127 003d 0B       		.uleb128 0xb
 1128 003e 0B       		.uleb128 0xb
 1129 003f 3A       		.uleb128 0x3a
 1130 0040 0B       		.uleb128 0xb
 1131 0041 3B       		.uleb128 0x3b
 1132 0042 0B       		.uleb128 0xb
 1133 0043 01       		.uleb128 0x1
 1134 0044 13       		.uleb128 0x13
 1135 0045 00       		.byte	0
 1136 0046 00       		.byte	0
ARM GAS  /tmp/ccpLw1GR.s 			page 21


 1137 0047 06       		.uleb128 0x6
 1138 0048 0D       		.uleb128 0xd
 1139 0049 00       		.byte	0
 1140 004a 03       		.uleb128 0x3
 1141 004b 0E       		.uleb128 0xe
 1142 004c 3A       		.uleb128 0x3a
 1143 004d 0B       		.uleb128 0xb
 1144 004e 3B       		.uleb128 0x3b
 1145 004f 0B       		.uleb128 0xb
 1146 0050 49       		.uleb128 0x49
 1147 0051 13       		.uleb128 0x13
 1148 0052 38       		.uleb128 0x38
 1149 0053 0A       		.uleb128 0xa
 1150 0054 00       		.byte	0
 1151 0055 00       		.byte	0
 1152 0056 07       		.uleb128 0x7
 1153 0057 0D       		.uleb128 0xd
 1154 0058 00       		.byte	0
 1155 0059 03       		.uleb128 0x3
 1156 005a 08       		.uleb128 0x8
 1157 005b 3A       		.uleb128 0x3a
 1158 005c 0B       		.uleb128 0xb
 1159 005d 3B       		.uleb128 0x3b
 1160 005e 0B       		.uleb128 0xb
 1161 005f 49       		.uleb128 0x49
 1162 0060 13       		.uleb128 0x13
 1163 0061 38       		.uleb128 0x38
 1164 0062 0A       		.uleb128 0xa
 1165 0063 00       		.byte	0
 1166 0064 00       		.byte	0
 1167 0065 08       		.uleb128 0x8
 1168 0066 13       		.uleb128 0x13
 1169 0067 01       		.byte	0x1
 1170 0068 0B       		.uleb128 0xb
 1171 0069 0B       		.uleb128 0xb
 1172 006a 3A       		.uleb128 0x3a
 1173 006b 0B       		.uleb128 0xb
 1174 006c 3B       		.uleb128 0x3b
 1175 006d 0B       		.uleb128 0xb
 1176 006e 01       		.uleb128 0x1
 1177 006f 13       		.uleb128 0x13
 1178 0070 00       		.byte	0
 1179 0071 00       		.byte	0
 1180 0072 09       		.uleb128 0x9
 1181 0073 0F       		.uleb128 0xf
 1182 0074 00       		.byte	0
 1183 0075 0B       		.uleb128 0xb
 1184 0076 0B       		.uleb128 0xb
 1185 0077 49       		.uleb128 0x49
 1186 0078 13       		.uleb128 0x13
 1187 0079 00       		.byte	0
 1188 007a 00       		.byte	0
 1189 007b 0A       		.uleb128 0xa
 1190 007c 0F       		.uleb128 0xf
 1191 007d 00       		.byte	0
 1192 007e 0B       		.uleb128 0xb
 1193 007f 0B       		.uleb128 0xb
ARM GAS  /tmp/ccpLw1GR.s 			page 22


 1194 0080 00       		.byte	0
 1195 0081 00       		.byte	0
 1196 0082 0B       		.uleb128 0xb
 1197 0083 13       		.uleb128 0x13
 1198 0084 01       		.byte	0x1
 1199 0085 03       		.uleb128 0x3
 1200 0086 0E       		.uleb128 0xe
 1201 0087 0B       		.uleb128 0xb
 1202 0088 0B       		.uleb128 0xb
 1203 0089 3A       		.uleb128 0x3a
 1204 008a 0B       		.uleb128 0xb
 1205 008b 3B       		.uleb128 0x3b
 1206 008c 05       		.uleb128 0x5
 1207 008d 01       		.uleb128 0x1
 1208 008e 13       		.uleb128 0x13
 1209 008f 00       		.byte	0
 1210 0090 00       		.byte	0
 1211 0091 0C       		.uleb128 0xc
 1212 0092 0D       		.uleb128 0xd
 1213 0093 00       		.byte	0
 1214 0094 03       		.uleb128 0x3
 1215 0095 08       		.uleb128 0x8
 1216 0096 3A       		.uleb128 0x3a
 1217 0097 0B       		.uleb128 0xb
 1218 0098 3B       		.uleb128 0x3b
 1219 0099 05       		.uleb128 0x5
 1220 009a 49       		.uleb128 0x49
 1221 009b 13       		.uleb128 0x13
 1222 009c 38       		.uleb128 0x38
 1223 009d 0A       		.uleb128 0xa
 1224 009e 00       		.byte	0
 1225 009f 00       		.byte	0
 1226 00a0 0D       		.uleb128 0xd
 1227 00a1 15       		.uleb128 0x15
 1228 00a2 01       		.byte	0x1
 1229 00a3 27       		.uleb128 0x27
 1230 00a4 0C       		.uleb128 0xc
 1231 00a5 01       		.uleb128 0x1
 1232 00a6 13       		.uleb128 0x13
 1233 00a7 00       		.byte	0
 1234 00a8 00       		.byte	0
 1235 00a9 0E       		.uleb128 0xe
 1236 00aa 05       		.uleb128 0x5
 1237 00ab 00       		.byte	0
 1238 00ac 49       		.uleb128 0x49
 1239 00ad 13       		.uleb128 0x13
 1240 00ae 00       		.byte	0
 1241 00af 00       		.byte	0
 1242 00b0 0F       		.uleb128 0xf
 1243 00b1 35       		.uleb128 0x35
 1244 00b2 00       		.byte	0
 1245 00b3 49       		.uleb128 0x49
 1246 00b4 13       		.uleb128 0x13
 1247 00b5 00       		.byte	0
 1248 00b6 00       		.byte	0
 1249 00b7 10       		.uleb128 0x10
 1250 00b8 17       		.uleb128 0x17
ARM GAS  /tmp/ccpLw1GR.s 			page 23


 1251 00b9 01       		.byte	0x1
 1252 00ba 0B       		.uleb128 0xb
 1253 00bb 0B       		.uleb128 0xb
 1254 00bc 3A       		.uleb128 0x3a
 1255 00bd 0B       		.uleb128 0xb
 1256 00be 3B       		.uleb128 0x3b
 1257 00bf 0B       		.uleb128 0xb
 1258 00c0 01       		.uleb128 0x1
 1259 00c1 13       		.uleb128 0x13
 1260 00c2 00       		.byte	0
 1261 00c3 00       		.byte	0
 1262 00c4 11       		.uleb128 0x11
 1263 00c5 0D       		.uleb128 0xd
 1264 00c6 00       		.byte	0
 1265 00c7 03       		.uleb128 0x3
 1266 00c8 0E       		.uleb128 0xe
 1267 00c9 3A       		.uleb128 0x3a
 1268 00ca 0B       		.uleb128 0xb
 1269 00cb 3B       		.uleb128 0x3b
 1270 00cc 0B       		.uleb128 0xb
 1271 00cd 49       		.uleb128 0x49
 1272 00ce 13       		.uleb128 0x13
 1273 00cf 00       		.byte	0
 1274 00d0 00       		.byte	0
 1275 00d1 12       		.uleb128 0x12
 1276 00d2 26       		.uleb128 0x26
 1277 00d3 00       		.byte	0
 1278 00d4 49       		.uleb128 0x49
 1279 00d5 13       		.uleb128 0x13
 1280 00d6 00       		.byte	0
 1281 00d7 00       		.byte	0
 1282 00d8 13       		.uleb128 0x13
 1283 00d9 2E       		.uleb128 0x2e
 1284 00da 01       		.byte	0x1
 1285 00db 03       		.uleb128 0x3
 1286 00dc 0E       		.uleb128 0xe
 1287 00dd 3A       		.uleb128 0x3a
 1288 00de 0B       		.uleb128 0xb
 1289 00df 3B       		.uleb128 0x3b
 1290 00e0 0B       		.uleb128 0xb
 1291 00e1 27       		.uleb128 0x27
 1292 00e2 0C       		.uleb128 0xc
 1293 00e3 11       		.uleb128 0x11
 1294 00e4 01       		.uleb128 0x1
 1295 00e5 12       		.uleb128 0x12
 1296 00e6 01       		.uleb128 0x1
 1297 00e7 40       		.uleb128 0x40
 1298 00e8 06       		.uleb128 0x6
 1299 00e9 01       		.uleb128 0x1
 1300 00ea 13       		.uleb128 0x13
 1301 00eb 00       		.byte	0
 1302 00ec 00       		.byte	0
 1303 00ed 14       		.uleb128 0x14
 1304 00ee 05       		.uleb128 0x5
 1305 00ef 00       		.byte	0
 1306 00f0 03       		.uleb128 0x3
 1307 00f1 08       		.uleb128 0x8
ARM GAS  /tmp/ccpLw1GR.s 			page 24


 1308 00f2 3A       		.uleb128 0x3a
 1309 00f3 0B       		.uleb128 0xb
 1310 00f4 3B       		.uleb128 0x3b
 1311 00f5 0B       		.uleb128 0xb
 1312 00f6 49       		.uleb128 0x49
 1313 00f7 13       		.uleb128 0x13
 1314 00f8 02       		.uleb128 0x2
 1315 00f9 06       		.uleb128 0x6
 1316 00fa 00       		.byte	0
 1317 00fb 00       		.byte	0
 1318 00fc 15       		.uleb128 0x15
 1319 00fd 34       		.uleb128 0x34
 1320 00fe 00       		.byte	0
 1321 00ff 03       		.uleb128 0x3
 1322 0100 08       		.uleb128 0x8
 1323 0101 3A       		.uleb128 0x3a
 1324 0102 0B       		.uleb128 0xb
 1325 0103 3B       		.uleb128 0x3b
 1326 0104 0B       		.uleb128 0xb
 1327 0105 49       		.uleb128 0x49
 1328 0106 13       		.uleb128 0x13
 1329 0107 02       		.uleb128 0x2
 1330 0108 06       		.uleb128 0x6
 1331 0109 00       		.byte	0
 1332 010a 00       		.byte	0
 1333 010b 16       		.uleb128 0x16
 1334 010c 0B       		.uleb128 0xb
 1335 010d 01       		.byte	0x1
 1336 010e 55       		.uleb128 0x55
 1337 010f 06       		.uleb128 0x6
 1338 0110 01       		.uleb128 0x1
 1339 0111 13       		.uleb128 0x13
 1340 0112 00       		.byte	0
 1341 0113 00       		.byte	0
 1342 0114 17       		.uleb128 0x17
 1343 0115 0B       		.uleb128 0xb
 1344 0116 01       		.byte	0x1
 1345 0117 11       		.uleb128 0x11
 1346 0118 01       		.uleb128 0x1
 1347 0119 12       		.uleb128 0x12
 1348 011a 01       		.uleb128 0x1
 1349 011b 00       		.byte	0
 1350 011c 00       		.byte	0
 1351 011d 18       		.uleb128 0x18
 1352 011e 2E       		.uleb128 0x2e
 1353 011f 01       		.byte	0x1
 1354 0120 3F       		.uleb128 0x3f
 1355 0121 0C       		.uleb128 0xc
 1356 0122 03       		.uleb128 0x3
 1357 0123 0E       		.uleb128 0xe
 1358 0124 3A       		.uleb128 0x3a
 1359 0125 0B       		.uleb128 0xb
 1360 0126 3B       		.uleb128 0x3b
 1361 0127 0B       		.uleb128 0xb
 1362 0128 27       		.uleb128 0x27
 1363 0129 0C       		.uleb128 0xc
 1364 012a 11       		.uleb128 0x11
ARM GAS  /tmp/ccpLw1GR.s 			page 25


 1365 012b 01       		.uleb128 0x1
 1366 012c 12       		.uleb128 0x12
 1367 012d 01       		.uleb128 0x1
 1368 012e 40       		.uleb128 0x40
 1369 012f 06       		.uleb128 0x6
 1370 0130 01       		.uleb128 0x1
 1371 0131 13       		.uleb128 0x13
 1372 0132 00       		.byte	0
 1373 0133 00       		.byte	0
 1374 0134 19       		.uleb128 0x19
 1375 0135 0B       		.uleb128 0xb
 1376 0136 01       		.byte	0x1
 1377 0137 55       		.uleb128 0x55
 1378 0138 06       		.uleb128 0x6
 1379 0139 00       		.byte	0
 1380 013a 00       		.byte	0
 1381 013b 1A       		.uleb128 0x1a
 1382 013c 2E       		.uleb128 0x2e
 1383 013d 01       		.byte	0x1
 1384 013e 3F       		.uleb128 0x3f
 1385 013f 0C       		.uleb128 0xc
 1386 0140 03       		.uleb128 0x3
 1387 0141 0E       		.uleb128 0xe
 1388 0142 3A       		.uleb128 0x3a
 1389 0143 0B       		.uleb128 0xb
 1390 0144 3B       		.uleb128 0x3b
 1391 0145 0B       		.uleb128 0xb
 1392 0146 27       		.uleb128 0x27
 1393 0147 0C       		.uleb128 0xc
 1394 0148 11       		.uleb128 0x11
 1395 0149 01       		.uleb128 0x1
 1396 014a 12       		.uleb128 0x12
 1397 014b 01       		.uleb128 0x1
 1398 014c 40       		.uleb128 0x40
 1399 014d 06       		.uleb128 0x6
 1400 014e 00       		.byte	0
 1401 014f 00       		.byte	0
 1402 0150 00       		.byte	0
 1403              		.section	.debug_loc,"",%progbits
 1404              	.Ldebug_loc0:
 1405              	.LLST0:
 1406 0000 00000000 		.4byte	.LFB7
 1407 0004 02000000 		.4byte	.LCFI0
 1408 0008 0200     		.2byte	0x2
 1409 000a 7D       		.byte	0x7d
 1410 000b 00       		.sleb128 0
 1411 000c 02000000 		.4byte	.LCFI0
 1412 0010 36000000 		.4byte	.LFE7
 1413 0014 0200     		.2byte	0x2
 1414 0016 7D       		.byte	0x7d
 1415 0017 08       		.sleb128 8
 1416 0018 00000000 		.4byte	0
 1417 001c 00000000 		.4byte	0
 1418              	.LLST1:
 1419 0020 00000000 		.4byte	.LVL0
 1420 0024 0D000000 		.4byte	.LVL4-1
 1421 0028 0100     		.2byte	0x1
ARM GAS  /tmp/ccpLw1GR.s 			page 26


 1422 002a 50       		.byte	0x50
 1423 002b 12000000 		.4byte	.LVL5
 1424 002f 36000000 		.4byte	.LFE7
 1425 0033 0100     		.2byte	0x1
 1426 0035 54       		.byte	0x54
 1427 0036 00000000 		.4byte	0
 1428 003a 00000000 		.4byte	0
 1429              	.LLST2:
 1430 003e 06000000 		.4byte	.LVL2
 1431 0042 0D000000 		.4byte	.LVL4-1
 1432 0046 0100     		.2byte	0x1
 1433 0048 50       		.byte	0x50
 1434 0049 0D000000 		.4byte	.LVL4-1
 1435 004d 36000000 		.4byte	.LFE7
 1436 0051 0100     		.2byte	0x1
 1437 0053 54       		.byte	0x54
 1438 0054 00000000 		.4byte	0
 1439 0058 00000000 		.4byte	0
 1440              	.LLST3:
 1441 005c 0A000000 		.4byte	.LVL3
 1442 0060 0D000000 		.4byte	.LVL4-1
 1443 0064 0100     		.2byte	0x1
 1444 0066 53       		.byte	0x53
 1445 0067 00000000 		.4byte	0
 1446 006b 00000000 		.4byte	0
 1447              	.LLST4:
 1448 006f 34000000 		.4byte	.LVL7
 1449 0073 36000000 		.4byte	.LFE7
 1450 0077 0100     		.2byte	0x1
 1451 0079 53       		.byte	0x53
 1452 007a 00000000 		.4byte	0
 1453 007e 00000000 		.4byte	0
 1454              	.LLST5:
 1455 0082 00000000 		.4byte	.LFB8
 1456 0086 02000000 		.4byte	.LCFI1
 1457 008a 0200     		.2byte	0x2
 1458 008c 7D       		.byte	0x7d
 1459 008d 00       		.sleb128 0
 1460 008e 02000000 		.4byte	.LCFI1
 1461 0092 3C000000 		.4byte	.LFE8
 1462 0096 0200     		.2byte	0x2
 1463 0098 7D       		.byte	0x7d
 1464 0099 08       		.sleb128 8
 1465 009a 00000000 		.4byte	0
 1466 009e 00000000 		.4byte	0
 1467              	.LLST6:
 1468 00a2 00000000 		.4byte	.LVL8
 1469 00a6 0D000000 		.4byte	.LVL11-1
 1470 00aa 0100     		.2byte	0x1
 1471 00ac 50       		.byte	0x50
 1472 00ad 0D000000 		.4byte	.LVL11-1
 1473 00b1 3C000000 		.4byte	.LFE8
 1474 00b5 0100     		.2byte	0x1
 1475 00b7 54       		.byte	0x54
 1476 00b8 00000000 		.4byte	0
 1477 00bc 00000000 		.4byte	0
 1478              	.LLST7:
ARM GAS  /tmp/ccpLw1GR.s 			page 27


 1479 00c0 0A000000 		.4byte	.LVL10
 1480 00c4 0D000000 		.4byte	.LVL11-1
 1481 00c8 0100     		.2byte	0x1
 1482 00ca 53       		.byte	0x53
 1483 00cb 00000000 		.4byte	0
 1484 00cf 00000000 		.4byte	0
 1485              	.LLST8:
 1486 00d3 1C000000 		.4byte	.LVL13
 1487 00d7 1E000000 		.4byte	.LVL14
 1488 00db 0100     		.2byte	0x1
 1489 00dd 53       		.byte	0x53
 1490 00de 34000000 		.4byte	.LVL15
 1491 00e2 3C000000 		.4byte	.LFE8
 1492 00e6 0100     		.2byte	0x1
 1493 00e8 53       		.byte	0x53
 1494 00e9 00000000 		.4byte	0
 1495 00ed 00000000 		.4byte	0
 1496              	.LLST9:
 1497 00f1 00000000 		.4byte	.LFB9
 1498 00f5 02000000 		.4byte	.LCFI2
 1499 00f9 0200     		.2byte	0x2
 1500 00fb 7D       		.byte	0x7d
 1501 00fc 00       		.sleb128 0
 1502 00fd 02000000 		.4byte	.LCFI2
 1503 0101 24000000 		.4byte	.LFE9
 1504 0105 0200     		.2byte	0x2
 1505 0107 7D       		.byte	0x7d
 1506 0108 08       		.sleb128 8
 1507 0109 00000000 		.4byte	0
 1508 010d 00000000 		.4byte	0
 1509              	.LLST10:
 1510 0111 00000000 		.4byte	.LVL16
 1511 0115 0D000000 		.4byte	.LVL19-1
 1512 0119 0100     		.2byte	0x1
 1513 011b 50       		.byte	0x50
 1514 011c 0D000000 		.4byte	.LVL19-1
 1515 0120 24000000 		.4byte	.LFE9
 1516 0124 0100     		.2byte	0x1
 1517 0126 54       		.byte	0x54
 1518 0127 00000000 		.4byte	0
 1519 012b 00000000 		.4byte	0
 1520              	.LLST11:
 1521 012f 0A000000 		.4byte	.LVL18
 1522 0133 0D000000 		.4byte	.LVL19-1
 1523 0137 0100     		.2byte	0x1
 1524 0139 53       		.byte	0x53
 1525 013a 00000000 		.4byte	0
 1526 013e 00000000 		.4byte	0
 1527              	.LLST12:
 1528 0142 22000000 		.4byte	.LVL21
 1529 0146 24000000 		.4byte	.LFE9
 1530 014a 0100     		.2byte	0x1
 1531 014c 53       		.byte	0x53
 1532 014d 00000000 		.4byte	0
 1533 0151 00000000 		.4byte	0
 1534              		.section	.debug_aranges,"",%progbits
 1535 0000 2C000000 		.4byte	0x2c
ARM GAS  /tmp/ccpLw1GR.s 			page 28


 1536 0004 0200     		.2byte	0x2
 1537 0006 00000000 		.4byte	.Ldebug_info0
 1538 000a 04       		.byte	0x4
 1539 000b 00       		.byte	0
 1540 000c 0000     		.2byte	0
 1541 000e 0000     		.2byte	0
 1542 0010 00000000 		.4byte	.LFB7
 1543 0014 36000000 		.4byte	.LFE7-.LFB7
 1544 0018 00000000 		.4byte	.LFB8
 1545 001c 3C000000 		.4byte	.LFE8-.LFB8
 1546 0020 00000000 		.4byte	.LFB9
 1547 0024 24000000 		.4byte	.LFE9-.LFB9
 1548 0028 00000000 		.4byte	0
 1549 002c 00000000 		.4byte	0
 1550              		.section	.debug_ranges,"",%progbits
 1551              	.Ldebug_ranges0:
 1552 0000 02000000 		.4byte	.LBB2
 1553 0004 04000000 		.4byte	.LBE2
 1554 0008 06000000 		.4byte	.LBB3
 1555 000c 0A000000 		.4byte	.LBE3
 1556 0010 00000000 		.4byte	0
 1557 0014 00000000 		.4byte	0
 1558 0018 02000000 		.4byte	.LBB5
 1559 001c 04000000 		.4byte	.LBE5
 1560 0020 06000000 		.4byte	.LBB6
 1561 0024 0A000000 		.4byte	.LBE6
 1562 0028 00000000 		.4byte	0
 1563 002c 00000000 		.4byte	0
 1564 0030 16000000 		.4byte	.LBB7
 1565 0034 1C000000 		.4byte	.LBE7
 1566 0038 2E000000 		.4byte	.LBB8
 1567 003c 34000000 		.4byte	.LBE8
 1568 0040 00000000 		.4byte	0
 1569 0044 00000000 		.4byte	0
 1570 0048 02000000 		.4byte	.LBB9
 1571 004c 04000000 		.4byte	.LBE9
 1572 0050 06000000 		.4byte	.LBB10
 1573 0054 0A000000 		.4byte	.LBE10
 1574 0058 00000000 		.4byte	0
 1575 005c 00000000 		.4byte	0
 1576 0060 00000000 		.4byte	.LFB7
 1577 0064 36000000 		.4byte	.LFE7
 1578 0068 00000000 		.4byte	.LFB8
 1579 006c 3C000000 		.4byte	.LFE8
 1580 0070 00000000 		.4byte	.LFB9
 1581 0074 24000000 		.4byte	.LFE9
 1582 0078 00000000 		.4byte	0
 1583 007c 00000000 		.4byte	0
 1584              		.section	.debug_line,"",%progbits
 1585              	.Ldebug_line0:
 1586 0000 CB010000 		.section	.debug_str,"MS",%progbits,1
 1586      02007401 
 1586      00000201 
 1586      FB0E0D00 
 1586      01010101 
 1587              	.LASF75:
 1588 0000 65745F69 		.ascii	"et_interval\000"
ARM GAS  /tmp/ccpLw1GR.s 			page 29


 1588      6E746572 
 1588      76616C00 
 1589              	.LASF39:
 1590 000c 705F6D73 		.ascii	"p_msg\000"
 1590      6700
 1591              	.LASF68:
 1592 0012 7264796D 		.ascii	"rdymsg\000"
 1592      736700
 1593              	.LASF11:
 1594 0019 75696E74 		.ascii	"uint64_t\000"
 1594      36345F74 
 1594      00
 1595              	.LASF12:
 1596 0022 6C6F6E67 		.ascii	"long long unsigned int\000"
 1596      206C6F6E 
 1596      6720756E 
 1596      7369676E 
 1596      65642069 
 1597              	.LASF69:
 1598 0039 65786974 		.ascii	"exitcode\000"
 1598      636F6465 
 1598      00
 1599              	.LASF81:
 1600 0042 65767453 		.ascii	"evtStart\000"
 1600      74617274 
 1600      00
 1601              	.LASF26:
 1602 004b 705F7072 		.ascii	"p_prio\000"
 1602      696F00
 1603              	.LASF10:
 1604 0052 6C6F6E67 		.ascii	"long long int\000"
 1604      206C6F6E 
 1604      6720696E 
 1604      7400
 1605              	.LASF1:
 1606 0060 7369676E 		.ascii	"signed char\000"
 1606      65642063 
 1606      68617200 
 1607              	.LASF76:
 1608 006c 45765469 		.ascii	"EvTimer\000"
 1608      6D657200 
 1609              	.LASF43:
 1610 0074 705F6D70 		.ascii	"p_mpool\000"
 1610      6F6F6C00 
 1611              	.LASF58:
 1612 007c 6D5F7175 		.ascii	"m_queue\000"
 1612      65756500 
 1613              	.LASF17:
 1614 0084 74736C69 		.ascii	"tslices_t\000"
 1614      6365735F 
 1614      7400
 1615              	.LASF7:
 1616 008e 6C6F6E67 		.ascii	"long int\000"
 1616      20696E74 
 1616      00
 1617              	.LASF77:
 1618 0097 474E5520 		.ascii	"GNU C 4.6.2 20120613 (release) [ARM/embedded-4_6-br"
ARM GAS  /tmp/ccpLw1GR.s 			page 30


 1618      4320342E 
 1618      362E3220 
 1618      32303132 
 1618      30363133 
 1619 00ca 616E6368 		.ascii	"anch revision 188521]\000"
 1619      20726576 
 1619      6973696F 
 1619      6E203138 
 1619      38353231 
 1620              	.LASF79:
 1621 00e0 2F686F6D 		.ascii	"/home/tino/workspace/openrobots/R2P_IR_module/fw\000"
 1621      652F7469 
 1621      6E6F2F77 
 1621      6F726B73 
 1621      70616365 
 1622              	.LASF15:
 1623 0111 74737461 		.ascii	"tstate_t\000"
 1623      74655F74 
 1623      00
 1624              	.LASF28:
 1625 011a 705F6E65 		.ascii	"p_newer\000"
 1625      77657200 
 1626              	.LASF46:
 1627 0122 72656761 		.ascii	"regarm_t\000"
 1627      726D5F74 
 1627      00
 1628              	.LASF53:
 1629 012b 76745F70 		.ascii	"vt_prev\000"
 1629      72657600 
 1630              	.LASF66:
 1631 0133 4576656E 		.ascii	"EventSource\000"
 1631      74536F75 
 1631      72636500 
 1632              	.LASF31:
 1633 013f 705F7374 		.ascii	"p_stklimit\000"
 1633      6B6C696D 
 1633      697400
 1634              	.LASF0:
 1635 014a 756E7369 		.ascii	"unsigned int\000"
 1635      676E6564 
 1635      20696E74 
 1635      00
 1636              	.LASF52:
 1637 0157 76745F6E 		.ascii	"vt_next\000"
 1637      65787400 
 1638              	.LASF9:
 1639 015f 6C6F6E67 		.ascii	"long unsigned int\000"
 1639      20756E73 
 1639      69676E65 
 1639      6420696E 
 1639      7400
 1640              	.LASF49:
 1641 0171 636F6E74 		.ascii	"context\000"
 1641      65787400 
 1642              	.LASF4:
 1643 0179 73686F72 		.ascii	"short unsigned int\000"
 1643      7420756E 
ARM GAS  /tmp/ccpLw1GR.s 			page 31


 1643      7369676E 
 1643      65642069 
 1643      6E7400
 1644              	.LASF19:
 1645 018c 6D73675F 		.ascii	"msg_t\000"
 1645      7400
 1646              	.LASF62:
 1647 0192 656C5F6E 		.ascii	"el_next\000"
 1647      65787400 
 1648              	.LASF14:
 1649 019a 746D6F64 		.ascii	"tmode_t\000"
 1649      655F7400 
 1650              	.LASF45:
 1651 01a2 54687265 		.ascii	"ThreadsList\000"
 1651      6164734C 
 1651      69737400 
 1652              	.LASF20:
 1653 01ae 6576656E 		.ascii	"eventmask_t\000"
 1653      746D6173 
 1653      6B5F7400 
 1654              	.LASF57:
 1655 01ba 4D757465 		.ascii	"Mutex\000"
 1655      7800
 1656              	.LASF47:
 1657 01c0 73746B61 		.ascii	"stkalign_t\000"
 1657      6C69676E 
 1657      5F7400
 1658              	.LASF54:
 1659 01cb 76745F74 		.ascii	"vt_time\000"
 1659      696D6500 
 1660              	.LASF74:
 1661 01d3 65745F65 		.ascii	"et_es\000"
 1661      7300
 1662              	.LASF55:
 1663 01d9 76745F66 		.ascii	"vt_func\000"
 1663      756E6300 
 1664              	.LASF29:
 1665 01e1 705F6F6C 		.ascii	"p_older\000"
 1665      64657200 
 1666              	.LASF44:
 1667 01e9 54687265 		.ascii	"ThreadsQueue\000"
 1667      61647351 
 1667      75657565 
 1667      00
 1668              	.LASF64:
 1669 01f6 656C5F6D 		.ascii	"el_mask\000"
 1669      61736B00 
 1670              	.LASF16:
 1671 01fe 74726566 		.ascii	"trefs_t\000"
 1671      735F7400 
 1672              	.LASF78:
 1673 0206 2E2E2F2E 		.ascii	"../../ChibiOS/os/various/evtimer.c\000"
 1673      2E2F4368 
 1673      6962694F 
 1673      532F6F73 
 1673      2F766172 
 1674              	.LASF25:
ARM GAS  /tmp/ccpLw1GR.s 			page 32


 1675 0229 705F7072 		.ascii	"p_prev\000"
 1675      657600
 1676              	.LASF18:
 1677 0230 74707269 		.ascii	"tprio_t\000"
 1677      6F5F7400 
 1678              	.LASF13:
 1679 0238 5F426F6F 		.ascii	"_Bool\000"
 1679      6C00
 1680              	.LASF6:
 1681 023e 696E7433 		.ascii	"int32_t\000"
 1681      325F7400 
 1682              	.LASF2:
 1683 0246 756E7369 		.ascii	"unsigned char\000"
 1683      676E6564 
 1683      20636861 
 1683      7200
 1684              	.LASF63:
 1685 0254 656C5F6C 		.ascii	"el_listener\000"
 1685      69737465 
 1685      6E657200 
 1686              	.LASF65:
 1687 0260 656C5F66 		.ascii	"el_flags\000"
 1687      6C616773 
 1687      00
 1688              	.LASF41:
 1689 0269 705F6D74 		.ascii	"p_mtxlist\000"
 1689      786C6973 
 1689      7400
 1690              	.LASF3:
 1691 0273 73686F72 		.ascii	"short int\000"
 1691      7420696E 
 1691      7400
 1692              	.LASF32:
 1693 027d 705F7374 		.ascii	"p_state\000"
 1693      61746500 
 1694              	.LASF35:
 1695 0285 705F7072 		.ascii	"p_preempt\000"
 1695      65656D70 
 1695      7400
 1696              	.LASF71:
 1697 028f 65776D61 		.ascii	"ewmask\000"
 1697      736B00
 1698              	.LASF24:
 1699 0296 705F6E65 		.ascii	"p_next\000"
 1699      787400
 1700              	.LASF33:
 1701 029d 705F666C 		.ascii	"p_flags\000"
 1701      61677300 
 1702              	.LASF23:
 1703 02a5 54687265 		.ascii	"Thread\000"
 1703      616400
 1704              	.LASF40:
 1705 02ac 705F6570 		.ascii	"p_epending\000"
 1705      656E6469 
 1705      6E6700
 1706              	.LASF8:
 1707 02b7 75696E74 		.ascii	"uint32_t\000"
ARM GAS  /tmp/ccpLw1GR.s 			page 33


 1707      33325F74 
 1707      00
 1708              	.LASF51:
 1709 02c0 56697274 		.ascii	"VirtualTimer\000"
 1709      75616C54 
 1709      696D6572 
 1709      00
 1710              	.LASF72:
 1711 02cd 63686172 		.ascii	"char\000"
 1711      00
 1712              	.LASF80:
 1713 02d2 746D7263 		.ascii	"tmrcb\000"
 1713      6200
 1714              	.LASF60:
 1715 02d8 6D5F6E65 		.ascii	"m_next\000"
 1715      787400
 1716              	.LASF22:
 1717 02df 73797374 		.ascii	"systime_t\000"
 1717      696D655F 
 1717      7400
 1718              	.LASF42:
 1719 02e9 705F7265 		.ascii	"p_realprio\000"
 1719      616C7072 
 1719      696F00
 1720              	.LASF50:
 1721 02f4 76746675 		.ascii	"vtfunc_t\000"
 1721      6E635F74 
 1721      00
 1722              	.LASF82:
 1723 02fd 65767453 		.ascii	"evtStop\000"
 1723      746F7000 
 1724              	.LASF36:
 1725 0305 705F7469 		.ascii	"p_time\000"
 1725      6D6500
 1726              	.LASF48:
 1727 030c 696E7463 		.ascii	"intctx\000"
 1727      747800
 1728              	.LASF38:
 1729 0313 705F6D73 		.ascii	"p_msgqueue\000"
 1729      67717565 
 1729      756500
 1730              	.LASF56:
 1731 031e 76745F70 		.ascii	"vt_par\000"
 1731      617200
 1732              	.LASF21:
 1733 0325 666C6167 		.ascii	"flagsmask_t\000"
 1733      736D6173 
 1733      6B5F7400 
 1734              	.LASF34:
 1735 0331 705F7265 		.ascii	"p_refs\000"
 1735      667300
 1736              	.LASF5:
 1737 0338 75696E74 		.ascii	"uint8_t\000"
 1737      385F7400 
 1738              	.LASF61:
 1739 0340 4576656E 		.ascii	"EventListener\000"
 1739      744C6973 
ARM GAS  /tmp/ccpLw1GR.s 			page 34


 1739      74656E65 
 1739      7200
 1740              	.LASF70:
 1741 034e 77746F62 		.ascii	"wtobjp\000"
 1741      6A7000
 1742              	.LASF30:
 1743 0355 705F6E61 		.ascii	"p_name\000"
 1743      6D6500
 1744              	.LASF67:
 1745 035c 65735F6E 		.ascii	"es_next\000"
 1745      65787400 
 1746              	.LASF73:
 1747 0364 65745F76 		.ascii	"et_vt\000"
 1747      7400
 1748              	.LASF59:
 1749 036a 6D5F6F77 		.ascii	"m_owner\000"
 1749      6E657200 
 1750              	.LASF27:
 1751 0372 705F6374 		.ascii	"p_ctx\000"
 1751      7800
 1752              	.LASF37:
 1753 0378 705F7761 		.ascii	"p_waiting\000"
 1753      6974696E 
 1753      6700
 1754              		.ident	"GCC: (GNU Tools for ARM Embedded Processors) 4.6.2 20120613 (release) [ARM/embedded-4_6-br
ARM GAS  /tmp/ccpLw1GR.s 			page 35


DEFINED SYMBOLS
                            *ABS*:00000000 evtimer.c
     /tmp/ccpLw1GR.s:19     .text.tmrcb:00000000 $t
     /tmp/ccpLw1GR.s:24     .text.tmrcb:00000000 tmrcb
     /tmp/ccpLw1GR.s:84     .text.evtStart:00000000 $t
     /tmp/ccpLw1GR.s:90     .text.evtStart:00000000 evtStart
     /tmp/ccpLw1GR.s:158    .text.evtStart:00000038 $d
     /tmp/ccpLw1GR.s:163    .text.evtStop:00000000 $t
     /tmp/ccpLw1GR.s:169    .text.evtStop:00000000 evtStop
                     .debug_frame:00000010 $d
     /tmp/ccpLw1GR.s:162    .text.evtStart:0000003c $t

UNDEFINED SYMBOLS
dbg_check_lock_from_isr
chEvtBroadcastFlagsI
chVTSetI
dbg_check_unlock_from_isr
dbg_check_lock
dbg_check_unlock
chVTResetI
