ARM GAS  /tmp/ccr6Qr8m.s 			page 1


   1              		.syntax unified
   2              		.cpu cortex-m3
   3              		.fpu softvfp
   4              		.eabi_attribute 20, 1
   5              		.eabi_attribute 21, 1
   6              		.eabi_attribute 23, 3
   7              		.eabi_attribute 24, 1
   8              		.eabi_attribute 25, 1
   9              		.eabi_attribute 26, 1
  10              		.eabi_attribute 30, 2
  11              		.eabi_attribute 34, 1
  12              		.eabi_attribute 18, 4
  13              		.thumb
  14              		.file	"i2c_lld.c"
  15              		.text
  16              	.Ltext0:
  17              		.cfi_sections	.debug_frame
  18              	.Letext0:
  19              		.file 1 "../../ChibiOS/os/ports/common/ARMCMx/CMSIS/include/core_cm3.h"
  20              		.file 2 "/home/tino/ChibiStudio/tools/GNU Tools ARM Embedded/4.6 2012q2/bin/../lib/gcc/arm-none-ea
  21              		.section	.debug_info,"",%progbits
  22              	.Ldebug_info0:
  23 0000 A2000000 		.4byte	0xa2
  24 0004 0200     		.2byte	0x2
  25 0006 00000000 		.4byte	.Ldebug_abbrev0
  26 000a 04       		.byte	0x4
  27 000b 01       		.uleb128 0x1
  28 000c 55000000 		.4byte	.LASF12
  29 0010 01       		.byte	0x1
  30 0011 00000000 		.4byte	.LASF13
  31 0015 B0000000 		.4byte	.LASF14
  32 0019 00000000 		.4byte	.Ltext0
  33 001d 00000000 		.4byte	.Letext0
  34 0021 00000000 		.4byte	.Ldebug_line0
  35 0025 02       		.uleb128 0x2
  36 0026 04       		.byte	0x4
  37 0027 05       		.byte	0x5
  38 0028 696E7400 		.ascii	"int\000"
  39 002c 03       		.uleb128 0x3
  40 002d 04       		.byte	0x4
  41 002e 07       		.byte	0x7
  42 002f 48000000 		.4byte	.LASF0
  43 0033 03       		.uleb128 0x3
  44 0034 01       		.byte	0x1
  45 0035 06       		.byte	0x6
  46 0036 35010000 		.4byte	.LASF1
  47 003a 03       		.uleb128 0x3
  48 003b 01       		.byte	0x1
  49 003c 08       		.byte	0x8
  50 003d F8000000 		.4byte	.LASF2
  51 0041 03       		.uleb128 0x3
  52 0042 02       		.byte	0x2
  53 0043 05       		.byte	0x5
  54 0044 41010000 		.4byte	.LASF3
  55 0048 03       		.uleb128 0x3
  56 0049 02       		.byte	0x2
  57 004a 07       		.byte	0x7
ARM GAS  /tmp/ccr6Qr8m.s 			page 2


  58 004b 35000000 		.4byte	.LASF4
  59 004f 04       		.uleb128 0x4
  60 0050 4B010000 		.4byte	.LASF15
  61 0054 02       		.byte	0x2
  62 0055 4F       		.byte	0x4f
  63 0056 5A000000 		.4byte	0x5a
  64 005a 03       		.uleb128 0x3
  65 005b 04       		.byte	0x4
  66 005c 05       		.byte	0x5
  67 005d 0B010000 		.4byte	.LASF5
  68 0061 03       		.uleb128 0x3
  69 0062 04       		.byte	0x4
  70 0063 07       		.byte	0x7
  71 0064 9E000000 		.4byte	.LASF6
  72 0068 03       		.uleb128 0x3
  73 0069 08       		.byte	0x8
  74 006a 05       		.byte	0x5
  75 006b 1A010000 		.4byte	.LASF7
  76 006f 03       		.uleb128 0x3
  77 0070 08       		.byte	0x8
  78 0071 07       		.byte	0x7
  79 0072 E1000000 		.4byte	.LASF8
  80 0076 03       		.uleb128 0x3
  81 0077 01       		.byte	0x1
  82 0078 02       		.byte	0x2
  83 0079 14010000 		.4byte	.LASF9
  84 007d 03       		.uleb128 0x3
  85 007e 01       		.byte	0x1
  86 007f 08       		.byte	0x8
  87 0080 06010000 		.4byte	.LASF10
  88 0084 05       		.uleb128 0x5
  89 0085 4F000000 		.4byte	0x4f
  90 0089 06       		.uleb128 0x6
  91 008a 28010000 		.4byte	.LASF11
  92 008e 01       		.byte	0x1
  93 008f 0706     		.2byte	0x607
  94 0091 84000000 		.4byte	0x84
  95 0095 01       		.byte	0x1
  96 0096 01       		.byte	0x1
  97 0097 06       		.uleb128 0x6
  98 0098 28010000 		.4byte	.LASF11
  99 009c 01       		.byte	0x1
 100 009d 0706     		.2byte	0x607
 101 009f 84000000 		.4byte	0x84
 102 00a3 01       		.byte	0x1
 103 00a4 01       		.byte	0x1
 104 00a5 00       		.byte	0
 105              		.section	.debug_abbrev,"",%progbits
 106              	.Ldebug_abbrev0:
 107 0000 01       		.uleb128 0x1
 108 0001 11       		.uleb128 0x11
 109 0002 01       		.byte	0x1
 110 0003 25       		.uleb128 0x25
 111 0004 0E       		.uleb128 0xe
 112 0005 13       		.uleb128 0x13
 113 0006 0B       		.uleb128 0xb
 114 0007 03       		.uleb128 0x3
ARM GAS  /tmp/ccr6Qr8m.s 			page 3


 115 0008 0E       		.uleb128 0xe
 116 0009 1B       		.uleb128 0x1b
 117 000a 0E       		.uleb128 0xe
 118 000b 11       		.uleb128 0x11
 119 000c 01       		.uleb128 0x1
 120 000d 12       		.uleb128 0x12
 121 000e 01       		.uleb128 0x1
 122 000f 10       		.uleb128 0x10
 123 0010 06       		.uleb128 0x6
 124 0011 00       		.byte	0
 125 0012 00       		.byte	0
 126 0013 02       		.uleb128 0x2
 127 0014 24       		.uleb128 0x24
 128 0015 00       		.byte	0
 129 0016 0B       		.uleb128 0xb
 130 0017 0B       		.uleb128 0xb
 131 0018 3E       		.uleb128 0x3e
 132 0019 0B       		.uleb128 0xb
 133 001a 03       		.uleb128 0x3
 134 001b 08       		.uleb128 0x8
 135 001c 00       		.byte	0
 136 001d 00       		.byte	0
 137 001e 03       		.uleb128 0x3
 138 001f 24       		.uleb128 0x24
 139 0020 00       		.byte	0
 140 0021 0B       		.uleb128 0xb
 141 0022 0B       		.uleb128 0xb
 142 0023 3E       		.uleb128 0x3e
 143 0024 0B       		.uleb128 0xb
 144 0025 03       		.uleb128 0x3
 145 0026 0E       		.uleb128 0xe
 146 0027 00       		.byte	0
 147 0028 00       		.byte	0
 148 0029 04       		.uleb128 0x4
 149 002a 16       		.uleb128 0x16
 150 002b 00       		.byte	0
 151 002c 03       		.uleb128 0x3
 152 002d 0E       		.uleb128 0xe
 153 002e 3A       		.uleb128 0x3a
 154 002f 0B       		.uleb128 0xb
 155 0030 3B       		.uleb128 0x3b
 156 0031 0B       		.uleb128 0xb
 157 0032 49       		.uleb128 0x49
 158 0033 13       		.uleb128 0x13
 159 0034 00       		.byte	0
 160 0035 00       		.byte	0
 161 0036 05       		.uleb128 0x5
 162 0037 35       		.uleb128 0x35
 163 0038 00       		.byte	0
 164 0039 49       		.uleb128 0x49
 165 003a 13       		.uleb128 0x13
 166 003b 00       		.byte	0
 167 003c 00       		.byte	0
 168 003d 06       		.uleb128 0x6
 169 003e 34       		.uleb128 0x34
 170 003f 00       		.byte	0
 171 0040 03       		.uleb128 0x3
ARM GAS  /tmp/ccr6Qr8m.s 			page 4


 172 0041 0E       		.uleb128 0xe
 173 0042 3A       		.uleb128 0x3a
 174 0043 0B       		.uleb128 0xb
 175 0044 3B       		.uleb128 0x3b
 176 0045 05       		.uleb128 0x5
 177 0046 49       		.uleb128 0x49
 178 0047 13       		.uleb128 0x13
 179 0048 3F       		.uleb128 0x3f
 180 0049 0C       		.uleb128 0xc
 181 004a 3C       		.uleb128 0x3c
 182 004b 0C       		.uleb128 0xc
 183 004c 00       		.byte	0
 184 004d 00       		.byte	0
 185 004e 00       		.byte	0
 186              		.section	.debug_line,"",%progbits
 187              	.Ldebug_line0:
 188 0000 EA000000 		.section	.debug_str,"MS",%progbits,1
 188      0200E400 
 188      00000201 
 188      FB0E0D00 
 188      01010101 
 189              	.LASF13:
 190 0000 2E2E2F2E 		.ascii	"../../ChibiOS/os/hal/platforms/STM32/I2Cv1/i2c_lld."
 190      2E2F4368 
 190      6962694F 
 190      532F6F73 
 190      2F68616C 
 191 0033 6300     		.ascii	"c\000"
 192              	.LASF4:
 193 0035 73686F72 		.ascii	"short unsigned int\000"
 193      7420756E 
 193      7369676E 
 193      65642069 
 193      6E7400
 194              	.LASF0:
 195 0048 756E7369 		.ascii	"unsigned int\000"
 195      676E6564 
 195      20696E74 
 195      00
 196              	.LASF12:
 197 0055 474E5520 		.ascii	"GNU C 4.6.2 20120613 (release) [ARM/embedded-4_6-br"
 197      4320342E 
 197      362E3220 
 197      32303132 
 197      30363133 
 198 0088 616E6368 		.ascii	"anch revision 188521]\000"
 198      20726576 
 198      6973696F 
 198      6E203138 
 198      38353231 
 199              	.LASF6:
 200 009e 6C6F6E67 		.ascii	"long unsigned int\000"
 200      20756E73 
 200      69676E65 
 200      6420696E 
 200      7400
 201              	.LASF14:
ARM GAS  /tmp/ccr6Qr8m.s 			page 5


 202 00b0 2F686F6D 		.ascii	"/home/tino/workspace/openrobots/R2P_IR_module/fw\000"
 202      652F7469 
 202      6E6F2F77 
 202      6F726B73 
 202      70616365 
 203              	.LASF8:
 204 00e1 6C6F6E67 		.ascii	"long long unsigned int\000"
 204      206C6F6E 
 204      6720756E 
 204      7369676E 
 204      65642069 
 205              	.LASF2:
 206 00f8 756E7369 		.ascii	"unsigned char\000"
 206      676E6564 
 206      20636861 
 206      7200
 207              	.LASF10:
 208 0106 63686172 		.ascii	"char\000"
 208      00
 209              	.LASF5:
 210 010b 6C6F6E67 		.ascii	"long int\000"
 210      20696E74 
 210      00
 211              	.LASF9:
 212 0114 5F426F6F 		.ascii	"_Bool\000"
 212      6C00
 213              	.LASF7:
 214 011a 6C6F6E67 		.ascii	"long long int\000"
 214      206C6F6E 
 214      6720696E 
 214      7400
 215              	.LASF11:
 216 0128 49544D5F 		.ascii	"ITM_RxBuffer\000"
 216      52784275 
 216      66666572 
 216      00
 217              	.LASF1:
 218 0135 7369676E 		.ascii	"signed char\000"
 218      65642063 
 218      68617200 
 219              	.LASF3:
 220 0141 73686F72 		.ascii	"short int\000"
 220      7420696E 
 220      7400
 221              	.LASF15:
 222 014b 696E7433 		.ascii	"int32_t\000"
 222      325F7400 
 223              		.ident	"GCC: (GNU Tools for ARM Embedded Processors) 4.6.2 20120613 (release) [ARM/embedded-4_6-br
ARM GAS  /tmp/ccr6Qr8m.s 			page 6


DEFINED SYMBOLS
                            *ABS*:00000000 i2c_lld.c

NO UNDEFINED SYMBOLS
