ARM GAS  /tmp/cc0zNxEf.s 			page 1


   1              		.syntax unified
   2              		.cpu cortex-m3
   3              		.fpu softvfp
   4              		.eabi_attribute 20, 1
   5              		.eabi_attribute 21, 1
   6              		.eabi_attribute 23, 3
   7              		.eabi_attribute 24, 1
   8              		.eabi_attribute 25, 1
   9              		.eabi_attribute 26, 1
  10              		.eabi_attribute 30, 2
  11              		.eabi_attribute 34, 1
  12              		.eabi_attribute 18, 4
  13              		.thumb
  14              		.file	"pal_lld.c"
  15              		.text
  16              	.Ltext0:
  17              		.cfi_sections	.debug_frame
  18              		.section	.text._pal_lld_init,"ax",%progbits
  19              		.align	2
  20              		.p2align 4,,15
  21              		.global	_pal_lld_init
  22              		.thumb
  23              		.thumb_func
  24              		.type	_pal_lld_init, %function
  25              	_pal_lld_init:
  26              	.LFB63:
  27              		.file 1 "../../ChibiOS/os/hal/platforms/STM32/GPIOv1/pal_lld.c"
  28              		.loc 1 77 0
  29              		.cfi_startproc
  30              		@ args = 0, pretend = 0, frame = 0
  31              		@ frame_needed = 0, uses_anonymous_args = 0
  32              		@ link register save eliminated.
  33              	.LVL0:
  34 0000 10B4     		push	{r4}
  35              	.LCFI0:
  36              		.cfi_def_cfa_offset 4
  37              		.cfi_offset 4, -4
  38              		.loc 1 82 0
  39 0002 4FF48051 		mov	r1, #4096
  40 0006 C4F20201 		movt	r1, 16386
  41 000a 8C69     		ldr	r4, [r1, #24]
  42              		.loc 1 87 0
  43 000c 4FF4006C 		mov	ip, #2048
  44              		.loc 1 82 0
  45 0010 44F07D02 		orr	r2, r4, #125
  46 0014 8A61     		str	r2, [r1, #24]
  47              		.loc 1 87 0
  48 0016 0368     		ldr	r3, [r0, #0]
  49 0018 C4F2010C 		movt	ip, 16385
  50 001c CCF80C30 		str	r3, [ip, #12]
  51              		.loc 1 88 0
  52 0020 8468     		ldr	r4, [r0, #8]
  53              		.loc 1 90 0
  54 0022 4FF44063 		mov	r3, #3072
  55              		.loc 1 88 0
  56 0026 CCF80440 		str	r4, [ip, #4]
  57              		.loc 1 89 0
ARM GAS  /tmp/cc0zNxEf.s 			page 2


  58 002a 4168     		ldr	r1, [r0, #4]
  59              		.loc 1 90 0
  60 002c C4F20103 		movt	r3, 16385
  61              		.loc 1 89 0
  62 0030 CCF80010 		str	r1, [ip, #0]
  63              		.loc 1 90 0
  64 0034 C268     		ldr	r2, [r0, #12]
  65              		.loc 1 93 0
  66 0036 4FF48051 		mov	r1, #4096
  67              		.loc 1 90 0
  68 003a DA60     		str	r2, [r3, #12]
  69              		.loc 1 91 0
  70 003c 4469     		ldr	r4, [r0, #20]
  71              		.loc 1 93 0
  72 003e C4F20101 		movt	r1, 16385
  73              		.loc 1 91 0
  74 0042 5C60     		str	r4, [r3, #4]
  75              		.loc 1 92 0
  76 0044 0269     		ldr	r2, [r0, #16]
  77              		.loc 1 96 0
  78 0046 4FF4A05C 		mov	ip, #5120
  79              		.loc 1 92 0
  80 004a 1A60     		str	r2, [r3, #0]
  81              		.loc 1 93 0
  82 004c 8369     		ldr	r3, [r0, #24]
  83              		.loc 1 96 0
  84 004e C4F2010C 		movt	ip, 16385
  85              		.loc 1 93 0
  86 0052 CB60     		str	r3, [r1, #12]
  87              		.loc 1 94 0
  88 0054 046A     		ldr	r4, [r0, #32]
  89              		.loc 1 100 0
  90 0056 4FF4C053 		mov	r3, #6144
  91              		.loc 1 94 0
  92 005a 4C60     		str	r4, [r1, #4]
  93              		.loc 1 95 0
  94 005c C469     		ldr	r4, [r0, #28]
  95              		.loc 1 100 0
  96 005e C4F20103 		movt	r3, 16385
  97              		.loc 1 95 0
  98 0062 0C60     		str	r4, [r1, #0]
  99              		.loc 1 96 0
 100 0064 416A     		ldr	r1, [r0, #36]
 101 0066 CCF80C10 		str	r1, [ip, #12]
 102              		.loc 1 97 0
 103 006a C26A     		ldr	r2, [r0, #44]
 104 006c CCF80420 		str	r2, [ip, #4]
 105              		.loc 1 98 0
 106 0070 816A     		ldr	r1, [r0, #40]
 107 0072 CCF80010 		str	r1, [ip, #0]
 108              		.loc 1 100 0
 109 0076 026B     		ldr	r2, [r0, #48]
 110 0078 DA60     		str	r2, [r3, #12]
 111              		.loc 1 101 0
 112 007a 816B     		ldr	r1, [r0, #56]
 113 007c 5960     		str	r1, [r3, #4]
 114              		.loc 1 102 0
ARM GAS  /tmp/cc0zNxEf.s 			page 3


 115 007e 426B     		ldr	r2, [r0, #52]
 116 0080 1A60     		str	r2, [r3, #0]
 117              		.loc 1 114 0
 118 0082 10BC     		pop	{r4}
 119 0084 7047     		bx	lr
 120              		.cfi_endproc
 121              	.LFE63:
 122              		.size	_pal_lld_init, .-_pal_lld_init
 123 0086 00BFAFF3 		.section	.text._pal_lld_setgroupmode,"ax",%progbits
 123      0080AFF3 
 123      0080
 124              		.align	2
 125              		.p2align 4,,15
 126              		.global	_pal_lld_setgroupmode
 127              		.thumb
 128              		.thumb_func
 129              		.type	_pal_lld_setgroupmode, %function
 130              	_pal_lld_setgroupmode:
 131              	.LFB64:
 132              		.loc 1 133 0
 133              		.cfi_startproc
 134              		@ args = 0, pretend = 0, frame = 0
 135              		@ frame_needed = 0, uses_anonymous_args = 0
 136              		@ link register save eliminated.
 137              	.LVL1:
 138              		.loc 1 157 0
 139 0000 032A     		cmp	r2, #3
 140              		.loc 1 133 0
 141 0002 2DE9F007 		push	{r4, r5, r6, r7, r8, r9, sl}
 142              	.LCFI1:
 143              		.cfi_def_cfa_offset 28
 144              		.cfi_offset 10, -4
 145              		.cfi_offset 9, -8
 146              		.cfi_offset 8, -12
 147              		.cfi_offset 7, -16
 148              		.cfi_offset 6, -20
 149              		.cfi_offset 5, -24
 150              		.cfi_offset 4, -28
 151              		.loc 1 157 0
 152 0006 00F0F380 		beq	.L70
 153              		.loc 1 159 0
 154 000a 042A     		cmp	r2, #4
 155              		.loc 1 160 0
 156 000c 08BF     		it	eq
 157 000e 4161     		streq	r1, [r0, #20]
 158              	.L4:
 159              		.loc 1 161 0
 160 0010 784B     		ldr	r3, .L71
 161              		.loc 1 168 0
 162 0012 01F08004 		and	r4, r1, #128
 163              		.loc 1 161 0
 164 0016 9B5C     		ldrb	r3, [r3, r2]	@ zero_extendqisi2
 165              	.LVL2:
 166              		.loc 1 168 0
 167 0018 002C     		cmp	r4, #0
 168              		.loc 1 172 0
 169 001a 01F40042 		and	r2, r1, #32768
ARM GAS  /tmp/cc0zNxEf.s 			page 4


 170              	.LVL3:
 171              		.loc 1 168 0
 172 001e 18BF     		it	ne
 173 0020 1C46     		movne	r4, r3
 174 0022 14BF     		ite	ne
 175 0024 0025     		movne	r5, #0
 176 0026 0F25     		moveq	r5, #15
 177              		.loc 1 176 0
 178 0028 4F00     		lsls	r7, r1, #1
 179              		.loc 1 172 0
 180 002a 002A     		cmp	r2, #0
 181 002c 18BF     		it	ne
 182 002e 1A46     		movne	r2, r3
 183              	.LVL4:
 184              		.loc 1 164 0
 185 0030 4FEA0516 		lsl	r6, r5, #4
 186              	.LVL5:
 187              		.loc 1 168 0
 188 0034 07F0800A 		and	sl, r7, #128
 189              		.loc 1 166 0
 190 0038 4FEA0415 		lsl	r5, r4, #4
 191              		.loc 1 171 0
 192 003c 45EA0308 		orr	r8, r5, r3
 193              		.loc 1 165 0
 194 0040 0CBF     		ite	eq
 195 0042 F024     		moveq	r4, #240
 196 0044 0024     		movne	r4, #0
 197              	.LVL6:
 198              		.loc 1 172 0
 199 0046 07F4004C 		and	ip, r7, #32768
 200              		.loc 1 167 0
 201 004a 1201     		lsls	r2, r2, #4
 202              	.LVL7:
 203              		.loc 1 169 0
 204 004c 46F00F09 		orr	r9, r6, #15
 205              		.loc 1 171 0
 206 0050 BAF1000F 		cmp	sl, #0
 207 0054 08BF     		it	eq
 208 0056 4E46     		moveq	r6, r9
 209 0058 18BF     		it	ne
 210 005a 4546     		movne	r5, r8
 211              		.loc 1 173 0
 212 005c 44F00F0A 		orr	sl, r4, #15
 213              		.loc 1 176 0
 214 0060 8F00     		lsls	r7, r1, #2
 215              	.LVL8:
 216              		.loc 1 175 0
 217 0062 BCF1000F 		cmp	ip, #0
 218 0066 42EA030C 		orr	ip, r2, r3
 219 006a 08BF     		it	eq
 220 006c 5446     		moveq	r4, sl
 221 006e 18BF     		it	ne
 222 0070 6246     		movne	r2, ip
 223              	.LVL9:
 224              		.loc 1 168 0
 225 0072 07F08008 		and	r8, r7, #128
 226              		.loc 1 164 0
ARM GAS  /tmp/cc0zNxEf.s 			page 5


 227 0076 3601     		lsls	r6, r6, #4
 228              	.LVL10:
 229              		.loc 1 166 0
 230 0078 2D01     		lsls	r5, r5, #4
 231              	.LVL11:
 232              		.loc 1 171 0
 233 007a 45EA030A 		orr	sl, r5, r3
 234 007e B8F1000F 		cmp	r8, #0
 235              		.loc 1 172 0
 236 0082 07F4004C 		and	ip, r7, #32768
 237              		.loc 1 165 0
 238 0086 4FEA0414 		lsl	r4, r4, #4
 239              	.LVL12:
 240              		.loc 1 167 0
 241 008a 4FEA0212 		lsl	r2, r2, #4
 242              	.LVL13:
 243              		.loc 1 169 0
 244 008e 46F00F09 		orr	r9, r6, #15
 245              		.loc 1 171 0
 246 0092 08BF     		it	eq
 247 0094 4E46     		moveq	r6, r9
 248 0096 18BF     		it	ne
 249 0098 5546     		movne	r5, sl
 250              		.loc 1 173 0
 251 009a 44F00F08 		orr	r8, r4, #15
 252              		.loc 1 176 0
 253 009e CF00     		lsls	r7, r1, #3
 254              	.LVL14:
 255              		.loc 1 175 0
 256 00a0 42EA030A 		orr	sl, r2, r3
 257 00a4 BCF1000F 		cmp	ip, #0
 258 00a8 08BF     		it	eq
 259 00aa 4446     		moveq	r4, r8
 260 00ac 18BF     		it	ne
 261 00ae 5246     		movne	r2, sl
 262              	.LVL15:
 263              		.loc 1 168 0
 264 00b0 07F0800C 		and	ip, r7, #128
 265              		.loc 1 164 0
 266 00b4 3601     		lsls	r6, r6, #4
 267              	.LVL16:
 268              		.loc 1 166 0
 269 00b6 2D01     		lsls	r5, r5, #4
 270              	.LVL17:
 271              		.loc 1 171 0
 272 00b8 45EA0308 		orr	r8, r5, r3
 273 00bc BCF1000F 		cmp	ip, #0
 274              		.loc 1 172 0
 275 00c0 07F4004A 		and	sl, r7, #32768
 276              		.loc 1 165 0
 277 00c4 4FEA0414 		lsl	r4, r4, #4
 278              	.LVL18:
 279              		.loc 1 167 0
 280 00c8 4FEA0212 		lsl	r2, r2, #4
 281              	.LVL19:
 282              		.loc 1 169 0
 283 00cc 46F00F09 		orr	r9, r6, #15
ARM GAS  /tmp/cc0zNxEf.s 			page 6


 284              		.loc 1 171 0
 285 00d0 08BF     		it	eq
 286 00d2 4E46     		moveq	r6, r9
 287 00d4 18BF     		it	ne
 288 00d6 4546     		movne	r5, r8
 289              		.loc 1 173 0
 290 00d8 44F00F0C 		orr	ip, r4, #15
 291              		.loc 1 176 0
 292 00dc 0F01     		lsls	r7, r1, #4
 293              	.LVL20:
 294              		.loc 1 175 0
 295 00de BAF1000F 		cmp	sl, #0
 296 00e2 42EA030A 		orr	sl, r2, r3
 297 00e6 08BF     		it	eq
 298 00e8 6446     		moveq	r4, ip
 299 00ea 18BF     		it	ne
 300 00ec 5246     		movne	r2, sl
 301              	.LVL21:
 302              		.loc 1 168 0
 303 00ee 07F08008 		and	r8, r7, #128
 304              		.loc 1 164 0
 305 00f2 3601     		lsls	r6, r6, #4
 306              	.LVL22:
 307              		.loc 1 166 0
 308 00f4 2D01     		lsls	r5, r5, #4
 309              	.LVL23:
 310              		.loc 1 171 0
 311 00f6 45EA030C 		orr	ip, r5, r3
 312 00fa B8F1000F 		cmp	r8, #0
 313              		.loc 1 172 0
 314 00fe 07F4004A 		and	sl, r7, #32768
 315              		.loc 1 165 0
 316 0102 4FEA0414 		lsl	r4, r4, #4
 317              	.LVL24:
 318              		.loc 1 167 0
 319 0106 4FEA0212 		lsl	r2, r2, #4
 320              	.LVL25:
 321              		.loc 1 169 0
 322 010a 46F00F09 		orr	r9, r6, #15
 323              		.loc 1 171 0
 324 010e 08BF     		it	eq
 325 0110 4E46     		moveq	r6, r9
 326 0112 18BF     		it	ne
 327 0114 6546     		movne	r5, ip
 328              		.loc 1 173 0
 329 0116 44F00F08 		orr	r8, r4, #15
 330              		.loc 1 176 0
 331 011a 4F01     		lsls	r7, r1, #5
 332              	.LVL26:
 333              		.loc 1 175 0
 334 011c 42EA030C 		orr	ip, r2, r3
 335 0120 BAF1000F 		cmp	sl, #0
 336 0124 08BF     		it	eq
 337 0126 4446     		moveq	r4, r8
 338 0128 18BF     		it	ne
 339 012a 6246     		movne	r2, ip
 340              	.LVL27:
ARM GAS  /tmp/cc0zNxEf.s 			page 7


 341              		.loc 1 168 0
 342 012c 07F0800A 		and	sl, r7, #128
 343              		.loc 1 164 0
 344 0130 3601     		lsls	r6, r6, #4
 345              	.LVL28:
 346              		.loc 1 166 0
 347 0132 2D01     		lsls	r5, r5, #4
 348              	.LVL29:
 349              		.loc 1 171 0
 350 0134 45EA0308 		orr	r8, r5, r3
 351 0138 BAF1000F 		cmp	sl, #0
 352              		.loc 1 172 0
 353 013c 07F4004C 		and	ip, r7, #32768
 354              		.loc 1 165 0
 355 0140 4FEA0414 		lsl	r4, r4, #4
 356              	.LVL30:
 357              		.loc 1 167 0
 358 0144 4FEA0212 		lsl	r2, r2, #4
 359              	.LVL31:
 360              		.loc 1 169 0
 361 0148 46F00F09 		orr	r9, r6, #15
 362              		.loc 1 171 0
 363 014c 08BF     		it	eq
 364 014e 4E46     		moveq	r6, r9
 365 0150 18BF     		it	ne
 366 0152 4546     		movne	r5, r8
 367              		.loc 1 175 0
 368 0154 42EA0309 		orr	r9, r2, r3
 369              		.loc 1 176 0
 370 0158 8F01     		lsls	r7, r1, #6
 371              	.LVL32:
 372              		.loc 1 173 0
 373 015a 44F00F0A 		orr	sl, r4, #15
 374              		.loc 1 175 0
 375 015e BCF1000F 		cmp	ip, #0
 376 0162 08BF     		it	eq
 377 0164 5446     		moveq	r4, sl
 378 0166 18BF     		it	ne
 379 0168 4A46     		movne	r2, r9
 380              	.LVL33:
 381              		.loc 1 168 0
 382 016a 07F0800C 		and	ip, r7, #128
 383              		.loc 1 164 0
 384 016e 3601     		lsls	r6, r6, #4
 385              	.LVL34:
 386              		.loc 1 166 0
 387 0170 2D01     		lsls	r5, r5, #4
 388              	.LVL35:
 389              		.loc 1 171 0
 390 0172 45EA030A 		orr	sl, r5, r3
 391 0176 BCF1000F 		cmp	ip, #0
 392              		.loc 1 172 0
 393 017a 07F40049 		and	r9, r7, #32768
 394              		.loc 1 165 0
 395 017e 4FEA0414 		lsl	r4, r4, #4
 396              	.LVL36:
 397              		.loc 1 169 0
ARM GAS  /tmp/cc0zNxEf.s 			page 8


 398 0182 46F00F08 		orr	r8, r6, #15
 399              		.loc 1 171 0
 400 0186 08BF     		it	eq
 401 0188 4646     		moveq	r6, r8
 402 018a 18BF     		it	ne
 403 018c 5546     		movne	r5, sl
 404              		.loc 1 167 0
 405 018e 4FEA0212 		lsl	r2, r2, #4
 406              	.LVL37:
 407              		.loc 1 175 0
 408 0192 B9F1000F 		cmp	r9, #0
 409              		.loc 1 173 0
 410 0196 44F00F0C 		orr	ip, r4, #15
 411              		.loc 1 175 0
 412 019a 08BF     		it	eq
 413 019c 6446     		moveq	r4, ip
 414 019e 42EA0307 		orr	r7, r2, r3
 415              	.LVL38:
 416 01a2 18BF     		it	ne
 417 01a4 3A46     		movne	r2, r7
 418              	.LVL39:
 419              		.loc 1 165 0
 420 01a6 2401     		lsls	r4, r4, #4
 421              	.LVL40:
 422              		.loc 1 176 0
 423 01a8 C901     		lsls	r1, r1, #7
 424              	.LVL41:
 425              		.loc 1 167 0
 426 01aa 1201     		lsls	r2, r2, #4
 427              	.LVL42:
 428              		.loc 1 178 0
 429 01ac D0F80490 		ldr	r9, [r0, #4]
 430              		.loc 1 164 0
 431 01b0 3601     		lsls	r6, r6, #4
 432              	.LVL43:
 433              		.loc 1 166 0
 434 01b2 2D01     		lsls	r5, r5, #4
 435              	.LVL44:
 436              		.loc 1 173 0
 437 01b4 44F00F0A 		orr	sl, r4, #15
 438              		.loc 1 168 0
 439 01b8 01F08007 		and	r7, r1, #128
 440              		.loc 1 178 0
 441 01bc 0904     		lsls	r1, r1, #16
 442              	.LVL45:
 443              		.loc 1 171 0
 444 01be 45EA030C 		orr	ip, r5, r3
 445              		.loc 1 178 0
 446 01c2 58BF     		it	pl
 447 01c4 5446     		movpl	r4, sl
 448              		.loc 1 175 0
 449 01c6 42EA0303 		orr	r3, r2, r3
 450              	.LVL46:
 451              		.loc 1 178 0
 452 01ca 48BF     		it	mi
 453 01cc 1A46     		movmi	r2, r3
 454 01ce 04EA0904 		and	r4, r4, r9
ARM GAS  /tmp/cc0zNxEf.s 			page 9


 455 01d2 2243     		orrs	r2, r2, r4
 456 01d4 4260     		str	r2, [r0, #4]
 457              		.loc 1 169 0
 458 01d6 46F00F08 		orr	r8, r6, #15
 459              	.LVL47:
 460              		.loc 1 179 0
 461 01da 0368     		ldr	r3, [r0, #0]
 462 01dc 37B9     		cbnz	r7, .L65
 463 01de 4646     		mov	r6, r8
 464              	.LVL48:
 465              	.L68:
 466 01e0 1E40     		ands	r6, r6, r3
 467 01e2 3543     		orrs	r5, r5, r6
 468 01e4 0560     		str	r5, [r0, #0]
 469              		.loc 1 180 0
 470 01e6 BDE8F007 		pop	{r4, r5, r6, r7, r8, r9, sl}
 471 01ea 7047     		bx	lr
 472              	.LVL49:
 473              	.L65:
 474              		.loc 1 179 0
 475 01ec 6546     		mov	r5, ip
 476              	.LVL50:
 477 01ee F7E7     		b	.L68
 478              	.LVL51:
 479              	.L70:
 480              		.loc 1 158 0
 481 01f0 0161     		str	r1, [r0, #16]
 482 01f2 0DE7     		b	.L4
 483              	.L72:
 484              		.align	2
 485              	.L71:
 486 01f4 00000000 		.word	.LANCHOR0
 487              		.cfi_endproc
 488              	.LFE64:
 489              		.size	_pal_lld_setgroupmode, .-_pal_lld_setgroupmode
 490 01f8 AFF30080 		.section	.rodata.cfgtab.6079,"a",%progbits
 490      AFF30080 
 491              		.align	2
 492              		.set	.LANCHOR0,. + 0
 493              		.type	cfgtab.6079, %object
 494              		.size	cfgtab.6079, 18
 495              	cfgtab.6079:
 496 0000 04       		.byte	4
 497 0001 02       		.byte	2
 498 0002 04       		.byte	4
 499 0003 08       		.byte	8
 500 0004 08       		.byte	8
 501 0005 00       		.byte	0
 502 0006 03       		.byte	3
 503 0007 07       		.byte	7
 504 0008 08       		.byte	8
 505 0009 08       		.byte	8
 506 000a 08       		.byte	8
 507 000b 08       		.byte	8
 508 000c 08       		.byte	8
 509 000d 08       		.byte	8
 510 000e 08       		.byte	8
ARM GAS  /tmp/cc0zNxEf.s 			page 10


 511 000f 08       		.byte	8
 512 0010 0B       		.byte	11
 513 0011 0F       		.byte	15
 514 0012 0000     		.text
 515              	.Letext0:
 516              		.file 2 "/home/tino/ChibiStudio/tools/GNU Tools ARM Embedded/4.6 2012q2/bin/../lib/gcc/arm-none-ea
 517              		.file 3 "../../ChibiOS/os/hal/platforms/STM32F1xx/stm32f10x.h"
 518              		.file 4 "../../ChibiOS/os/hal/platforms/STM32/GPIOv1/pal_lld.h"
 519              		.file 5 "../../ChibiOS/os/ports/common/ARMCMx/CMSIS/include/core_cm3.h"
 520              		.section	.debug_info,"",%progbits
 521              	.Ldebug_info0:
 522 0000 9D030000 		.4byte	0x39d
 523 0004 0200     		.2byte	0x2
 524 0006 00000000 		.4byte	.Ldebug_abbrev0
 525 000a 04       		.byte	0x4
 526 000b 01       		.uleb128 0x1
 527 000c 9D000000 		.4byte	.LASF43
 528 0010 01       		.byte	0x1
 529 0011 28000000 		.4byte	.LASF44
 530 0015 93010000 		.4byte	.LASF45
 531 0019 00000000 		.4byte	0
 532 001d 00000000 		.4byte	0
 533 0021 00000000 		.4byte	.Ldebug_ranges0+0
 534 0025 00000000 		.4byte	.Ldebug_line0
 535 0029 02       		.uleb128 0x2
 536 002a 04       		.byte	0x4
 537 002b 05       		.byte	0x5
 538 002c 696E7400 		.ascii	"int\000"
 539 0030 03       		.uleb128 0x3
 540 0031 04       		.byte	0x4
 541 0032 07       		.byte	0x7
 542 0033 6A000000 		.4byte	.LASF0
 543 0037 03       		.uleb128 0x3
 544 0038 01       		.byte	0x1
 545 0039 06       		.byte	0x6
 546 003a 2F020000 		.4byte	.LASF1
 547 003e 04       		.uleb128 0x4
 548 003f 8B010000 		.4byte	.LASF5
 549 0043 02       		.byte	0x2
 550 0044 2A       		.byte	0x2a
 551 0045 49000000 		.4byte	0x49
 552 0049 03       		.uleb128 0x3
 553 004a 01       		.byte	0x1
 554 004b 08       		.byte	0x8
 555 004c 71010000 		.4byte	.LASF2
 556 0050 03       		.uleb128 0x3
 557 0051 02       		.byte	0x2
 558 0052 05       		.byte	0x5
 559 0053 E8010000 		.4byte	.LASF3
 560 0057 03       		.uleb128 0x3
 561 0058 02       		.byte	0x2
 562 0059 07       		.byte	0x7
 563 005a 19010000 		.4byte	.LASF4
 564 005e 04       		.uleb128 0x4
 565 005f CE010000 		.4byte	.LASF6
 566 0063 02       		.byte	0x2
 567 0064 4F       		.byte	0x4f
ARM GAS  /tmp/cc0zNxEf.s 			page 11


 568 0065 69000000 		.4byte	0x69
 569 0069 03       		.uleb128 0x3
 570 006a 04       		.byte	0x4
 571 006b 05       		.byte	0x5
 572 006c 19020000 		.4byte	.LASF7
 573 0070 04       		.uleb128 0x4
 574 0071 10020000 		.4byte	.LASF8
 575 0075 02       		.byte	0x2
 576 0076 50       		.byte	0x50
 577 0077 7B000000 		.4byte	0x7b
 578 007b 03       		.uleb128 0x3
 579 007c 04       		.byte	0x4
 580 007d 07       		.byte	0x7
 581 007e 07010000 		.4byte	.LASF9
 582 0082 03       		.uleb128 0x3
 583 0083 08       		.byte	0x8
 584 0084 05       		.byte	0x5
 585 0085 00000000 		.4byte	.LASF10
 586 0089 03       		.uleb128 0x3
 587 008a 08       		.byte	0x8
 588 008b 07       		.byte	0x7
 589 008c 41020000 		.4byte	.LASF11
 590 0090 03       		.uleb128 0x3
 591 0091 01       		.byte	0x1
 592 0092 02       		.byte	0x2
 593 0093 3B020000 		.4byte	.LASF12
 594 0097 05       		.uleb128 0x5
 595 0098 70000000 		.4byte	0x70
 596 009c 03       		.uleb128 0x3
 597 009d 01       		.byte	0x1
 598 009e 08       		.byte	0x8
 599 009f 86010000 		.4byte	.LASF13
 600 00a3 05       		.uleb128 0x5
 601 00a4 5E000000 		.4byte	0x5e
 602 00a8 06       		.uleb128 0x6
 603 00a9 1C       		.byte	0x1c
 604 00aa 03       		.byte	0x3
 605 00ab F803     		.2byte	0x3f8
 606 00ad 1B010000 		.4byte	0x11b
 607 00b1 07       		.uleb128 0x7
 608 00b2 43524C00 		.ascii	"CRL\000"
 609 00b6 03       		.byte	0x3
 610 00b7 FA03     		.2byte	0x3fa
 611 00b9 97000000 		.4byte	0x97
 612 00bd 02       		.byte	0x2
 613 00be 23       		.byte	0x23
 614 00bf 00       		.uleb128 0
 615 00c0 07       		.uleb128 0x7
 616 00c1 43524800 		.ascii	"CRH\000"
 617 00c5 03       		.byte	0x3
 618 00c6 FB03     		.2byte	0x3fb
 619 00c8 97000000 		.4byte	0x97
 620 00cc 02       		.byte	0x2
 621 00cd 23       		.byte	0x23
 622 00ce 04       		.uleb128 0x4
 623 00cf 07       		.uleb128 0x7
 624 00d0 49445200 		.ascii	"IDR\000"
ARM GAS  /tmp/cc0zNxEf.s 			page 12


 625 00d4 03       		.byte	0x3
 626 00d5 FC03     		.2byte	0x3fc
 627 00d7 97000000 		.4byte	0x97
 628 00db 02       		.byte	0x2
 629 00dc 23       		.byte	0x23
 630 00dd 08       		.uleb128 0x8
 631 00de 07       		.uleb128 0x7
 632 00df 4F445200 		.ascii	"ODR\000"
 633 00e3 03       		.byte	0x3
 634 00e4 FD03     		.2byte	0x3fd
 635 00e6 97000000 		.4byte	0x97
 636 00ea 02       		.byte	0x2
 637 00eb 23       		.byte	0x23
 638 00ec 0C       		.uleb128 0xc
 639 00ed 08       		.uleb128 0x8
 640 00ee 5E000000 		.4byte	.LASF14
 641 00f2 03       		.byte	0x3
 642 00f3 FE03     		.2byte	0x3fe
 643 00f5 97000000 		.4byte	0x97
 644 00f9 02       		.byte	0x2
 645 00fa 23       		.byte	0x23
 646 00fb 10       		.uleb128 0x10
 647 00fc 07       		.uleb128 0x7
 648 00fd 42525200 		.ascii	"BRR\000"
 649 0101 03       		.byte	0x3
 650 0102 FF03     		.2byte	0x3ff
 651 0104 97000000 		.4byte	0x97
 652 0108 02       		.byte	0x2
 653 0109 23       		.byte	0x23
 654 010a 14       		.uleb128 0x14
 655 010b 08       		.uleb128 0x8
 656 010c 58020000 		.4byte	.LASF15
 657 0110 03       		.byte	0x3
 658 0111 0004     		.2byte	0x400
 659 0113 97000000 		.4byte	0x97
 660 0117 02       		.byte	0x2
 661 0118 23       		.byte	0x23
 662 0119 18       		.uleb128 0x18
 663 011a 00       		.byte	0
 664 011b 09       		.uleb128 0x9
 665 011c 22020000 		.4byte	.LASF16
 666 0120 03       		.byte	0x3
 667 0121 0104     		.2byte	0x401
 668 0123 A8000000 		.4byte	0xa8
 669 0127 06       		.uleb128 0x6
 670 0128 28       		.byte	0x28
 671 0129 03       		.byte	0x3
 672 012a 4304     		.2byte	0x443
 673 012c C6010000 		.4byte	0x1c6
 674 0130 07       		.uleb128 0x7
 675 0131 435200   		.ascii	"CR\000"
 676 0134 03       		.byte	0x3
 677 0135 4504     		.2byte	0x445
 678 0137 97000000 		.4byte	0x97
 679 013b 02       		.byte	0x2
 680 013c 23       		.byte	0x23
 681 013d 00       		.uleb128 0
ARM GAS  /tmp/cc0zNxEf.s 			page 13


 682 013e 08       		.uleb128 0x8
 683 013f C9010000 		.4byte	.LASF17
 684 0143 03       		.byte	0x3
 685 0144 4604     		.2byte	0x446
 686 0146 97000000 		.4byte	0x97
 687 014a 02       		.byte	0x2
 688 014b 23       		.byte	0x23
 689 014c 04       		.uleb128 0x4
 690 014d 07       		.uleb128 0x7
 691 014e 43495200 		.ascii	"CIR\000"
 692 0152 03       		.byte	0x3
 693 0153 4704     		.2byte	0x447
 694 0155 97000000 		.4byte	0x97
 695 0159 02       		.byte	0x2
 696 015a 23       		.byte	0x23
 697 015b 08       		.uleb128 0x8
 698 015c 08       		.uleb128 0x8
 699 015d 52010000 		.4byte	.LASF18
 700 0161 03       		.byte	0x3
 701 0162 4804     		.2byte	0x448
 702 0164 97000000 		.4byte	0x97
 703 0168 02       		.byte	0x2
 704 0169 23       		.byte	0x23
 705 016a 0C       		.uleb128 0xc
 706 016b 08       		.uleb128 0x8
 707 016c 8D000000 		.4byte	.LASF19
 708 0170 03       		.byte	0x3
 709 0171 4904     		.2byte	0x449
 710 0173 97000000 		.4byte	0x97
 711 0177 02       		.byte	0x2
 712 0178 23       		.byte	0x23
 713 0179 10       		.uleb128 0x10
 714 017a 08       		.uleb128 0x8
 715 017b 63000000 		.4byte	.LASF20
 716 017f 03       		.byte	0x3
 717 0180 4A04     		.2byte	0x44a
 718 0182 97000000 		.4byte	0x97
 719 0186 02       		.byte	0x2
 720 0187 23       		.byte	0x23
 721 0188 14       		.uleb128 0x14
 722 0189 08       		.uleb128 0x8
 723 018a D6010000 		.4byte	.LASF21
 724 018e 03       		.byte	0x3
 725 018f 4B04     		.2byte	0x44b
 726 0191 97000000 		.4byte	0x97
 727 0195 02       		.byte	0x2
 728 0196 23       		.byte	0x23
 729 0197 18       		.uleb128 0x18
 730 0198 08       		.uleb128 0x8
 731 0199 4A010000 		.4byte	.LASF22
 732 019d 03       		.byte	0x3
 733 019e 4C04     		.2byte	0x44c
 734 01a0 97000000 		.4byte	0x97
 735 01a4 02       		.byte	0x2
 736 01a5 23       		.byte	0x23
 737 01a6 1C       		.uleb128 0x1c
 738 01a7 08       		.uleb128 0x8
ARM GAS  /tmp/cc0zNxEf.s 			page 14


 739 01a8 0E000000 		.4byte	.LASF23
 740 01ac 03       		.byte	0x3
 741 01ad 4D04     		.2byte	0x44d
 742 01af 97000000 		.4byte	0x97
 743 01b3 02       		.byte	0x2
 744 01b4 23       		.byte	0x23
 745 01b5 20       		.uleb128 0x20
 746 01b6 07       		.uleb128 0x7
 747 01b7 43535200 		.ascii	"CSR\000"
 748 01bb 03       		.byte	0x3
 749 01bc 4E04     		.2byte	0x44e
 750 01be 97000000 		.4byte	0x97
 751 01c2 02       		.byte	0x2
 752 01c3 23       		.byte	0x23
 753 01c4 24       		.uleb128 0x24
 754 01c5 00       		.byte	0
 755 01c6 09       		.uleb128 0x9
 756 01c7 04020000 		.4byte	.LASF24
 757 01cb 03       		.byte	0x3
 758 01cc 5904     		.2byte	0x459
 759 01ce 27010000 		.4byte	0x127
 760 01d2 0A       		.uleb128 0xa
 761 01d3 0C       		.byte	0xc
 762 01d4 04       		.byte	0x4
 763 01d5 38       		.byte	0x38
 764 01d6 05020000 		.4byte	0x205
 765 01da 0B       		.uleb128 0xb
 766 01db 6F647200 		.ascii	"odr\000"
 767 01df 04       		.byte	0x4
 768 01e0 3A       		.byte	0x3a
 769 01e1 70000000 		.4byte	0x70
 770 01e5 02       		.byte	0x2
 771 01e6 23       		.byte	0x23
 772 01e7 00       		.uleb128 0
 773 01e8 0B       		.uleb128 0xb
 774 01e9 63726C00 		.ascii	"crl\000"
 775 01ed 04       		.byte	0x4
 776 01ee 3C       		.byte	0x3c
 777 01ef 70000000 		.4byte	0x70
 778 01f3 02       		.byte	0x2
 779 01f4 23       		.byte	0x23
 780 01f5 04       		.uleb128 0x4
 781 01f6 0B       		.uleb128 0xb
 782 01f7 63726800 		.ascii	"crh\000"
 783 01fb 04       		.byte	0x4
 784 01fc 3E       		.byte	0x3e
 785 01fd 70000000 		.4byte	0x70
 786 0201 02       		.byte	0x2
 787 0202 23       		.byte	0x23
 788 0203 08       		.uleb128 0x8
 789 0204 00       		.byte	0
 790 0205 04       		.uleb128 0x4
 791 0206 E6000000 		.4byte	.LASF25
 792 020a 04       		.byte	0x4
 793 020b 3F       		.byte	0x3f
 794 020c D2010000 		.4byte	0x1d2
 795 0210 0A       		.uleb128 0xa
ARM GAS  /tmp/cc0zNxEf.s 			page 15


 796 0211 3C       		.byte	0x3c
 797 0212 04       		.byte	0x4
 798 0213 48       		.byte	0x48
 799 0214 5F020000 		.4byte	0x25f
 800 0218 0C       		.uleb128 0xc
 801 0219 F9000000 		.4byte	.LASF26
 802 021d 04       		.byte	0x4
 803 021e 4A       		.byte	0x4a
 804 021f 05020000 		.4byte	0x205
 805 0223 02       		.byte	0x2
 806 0224 23       		.byte	0x23
 807 0225 00       		.uleb128 0
 808 0226 0C       		.uleb128 0xc
 809 0227 7F010000 		.4byte	.LASF27
 810 022b 04       		.byte	0x4
 811 022c 4C       		.byte	0x4c
 812 022d 05020000 		.4byte	0x205
 813 0231 02       		.byte	0x2
 814 0232 23       		.byte	0x23
 815 0233 0C       		.uleb128 0xc
 816 0234 0C       		.uleb128 0xc
 817 0235 F2010000 		.4byte	.LASF28
 818 0239 04       		.byte	0x4
 819 023a 4E       		.byte	0x4e
 820 023b 05020000 		.4byte	0x205
 821 023f 02       		.byte	0x2
 822 0240 23       		.byte	0x23
 823 0241 18       		.uleb128 0x18
 824 0242 0C       		.uleb128 0xc
 825 0243 13000000 		.4byte	.LASF29
 826 0247 04       		.byte	0x4
 827 0248 50       		.byte	0x50
 828 0249 05020000 		.4byte	0x205
 829 024d 02       		.byte	0x2
 830 024e 23       		.byte	0x23
 831 024f 24       		.uleb128 0x24
 832 0250 0C       		.uleb128 0xc
 833 0251 96000000 		.4byte	.LASF30
 834 0255 04       		.byte	0x4
 835 0256 53       		.byte	0x53
 836 0257 05020000 		.4byte	0x205
 837 025b 02       		.byte	0x2
 838 025c 23       		.byte	0x23
 839 025d 30       		.uleb128 0x30
 840 025e 00       		.byte	0
 841 025f 04       		.uleb128 0x4
 842 0260 40010000 		.4byte	.LASF31
 843 0264 04       		.byte	0x4
 844 0265 5D       		.byte	0x5d
 845 0266 10020000 		.4byte	0x210
 846 026a 04       		.uleb128 0x4
 847 026b 77000000 		.4byte	.LASF32
 848 026f 04       		.byte	0x4
 849 0270 6D       		.byte	0x6d
 850 0271 70000000 		.4byte	0x70
 851 0275 04       		.uleb128 0x4
 852 0276 84000000 		.4byte	.LASF33
ARM GAS  /tmp/cc0zNxEf.s 			page 16


 853 027a 04       		.byte	0x4
 854 027b 72       		.byte	0x72
 855 027c 70000000 		.4byte	0x70
 856 0280 04       		.uleb128 0x4
 857 0281 F9010000 		.4byte	.LASF34
 858 0285 04       		.byte	0x4
 859 0286 7A       		.byte	0x7a
 860 0287 8B020000 		.4byte	0x28b
 861 028b 0D       		.uleb128 0xd
 862 028c 04       		.byte	0x4
 863 028d 1B010000 		.4byte	0x11b
 864 0291 0E       		.uleb128 0xe
 865 0292 01       		.byte	0x1
 866 0293 1A000000 		.4byte	.LASF35
 867 0297 01       		.byte	0x1
 868 0298 4D       		.byte	0x4d
 869 0299 01       		.byte	0x1
 870 029a 00000000 		.4byte	.LFB63
 871 029e 86000000 		.4byte	.LFE63
 872 02a2 00000000 		.4byte	.LLST0
 873 02a6 B8020000 		.4byte	0x2b8
 874 02aa 0F       		.uleb128 0xf
 875 02ab 39010000 		.4byte	.LASF37
 876 02af 01       		.byte	0x1
 877 02b0 4D       		.byte	0x4d
 878 02b1 B8020000 		.4byte	0x2b8
 879 02b5 01       		.byte	0x1
 880 02b6 50       		.byte	0x50
 881 02b7 00       		.byte	0
 882 02b8 0D       		.uleb128 0xd
 883 02b9 04       		.byte	0x4
 884 02ba BE020000 		.4byte	0x2be
 885 02be 10       		.uleb128 0x10
 886 02bf 5F020000 		.4byte	0x25f
 887 02c3 0E       		.uleb128 0xe
 888 02c4 01       		.byte	0x1
 889 02c5 5B010000 		.4byte	.LASF36
 890 02c9 01       		.byte	0x1
 891 02ca 83       		.byte	0x83
 892 02cb 01       		.byte	0x1
 893 02cc 00000000 		.4byte	.LFB64
 894 02d0 F8010000 		.4byte	.LFE64
 895 02d4 20000000 		.4byte	.LLST1
 896 02d8 6F030000 		.4byte	0x36f
 897 02dc 0F       		.uleb128 0xf
 898 02dd E3010000 		.4byte	.LASF38
 899 02e1 01       		.byte	0x1
 900 02e2 83       		.byte	0x83
 901 02e3 80020000 		.4byte	0x280
 902 02e7 01       		.byte	0x1
 903 02e8 50       		.byte	0x50
 904 02e9 11       		.uleb128 0x11
 905 02ea DE010000 		.4byte	.LASF39
 906 02ee 01       		.byte	0x1
 907 02ef 84       		.byte	0x84
 908 02f0 6A020000 		.4byte	0x26a
 909 02f4 40000000 		.4byte	.LLST2
ARM GAS  /tmp/cc0zNxEf.s 			page 17


 910 02f8 11       		.uleb128 0x11
 911 02f9 C4010000 		.4byte	.LASF40
 912 02fd 01       		.byte	0x1
 913 02fe 85       		.byte	0x85
 914 02ff 75020000 		.4byte	0x275
 915 0303 AB000000 		.4byte	.LLST3
 916 0307 12       		.uleb128 0x12
 917 0308 00010000 		.4byte	.LASF41
 918 030c 01       		.byte	0x1
 919 030d 86       		.byte	0x86
 920 030e 7F030000 		.4byte	0x37f
 921 0312 05       		.byte	0x5
 922 0313 03       		.byte	0x3
 923 0314 00000000 		.4byte	cfgtab.6079
 924 0318 13       		.uleb128 0x13
 925 0319 6D6800   		.ascii	"mh\000"
 926 031c 01       		.byte	0x1
 927 031d 9A       		.byte	0x9a
 928 031e 70000000 		.4byte	0x70
 929 0322 C9000000 		.4byte	.LLST4
 930 0326 13       		.uleb128 0x13
 931 0327 6D6C00   		.ascii	"ml\000"
 932 032a 01       		.byte	0x1
 933 032b 9A       		.byte	0x9a
 934 032c 70000000 		.4byte	0x70
 935 0330 13010000 		.4byte	.LLST5
 936 0334 13       		.uleb128 0x13
 937 0335 63726800 		.ascii	"crh\000"
 938 0339 01       		.byte	0x1
 939 033a 9A       		.byte	0x9a
 940 033b 70000000 		.4byte	0x70
 941 033f 98010000 		.4byte	.LLST6
 942 0343 13       		.uleb128 0x13
 943 0344 63726C00 		.ascii	"crl\000"
 944 0348 01       		.byte	0x1
 945 0349 9A       		.byte	0x9a
 946 034a 70000000 		.4byte	0x70
 947 034e ED010000 		.4byte	.LLST7
 948 0352 13       		.uleb128 0x13
 949 0353 63666700 		.ascii	"cfg\000"
 950 0357 01       		.byte	0x1
 951 0358 9A       		.byte	0x9a
 952 0359 70000000 		.4byte	0x70
 953 035d 72020000 		.4byte	.LLST8
 954 0361 13       		.uleb128 0x13
 955 0362 6900     		.ascii	"i\000"
 956 0364 01       		.byte	0x1
 957 0365 9B       		.byte	0x9b
 958 0366 30000000 		.4byte	0x30
 959 036a 85020000 		.4byte	.LLST9
 960 036e 00       		.byte	0
 961 036f 14       		.uleb128 0x14
 962 0370 3E000000 		.4byte	0x3e
 963 0374 7F030000 		.4byte	0x37f
 964 0378 15       		.uleb128 0x15
 965 0379 30000000 		.4byte	0x30
 966 037d 11       		.byte	0x11
ARM GAS  /tmp/cc0zNxEf.s 			page 18


 967 037e 00       		.byte	0
 968 037f 10       		.uleb128 0x10
 969 0380 6F030000 		.4byte	0x36f
 970 0384 16       		.uleb128 0x16
 971 0385 2C010000 		.4byte	.LASF42
 972 0389 05       		.byte	0x5
 973 038a 0706     		.2byte	0x607
 974 038c A3000000 		.4byte	0xa3
 975 0390 01       		.byte	0x1
 976 0391 01       		.byte	0x1
 977 0392 16       		.uleb128 0x16
 978 0393 2C010000 		.4byte	.LASF42
 979 0397 05       		.byte	0x5
 980 0398 0706     		.2byte	0x607
 981 039a A3000000 		.4byte	0xa3
 982 039e 01       		.byte	0x1
 983 039f 01       		.byte	0x1
 984 03a0 00       		.byte	0
 985              		.section	.debug_abbrev,"",%progbits
 986              	.Ldebug_abbrev0:
 987 0000 01       		.uleb128 0x1
 988 0001 11       		.uleb128 0x11
 989 0002 01       		.byte	0x1
 990 0003 25       		.uleb128 0x25
 991 0004 0E       		.uleb128 0xe
 992 0005 13       		.uleb128 0x13
 993 0006 0B       		.uleb128 0xb
 994 0007 03       		.uleb128 0x3
 995 0008 0E       		.uleb128 0xe
 996 0009 1B       		.uleb128 0x1b
 997 000a 0E       		.uleb128 0xe
 998 000b 11       		.uleb128 0x11
 999 000c 01       		.uleb128 0x1
 1000 000d 52       		.uleb128 0x52
 1001 000e 01       		.uleb128 0x1
 1002 000f 55       		.uleb128 0x55
 1003 0010 06       		.uleb128 0x6
 1004 0011 10       		.uleb128 0x10
 1005 0012 06       		.uleb128 0x6
 1006 0013 00       		.byte	0
 1007 0014 00       		.byte	0
 1008 0015 02       		.uleb128 0x2
 1009 0016 24       		.uleb128 0x24
 1010 0017 00       		.byte	0
 1011 0018 0B       		.uleb128 0xb
 1012 0019 0B       		.uleb128 0xb
 1013 001a 3E       		.uleb128 0x3e
 1014 001b 0B       		.uleb128 0xb
 1015 001c 03       		.uleb128 0x3
 1016 001d 08       		.uleb128 0x8
 1017 001e 00       		.byte	0
 1018 001f 00       		.byte	0
 1019 0020 03       		.uleb128 0x3
 1020 0021 24       		.uleb128 0x24
 1021 0022 00       		.byte	0
 1022 0023 0B       		.uleb128 0xb
 1023 0024 0B       		.uleb128 0xb
ARM GAS  /tmp/cc0zNxEf.s 			page 19


 1024 0025 3E       		.uleb128 0x3e
 1025 0026 0B       		.uleb128 0xb
 1026 0027 03       		.uleb128 0x3
 1027 0028 0E       		.uleb128 0xe
 1028 0029 00       		.byte	0
 1029 002a 00       		.byte	0
 1030 002b 04       		.uleb128 0x4
 1031 002c 16       		.uleb128 0x16
 1032 002d 00       		.byte	0
 1033 002e 03       		.uleb128 0x3
 1034 002f 0E       		.uleb128 0xe
 1035 0030 3A       		.uleb128 0x3a
 1036 0031 0B       		.uleb128 0xb
 1037 0032 3B       		.uleb128 0x3b
 1038 0033 0B       		.uleb128 0xb
 1039 0034 49       		.uleb128 0x49
 1040 0035 13       		.uleb128 0x13
 1041 0036 00       		.byte	0
 1042 0037 00       		.byte	0
 1043 0038 05       		.uleb128 0x5
 1044 0039 35       		.uleb128 0x35
 1045 003a 00       		.byte	0
 1046 003b 49       		.uleb128 0x49
 1047 003c 13       		.uleb128 0x13
 1048 003d 00       		.byte	0
 1049 003e 00       		.byte	0
 1050 003f 06       		.uleb128 0x6
 1051 0040 13       		.uleb128 0x13
 1052 0041 01       		.byte	0x1
 1053 0042 0B       		.uleb128 0xb
 1054 0043 0B       		.uleb128 0xb
 1055 0044 3A       		.uleb128 0x3a
 1056 0045 0B       		.uleb128 0xb
 1057 0046 3B       		.uleb128 0x3b
 1058 0047 05       		.uleb128 0x5
 1059 0048 01       		.uleb128 0x1
 1060 0049 13       		.uleb128 0x13
 1061 004a 00       		.byte	0
 1062 004b 00       		.byte	0
 1063 004c 07       		.uleb128 0x7
 1064 004d 0D       		.uleb128 0xd
 1065 004e 00       		.byte	0
 1066 004f 03       		.uleb128 0x3
 1067 0050 08       		.uleb128 0x8
 1068 0051 3A       		.uleb128 0x3a
 1069 0052 0B       		.uleb128 0xb
 1070 0053 3B       		.uleb128 0x3b
 1071 0054 05       		.uleb128 0x5
 1072 0055 49       		.uleb128 0x49
 1073 0056 13       		.uleb128 0x13
 1074 0057 38       		.uleb128 0x38
 1075 0058 0A       		.uleb128 0xa
 1076 0059 00       		.byte	0
 1077 005a 00       		.byte	0
 1078 005b 08       		.uleb128 0x8
 1079 005c 0D       		.uleb128 0xd
 1080 005d 00       		.byte	0
ARM GAS  /tmp/cc0zNxEf.s 			page 20


 1081 005e 03       		.uleb128 0x3
 1082 005f 0E       		.uleb128 0xe
 1083 0060 3A       		.uleb128 0x3a
 1084 0061 0B       		.uleb128 0xb
 1085 0062 3B       		.uleb128 0x3b
 1086 0063 05       		.uleb128 0x5
 1087 0064 49       		.uleb128 0x49
 1088 0065 13       		.uleb128 0x13
 1089 0066 38       		.uleb128 0x38
 1090 0067 0A       		.uleb128 0xa
 1091 0068 00       		.byte	0
 1092 0069 00       		.byte	0
 1093 006a 09       		.uleb128 0x9
 1094 006b 16       		.uleb128 0x16
 1095 006c 00       		.byte	0
 1096 006d 03       		.uleb128 0x3
 1097 006e 0E       		.uleb128 0xe
 1098 006f 3A       		.uleb128 0x3a
 1099 0070 0B       		.uleb128 0xb
 1100 0071 3B       		.uleb128 0x3b
 1101 0072 05       		.uleb128 0x5
 1102 0073 49       		.uleb128 0x49
 1103 0074 13       		.uleb128 0x13
 1104 0075 00       		.byte	0
 1105 0076 00       		.byte	0
 1106 0077 0A       		.uleb128 0xa
 1107 0078 13       		.uleb128 0x13
 1108 0079 01       		.byte	0x1
 1109 007a 0B       		.uleb128 0xb
 1110 007b 0B       		.uleb128 0xb
 1111 007c 3A       		.uleb128 0x3a
 1112 007d 0B       		.uleb128 0xb
 1113 007e 3B       		.uleb128 0x3b
 1114 007f 0B       		.uleb128 0xb
 1115 0080 01       		.uleb128 0x1
 1116 0081 13       		.uleb128 0x13
 1117 0082 00       		.byte	0
 1118 0083 00       		.byte	0
 1119 0084 0B       		.uleb128 0xb
 1120 0085 0D       		.uleb128 0xd
 1121 0086 00       		.byte	0
 1122 0087 03       		.uleb128 0x3
 1123 0088 08       		.uleb128 0x8
 1124 0089 3A       		.uleb128 0x3a
 1125 008a 0B       		.uleb128 0xb
 1126 008b 3B       		.uleb128 0x3b
 1127 008c 0B       		.uleb128 0xb
 1128 008d 49       		.uleb128 0x49
 1129 008e 13       		.uleb128 0x13
 1130 008f 38       		.uleb128 0x38
 1131 0090 0A       		.uleb128 0xa
 1132 0091 00       		.byte	0
 1133 0092 00       		.byte	0
 1134 0093 0C       		.uleb128 0xc
 1135 0094 0D       		.uleb128 0xd
 1136 0095 00       		.byte	0
 1137 0096 03       		.uleb128 0x3
ARM GAS  /tmp/cc0zNxEf.s 			page 21


 1138 0097 0E       		.uleb128 0xe
 1139 0098 3A       		.uleb128 0x3a
 1140 0099 0B       		.uleb128 0xb
 1141 009a 3B       		.uleb128 0x3b
 1142 009b 0B       		.uleb128 0xb
 1143 009c 49       		.uleb128 0x49
 1144 009d 13       		.uleb128 0x13
 1145 009e 38       		.uleb128 0x38
 1146 009f 0A       		.uleb128 0xa
 1147 00a0 00       		.byte	0
 1148 00a1 00       		.byte	0
 1149 00a2 0D       		.uleb128 0xd
 1150 00a3 0F       		.uleb128 0xf
 1151 00a4 00       		.byte	0
 1152 00a5 0B       		.uleb128 0xb
 1153 00a6 0B       		.uleb128 0xb
 1154 00a7 49       		.uleb128 0x49
 1155 00a8 13       		.uleb128 0x13
 1156 00a9 00       		.byte	0
 1157 00aa 00       		.byte	0
 1158 00ab 0E       		.uleb128 0xe
 1159 00ac 2E       		.uleb128 0x2e
 1160 00ad 01       		.byte	0x1
 1161 00ae 3F       		.uleb128 0x3f
 1162 00af 0C       		.uleb128 0xc
 1163 00b0 03       		.uleb128 0x3
 1164 00b1 0E       		.uleb128 0xe
 1165 00b2 3A       		.uleb128 0x3a
 1166 00b3 0B       		.uleb128 0xb
 1167 00b4 3B       		.uleb128 0x3b
 1168 00b5 0B       		.uleb128 0xb
 1169 00b6 27       		.uleb128 0x27
 1170 00b7 0C       		.uleb128 0xc
 1171 00b8 11       		.uleb128 0x11
 1172 00b9 01       		.uleb128 0x1
 1173 00ba 12       		.uleb128 0x12
 1174 00bb 01       		.uleb128 0x1
 1175 00bc 40       		.uleb128 0x40
 1176 00bd 06       		.uleb128 0x6
 1177 00be 01       		.uleb128 0x1
 1178 00bf 13       		.uleb128 0x13
 1179 00c0 00       		.byte	0
 1180 00c1 00       		.byte	0
 1181 00c2 0F       		.uleb128 0xf
 1182 00c3 05       		.uleb128 0x5
 1183 00c4 00       		.byte	0
 1184 00c5 03       		.uleb128 0x3
 1185 00c6 0E       		.uleb128 0xe
 1186 00c7 3A       		.uleb128 0x3a
 1187 00c8 0B       		.uleb128 0xb
 1188 00c9 3B       		.uleb128 0x3b
 1189 00ca 0B       		.uleb128 0xb
 1190 00cb 49       		.uleb128 0x49
 1191 00cc 13       		.uleb128 0x13
 1192 00cd 02       		.uleb128 0x2
 1193 00ce 0A       		.uleb128 0xa
 1194 00cf 00       		.byte	0
ARM GAS  /tmp/cc0zNxEf.s 			page 22


 1195 00d0 00       		.byte	0
 1196 00d1 10       		.uleb128 0x10
 1197 00d2 26       		.uleb128 0x26
 1198 00d3 00       		.byte	0
 1199 00d4 49       		.uleb128 0x49
 1200 00d5 13       		.uleb128 0x13
 1201 00d6 00       		.byte	0
 1202 00d7 00       		.byte	0
 1203 00d8 11       		.uleb128 0x11
 1204 00d9 05       		.uleb128 0x5
 1205 00da 00       		.byte	0
 1206 00db 03       		.uleb128 0x3
 1207 00dc 0E       		.uleb128 0xe
 1208 00dd 3A       		.uleb128 0x3a
 1209 00de 0B       		.uleb128 0xb
 1210 00df 3B       		.uleb128 0x3b
 1211 00e0 0B       		.uleb128 0xb
 1212 00e1 49       		.uleb128 0x49
 1213 00e2 13       		.uleb128 0x13
 1214 00e3 02       		.uleb128 0x2
 1215 00e4 06       		.uleb128 0x6
 1216 00e5 00       		.byte	0
 1217 00e6 00       		.byte	0
 1218 00e7 12       		.uleb128 0x12
 1219 00e8 34       		.uleb128 0x34
 1220 00e9 00       		.byte	0
 1221 00ea 03       		.uleb128 0x3
 1222 00eb 0E       		.uleb128 0xe
 1223 00ec 3A       		.uleb128 0x3a
 1224 00ed 0B       		.uleb128 0xb
 1225 00ee 3B       		.uleb128 0x3b
 1226 00ef 0B       		.uleb128 0xb
 1227 00f0 49       		.uleb128 0x49
 1228 00f1 13       		.uleb128 0x13
 1229 00f2 02       		.uleb128 0x2
 1230 00f3 0A       		.uleb128 0xa
 1231 00f4 00       		.byte	0
 1232 00f5 00       		.byte	0
 1233 00f6 13       		.uleb128 0x13
 1234 00f7 34       		.uleb128 0x34
 1235 00f8 00       		.byte	0
 1236 00f9 03       		.uleb128 0x3
 1237 00fa 08       		.uleb128 0x8
 1238 00fb 3A       		.uleb128 0x3a
 1239 00fc 0B       		.uleb128 0xb
 1240 00fd 3B       		.uleb128 0x3b
 1241 00fe 0B       		.uleb128 0xb
 1242 00ff 49       		.uleb128 0x49
 1243 0100 13       		.uleb128 0x13
 1244 0101 02       		.uleb128 0x2
 1245 0102 06       		.uleb128 0x6
 1246 0103 00       		.byte	0
 1247 0104 00       		.byte	0
 1248 0105 14       		.uleb128 0x14
 1249 0106 01       		.uleb128 0x1
 1250 0107 01       		.byte	0x1
 1251 0108 49       		.uleb128 0x49
ARM GAS  /tmp/cc0zNxEf.s 			page 23


 1252 0109 13       		.uleb128 0x13
 1253 010a 01       		.uleb128 0x1
 1254 010b 13       		.uleb128 0x13
 1255 010c 00       		.byte	0
 1256 010d 00       		.byte	0
 1257 010e 15       		.uleb128 0x15
 1258 010f 21       		.uleb128 0x21
 1259 0110 00       		.byte	0
 1260 0111 49       		.uleb128 0x49
 1261 0112 13       		.uleb128 0x13
 1262 0113 2F       		.uleb128 0x2f
 1263 0114 0B       		.uleb128 0xb
 1264 0115 00       		.byte	0
 1265 0116 00       		.byte	0
 1266 0117 16       		.uleb128 0x16
 1267 0118 34       		.uleb128 0x34
 1268 0119 00       		.byte	0
 1269 011a 03       		.uleb128 0x3
 1270 011b 0E       		.uleb128 0xe
 1271 011c 3A       		.uleb128 0x3a
 1272 011d 0B       		.uleb128 0xb
 1273 011e 3B       		.uleb128 0x3b
 1274 011f 05       		.uleb128 0x5
 1275 0120 49       		.uleb128 0x49
 1276 0121 13       		.uleb128 0x13
 1277 0122 3F       		.uleb128 0x3f
 1278 0123 0C       		.uleb128 0xc
 1279 0124 3C       		.uleb128 0x3c
 1280 0125 0C       		.uleb128 0xc
 1281 0126 00       		.byte	0
 1282 0127 00       		.byte	0
 1283 0128 00       		.byte	0
 1284              		.section	.debug_loc,"",%progbits
 1285              	.Ldebug_loc0:
 1286              	.LLST0:
 1287 0000 00000000 		.4byte	.LFB63
 1288 0004 02000000 		.4byte	.LCFI0
 1289 0008 0200     		.2byte	0x2
 1290 000a 7D       		.byte	0x7d
 1291 000b 00       		.sleb128 0
 1292 000c 02000000 		.4byte	.LCFI0
 1293 0010 86000000 		.4byte	.LFE63
 1294 0014 0200     		.2byte	0x2
 1295 0016 7D       		.byte	0x7d
 1296 0017 04       		.sleb128 4
 1297 0018 00000000 		.4byte	0
 1298 001c 00000000 		.4byte	0
 1299              	.LLST1:
 1300 0020 00000000 		.4byte	.LFB64
 1301 0024 06000000 		.4byte	.LCFI1
 1302 0028 0200     		.2byte	0x2
 1303 002a 7D       		.byte	0x7d
 1304 002b 00       		.sleb128 0
 1305 002c 06000000 		.4byte	.LCFI1
 1306 0030 F8010000 		.4byte	.LFE64
 1307 0034 0200     		.2byte	0x2
 1308 0036 7D       		.byte	0x7d
ARM GAS  /tmp/cc0zNxEf.s 			page 24


 1309 0037 1C       		.sleb128 28
 1310 0038 00000000 		.4byte	0
 1311 003c 00000000 		.4byte	0
 1312              	.LLST2:
 1313 0040 00000000 		.4byte	.LVL1
 1314 0044 30000000 		.4byte	.LVL4
 1315 0048 0100     		.2byte	0x1
 1316 004a 51       		.byte	0x51
 1317 004b 30000000 		.4byte	.LVL4
 1318 004f 62000000 		.4byte	.LVL8
 1319 0053 0100     		.2byte	0x1
 1320 0055 57       		.byte	0x57
 1321 0056 72000000 		.4byte	.LVL9
 1322 005a A0000000 		.4byte	.LVL14
 1323 005e 0100     		.2byte	0x1
 1324 0060 57       		.byte	0x57
 1325 0061 B0000000 		.4byte	.LVL15
 1326 0065 DE000000 		.4byte	.LVL20
 1327 0069 0100     		.2byte	0x1
 1328 006b 57       		.byte	0x57
 1329 006c EE000000 		.4byte	.LVL21
 1330 0070 1C010000 		.4byte	.LVL26
 1331 0074 0100     		.2byte	0x1
 1332 0076 57       		.byte	0x57
 1333 0077 2C010000 		.4byte	.LVL27
 1334 007b 5A010000 		.4byte	.LVL32
 1335 007f 0100     		.2byte	0x1
 1336 0081 57       		.byte	0x57
 1337 0082 6A010000 		.4byte	.LVL33
 1338 0086 A2010000 		.4byte	.LVL38
 1339 008a 0100     		.2byte	0x1
 1340 008c 57       		.byte	0x57
 1341 008d AA010000 		.4byte	.LVL41
 1342 0091 BE010000 		.4byte	.LVL45
 1343 0095 0100     		.2byte	0x1
 1344 0097 51       		.byte	0x51
 1345 0098 F0010000 		.4byte	.LVL51
 1346 009c F8010000 		.4byte	.LFE64
 1347 00a0 0100     		.2byte	0x1
 1348 00a2 51       		.byte	0x51
 1349 00a3 00000000 		.4byte	0
 1350 00a7 00000000 		.4byte	0
 1351              	.LLST3:
 1352 00ab 00000000 		.4byte	.LVL1
 1353 00af 1E000000 		.4byte	.LVL3
 1354 00b3 0100     		.2byte	0x1
 1355 00b5 52       		.byte	0x52
 1356 00b6 F0010000 		.4byte	.LVL51
 1357 00ba F8010000 		.4byte	.LFE64
 1358 00be 0100     		.2byte	0x1
 1359 00c0 52       		.byte	0x52
 1360 00c1 00000000 		.4byte	0
 1361 00c5 00000000 		.4byte	0
 1362              	.LLST4:
 1363 00c9 72000000 		.4byte	.LVL9
 1364 00cd 8A000000 		.4byte	.LVL12
 1365 00d1 0100     		.2byte	0x1
ARM GAS  /tmp/cc0zNxEf.s 			page 25


 1366 00d3 54       		.byte	0x54
 1367 00d4 B0000000 		.4byte	.LVL15
 1368 00d8 C8000000 		.4byte	.LVL18
 1369 00dc 0100     		.2byte	0x1
 1370 00de 54       		.byte	0x54
 1371 00df EE000000 		.4byte	.LVL21
 1372 00e3 06010000 		.4byte	.LVL24
 1373 00e7 0100     		.2byte	0x1
 1374 00e9 54       		.byte	0x54
 1375 00ea 2C010000 		.4byte	.LVL27
 1376 00ee 44010000 		.4byte	.LVL30
 1377 00f2 0100     		.2byte	0x1
 1378 00f4 54       		.byte	0x54
 1379 00f5 6A010000 		.4byte	.LVL33
 1380 00f9 82010000 		.4byte	.LVL36
 1381 00fd 0100     		.2byte	0x1
 1382 00ff 54       		.byte	0x54
 1383 0100 A6010000 		.4byte	.LVL39
 1384 0104 A8010000 		.4byte	.LVL40
 1385 0108 0100     		.2byte	0x1
 1386 010a 54       		.byte	0x54
 1387 010b 00000000 		.4byte	0
 1388 010f 00000000 		.4byte	0
 1389              	.LLST5:
 1390 0113 30000000 		.4byte	.LVL4
 1391 0117 34000000 		.4byte	.LVL5
 1392 011b 0100     		.2byte	0x1
 1393 011d 55       		.byte	0x55
 1394 011e 72000000 		.4byte	.LVL9
 1395 0122 78000000 		.4byte	.LVL10
 1396 0126 0100     		.2byte	0x1
 1397 0128 56       		.byte	0x56
 1398 0129 B0000000 		.4byte	.LVL15
 1399 012d B6000000 		.4byte	.LVL16
 1400 0131 0100     		.2byte	0x1
 1401 0133 56       		.byte	0x56
 1402 0134 EE000000 		.4byte	.LVL21
 1403 0138 F4000000 		.4byte	.LVL22
 1404 013c 0100     		.2byte	0x1
 1405 013e 56       		.byte	0x56
 1406 013f 2C010000 		.4byte	.LVL27
 1407 0143 32010000 		.4byte	.LVL28
 1408 0147 0100     		.2byte	0x1
 1409 0149 56       		.byte	0x56
 1410 014a 6A010000 		.4byte	.LVL33
 1411 014e 70010000 		.4byte	.LVL34
 1412 0152 0100     		.2byte	0x1
 1413 0154 56       		.byte	0x56
 1414 0155 AA010000 		.4byte	.LVL41
 1415 0159 B2010000 		.4byte	.LVL43
 1416 015d 0100     		.2byte	0x1
 1417 015f 56       		.byte	0x56
 1418 0160 DA010000 		.4byte	.LVL47
 1419 0164 E0010000 		.4byte	.LVL48
 1420 0168 0E00     		.2byte	0xe
 1421 016a 78       		.byte	0x78
 1422 016b 00       		.sleb128 0
ARM GAS  /tmp/cc0zNxEf.s 			page 26


 1423 016c 76       		.byte	0x76
 1424 016d 00       		.sleb128 0
 1425 016e 77       		.byte	0x77
 1426 016f 00       		.sleb128 0
 1427 0170 30       		.byte	0x30
 1428 0171 29       		.byte	0x29
 1429 0172 28       		.byte	0x28
 1430 0173 0100     		.2byte	0x1
 1431 0175 16       		.byte	0x16
 1432 0176 13       		.byte	0x13
 1433 0177 9F       		.byte	0x9f
 1434 0178 EC010000 		.4byte	.LVL49
 1435 017c F0010000 		.4byte	.LVL51
 1436 0180 0E00     		.2byte	0xe
 1437 0182 78       		.byte	0x78
 1438 0183 00       		.sleb128 0
 1439 0184 76       		.byte	0x76
 1440 0185 00       		.sleb128 0
 1441 0186 77       		.byte	0x77
 1442 0187 00       		.sleb128 0
 1443 0188 30       		.byte	0x30
 1444 0189 29       		.byte	0x29
 1445 018a 28       		.byte	0x28
 1446 018b 0100     		.2byte	0x1
 1447 018d 16       		.byte	0x16
 1448 018e 13       		.byte	0x13
 1449 018f 9F       		.byte	0x9f
 1450 0190 00000000 		.4byte	0
 1451 0194 00000000 		.4byte	0
 1452              	.LLST6:
 1453 0198 30000000 		.4byte	.LVL4
 1454 019c 4C000000 		.4byte	.LVL7
 1455 01a0 0100     		.2byte	0x1
 1456 01a2 52       		.byte	0x52
 1457 01a3 72000000 		.4byte	.LVL9
 1458 01a7 8E000000 		.4byte	.LVL13
 1459 01ab 0100     		.2byte	0x1
 1460 01ad 52       		.byte	0x52
 1461 01ae B0000000 		.4byte	.LVL15
 1462 01b2 CC000000 		.4byte	.LVL19
 1463 01b6 0100     		.2byte	0x1
 1464 01b8 52       		.byte	0x52
 1465 01b9 EE000000 		.4byte	.LVL21
 1466 01bd 0A010000 		.4byte	.LVL25
 1467 01c1 0100     		.2byte	0x1
 1468 01c3 52       		.byte	0x52
 1469 01c4 2C010000 		.4byte	.LVL27
 1470 01c8 48010000 		.4byte	.LVL31
 1471 01cc 0100     		.2byte	0x1
 1472 01ce 52       		.byte	0x52
 1473 01cf 6A010000 		.4byte	.LVL33
 1474 01d3 92010000 		.4byte	.LVL37
 1475 01d7 0100     		.2byte	0x1
 1476 01d9 52       		.byte	0x52
 1477 01da A6010000 		.4byte	.LVL39
 1478 01de AC010000 		.4byte	.LVL42
 1479 01e2 0100     		.2byte	0x1
ARM GAS  /tmp/cc0zNxEf.s 			page 27


 1480 01e4 52       		.byte	0x52
 1481 01e5 00000000 		.4byte	0
 1482 01e9 00000000 		.4byte	0
 1483              	.LLST7:
 1484 01ed 30000000 		.4byte	.LVL4
 1485 01f1 46000000 		.4byte	.LVL6
 1486 01f5 0100     		.2byte	0x1
 1487 01f7 54       		.byte	0x54
 1488 01f8 72000000 		.4byte	.LVL9
 1489 01fc 7A000000 		.4byte	.LVL11
 1490 0200 0100     		.2byte	0x1
 1491 0202 55       		.byte	0x55
 1492 0203 B0000000 		.4byte	.LVL15
 1493 0207 B8000000 		.4byte	.LVL17
 1494 020b 0100     		.2byte	0x1
 1495 020d 55       		.byte	0x55
 1496 020e EE000000 		.4byte	.LVL21
 1497 0212 F6000000 		.4byte	.LVL23
 1498 0216 0100     		.2byte	0x1
 1499 0218 55       		.byte	0x55
 1500 0219 2C010000 		.4byte	.LVL27
 1501 021d 34010000 		.4byte	.LVL29
 1502 0221 0100     		.2byte	0x1
 1503 0223 55       		.byte	0x55
 1504 0224 6A010000 		.4byte	.LVL33
 1505 0228 72010000 		.4byte	.LVL35
 1506 022c 0100     		.2byte	0x1
 1507 022e 55       		.byte	0x55
 1508 022f AA010000 		.4byte	.LVL41
 1509 0233 B4010000 		.4byte	.LVL44
 1510 0237 0100     		.2byte	0x1
 1511 0239 55       		.byte	0x55
 1512 023a DA010000 		.4byte	.LVL47
 1513 023e E0010000 		.4byte	.LVL48
 1514 0242 0E00     		.2byte	0xe
 1515 0244 75       		.byte	0x75
 1516 0245 00       		.sleb128 0
 1517 0246 7C       		.byte	0x7c
 1518 0247 00       		.sleb128 0
 1519 0248 77       		.byte	0x77
 1520 0249 00       		.sleb128 0
 1521 024a 30       		.byte	0x30
 1522 024b 29       		.byte	0x29
 1523 024c 28       		.byte	0x28
 1524 024d 0100     		.2byte	0x1
 1525 024f 16       		.byte	0x16
 1526 0250 13       		.byte	0x13
 1527 0251 9F       		.byte	0x9f
 1528 0252 EC010000 		.4byte	.LVL49
 1529 0256 EE010000 		.4byte	.LVL50
 1530 025a 0E00     		.2byte	0xe
 1531 025c 75       		.byte	0x75
 1532 025d 00       		.sleb128 0
 1533 025e 7C       		.byte	0x7c
 1534 025f 00       		.sleb128 0
 1535 0260 77       		.byte	0x77
 1536 0261 00       		.sleb128 0
ARM GAS  /tmp/cc0zNxEf.s 			page 28


 1537 0262 30       		.byte	0x30
 1538 0263 29       		.byte	0x29
 1539 0264 28       		.byte	0x28
 1540 0265 0100     		.2byte	0x1
 1541 0267 16       		.byte	0x16
 1542 0268 13       		.byte	0x13
 1543 0269 9F       		.byte	0x9f
 1544 026a 00000000 		.4byte	0
 1545 026e 00000000 		.4byte	0
 1546              	.LLST8:
 1547 0272 18000000 		.4byte	.LVL2
 1548 0276 CA010000 		.4byte	.LVL46
 1549 027a 0100     		.2byte	0x1
 1550 027c 53       		.byte	0x53
 1551 027d 00000000 		.4byte	0
 1552 0281 00000000 		.4byte	0
 1553              	.LLST9:
 1554 0285 18000000 		.4byte	.LVL2
 1555 0289 30000000 		.4byte	.LVL4
 1556 028d 0200     		.2byte	0x2
 1557 028f 30       		.byte	0x30
 1558 0290 9F       		.byte	0x9f
 1559 0291 00000000 		.4byte	0
 1560 0295 00000000 		.4byte	0
 1561              		.section	.debug_aranges,"",%progbits
 1562 0000 24000000 		.4byte	0x24
 1563 0004 0200     		.2byte	0x2
 1564 0006 00000000 		.4byte	.Ldebug_info0
 1565 000a 04       		.byte	0x4
 1566 000b 00       		.byte	0
 1567 000c 0000     		.2byte	0
 1568 000e 0000     		.2byte	0
 1569 0010 00000000 		.4byte	.LFB63
 1570 0014 86000000 		.4byte	.LFE63-.LFB63
 1571 0018 00000000 		.4byte	.LFB64
 1572 001c F8010000 		.4byte	.LFE64-.LFB64
 1573 0020 00000000 		.4byte	0
 1574 0024 00000000 		.4byte	0
 1575              		.section	.debug_ranges,"",%progbits
 1576              	.Ldebug_ranges0:
 1577 0000 00000000 		.4byte	.LFB63
 1578 0004 86000000 		.4byte	.LFE63
 1579 0008 00000000 		.4byte	.LFB64
 1580 000c F8010000 		.4byte	.LFE64
 1581 0010 00000000 		.4byte	0
 1582 0014 00000000 		.4byte	0
 1583              		.section	.debug_line,"",%progbits
 1584              	.Ldebug_line0:
 1585 0000 4B020000 		.section	.debug_str,"MS",%progbits,1
 1585      02006201 
 1585      00000201 
 1585      FB0E0D00 
 1585      01010101 
 1586              	.LASF10:
 1587 0000 6C6F6E67 		.ascii	"long long int\000"
 1587      206C6F6E 
 1587      6720696E 
ARM GAS  /tmp/cc0zNxEf.s 			page 29


 1587      7400
 1588              	.LASF23:
 1589 000e 42444352 		.ascii	"BDCR\000"
 1589      00
 1590              	.LASF29:
 1591 0013 50444461 		.ascii	"PDData\000"
 1591      746100
 1592              	.LASF35:
 1593 001a 5F70616C 		.ascii	"_pal_lld_init\000"
 1593      5F6C6C64 
 1593      5F696E69 
 1593      7400
 1594              	.LASF44:
 1595 0028 2E2E2F2E 		.ascii	"../../ChibiOS/os/hal/platforms/STM32/GPIOv1/pal_lld"
 1595      2E2F4368 
 1595      6962694F 
 1595      532F6F73 
 1595      2F68616C 
 1596 005b 2E6300   		.ascii	".c\000"
 1597              	.LASF14:
 1598 005e 42535252 		.ascii	"BSRR\000"
 1598      00
 1599              	.LASF20:
 1600 0063 41484245 		.ascii	"AHBENR\000"
 1600      4E5200
 1601              	.LASF0:
 1602 006a 756E7369 		.ascii	"unsigned int\000"
 1602      676E6564 
 1602      20696E74 
 1602      00
 1603              	.LASF32:
 1604 0077 696F706F 		.ascii	"ioportmask_t\000"
 1604      72746D61 
 1604      736B5F74 
 1604      00
 1605              	.LASF33:
 1606 0084 696F6D6F 		.ascii	"iomode_t\000"
 1606      64655F74 
 1606      00
 1607              	.LASF19:
 1608 008d 41504231 		.ascii	"APB1RSTR\000"
 1608      52535452 
 1608      00
 1609              	.LASF30:
 1610 0096 50454461 		.ascii	"PEData\000"
 1610      746100
 1611              	.LASF43:
 1612 009d 474E5520 		.ascii	"GNU C 4.6.2 20120613 (release) [ARM/embedded-4_6-br"
 1612      4320342E 
 1612      362E3220 
 1612      32303132 
 1612      30363133 
 1613 00d0 616E6368 		.ascii	"anch revision 188521]\000"
 1613      20726576 
 1613      6973696F 
 1613      6E203138 
 1613      38353231 
ARM GAS  /tmp/cc0zNxEf.s 			page 30


 1614              	.LASF25:
 1615 00e6 73746D33 		.ascii	"stm32_gpio_setup_t\000"
 1615      325F6770 
 1615      696F5F73 
 1615      65747570 
 1615      5F7400
 1616              	.LASF26:
 1617 00f9 50414461 		.ascii	"PAData\000"
 1617      746100
 1618              	.LASF41:
 1619 0100 63666774 		.ascii	"cfgtab\000"
 1619      616200
 1620              	.LASF9:
 1621 0107 6C6F6E67 		.ascii	"long unsigned int\000"
 1621      20756E73 
 1621      69676E65 
 1621      6420696E 
 1621      7400
 1622              	.LASF4:
 1623 0119 73686F72 		.ascii	"short unsigned int\000"
 1623      7420756E 
 1623      7369676E 
 1623      65642069 
 1623      6E7400
 1624              	.LASF42:
 1625 012c 49544D5F 		.ascii	"ITM_RxBuffer\000"
 1625      52784275 
 1625      66666572 
 1625      00
 1626              	.LASF37:
 1627 0139 636F6E66 		.ascii	"config\000"
 1627      696700
 1628              	.LASF31:
 1629 0140 50414C43 		.ascii	"PALConfig\000"
 1629      6F6E6669 
 1629      6700
 1630              	.LASF22:
 1631 014a 41504231 		.ascii	"APB1ENR\000"
 1631      454E5200 
 1632              	.LASF18:
 1633 0152 41504232 		.ascii	"APB2RSTR\000"
 1633      52535452 
 1633      00
 1634              	.LASF36:
 1635 015b 5F70616C 		.ascii	"_pal_lld_setgroupmode\000"
 1635      5F6C6C64 
 1635      5F736574 
 1635      67726F75 
 1635      706D6F64 
 1636              	.LASF2:
 1637 0171 756E7369 		.ascii	"unsigned char\000"
 1637      676E6564 
 1637      20636861 
 1637      7200
 1638              	.LASF27:
 1639 017f 50424461 		.ascii	"PBData\000"
 1639      746100
ARM GAS  /tmp/cc0zNxEf.s 			page 31


 1640              	.LASF13:
 1641 0186 63686172 		.ascii	"char\000"
 1641      00
 1642              	.LASF5:
 1643 018b 75696E74 		.ascii	"uint8_t\000"
 1643      385F7400 
 1644              	.LASF45:
 1645 0193 2F686F6D 		.ascii	"/home/tino/workspace/openrobots/R2P_IR_module/fw\000"
 1645      652F7469 
 1645      6E6F2F77 
 1645      6F726B73 
 1645      70616365 
 1646              	.LASF40:
 1647 01c4 6D6F6465 		.ascii	"mode\000"
 1647      00
 1648              	.LASF17:
 1649 01c9 43464752 		.ascii	"CFGR\000"
 1649      00
 1650              	.LASF6:
 1651 01ce 696E7433 		.ascii	"int32_t\000"
 1651      325F7400 
 1652              	.LASF21:
 1653 01d6 41504232 		.ascii	"APB2ENR\000"
 1653      454E5200 
 1654              	.LASF39:
 1655 01de 6D61736B 		.ascii	"mask\000"
 1655      00
 1656              	.LASF38:
 1657 01e3 706F7274 		.ascii	"port\000"
 1657      00
 1658              	.LASF3:
 1659 01e8 73686F72 		.ascii	"short int\000"
 1659      7420696E 
 1659      7400
 1660              	.LASF28:
 1661 01f2 50434461 		.ascii	"PCData\000"
 1661      746100
 1662              	.LASF34:
 1663 01f9 696F706F 		.ascii	"ioportid_t\000"
 1663      72746964 
 1663      5F7400
 1664              	.LASF24:
 1665 0204 5243435F 		.ascii	"RCC_TypeDef\000"
 1665      54797065 
 1665      44656600 
 1666              	.LASF8:
 1667 0210 75696E74 		.ascii	"uint32_t\000"
 1667      33325F74 
 1667      00
 1668              	.LASF7:
 1669 0219 6C6F6E67 		.ascii	"long int\000"
 1669      20696E74 
 1669      00
 1670              	.LASF16:
 1671 0222 4750494F 		.ascii	"GPIO_TypeDef\000"
 1671      5F547970 
 1671      65446566 
ARM GAS  /tmp/cc0zNxEf.s 			page 32


 1671      00
 1672              	.LASF1:
 1673 022f 7369676E 		.ascii	"signed char\000"
 1673      65642063 
 1673      68617200 
 1674              	.LASF12:
 1675 023b 5F426F6F 		.ascii	"_Bool\000"
 1675      6C00
 1676              	.LASF11:
 1677 0241 6C6F6E67 		.ascii	"long long unsigned int\000"
 1677      206C6F6E 
 1677      6720756E 
 1677      7369676E 
 1677      65642069 
 1678              	.LASF15:
 1679 0258 4C434B52 		.ascii	"LCKR\000"
 1679      00
 1680              		.ident	"GCC: (GNU Tools for ARM Embedded Processors) 4.6.2 20120613 (release) [ARM/embedded-4_6-br
ARM GAS  /tmp/cc0zNxEf.s 			page 33


DEFINED SYMBOLS
                            *ABS*:00000000 pal_lld.c
     /tmp/cc0zNxEf.s:19     .text._pal_lld_init:00000000 $t
     /tmp/cc0zNxEf.s:25     .text._pal_lld_init:00000000 _pal_lld_init
     /tmp/cc0zNxEf.s:124    .text._pal_lld_setgroupmode:00000000 $t
     /tmp/cc0zNxEf.s:130    .text._pal_lld_setgroupmode:00000000 _pal_lld_setgroupmode
     /tmp/cc0zNxEf.s:486    .text._pal_lld_setgroupmode:000001f4 $d
     /tmp/cc0zNxEf.s:491    .rodata.cfgtab.6079:00000000 $d
     /tmp/cc0zNxEf.s:495    .rodata.cfgtab.6079:00000000 cfgtab.6079
                     .debug_frame:00000010 $d
     /tmp/cc0zNxEf.s:490    .text._pal_lld_setgroupmode:000001f8 $t

NO UNDEFINED SYMBOLS
