ARM GAS  /tmp/ccDF6FYK.s 			page 1


   1              		.syntax unified
   2              		.cpu cortex-m3
   3              		.fpu softvfp
   4              		.eabi_attribute 20, 1
   5              		.eabi_attribute 21, 1
   6              		.eabi_attribute 23, 3
   7              		.eabi_attribute 24, 1
   8              		.eabi_attribute 25, 1
   9              		.eabi_attribute 26, 1
  10              		.eabi_attribute 30, 2
  11              		.eabi_attribute 34, 1
  12              		.eabi_attribute 18, 4
  13              		.thumb
  14              		.file	"usb.c"
  15              		.text
  16              	.Ltext0:
  17              		.cfi_sections	.debug_frame
  18              	.Letext0:
  19              		.file 1 "../../ChibiOS/os/ports/common/ARMCMx/CMSIS/include/core_cm3.h"
  20              		.file 2 "/home/tino/ChibiStudio/tools/GNU Tools ARM Embedded/4.6 2012q2/bin/../lib/gcc/arm-none-ea
  21              		.section	.debug_info,"",%progbits
  22              	.Ldebug_info0:
  23 0000 A2000000 		.4byte	0xa2
  24 0004 0200     		.2byte	0x2
  25 0006 00000000 		.4byte	.Ldebug_abbrev0
  26 000a 04       		.byte	0x4
  27 000b 01       		.uleb128 0x1
  28 000c 2E000000 		.4byte	.LASF12
  29 0010 01       		.byte	0x1
  30 0011 DF000000 		.4byte	.LASF13
  31 0015 89000000 		.4byte	.LASF14
  32 0019 00000000 		.4byte	.Ltext0
  33 001d 00000000 		.4byte	.Letext0
  34 0021 00000000 		.4byte	.Ldebug_line0
  35 0025 02       		.uleb128 0x2
  36 0026 01       		.byte	0x1
  37 0027 06       		.byte	0x6
  38 0028 1F010000 		.4byte	.LASF0
  39 002c 02       		.uleb128 0x2
  40 002d 01       		.byte	0x1
  41 002e 08       		.byte	0x8
  42 002f D1000000 		.4byte	.LASF1
  43 0033 02       		.uleb128 0x2
  44 0034 02       		.byte	0x2
  45 0035 05       		.byte	0x5
  46 0036 2B010000 		.4byte	.LASF2
  47 003a 02       		.uleb128 0x2
  48 003b 02       		.byte	0x2
  49 003c 07       		.byte	0x7
  50 003d 0E000000 		.4byte	.LASF3
  51 0041 03       		.uleb128 0x3
  52 0042 04       		.byte	0x4
  53 0043 05       		.byte	0x5
  54 0044 696E7400 		.ascii	"int\000"
  55 0048 02       		.uleb128 0x2
  56 0049 04       		.byte	0x4
  57 004a 07       		.byte	0x7
ARM GAS  /tmp/ccDF6FYK.s 			page 2


  58 004b 21000000 		.4byte	.LASF4
  59 004f 02       		.uleb128 0x2
  60 0050 08       		.byte	0x8
  61 0051 05       		.byte	0x5
  62 0052 00000000 		.4byte	.LASF5
  63 0056 02       		.uleb128 0x2
  64 0057 08       		.byte	0x8
  65 0058 07       		.byte	0x7
  66 0059 BA000000 		.4byte	.LASF6
  67 005d 02       		.uleb128 0x2
  68 005e 04       		.byte	0x4
  69 005f 05       		.byte	0x5
  70 0060 03010000 		.4byte	.LASF7
  71 0064 02       		.uleb128 0x2
  72 0065 04       		.byte	0x4
  73 0066 07       		.byte	0x7
  74 0067 77000000 		.4byte	.LASF8
  75 006b 02       		.uleb128 0x2
  76 006c 01       		.byte	0x1
  77 006d 08       		.byte	0x8
  78 006e FE000000 		.4byte	.LASF9
  79 0072 04       		.uleb128 0x4
  80 0073 35010000 		.4byte	.LASF15
  81 0077 02       		.byte	0x2
  82 0078 4F       		.byte	0x4f
  83 0079 5D000000 		.4byte	0x5d
  84 007d 02       		.uleb128 0x2
  85 007e 01       		.byte	0x1
  86 007f 02       		.byte	0x2
  87 0080 0C010000 		.4byte	.LASF10
  88 0084 05       		.uleb128 0x5
  89 0085 72000000 		.4byte	0x72
  90 0089 06       		.uleb128 0x6
  91 008a 12010000 		.4byte	.LASF11
  92 008e 01       		.byte	0x1
  93 008f 0706     		.2byte	0x607
  94 0091 84000000 		.4byte	0x84
  95 0095 01       		.byte	0x1
  96 0096 01       		.byte	0x1
  97 0097 06       		.uleb128 0x6
  98 0098 12010000 		.4byte	.LASF11
  99 009c 01       		.byte	0x1
 100 009d 0706     		.2byte	0x607
 101 009f 84000000 		.4byte	0x84
 102 00a3 01       		.byte	0x1
 103 00a4 01       		.byte	0x1
 104 00a5 00       		.byte	0
 105              		.section	.debug_abbrev,"",%progbits
 106              	.Ldebug_abbrev0:
 107 0000 01       		.uleb128 0x1
 108 0001 11       		.uleb128 0x11
 109 0002 01       		.byte	0x1
 110 0003 25       		.uleb128 0x25
 111 0004 0E       		.uleb128 0xe
 112 0005 13       		.uleb128 0x13
 113 0006 0B       		.uleb128 0xb
 114 0007 03       		.uleb128 0x3
ARM GAS  /tmp/ccDF6FYK.s 			page 3


 115 0008 0E       		.uleb128 0xe
 116 0009 1B       		.uleb128 0x1b
 117 000a 0E       		.uleb128 0xe
 118 000b 11       		.uleb128 0x11
 119 000c 01       		.uleb128 0x1
 120 000d 12       		.uleb128 0x12
 121 000e 01       		.uleb128 0x1
 122 000f 10       		.uleb128 0x10
 123 0010 06       		.uleb128 0x6
 124 0011 00       		.byte	0
 125 0012 00       		.byte	0
 126 0013 02       		.uleb128 0x2
 127 0014 24       		.uleb128 0x24
 128 0015 00       		.byte	0
 129 0016 0B       		.uleb128 0xb
 130 0017 0B       		.uleb128 0xb
 131 0018 3E       		.uleb128 0x3e
 132 0019 0B       		.uleb128 0xb
 133 001a 03       		.uleb128 0x3
 134 001b 0E       		.uleb128 0xe
 135 001c 00       		.byte	0
 136 001d 00       		.byte	0
 137 001e 03       		.uleb128 0x3
 138 001f 24       		.uleb128 0x24
 139 0020 00       		.byte	0
 140 0021 0B       		.uleb128 0xb
 141 0022 0B       		.uleb128 0xb
 142 0023 3E       		.uleb128 0x3e
 143 0024 0B       		.uleb128 0xb
 144 0025 03       		.uleb128 0x3
 145 0026 08       		.uleb128 0x8
 146 0027 00       		.byte	0
 147 0028 00       		.byte	0
 148 0029 04       		.uleb128 0x4
 149 002a 16       		.uleb128 0x16
 150 002b 00       		.byte	0
 151 002c 03       		.uleb128 0x3
 152 002d 0E       		.uleb128 0xe
 153 002e 3A       		.uleb128 0x3a
 154 002f 0B       		.uleb128 0xb
 155 0030 3B       		.uleb128 0x3b
 156 0031 0B       		.uleb128 0xb
 157 0032 49       		.uleb128 0x49
 158 0033 13       		.uleb128 0x13
 159 0034 00       		.byte	0
 160 0035 00       		.byte	0
 161 0036 05       		.uleb128 0x5
 162 0037 35       		.uleb128 0x35
 163 0038 00       		.byte	0
 164 0039 49       		.uleb128 0x49
 165 003a 13       		.uleb128 0x13
 166 003b 00       		.byte	0
 167 003c 00       		.byte	0
 168 003d 06       		.uleb128 0x6
 169 003e 34       		.uleb128 0x34
 170 003f 00       		.byte	0
 171 0040 03       		.uleb128 0x3
ARM GAS  /tmp/ccDF6FYK.s 			page 4


 172 0041 0E       		.uleb128 0xe
 173 0042 3A       		.uleb128 0x3a
 174 0043 0B       		.uleb128 0xb
 175 0044 3B       		.uleb128 0x3b
 176 0045 05       		.uleb128 0x5
 177 0046 49       		.uleb128 0x49
 178 0047 13       		.uleb128 0x13
 179 0048 3F       		.uleb128 0x3f
 180 0049 0C       		.uleb128 0xc
 181 004a 3C       		.uleb128 0x3c
 182 004b 0C       		.uleb128 0xc
 183 004c 00       		.byte	0
 184 004d 00       		.byte	0
 185 004e 00       		.byte	0
 186              		.section	.debug_line,"",%progbits
 187              	.Ldebug_line0:
 188 0000 EA000000 		.section	.debug_str,"MS",%progbits,1
 188      0200E400 
 188      00000201 
 188      FB0E0D00 
 188      01010101 
 189              	.LASF5:
 190 0000 6C6F6E67 		.ascii	"long long int\000"
 190      206C6F6E 
 190      6720696E 
 190      7400
 191              	.LASF3:
 192 000e 73686F72 		.ascii	"short unsigned int\000"
 192      7420756E 
 192      7369676E 
 192      65642069 
 192      6E7400
 193              	.LASF4:
 194 0021 756E7369 		.ascii	"unsigned int\000"
 194      676E6564 
 194      20696E74 
 194      00
 195              	.LASF12:
 196 002e 474E5520 		.ascii	"GNU C 4.6.2 20120613 (release) [ARM/embedded-4_6-br"
 196      4320342E 
 196      362E3220 
 196      32303132 
 196      30363133 
 197 0061 616E6368 		.ascii	"anch revision 188521]\000"
 197      20726576 
 197      6973696F 
 197      6E203138 
 197      38353231 
 198              	.LASF8:
 199 0077 6C6F6E67 		.ascii	"long unsigned int\000"
 199      20756E73 
 199      69676E65 
 199      6420696E 
 199      7400
 200              	.LASF14:
 201 0089 2F686F6D 		.ascii	"/home/tino/workspace/openrobots/R2P_IR_module/fw\000"
 201      652F7469 
ARM GAS  /tmp/ccDF6FYK.s 			page 5


 201      6E6F2F77 
 201      6F726B73 
 201      70616365 
 202              	.LASF6:
 203 00ba 6C6F6E67 		.ascii	"long long unsigned int\000"
 203      206C6F6E 
 203      6720756E 
 203      7369676E 
 203      65642069 
 204              	.LASF1:
 205 00d1 756E7369 		.ascii	"unsigned char\000"
 205      676E6564 
 205      20636861 
 205      7200
 206              	.LASF13:
 207 00df 2E2E2F2E 		.ascii	"../../ChibiOS/os/hal/src/usb.c\000"
 207      2E2F4368 
 207      6962694F 
 207      532F6F73 
 207      2F68616C 
 208              	.LASF9:
 209 00fe 63686172 		.ascii	"char\000"
 209      00
 210              	.LASF7:
 211 0103 6C6F6E67 		.ascii	"long int\000"
 211      20696E74 
 211      00
 212              	.LASF10:
 213 010c 5F426F6F 		.ascii	"_Bool\000"
 213      6C00
 214              	.LASF11:
 215 0112 49544D5F 		.ascii	"ITM_RxBuffer\000"
 215      52784275 
 215      66666572 
 215      00
 216              	.LASF0:
 217 011f 7369676E 		.ascii	"signed char\000"
 217      65642063 
 217      68617200 
 218              	.LASF2:
 219 012b 73686F72 		.ascii	"short int\000"
 219      7420696E 
 219      7400
 220              	.LASF15:
 221 0135 696E7433 		.ascii	"int32_t\000"
 221      325F7400 
 222              		.ident	"GCC: (GNU Tools for ARM Embedded Processors) 4.6.2 20120613 (release) [ARM/embedded-4_6-br
ARM GAS  /tmp/ccDF6FYK.s 			page 6


DEFINED SYMBOLS
                            *ABS*:00000000 usb.c

NO UNDEFINED SYMBOLS
