ARM GAS  /tmp/ccu2dhMm.s 			page 1


   1              		.syntax unified
   2              		.cpu cortex-m3
   3              		.fpu softvfp
   4              		.eabi_attribute 20, 1
   5              		.eabi_attribute 21, 1
   6              		.eabi_attribute 23, 3
   7              		.eabi_attribute 24, 1
   8              		.eabi_attribute 25, 1
   9              		.eabi_attribute 26, 1
  10              		.eabi_attribute 30, 2
  11              		.eabi_attribute 34, 1
  12              		.eabi_attribute 18, 4
  13              		.thumb
  14              		.file	"vectors.c"
  15              		.text
  16              	.Ltext0:
  17              		.cfi_sections	.debug_frame
  18              		.section	.text._unhandled_exception,"ax",%progbits
  19              		.align	2
  20              		.p2align 4,,15
  21              		.global	_unhandled_exception
  22              		.thumb
  23              		.thumb_func
  24              		.type	_unhandled_exception, %function
  25              	_unhandled_exception:
  26              	.LFB7:
  27              		.file 1 "../../ChibiOS/os/ports/GCC/ARMCMx/STM32F1xx/vectors.c"
  28              		.loc 1 234 0
  29              		.cfi_startproc
  30              		@ Naked Function: prologue and epilogue provided by programmer.
  31              		@ Volatile: function does not return.
  32              		@ args = 0, pretend = 0, frame = 0
  33              		@ frame_needed = 0, uses_anonymous_args = 0
  34              	.L2:
  35 0000 FEE7     		b	.L2
  36              		.cfi_endproc
  37              	.LFE7:
  38              		.size	_unhandled_exception, .-_unhandled_exception
  39              		.global	_vectors
  40              		.weak	NMIVector
  41              		.thumb_set NMIVector,_unhandled_exception
  42              		.weak	HardFaultVector
  43              		.thumb_set HardFaultVector,_unhandled_exception
  44              		.weak	MemManageVector
  45              		.thumb_set MemManageVector,_unhandled_exception
  46              		.weak	BusFaultVector
  47              		.thumb_set BusFaultVector,_unhandled_exception
  48              		.weak	UsageFaultVector
  49              		.thumb_set UsageFaultVector,_unhandled_exception
  50              		.weak	Vector1C
  51              		.thumb_set Vector1C,_unhandled_exception
  52              		.weak	Vector20
  53              		.thumb_set Vector20,_unhandled_exception
  54              		.weak	Vector24
  55              		.thumb_set Vector24,_unhandled_exception
  56              		.weak	Vector28
  57              		.thumb_set Vector28,_unhandled_exception
ARM GAS  /tmp/ccu2dhMm.s 			page 2


  58              		.weak	SVCallVector
  59              		.thumb_set SVCallVector,_unhandled_exception
  60              		.weak	DebugMonitorVector
  61              		.thumb_set DebugMonitorVector,_unhandled_exception
  62              		.weak	Vector34
  63              		.thumb_set Vector34,_unhandled_exception
  64              		.weak	PendSVVector
  65              		.thumb_set PendSVVector,_unhandled_exception
  66              		.weak	SysTickVector
  67              		.thumb_set SysTickVector,_unhandled_exception
  68              		.weak	Vector40
  69              		.thumb_set Vector40,_unhandled_exception
  70              		.weak	Vector44
  71              		.thumb_set Vector44,_unhandled_exception
  72              		.weak	Vector48
  73              		.thumb_set Vector48,_unhandled_exception
  74              		.weak	Vector4C
  75              		.thumb_set Vector4C,_unhandled_exception
  76              		.weak	Vector50
  77              		.thumb_set Vector50,_unhandled_exception
  78              		.weak	Vector54
  79              		.thumb_set Vector54,_unhandled_exception
  80              		.weak	Vector58
  81              		.thumb_set Vector58,_unhandled_exception
  82              		.weak	Vector5C
  83              		.thumb_set Vector5C,_unhandled_exception
  84              		.weak	Vector60
  85              		.thumb_set Vector60,_unhandled_exception
  86              		.weak	Vector64
  87              		.thumb_set Vector64,_unhandled_exception
  88              		.weak	Vector68
  89              		.thumb_set Vector68,_unhandled_exception
  90              		.weak	Vector6C
  91              		.thumb_set Vector6C,_unhandled_exception
  92              		.weak	Vector70
  93              		.thumb_set Vector70,_unhandled_exception
  94              		.weak	Vector74
  95              		.thumb_set Vector74,_unhandled_exception
  96              		.weak	Vector78
  97              		.thumb_set Vector78,_unhandled_exception
  98              		.weak	Vector7C
  99              		.thumb_set Vector7C,_unhandled_exception
 100              		.weak	Vector80
 101              		.thumb_set Vector80,_unhandled_exception
 102              		.weak	Vector84
 103              		.thumb_set Vector84,_unhandled_exception
 104              		.weak	Vector88
 105              		.thumb_set Vector88,_unhandled_exception
 106              		.weak	Vector8C
 107              		.thumb_set Vector8C,_unhandled_exception
 108              		.weak	Vector90
 109              		.thumb_set Vector90,_unhandled_exception
 110              		.weak	Vector94
 111              		.thumb_set Vector94,_unhandled_exception
 112              		.weak	Vector98
 113              		.thumb_set Vector98,_unhandled_exception
 114              		.weak	Vector9C
ARM GAS  /tmp/ccu2dhMm.s 			page 3


 115              		.thumb_set Vector9C,_unhandled_exception
 116              		.weak	VectorA0
 117              		.thumb_set VectorA0,_unhandled_exception
 118              		.weak	VectorA4
 119              		.thumb_set VectorA4,_unhandled_exception
 120              		.weak	VectorA8
 121              		.thumb_set VectorA8,_unhandled_exception
 122              		.weak	VectorAC
 123              		.thumb_set VectorAC,_unhandled_exception
 124              		.weak	VectorB0
 125              		.thumb_set VectorB0,_unhandled_exception
 126              		.weak	VectorB4
 127              		.thumb_set VectorB4,_unhandled_exception
 128              		.weak	VectorB8
 129              		.thumb_set VectorB8,_unhandled_exception
 130              		.weak	VectorBC
 131              		.thumb_set VectorBC,_unhandled_exception
 132              		.weak	VectorC0
 133              		.thumb_set VectorC0,_unhandled_exception
 134              		.weak	VectorC4
 135              		.thumb_set VectorC4,_unhandled_exception
 136              		.weak	VectorC8
 137              		.thumb_set VectorC8,_unhandled_exception
 138              		.weak	VectorCC
 139              		.thumb_set VectorCC,_unhandled_exception
 140              		.weak	VectorD0
 141              		.thumb_set VectorD0,_unhandled_exception
 142              		.weak	VectorD4
 143              		.thumb_set VectorD4,_unhandled_exception
 144              		.weak	VectorD8
 145              		.thumb_set VectorD8,_unhandled_exception
 146              		.weak	VectorDC
 147              		.thumb_set VectorDC,_unhandled_exception
 148              		.weak	VectorE0
 149              		.thumb_set VectorE0,_unhandled_exception
 150              		.weak	VectorE4
 151              		.thumb_set VectorE4,_unhandled_exception
 152              		.weak	VectorE8
 153              		.thumb_set VectorE8,_unhandled_exception
 154 0002 00BFAFF3 		.section	vectors,"aw",%progbits
 154      0080AFF3 
 154      0080AFF3 
 154      0080
 155              		.align	2
 156              		.type	_vectors, %object
 157              		.size	_vectors, 236
 158              	_vectors:
 159 0000 00000000 		.word	__main_stack_end__
 160 0004 00000000 		.word	ResetHandler
 161 0008 00000000 		.word	NMIVector
 162 000c 00000000 		.word	HardFaultVector
 163 0010 00000000 		.word	MemManageVector
 164 0014 00000000 		.word	BusFaultVector
 165 0018 00000000 		.word	UsageFaultVector
 166 001c 00000000 		.word	Vector1C
 167 0020 00000000 		.word	Vector20
 168 0024 00000000 		.word	Vector24
ARM GAS  /tmp/ccu2dhMm.s 			page 4


 169 0028 00000000 		.word	Vector28
 170 002c 00000000 		.word	SVCallVector
 171 0030 00000000 		.word	DebugMonitorVector
 172 0034 00000000 		.word	Vector34
 173 0038 00000000 		.word	PendSVVector
 174 003c 00000000 		.word	SysTickVector
 175 0040 00000000 		.word	Vector40
 176 0044 00000000 		.word	Vector44
 177 0048 00000000 		.word	Vector48
 178 004c 00000000 		.word	Vector4C
 179 0050 00000000 		.word	Vector50
 180 0054 00000000 		.word	Vector54
 181 0058 00000000 		.word	Vector58
 182 005c 00000000 		.word	Vector5C
 183 0060 00000000 		.word	Vector60
 184 0064 00000000 		.word	Vector64
 185 0068 00000000 		.word	Vector68
 186 006c 00000000 		.word	Vector6C
 187 0070 00000000 		.word	Vector70
 188 0074 00000000 		.word	Vector74
 189 0078 00000000 		.word	Vector78
 190 007c 00000000 		.word	Vector7C
 191 0080 00000000 		.word	Vector80
 192 0084 00000000 		.word	Vector84
 193 0088 00000000 		.word	Vector88
 194 008c 00000000 		.word	Vector8C
 195 0090 00000000 		.word	Vector90
 196 0094 00000000 		.word	Vector94
 197 0098 00000000 		.word	Vector98
 198 009c 00000000 		.word	Vector9C
 199 00a0 00000000 		.word	VectorA0
 200 00a4 00000000 		.word	VectorA4
 201 00a8 00000000 		.word	VectorA8
 202 00ac 00000000 		.word	VectorAC
 203 00b0 00000000 		.word	VectorB0
 204 00b4 00000000 		.word	VectorB4
 205 00b8 00000000 		.word	VectorB8
 206 00bc 00000000 		.word	VectorBC
 207 00c0 00000000 		.word	VectorC0
 208 00c4 00000000 		.word	VectorC4
 209 00c8 00000000 		.word	VectorC8
 210 00cc 00000000 		.word	VectorCC
 211 00d0 00000000 		.word	VectorD0
 212 00d4 00000000 		.word	VectorD4
 213 00d8 00000000 		.word	VectorD8
 214 00dc 00000000 		.word	VectorDC
 215 00e0 00000000 		.word	VectorE0
 216 00e4 00000000 		.word	VectorE4
 217 00e8 00000000 		.word	VectorE8
 218              		.text
 219              	.Letext0:
 220              		.file 2 "/home/tino/ChibiStudio/tools/GNU Tools ARM Embedded/4.6 2012q2/bin/../lib/gcc/arm-none-ea
 221              		.section	.debug_info,"",%progbits
 222              	.Ldebug_info0:
 223 0000 F0010000 		.4byte	0x1f0
 224 0004 0200     		.2byte	0x2
 225 0006 00000000 		.4byte	.Ldebug_abbrev0
ARM GAS  /tmp/ccu2dhMm.s 			page 5


 226 000a 04       		.byte	0x4
 227 000b 01       		.uleb128 0x1
 228 000c 77000000 		.4byte	.LASF33
 229 0010 01       		.byte	0x1
 230 0011 16000000 		.4byte	.LASF34
 231 0015 4A010000 		.4byte	.LASF35
 232 0019 00000000 		.4byte	0
 233 001d 00000000 		.4byte	0
 234 0021 00000000 		.4byte	.Ldebug_ranges0+0
 235 0025 00000000 		.4byte	.Ldebug_line0
 236 0029 02       		.uleb128 0x2
 237 002a 04       		.byte	0x4
 238 002b 05       		.byte	0x5
 239 002c 696E7400 		.ascii	"int\000"
 240 0030 03       		.uleb128 0x3
 241 0031 04       		.byte	0x4
 242 0032 07       		.byte	0x7
 243 0033 0B010000 		.4byte	.LASF0
 244 0037 03       		.uleb128 0x3
 245 0038 01       		.byte	0x1
 246 0039 06       		.byte	0x6
 247 003a 29020000 		.4byte	.LASF1
 248 003e 03       		.uleb128 0x3
 249 003f 01       		.byte	0x1
 250 0040 08       		.byte	0x8
 251 0041 E5000000 		.4byte	.LASF2
 252 0045 03       		.uleb128 0x3
 253 0046 02       		.byte	0x2
 254 0047 05       		.byte	0x5
 255 0048 00020000 		.4byte	.LASF3
 256 004c 03       		.uleb128 0x3
 257 004d 02       		.byte	0x2
 258 004e 07       		.byte	0x7
 259 004f D2000000 		.4byte	.LASF4
 260 0053 03       		.uleb128 0x3
 261 0054 04       		.byte	0x4
 262 0055 05       		.byte	0x5
 263 0056 20020000 		.4byte	.LASF5
 264 005a 04       		.uleb128 0x4
 265 005b 17020000 		.4byte	.LASF11
 266 005f 02       		.byte	0x2
 267 0060 50       		.byte	0x50
 268 0061 65000000 		.4byte	0x65
 269 0065 03       		.uleb128 0x3
 270 0066 04       		.byte	0x4
 271 0067 07       		.byte	0x7
 272 0068 C0000000 		.4byte	.LASF6
 273 006c 03       		.uleb128 0x3
 274 006d 08       		.byte	0x8
 275 006e 05       		.byte	0x5
 276 006f BF010000 		.4byte	.LASF7
 277 0073 03       		.uleb128 0x3
 278 0074 08       		.byte	0x8
 279 0075 07       		.byte	0x7
 280 0076 23010000 		.4byte	.LASF8
 281 007a 03       		.uleb128 0x3
 282 007b 01       		.byte	0x1
ARM GAS  /tmp/ccu2dhMm.s 			page 6


 283 007c 02       		.byte	0x2
 284 007d 52020000 		.4byte	.LASF9
 285 0081 03       		.uleb128 0x3
 286 0082 01       		.byte	0x1
 287 0083 08       		.byte	0x8
 288 0084 CD010000 		.4byte	.LASF10
 289 0088 04       		.uleb128 0x4
 290 0089 09000000 		.4byte	.LASF12
 291 008d 01       		.byte	0x1
 292 008e 41       		.byte	0x41
 293 008f 93000000 		.4byte	0x93
 294 0093 05       		.uleb128 0x5
 295 0094 04       		.byte	0x4
 296 0095 99000000 		.4byte	0x99
 297 0099 06       		.uleb128 0x6
 298 009a 01       		.byte	0x1
 299 009b 07       		.uleb128 0x7
 300 009c EC       		.byte	0xec
 301 009d 01       		.byte	0x1
 302 009e 46       		.byte	0x46
 303 009f 92010000 		.4byte	0x192
 304 00a3 08       		.uleb128 0x8
 305 00a4 5E000000 		.4byte	.LASF13
 306 00a8 01       		.byte	0x1
 307 00a9 47       		.byte	0x47
 308 00aa 92010000 		.4byte	0x192
 309 00ae 02       		.byte	0x2
 310 00af 23       		.byte	0x23
 311 00b0 00       		.uleb128 0
 312 00b1 08       		.uleb128 0x8
 313 00b2 0A020000 		.4byte	.LASF14
 314 00b6 01       		.byte	0x1
 315 00b7 48       		.byte	0x48
 316 00b8 88000000 		.4byte	0x88
 317 00bc 02       		.byte	0x2
 318 00bd 23       		.byte	0x23
 319 00be 04       		.uleb128 0x4
 320 00bf 08       		.uleb128 0x8
 321 00c0 18010000 		.4byte	.LASF15
 322 00c4 01       		.byte	0x1
 323 00c5 49       		.byte	0x49
 324 00c6 88000000 		.4byte	0x88
 325 00ca 02       		.byte	0x2
 326 00cb 23       		.byte	0x23
 327 00cc 08       		.uleb128 0x8
 328 00cd 08       		.uleb128 0x8
 329 00ce AE010000 		.4byte	.LASF16
 330 00d2 01       		.byte	0x1
 331 00d3 4A       		.byte	0x4a
 332 00d4 88000000 		.4byte	0x88
 333 00d8 02       		.byte	0x2
 334 00d9 23       		.byte	0x23
 335 00da 0C       		.uleb128 0xc
 336 00db 08       		.uleb128 0x8
 337 00dc D2010000 		.4byte	.LASF17
 338 00e0 01       		.byte	0x1
 339 00e1 4B       		.byte	0x4b
ARM GAS  /tmp/ccu2dhMm.s 			page 7


 340 00e2 88000000 		.4byte	0x88
 341 00e6 02       		.byte	0x2
 342 00e7 23       		.byte	0x23
 343 00e8 10       		.uleb128 0x10
 344 00e9 08       		.uleb128 0x8
 345 00ea 3A010000 		.4byte	.LASF18
 346 00ee 01       		.byte	0x1
 347 00ef 4C       		.byte	0x4c
 348 00f0 88000000 		.4byte	0x88
 349 00f4 02       		.byte	0x2
 350 00f5 23       		.byte	0x23
 351 00f6 14       		.uleb128 0x14
 352 00f7 08       		.uleb128 0x8
 353 00f8 84010000 		.4byte	.LASF19
 354 00fc 01       		.byte	0x1
 355 00fd 4D       		.byte	0x4d
 356 00fe 88000000 		.4byte	0x88
 357 0102 02       		.byte	0x2
 358 0103 23       		.byte	0x23
 359 0104 18       		.uleb128 0x18
 360 0105 08       		.uleb128 0x8
 361 0106 F3000000 		.4byte	.LASF20
 362 010a 01       		.byte	0x1
 363 010b 4E       		.byte	0x4e
 364 010c 88000000 		.4byte	0x88
 365 0110 02       		.byte	0x2
 366 0111 23       		.byte	0x23
 367 0112 1C       		.uleb128 0x1c
 368 0113 08       		.uleb128 0x8
 369 0114 49020000 		.4byte	.LASF21
 370 0118 01       		.byte	0x1
 371 0119 4F       		.byte	0x4f
 372 011a 88000000 		.4byte	0x88
 373 011e 02       		.byte	0x2
 374 011f 23       		.byte	0x23
 375 0120 20       		.uleb128 0x20
 376 0121 08       		.uleb128 0x8
 377 0122 00000000 		.4byte	.LASF22
 378 0126 01       		.byte	0x1
 379 0127 50       		.byte	0x50
 380 0128 88000000 		.4byte	0x88
 381 012c 02       		.byte	0x2
 382 012d 23       		.byte	0x23
 383 012e 24       		.uleb128 0x24
 384 012f 08       		.uleb128 0x8
 385 0130 7B010000 		.4byte	.LASF23
 386 0134 01       		.byte	0x1
 387 0135 51       		.byte	0x51
 388 0136 88000000 		.4byte	0x88
 389 013a 02       		.byte	0x2
 390 013b 23       		.byte	0x23
 391 013c 28       		.uleb128 0x28
 392 013d 08       		.uleb128 0x8
 393 013e 69000000 		.4byte	.LASF24
 394 0142 01       		.byte	0x1
 395 0143 52       		.byte	0x52
 396 0144 88000000 		.4byte	0x88
ARM GAS  /tmp/ccu2dhMm.s 			page 8


 397 0148 02       		.byte	0x2
 398 0149 23       		.byte	0x23
 399 014a 2C       		.uleb128 0x2c
 400 014b 08       		.uleb128 0x8
 401 014c 35020000 		.4byte	.LASF25
 402 0150 01       		.byte	0x1
 403 0151 53       		.byte	0x53
 404 0152 88000000 		.4byte	0x88
 405 0156 02       		.byte	0x2
 406 0157 23       		.byte	0x23
 407 0158 30       		.uleb128 0x30
 408 0159 08       		.uleb128 0x8
 409 015a 4C000000 		.4byte	.LASF26
 410 015e 01       		.byte	0x1
 411 015f 54       		.byte	0x54
 412 0160 88000000 		.4byte	0x88
 413 0164 02       		.byte	0x2
 414 0165 23       		.byte	0x23
 415 0166 34       		.uleb128 0x34
 416 0167 08       		.uleb128 0x8
 417 0168 A0010000 		.4byte	.LASF27
 418 016c 01       		.byte	0x1
 419 016d 55       		.byte	0x55
 420 016e 88000000 		.4byte	0x88
 421 0172 02       		.byte	0x2
 422 0173 23       		.byte	0x23
 423 0174 38       		.uleb128 0x38
 424 0175 08       		.uleb128 0x8
 425 0176 FC000000 		.4byte	.LASF28
 426 017a 01       		.byte	0x1
 427 017b 56       		.byte	0x56
 428 017c 88000000 		.4byte	0x88
 429 0180 02       		.byte	0x2
 430 0181 23       		.byte	0x23
 431 0182 3C       		.uleb128 0x3c
 432 0183 08       		.uleb128 0x8
 433 0184 F8010000 		.4byte	.LASF29
 434 0188 01       		.byte	0x1
 435 0189 57       		.byte	0x57
 436 018a 98010000 		.4byte	0x198
 437 018e 02       		.byte	0x2
 438 018f 23       		.byte	0x23
 439 0190 40       		.uleb128 0x40
 440 0191 00       		.byte	0
 441 0192 05       		.uleb128 0x5
 442 0193 04       		.byte	0x4
 443 0194 5A000000 		.4byte	0x5a
 444 0198 09       		.uleb128 0x9
 445 0199 88000000 		.4byte	0x88
 446 019d A8010000 		.4byte	0x1a8
 447 01a1 0A       		.uleb128 0xa
 448 01a2 30000000 		.4byte	0x30
 449 01a6 2A       		.byte	0x2a
 450 01a7 00       		.byte	0
 451 01a8 04       		.uleb128 0x4
 452 01a9 96010000 		.4byte	.LASF30
 453 01ad 01       		.byte	0x1
ARM GAS  /tmp/ccu2dhMm.s 			page 9


 454 01ae 58       		.byte	0x58
 455 01af 9B000000 		.4byte	0x9b
 456 01b3 0B       		.uleb128 0xb
 457 01b4 01       		.byte	0x1
 458 01b5 E3010000 		.4byte	.LASF36
 459 01b9 01       		.byte	0x1
 460 01ba EA       		.byte	0xea
 461 01bb 01       		.byte	0x1
 462 01bc 00000000 		.4byte	.LFB7
 463 01c0 02000000 		.4byte	.LFE7
 464 01c4 02       		.byte	0x2
 465 01c5 7D       		.byte	0x7d
 466 01c6 00       		.sleb128 0
 467 01c7 0C       		.uleb128 0xc
 468 01c8 58020000 		.4byte	.LASF31
 469 01cc 01       		.byte	0x1
 470 01cd 5B       		.byte	0x5b
 471 01ce 5A000000 		.4byte	0x5a
 472 01d2 01       		.byte	0x1
 473 01d3 01       		.byte	0x1
 474 01d4 0C       		.uleb128 0xc
 475 01d5 58020000 		.4byte	.LASF31
 476 01d9 01       		.byte	0x1
 477 01da 5B       		.byte	0x5b
 478 01db 5A000000 		.4byte	0x5a
 479 01df 01       		.byte	0x1
 480 01e0 01       		.byte	0x1
 481 01e1 0D       		.uleb128 0xd
 482 01e2 55000000 		.4byte	.LASF32
 483 01e6 01       		.byte	0x1
 484 01e7 BE       		.byte	0xbe
 485 01e8 A8010000 		.4byte	0x1a8
 486 01ec 01       		.byte	0x1
 487 01ed 05       		.byte	0x5
 488 01ee 03       		.byte	0x3
 489 01ef 00000000 		.4byte	_vectors
 490 01f3 00       		.byte	0
 491              		.section	.debug_abbrev,"",%progbits
 492              	.Ldebug_abbrev0:
 493 0000 01       		.uleb128 0x1
 494 0001 11       		.uleb128 0x11
 495 0002 01       		.byte	0x1
 496 0003 25       		.uleb128 0x25
 497 0004 0E       		.uleb128 0xe
 498 0005 13       		.uleb128 0x13
 499 0006 0B       		.uleb128 0xb
 500 0007 03       		.uleb128 0x3
 501 0008 0E       		.uleb128 0xe
 502 0009 1B       		.uleb128 0x1b
 503 000a 0E       		.uleb128 0xe
 504 000b 11       		.uleb128 0x11
 505 000c 01       		.uleb128 0x1
 506 000d 52       		.uleb128 0x52
 507 000e 01       		.uleb128 0x1
 508 000f 55       		.uleb128 0x55
 509 0010 06       		.uleb128 0x6
 510 0011 10       		.uleb128 0x10
ARM GAS  /tmp/ccu2dhMm.s 			page 10


 511 0012 06       		.uleb128 0x6
 512 0013 00       		.byte	0
 513 0014 00       		.byte	0
 514 0015 02       		.uleb128 0x2
 515 0016 24       		.uleb128 0x24
 516 0017 00       		.byte	0
 517 0018 0B       		.uleb128 0xb
 518 0019 0B       		.uleb128 0xb
 519 001a 3E       		.uleb128 0x3e
 520 001b 0B       		.uleb128 0xb
 521 001c 03       		.uleb128 0x3
 522 001d 08       		.uleb128 0x8
 523 001e 00       		.byte	0
 524 001f 00       		.byte	0
 525 0020 03       		.uleb128 0x3
 526 0021 24       		.uleb128 0x24
 527 0022 00       		.byte	0
 528 0023 0B       		.uleb128 0xb
 529 0024 0B       		.uleb128 0xb
 530 0025 3E       		.uleb128 0x3e
 531 0026 0B       		.uleb128 0xb
 532 0027 03       		.uleb128 0x3
 533 0028 0E       		.uleb128 0xe
 534 0029 00       		.byte	0
 535 002a 00       		.byte	0
 536 002b 04       		.uleb128 0x4
 537 002c 16       		.uleb128 0x16
 538 002d 00       		.byte	0
 539 002e 03       		.uleb128 0x3
 540 002f 0E       		.uleb128 0xe
 541 0030 3A       		.uleb128 0x3a
 542 0031 0B       		.uleb128 0xb
 543 0032 3B       		.uleb128 0x3b
 544 0033 0B       		.uleb128 0xb
 545 0034 49       		.uleb128 0x49
 546 0035 13       		.uleb128 0x13
 547 0036 00       		.byte	0
 548 0037 00       		.byte	0
 549 0038 05       		.uleb128 0x5
 550 0039 0F       		.uleb128 0xf
 551 003a 00       		.byte	0
 552 003b 0B       		.uleb128 0xb
 553 003c 0B       		.uleb128 0xb
 554 003d 49       		.uleb128 0x49
 555 003e 13       		.uleb128 0x13
 556 003f 00       		.byte	0
 557 0040 00       		.byte	0
 558 0041 06       		.uleb128 0x6
 559 0042 15       		.uleb128 0x15
 560 0043 00       		.byte	0
 561 0044 27       		.uleb128 0x27
 562 0045 0C       		.uleb128 0xc
 563 0046 00       		.byte	0
 564 0047 00       		.byte	0
 565 0048 07       		.uleb128 0x7
 566 0049 13       		.uleb128 0x13
 567 004a 01       		.byte	0x1
ARM GAS  /tmp/ccu2dhMm.s 			page 11


 568 004b 0B       		.uleb128 0xb
 569 004c 0B       		.uleb128 0xb
 570 004d 3A       		.uleb128 0x3a
 571 004e 0B       		.uleb128 0xb
 572 004f 3B       		.uleb128 0x3b
 573 0050 0B       		.uleb128 0xb
 574 0051 01       		.uleb128 0x1
 575 0052 13       		.uleb128 0x13
 576 0053 00       		.byte	0
 577 0054 00       		.byte	0
 578 0055 08       		.uleb128 0x8
 579 0056 0D       		.uleb128 0xd
 580 0057 00       		.byte	0
 581 0058 03       		.uleb128 0x3
 582 0059 0E       		.uleb128 0xe
 583 005a 3A       		.uleb128 0x3a
 584 005b 0B       		.uleb128 0xb
 585 005c 3B       		.uleb128 0x3b
 586 005d 0B       		.uleb128 0xb
 587 005e 49       		.uleb128 0x49
 588 005f 13       		.uleb128 0x13
 589 0060 38       		.uleb128 0x38
 590 0061 0A       		.uleb128 0xa
 591 0062 00       		.byte	0
 592 0063 00       		.byte	0
 593 0064 09       		.uleb128 0x9
 594 0065 01       		.uleb128 0x1
 595 0066 01       		.byte	0x1
 596 0067 49       		.uleb128 0x49
 597 0068 13       		.uleb128 0x13
 598 0069 01       		.uleb128 0x1
 599 006a 13       		.uleb128 0x13
 600 006b 00       		.byte	0
 601 006c 00       		.byte	0
 602 006d 0A       		.uleb128 0xa
 603 006e 21       		.uleb128 0x21
 604 006f 00       		.byte	0
 605 0070 49       		.uleb128 0x49
 606 0071 13       		.uleb128 0x13
 607 0072 2F       		.uleb128 0x2f
 608 0073 0B       		.uleb128 0xb
 609 0074 00       		.byte	0
 610 0075 00       		.byte	0
 611 0076 0B       		.uleb128 0xb
 612 0077 2E       		.uleb128 0x2e
 613 0078 00       		.byte	0
 614 0079 3F       		.uleb128 0x3f
 615 007a 0C       		.uleb128 0xc
 616 007b 03       		.uleb128 0x3
 617 007c 0E       		.uleb128 0xe
 618 007d 3A       		.uleb128 0x3a
 619 007e 0B       		.uleb128 0xb
 620 007f 3B       		.uleb128 0x3b
 621 0080 0B       		.uleb128 0xb
 622 0081 27       		.uleb128 0x27
 623 0082 0C       		.uleb128 0xc
 624 0083 11       		.uleb128 0x11
ARM GAS  /tmp/ccu2dhMm.s 			page 12


 625 0084 01       		.uleb128 0x1
 626 0085 12       		.uleb128 0x12
 627 0086 01       		.uleb128 0x1
 628 0087 40       		.uleb128 0x40
 629 0088 0A       		.uleb128 0xa
 630 0089 00       		.byte	0
 631 008a 00       		.byte	0
 632 008b 0C       		.uleb128 0xc
 633 008c 34       		.uleb128 0x34
 634 008d 00       		.byte	0
 635 008e 03       		.uleb128 0x3
 636 008f 0E       		.uleb128 0xe
 637 0090 3A       		.uleb128 0x3a
 638 0091 0B       		.uleb128 0xb
 639 0092 3B       		.uleb128 0x3b
 640 0093 0B       		.uleb128 0xb
 641 0094 49       		.uleb128 0x49
 642 0095 13       		.uleb128 0x13
 643 0096 3F       		.uleb128 0x3f
 644 0097 0C       		.uleb128 0xc
 645 0098 3C       		.uleb128 0x3c
 646 0099 0C       		.uleb128 0xc
 647 009a 00       		.byte	0
 648 009b 00       		.byte	0
 649 009c 0D       		.uleb128 0xd
 650 009d 34       		.uleb128 0x34
 651 009e 00       		.byte	0
 652 009f 03       		.uleb128 0x3
 653 00a0 0E       		.uleb128 0xe
 654 00a1 3A       		.uleb128 0x3a
 655 00a2 0B       		.uleb128 0xb
 656 00a3 3B       		.uleb128 0x3b
 657 00a4 0B       		.uleb128 0xb
 658 00a5 49       		.uleb128 0x49
 659 00a6 13       		.uleb128 0x13
 660 00a7 3F       		.uleb128 0x3f
 661 00a8 0C       		.uleb128 0xc
 662 00a9 02       		.uleb128 0x2
 663 00aa 0A       		.uleb128 0xa
 664 00ab 00       		.byte	0
 665 00ac 00       		.byte	0
 666 00ad 00       		.byte	0
 667              		.section	.debug_aranges,"",%progbits
 668 0000 1C000000 		.4byte	0x1c
 669 0004 0200     		.2byte	0x2
 670 0006 00000000 		.4byte	.Ldebug_info0
 671 000a 04       		.byte	0x4
 672 000b 00       		.byte	0
 673 000c 0000     		.2byte	0
 674 000e 0000     		.2byte	0
 675 0010 00000000 		.4byte	.LFB7
 676 0014 02000000 		.4byte	.LFE7-.LFB7
 677 0018 00000000 		.4byte	0
 678 001c 00000000 		.4byte	0
 679              		.section	.debug_ranges,"",%progbits
 680              	.Ldebug_ranges0:
 681 0000 00000000 		.4byte	.LFB7
ARM GAS  /tmp/ccu2dhMm.s 			page 13


 682 0004 02000000 		.4byte	.LFE7
 683 0008 00000000 		.4byte	0
 684 000c 00000000 		.4byte	0
 685              		.section	.debug_line,"",%progbits
 686              	.Ldebug_line0:
 687 0000 F2000000 		.section	.debug_str,"MS",%progbits,1
 687      0200DC00 
 687      00000201 
 687      FB0E0D00 
 687      01010101 
 688              	.LASF22:
 689 0000 76656374 		.ascii	"vector24\000"
 689      6F723234 
 689      00
 690              	.LASF12:
 691 0009 6972715F 		.ascii	"irq_vector_t\000"
 691      76656374 
 691      6F725F74 
 691      00
 692              	.LASF34:
 693 0016 2E2E2F2E 		.ascii	"../../ChibiOS/os/ports/GCC/ARMCMx/STM32F1xx/vectors"
 693      2E2F4368 
 693      6962694F 
 693      532F6F73 
 693      2F706F72 
 694 0049 2E6300   		.ascii	".c\000"
 695              	.LASF26:
 696 004c 76656374 		.ascii	"vector34\000"
 696      6F723334 
 696      00
 697              	.LASF32:
 698 0055 5F766563 		.ascii	"_vectors\000"
 698      746F7273 
 698      00
 699              	.LASF13:
 700 005e 696E6974 		.ascii	"init_stack\000"
 700      5F737461 
 700      636B00
 701              	.LASF24:
 702 0069 73766361 		.ascii	"svcall_vector\000"
 702      6C6C5F76 
 702      6563746F 
 702      7200
 703              	.LASF33:
 704 0077 474E5520 		.ascii	"GNU C 4.6.2 20120613 (release) [ARM/embedded-4_6-br"
 704      4320342E 
 704      362E3220 
 704      32303132 
 704      30363133 
 705 00aa 616E6368 		.ascii	"anch revision 188521]\000"
 705      20726576 
 705      6973696F 
 705      6E203138 
 705      38353231 
 706              	.LASF6:
 707 00c0 6C6F6E67 		.ascii	"long unsigned int\000"
 707      20756E73 
ARM GAS  /tmp/ccu2dhMm.s 			page 14


 707      69676E65 
 707      6420696E 
 707      7400
 708              	.LASF4:
 709 00d2 73686F72 		.ascii	"short unsigned int\000"
 709      7420756E 
 709      7369676E 
 709      65642069 
 709      6E7400
 710              	.LASF2:
 711 00e5 756E7369 		.ascii	"unsigned char\000"
 711      676E6564 
 711      20636861 
 711      7200
 712              	.LASF20:
 713 00f3 76656374 		.ascii	"vector1c\000"
 713      6F723163 
 713      00
 714              	.LASF28:
 715 00fc 73797374 		.ascii	"systick_vector\000"
 715      69636B5F 
 715      76656374 
 715      6F7200
 716              	.LASF0:
 717 010b 756E7369 		.ascii	"unsigned int\000"
 717      676E6564 
 717      20696E74 
 717      00
 718              	.LASF15:
 719 0118 6E6D695F 		.ascii	"nmi_vector\000"
 719      76656374 
 719      6F7200
 720              	.LASF8:
 721 0123 6C6F6E67 		.ascii	"long long unsigned int\000"
 721      206C6F6E 
 721      6720756E 
 721      7369676E 
 721      65642069 
 722              	.LASF18:
 723 013a 62757366 		.ascii	"busfault_vector\000"
 723      61756C74 
 723      5F766563 
 723      746F7200 
 724              	.LASF35:
 725 014a 2F686F6D 		.ascii	"/home/tino/workspace/openrobots/R2P_IR_module/fw\000"
 725      652F7469 
 725      6E6F2F77 
 725      6F726B73 
 725      70616365 
 726              	.LASF23:
 727 017b 76656374 		.ascii	"vector28\000"
 727      6F723238 
 727      00
 728              	.LASF19:
 729 0184 75736167 		.ascii	"usagefault_vector\000"
 729      65666175 
 729      6C745F76 
ARM GAS  /tmp/ccu2dhMm.s 			page 15


 729      6563746F 
 729      7200
 730              	.LASF30:
 731 0196 76656374 		.ascii	"vectors_t\000"
 731      6F72735F 
 731      7400
 732              	.LASF27:
 733 01a0 70656E64 		.ascii	"pendsv_vector\000"
 733      73765F76 
 733      6563746F 
 733      7200
 734              	.LASF16:
 735 01ae 68617264 		.ascii	"hardfault_vector\000"
 735      6661756C 
 735      745F7665 
 735      63746F72 
 735      00
 736              	.LASF7:
 737 01bf 6C6F6E67 		.ascii	"long long int\000"
 737      206C6F6E 
 737      6720696E 
 737      7400
 738              	.LASF10:
 739 01cd 63686172 		.ascii	"char\000"
 739      00
 740              	.LASF17:
 741 01d2 6D656D6D 		.ascii	"memmanage_vector\000"
 741      616E6167 
 741      655F7665 
 741      63746F72 
 741      00
 742              	.LASF36:
 743 01e3 5F756E68 		.ascii	"_unhandled_exception\000"
 743      616E646C 
 743      65645F65 
 743      78636570 
 743      74696F6E 
 744              	.LASF29:
 745 01f8 76656374 		.ascii	"vectors\000"
 745      6F727300 
 746              	.LASF3:
 747 0200 73686F72 		.ascii	"short int\000"
 747      7420696E 
 747      7400
 748              	.LASF14:
 749 020a 72657365 		.ascii	"reset_vector\000"
 749      745F7665 
 749      63746F72 
 749      00
 750              	.LASF11:
 751 0217 75696E74 		.ascii	"uint32_t\000"
 751      33325F74 
 751      00
 752              	.LASF5:
 753 0220 6C6F6E67 		.ascii	"long int\000"
 753      20696E74 
 753      00
ARM GAS  /tmp/ccu2dhMm.s 			page 16


 754              	.LASF1:
 755 0229 7369676E 		.ascii	"signed char\000"
 755      65642063 
 755      68617200 
 756              	.LASF25:
 757 0235 64656275 		.ascii	"debugmonitor_vector\000"
 757      676D6F6E 
 757      69746F72 
 757      5F766563 
 757      746F7200 
 758              	.LASF21:
 759 0249 76656374 		.ascii	"vector20\000"
 759      6F723230 
 759      00
 760              	.LASF9:
 761 0252 5F426F6F 		.ascii	"_Bool\000"
 761      6C00
 762              	.LASF31:
 763 0258 5F5F6D61 		.ascii	"__main_stack_end__\000"
 763      696E5F73 
 763      7461636B 
 763      5F656E64 
 763      5F5F00
 764              		.ident	"GCC: (GNU Tools for ARM Embedded Processors) 4.6.2 20120613 (release) [ARM/embedded-4_6-br
ARM GAS  /tmp/ccu2dhMm.s 			page 17


DEFINED SYMBOLS
                            *ABS*:00000000 vectors.c
     /tmp/ccu2dhMm.s:19     .text._unhandled_exception:00000000 $t
     /tmp/ccu2dhMm.s:25     .text._unhandled_exception:00000000 _unhandled_exception
     /tmp/ccu2dhMm.s:158    vectors:00000000 _vectors
     /tmp/ccu2dhMm.s:25     .text._unhandled_exception:00000000 NMIVector
     /tmp/ccu2dhMm.s:25     .text._unhandled_exception:00000000 HardFaultVector
     /tmp/ccu2dhMm.s:25     .text._unhandled_exception:00000000 MemManageVector
     /tmp/ccu2dhMm.s:25     .text._unhandled_exception:00000000 BusFaultVector
     /tmp/ccu2dhMm.s:25     .text._unhandled_exception:00000000 UsageFaultVector
     /tmp/ccu2dhMm.s:25     .text._unhandled_exception:00000000 Vector1C
     /tmp/ccu2dhMm.s:25     .text._unhandled_exception:00000000 Vector20
     /tmp/ccu2dhMm.s:25     .text._unhandled_exception:00000000 Vector24
     /tmp/ccu2dhMm.s:25     .text._unhandled_exception:00000000 Vector28
     /tmp/ccu2dhMm.s:25     .text._unhandled_exception:00000000 SVCallVector
     /tmp/ccu2dhMm.s:25     .text._unhandled_exception:00000000 DebugMonitorVector
     /tmp/ccu2dhMm.s:25     .text._unhandled_exception:00000000 Vector34
     /tmp/ccu2dhMm.s:25     .text._unhandled_exception:00000000 PendSVVector
     /tmp/ccu2dhMm.s:25     .text._unhandled_exception:00000000 SysTickVector
     /tmp/ccu2dhMm.s:25     .text._unhandled_exception:00000000 Vector40
     /tmp/ccu2dhMm.s:25     .text._unhandled_exception:00000000 Vector44
     /tmp/ccu2dhMm.s:25     .text._unhandled_exception:00000000 Vector48
     /tmp/ccu2dhMm.s:25     .text._unhandled_exception:00000000 Vector4C
     /tmp/ccu2dhMm.s:25     .text._unhandled_exception:00000000 Vector50
     /tmp/ccu2dhMm.s:25     .text._unhandled_exception:00000000 Vector54
     /tmp/ccu2dhMm.s:25     .text._unhandled_exception:00000000 Vector58
     /tmp/ccu2dhMm.s:25     .text._unhandled_exception:00000000 Vector5C
     /tmp/ccu2dhMm.s:25     .text._unhandled_exception:00000000 Vector60
     /tmp/ccu2dhMm.s:25     .text._unhandled_exception:00000000 Vector64
     /tmp/ccu2dhMm.s:25     .text._unhandled_exception:00000000 Vector68
     /tmp/ccu2dhMm.s:25     .text._unhandled_exception:00000000 Vector6C
     /tmp/ccu2dhMm.s:25     .text._unhandled_exception:00000000 Vector70
     /tmp/ccu2dhMm.s:25     .text._unhandled_exception:00000000 Vector74
     /tmp/ccu2dhMm.s:25     .text._unhandled_exception:00000000 Vector78
     /tmp/ccu2dhMm.s:25     .text._unhandled_exception:00000000 Vector7C
     /tmp/ccu2dhMm.s:25     .text._unhandled_exception:00000000 Vector80
     /tmp/ccu2dhMm.s:25     .text._unhandled_exception:00000000 Vector84
     /tmp/ccu2dhMm.s:25     .text._unhandled_exception:00000000 Vector88
     /tmp/ccu2dhMm.s:25     .text._unhandled_exception:00000000 Vector8C
     /tmp/ccu2dhMm.s:25     .text._unhandled_exception:00000000 Vector90
     /tmp/ccu2dhMm.s:25     .text._unhandled_exception:00000000 Vector94
     /tmp/ccu2dhMm.s:25     .text._unhandled_exception:00000000 Vector98
     /tmp/ccu2dhMm.s:25     .text._unhandled_exception:00000000 Vector9C
     /tmp/ccu2dhMm.s:25     .text._unhandled_exception:00000000 VectorA0
     /tmp/ccu2dhMm.s:25     .text._unhandled_exception:00000000 VectorA4
     /tmp/ccu2dhMm.s:25     .text._unhandled_exception:00000000 VectorA8
     /tmp/ccu2dhMm.s:25     .text._unhandled_exception:00000000 VectorAC
     /tmp/ccu2dhMm.s:25     .text._unhandled_exception:00000000 VectorB0
     /tmp/ccu2dhMm.s:25     .text._unhandled_exception:00000000 VectorB4
     /tmp/ccu2dhMm.s:25     .text._unhandled_exception:00000000 VectorB8
     /tmp/ccu2dhMm.s:25     .text._unhandled_exception:00000000 VectorBC
     /tmp/ccu2dhMm.s:25     .text._unhandled_exception:00000000 VectorC0
     /tmp/ccu2dhMm.s:25     .text._unhandled_exception:00000000 VectorC4
     /tmp/ccu2dhMm.s:25     .text._unhandled_exception:00000000 VectorC8
     /tmp/ccu2dhMm.s:25     .text._unhandled_exception:00000000 VectorCC
     /tmp/ccu2dhMm.s:25     .text._unhandled_exception:00000000 VectorD0
     /tmp/ccu2dhMm.s:25     .text._unhandled_exception:00000000 VectorD4
ARM GAS  /tmp/ccu2dhMm.s 			page 18


     /tmp/ccu2dhMm.s:25     .text._unhandled_exception:00000000 VectorD8
     /tmp/ccu2dhMm.s:25     .text._unhandled_exception:00000000 VectorDC
     /tmp/ccu2dhMm.s:25     .text._unhandled_exception:00000000 VectorE0
     /tmp/ccu2dhMm.s:25     .text._unhandled_exception:00000000 VectorE4
     /tmp/ccu2dhMm.s:25     .text._unhandled_exception:00000000 VectorE8
     /tmp/ccu2dhMm.s:155    vectors:00000000 $d
                     .debug_frame:00000010 $d

UNDEFINED SYMBOLS
__main_stack_end__
ResetHandler
